#
# There is insufficient memory for the Java Runtime Environment to continue.
# Native memory allocation (malloc) failed to allocate 267216 bytes. Error detail: Chunk::new
# Possible reasons:
#   The system is out of physical RAM or swap space
#   This process is running with CompressedOops enabled, and the Java Heap may be blocking the growth of the native heap
# Possible solutions:
#   Reduce memory load on the system
#   Increase physical memory or swap space
#   Check if swap backing store is full
#   Decrease Java heap size (-Xmx/-Xms)
#   Decrease number of Java threads
#   Decrease Java thread stack sizes (-Xss)
#   Set larger code cache with -XX:ReservedCodeCacheSize=
#   JVM is running with Unscaled Compressed Oops mode in which the Java heap is
#     placed in the first 4GB address space. The Java Heap base address is the
#     maximum limit for the native heap growth. Please use -XX:HeapBaseMinAddress
#     to set the Java Heap base and to place the Java Heap above 4GB virtual address.
# This output file may be truncated or incomplete.
#
#  Out of Memory Error (arena.cpp:168), pid=13436, tid=19304
#
# JRE version: OpenJDK Runtime Environment Temurin-21.0.7+6 (21.0.7+6) (build 21.0.7+6-LTS)
# Java VM: OpenJDK 64-Bit Server VM Temurin-21.0.7+6 (21.0.7+6-LTS, mixed mode, sharing, tiered, compressed oops, compressed class ptrs, parallel gc, windows-amd64)
# No core dump will be written. Minidumps are not enabled by default on client versions of Windows
#

---------------  S U M M A R Y ------------

Command Line: --add-modules=ALL-SYSTEM --add-opens=java.base/java.util=ALL-UNNAMED --add-opens=java.base/java.lang=ALL-UNNAMED --add-opens=java.base/sun.nio.fs=ALL-UNNAMED -Declipse.application=org.eclipse.jdt.ls.core.id1 -Dosgi.bundles.defaultStartLevel=4 -Declipse.product=org.eclipse.jdt.ls.core.product -Djava.import.generatesMetadataFilesAtProjectRoot=false -DDetectVMInstallationsJob.disabled=true -Dfile.encoding=utf8 -XX:+UseParallelGC -XX:GCTimeRatio=4 -XX:AdaptiveSizePolicyWeight=90 -Dsun.zip.disableMemoryMapping=true -Xmx1G -Xms100m -Xlog:disable -javaagent:c:\Users\SERGE\.vscode\extensions\redhat.java-1.42.0-win32-x64\lombok\lombok-1.18.36.jar c:\Users\SERGE\.vscode\extensions\redhat.java-1.42.0-win32-x64\server\plugins\org.eclipse.equinox.launcher_1.7.0.v20250424-1814.jar -configuration c:\Users\SERGE\AppData\Roaming\Code\User\globalStorage\redhat.java\1.42.0\config_ss_win -data c:\Users\SERGE\AppData\Roaming\Code\User\workspaceStorage\a6951d4b4e5e0ad82c8566c0f5837605\redhat.java\ss_ws --pipe=\\.\pipe\lsp-24e82fe39242b7032f3d6bc8fd5c6d3a-sock

Host: Intel(R) Core(TM) i5-4300M CPU @ 2.60GHz, 4 cores, 7G,  Windows 10 , 64 bit Build 19041 (10.0.19041.5438)
Time: Mon May 19 12:47:58 2025 Paris, Madrid (heure duild 19041 (10.0.19041.5438) elapsed time: 20.935559 seconds (0d 0h 0m 20s)

---------------  T H R E A D  ---------------

Current thread (0x0000024e7335bf10):  JavaThread "C2 CompilerThread0" daemon [_thread_in_native, id=19304, stack(0x00000057bb900000,0x00000057bba00000) (1024K)]


Current CompileTask:
C2:20935 2494       4       sun.security.provider.SHA::implCompress0 (478 bytes)

Stack: [0x00000057bb900000,0x00000057bba00000]
Native frames: (J=compiled Java code, j=interpreted, Vv=VM code, C=native code)
V  [jvm.dll+0x6ce119]
V  [jvm.dll+0x8a84a1]
V  [jvm.dll+0x8aa9ce]
V  [jvm.dll+0x8ab0b3]
V  [jvm.dll+0x27f8a6]
V  [jvm.dll+0xc507d]
V  [jvm.dll+0xc55b3]
V  [jvm.dll+0x2f2c6d]
V  [jvm.dll+0x5f6bca]
V  [jvm.dll+0x250cb2]
V  [jvm.dll+0x25106f]
V  [jvm.dll+0x249934]
V  [jvm.dll+0x246fc4]
V  [jvm.dll+0x1c760e]
V  [jvm.dll+0x25695a]
V  [jvm.dll+0x254efa]
V  [jvm.dll+0x3f03f6]
V  [jvm.dll+0x851f6b]
V  [jvm.dll+0x6cc7dd]
C  [ucrtbase.dll+0x21bb2]
C  [KERNEL32.DLL+0x17374]
C  [ntdll.dll+0x4cc91]


---------------  P R O C E S S  ---------------

Threads class SMR info:
_java_thread_list=0x0000024e741e6e50, length=16, elements={
0x0000024e5cd0f3b0, 0x0000024e73354400, 0x0000024e5f0dcc20, 0x0000024e5f0ddb20,
0x0000024e733570c0, 0x0000024e73358730, 0x0000024e7335b190, 0x0000024e7335bf10,
0x0000024e733c79d0, 0x0000024e5f08d440, 0x0000024e742cdae0, 0x0000024e792416e0,
0x0000024e745b1d70, 0x0000024e745b2b90, 0x0000024e746691a0, 0x0000024e745153b0
}

Java Threads: ( => current thread )
  0x0000024e5cd0f3b0 JavaThread "main"                              [_thread_blocked, id=16216, stack(0x00000057baf00000,0x00000057bb000000) (1024K)]
  0x0000024e73354400 JavaThread "Reference Handler"          daemon [_thread_blocked, id=16860, stack(0x00000057bb300000,0x00000057bb400000) (1024K)]
  0x0000024e5f0dcc20 JavaThread "Finalizer"                  daemon [_thread_blocked, id=13396, stack(0x00000057bb400000,0x00000057bb500000) (1024K)]
  0x0000024e5f0ddb20 JavaThread "Signal Dispatcher"          daemon [_thread_blocked, id=18632, stack(0x00000057bb500000,0x00000057bb600000) (1024K)]
  0x0000024e733570c0 JavaThread "Attach Listener"            daemon [_thread_blocked, id=8480, stack(0x00000057bb600000,0x00000057bb700000) (1024K)]
  0x0000024e73358730 JavaThread "Service Thread"             daemon [_thread_blocked, id=7528, stack(0x00000057bb700000,0x00000057bb800000) (1024K)]
  0x0000024e7335b190 JavaThread "Monitor Deflation Thread"   daemon [_thread_blocked, id=2228, stack(0x00000057bb800000,0x00000057bb900000) (1024K)]
=>0x0000024e7335bf10 JavaThread "C2 CompilerThread0"         daemon [_thread_in_native, id=19304, stack(0x00000057bb900000,0x00000057bba00000) (1024K)]
  0x0000024e733c79d0 JavaThread "C1 CompilerThread0"         daemon [_thread_blocked, id=11088, stack(0x00000057bba00000,0x00000057bbb00000) (1024K)]
  0x0000024e5f08d440 JavaThread "Common-Cleaner"             daemon [_thread_blocked, id=16484, stack(0x00000057bbb00000,0x00000057bbc00000) (1024K)]
  0x0000024e742cdae0 JavaThread "Notification Thread"        daemon [_thread_blocked, id=12968, stack(0x00000057bbc00000,0x00000057bbd00000) (1024K)]
  0x0000024e792416e0 JavaThread "Active Thread: Equinox Container: 8fe69281-d634-4771-826e-f8885e8ecf55"        [_thread_blocked, id=18620, stack(0x00000057bc100000,0x00000057bc200000) (1024K)]
  0x0000024e745b1d70 JavaThread "Framework Event Dispatcher: Equinox Container: 8fe69281-d634-4771-826e-f8885e8ecf55" daemon [_thread_blocked, id=17628, stack(0x00000057bbd00000,0x00000057bbe00000) (1024K)]
  0x0000024e745b2b90 JavaThread "Start Level: Equinox Container: 8fe69281-d634-4771-826e-f8885e8ecf55" daemon [_thread_in_vm, id=12592, stack(0x00000057bc200000,0x00000057bc300000) (1024K)]
  0x0000024e746691a0 JavaThread "SCR Component Actor"        daemon [_thread_blocked, id=2872, stack(0x00000057bc300000,0x00000057bc400000) (1024K)]
  0x0000024e745153b0 JavaThread "Worker-JM"                         [_thread_blocked, id=16784, stack(0x00000057bc500000,0x00000057bc600000) (1024K)]
Total: 16

Other Threads:
  0x0000024e5f0bf5e0 VMThread "VM Thread"                           [id=14432, stack(0x00000057bb200000,0x00000057bb300000) (1024K)]
  0x0000024e5f08c5f0 WatcherThread "VM Periodic Task Thread"        [id=8980, stack(0x00000057bb100000,0x00000057bb200000) (1024K)]
  0x0000024e5f03fa80 WorkerThread "GC Thread#0"                     [id=15148, stack(0x00000057bb000000,0x00000057bb100000) (1024K)]
  0x0000024e746d87c0 WorkerThread "GC Thread#1"                     [id=15192, stack(0x00000057bbe00000,0x00000057bbf00000) (1024K)]
  0x0000024e743c5120 WorkerThread "GC Thread#2"                     [id=19116, stack(0x00000057bbf00000,0x00000057bc000000) (1024K)]
  0x0000024e743c54c0 WorkerThread "GC Thread#3"                     [id=9940, stack(0x00000057bc000000,0x00000057bc100000) (1024K)]
Total: 6

Threads with active compile tasks:
C2 CompilerThread0  21623 2494       4       sun.security.provider.SHA::implCompress0 (478 bytes)
Total: 1

VM state: not at safepoint (normal execution)

VM Mutex/Monitor currently owned by a thread: None

Heap address: 0x00000000c0000000, size: 1024 MB, Compressed Oops mode: 32-bit

CDS archive(s) mapped at: [0x0000024e00000000-0x0000024e00ba0000-0x0000024e00ba0000), size 12189696, SharedBaseAddress: 0x0000024e00000000, ArchiveRelocationMode: 1.
Compressed class space mapped at: 0x0000024e01000000-0x0000024e41000000, reserved size: 1073741824
Narrow klass base: 0x0000024e00000000, Narrow klass shift: 0, Narrow klass range: 0x100000000

GC Precious Log:
 CardTable entry size: 512
 CPUs: 4 total, 4 available
 Memory: 8089M
 Large Page Support: Disabled
 NUMA Support: Disabled
 Compressed Oops: Enabled (32-bit)
 Alignments: Space 512K, Generation 512K, Heap 2M
 Heap Min Capacity: 100M
 Heap Initial Capacity: 100M
 Heap Max Capacity: 1G
 Pre-touch: Disabled
 Parallel Workers: 4

Heap:
 PSYoungGen      total 29696K, used 17815K [0x00000000eab00000, 0x00000000ecc00000, 0x0000000100000000)
  eden space 25600K, 53% used [0x00000000eab00000,0x00000000eb868e30,0x00000000ec400000)
  from space 4096K, 99% used [0x00000000ec400000,0x00000000ec7fcf28,0x00000000ec800000)
  to   space 4096K, 0% used [0x00000000ec800000,0x00000000ec800000,0x00000000ecc00000)
 ParOldGen       total 68608K, used 2759K [0x00000000c0000000, 0x00000000c4300000, 0x00000000eab00000)
  object space 68608K, 4% used [0x00000000c0000000,0x00000000c02b1f18,0x00000000c4300000)
 Metaspace       used 15007K, committed 15616K, reserved 1114112K
  class space    used 1530K, committed 1792K, reserved 1048576K

Card table byte_map: [0x0000024e5e9e0000,0x0000024e5ebf0000] _byte_map_base: 0x0000024e5e3e0000

Marking Bits: (ParMarkBitMap*) 0x00007ffecba131f0
 Begin Bits: [0x0000024e71210000, 0x0000024e72210000)
 End Bits:   [0x0000024e72210000, 0x0000024e73210000)

Polling page: 0x0000024e5d020000

Metaspace:

Usage:
  Non-class:     13.16 MB used.
      Class:      1.49 MB used.
       Both:     14.66 MB used.

Virtual space:
  Non-class space:       64.00 MB reserved,      13.50 MB ( 21%) committed,  1 nodes.
      Class space:        1.00 GB reserved,       1.75 MB ( <1%) committed,  1 nodes.
             Both:        1.06 GB reserved,      15.25 MB (  1%) committed. 

Chunk freelists:
   Non-Class:  1.91 MB
       Class:  14.31 MB
        Both:  16.22 MB

MaxMetaspaceSize: unlimited
CompressedClassSpaceSize: 1.00 GB
Initial GC threshold: 21.00 MB
Current GC threshold: 21.00 MB
CDS: on
 - commit_granule_bytes: 65536.
 - commit_granule_words: 8192.
 - virtual_space_node_default_size: 8388608.
 - enlarge_chunks_in_place: 1.
 - use_allocation_guard: 0.


Internal statistics:

num_allocs_failed_limit: 0.
num_arena_births: 458.
num_arena_deaths: 0.
num_vsnodes_births: 2.
num_vsnodes_deaths: 0.
num_space_committed: 244.
num_space_uncommitted: 0.
num_chunks_returned_to_freelist: 0.
num_chunks_taken_from_freelist: 972.
num_chunk_merges: 0.
num_chunk_splits: 635.
num_chunks_enlarged: 402.
num_inconsistent_stats: 0.

CodeHeap 'non-profiled nmethods': size=120000Kb used=1056Kb max_used=1056Kb free=118943Kb
 bounds [0x0000024e69ce0000, 0x0000024e69f50000, 0x0000024e71210000]
CodeHeap 'profiled nmethods': size=120000Kb used=4858Kb max_used=4858Kb free=115141Kb
 bounds [0x0000024e62210000, 0x0000024e626d0000, 0x0000024e69740000]
CodeHeap 'non-nmethods': size=5760Kb used=1273Kb max_used=1287Kb free=4486Kb
 bounds [0x0000024e69740000, 0x0000024e699b0000, 0x0000024e69ce0000]
 total_blobs=3048 nmethods=2501 adapters=453
 compilation: enabled
              stopped_count=0, restarted_count=0
 full_count=0

Compilation events (20 events):
Event: 20.856 Thread 0x0000024e7335bf10 2492       4       java.lang.StringBuilder::<init> (7 bytes)
Event: 20.859 Thread 0x0000024e733c79d0 nmethod 2487 0x0000024e626c8590 code [0x0000024e626c8860, 0x0000024e626c9340]
Event: 20.860 Thread 0x0000024e733c79d0 2489   !   3       sun.nio.fs.WindowsDirectoryStream$WindowsDirectoryIterator::acceptEntry (71 bytes)
Event: 20.860 Thread 0x0000024e7335bf10 nmethod 2492 0x0000024e69de7990 code [0x0000024e69de7b20, 0x0000024e69de7c50]
Event: 20.860 Thread 0x0000024e7335bf10 2494       4       sun.security.provider.SHA::implCompress0 (478 bytes)
Event: 20.862 Thread 0x0000024e733c79d0 nmethod 2489 0x0000024e626c9910 code [0x0000024e626c9b60, 0x0000024e626ca300]
Event: 20.862 Thread 0x0000024e733c79d0 2496       3       sun.nio.fs.WindowsPath$WindowsPathWithAttributes::<init> (23 bytes)
Event: 20.864 Thread 0x0000024e733c79d0 nmethod 2496 0x0000024e626ca710 code [0x0000024e626ca8e0, 0x0000024e626cad58]
Event: 20.864 Thread 0x0000024e733c79d0 2486  s    3       sun.nio.fs.WindowsDirectoryStream$WindowsDirectoryIterator::hasNext (35 bytes)
Event: 20.865 Thread 0x0000024e733c79d0 nmethod 2486 0x0000024e626caf90 code [0x0000024e626cb140, 0x0000024e626cb420]
Event: 20.865 Thread 0x0000024e733c79d0 2490   !   3       sun.nio.fs.WindowsPath::createFromNormalizedPath (65 bytes)
Event: 20.867 Thread 0x0000024e733c79d0 nmethod 2490 0x0000024e626cb510 code [0x0000024e626cb740, 0x0000024e626cbd78]
Event: 20.867 Thread 0x0000024e733c79d0 2495       3       sun.nio.fs.WindowsPathParser::parseNormalizedPath (6 bytes)
Event: 20.867 Thread 0x0000024e733c79d0 nmethod 2495 0x0000024e626cc090 code [0x0000024e626cc240, 0x0000024e626cc360]
Event: 20.867 Thread 0x0000024e733c79d0 2497       3       sun.nio.fs.WindowsDirectoryStream$WindowsDirectoryIterator::next (5 bytes)
Event: 20.868 Thread 0x0000024e733c79d0 nmethod 2497 0x0000024e626cc410 code [0x0000024e626cc5c0, 0x0000024e626cc700]
Event: 20.868 Thread 0x0000024e733c79d0 2498  s    3       sun.nio.fs.WindowsDirectoryStream$WindowsDirectoryIterator::next (48 bytes)
Event: 20.869 Thread 0x0000024e733c79d0 nmethod 2498 0x0000024e626cc790 code [0x0000024e626cc960, 0x0000024e626ccd10]
Event: 20.869 Thread 0x0000024e733c79d0 2488       3       sun.nio.fs.WindowsFileAttributes::fromFindData (127 bytes)
Event: 20.871 Thread 0x0000024e733c79d0 nmethod 2488 0x0000024e626cce10 code [0x0000024e626cd020, 0x0000024e626cd640]

GC Heap History (6 events):
Event: 3.630 GC heap before
{Heap before GC invocations=1 (full 0):
 PSYoungGen      total 29696K, used 25600K [0x00000000eab00000, 0x00000000ecc00000, 0x0000000100000000)
  eden space 25600K, 100% used [0x00000000eab00000,0x00000000ec400000,0x00000000ec400000)
  from space 4096K, 0% used [0x00000000ec800000,0x00000000ec800000,0x00000000ecc00000)
  to   space 4096K, 0% used [0x00000000ec400000,0x00000000ec400000,0x00000000ec800000)
 ParOldGen       total 68608K, used 0K [0x00000000c0000000, 0x00000000c4300000, 0x00000000eab00000)
  object space 68608K, 0% used [0x00000000c0000000,0x00000000c0000000,0x00000000c4300000)
 Metaspace       used 4369K, committed 4736K, reserved 1114112K
  class space    used 462K, committed 640K, reserved 1048576K
}
Event: 3.642 GC heap after
{Heap after GC invocations=1 (full 0):
 PSYoungGen      total 29696K, used 3270K [0x00000000eab00000, 0x00000000ecc00000, 0x0000000100000000)
  eden space 25600K, 0% used [0x00000000eab00000,0x00000000eab00000,0x00000000ec400000)
  from space 4096K, 79% used [0x00000000ec400000,0x00000000ec731870,0x00000000ec800000)
  to   space 4096K, 0% used [0x00000000ec800000,0x00000000ec800000,0x00000000ecc00000)
 ParOldGen       total 68608K, used 8K [0x00000000c0000000, 0x00000000c4300000, 0x00000000eab00000)
  object space 68608K, 0% used [0x00000000c0000000,0x00000000c0002000,0x00000000c4300000)
 Metaspace       used 4369K, committed 4736K, reserved 1114112K
  class space    used 462K, committed 640K, reserved 1048576K
}
Event: 6.472 GC heap before
{Heap before GC invocations=2 (full 0):
 PSYoungGen      total 29696K, used 28870K [0x00000000eab00000, 0x00000000ecc00000, 0x0000000100000000)
  eden space 25600K, 100% used [0x00000000eab00000,0x00000000ec400000,0x00000000ec400000)
  from space 4096K, 79% used [0x00000000ec400000,0x00000000ec731870,0x00000000ec800000)
  to   space 4096K, 0% used [0x00000000ec800000,0x00000000ec800000,0x00000000ecc00000)
 ParOldGen       total 68608K, used 8K [0x00000000c0000000, 0x00000000c4300000, 0x00000000eab00000)
  object space 68608K, 0% used [0x00000000c0000000,0x00000000c0002000,0x00000000c4300000)
 Metaspace       used 8257K, committed 8576K, reserved 1114112K
  class space    used 848K, committed 1024K, reserved 1048576K
}
Event: 6.479 GC heap after
{Heap after GC invocations=2 (full 0):
 PSYoungGen      total 29696K, used 4068K [0x00000000eab00000, 0x00000000ecc00000, 0x0000000100000000)
  eden space 25600K, 0% used [0x00000000eab00000,0x00000000eab00000,0x00000000ec400000)
  from space 4096K, 99% used [0x00000000ec800000,0x00000000ecbf91d8,0x00000000ecc00000)
  to   space 4096K, 0% used [0x00000000ec400000,0x00000000ec400000,0x00000000ec800000)
 ParOldGen       total 68608K, used 917K [0x00000000c0000000, 0x00000000c4300000, 0x00000000eab00000)
  object space 68608K, 1% used [0x00000000c0000000,0x00000000c00e5698,0x00000000c4300000)
 Metaspace       used 8257K, committed 8576K, reserved 1114112K
  class space    used 848K, committed 1024K, reserved 1048576K
}
Event: 16.869 GC heap before
{Heap before GC invocations=3 (full 0):
 PSYoungGen      total 29696K, used 29666K [0x00000000eab00000, 0x00000000ecc00000, 0x0000000100000000)
  eden space 25600K, 99% used [0x00000000eab00000,0x00000000ec3ff828,0x00000000ec400000)
  from space 4096K, 99% used [0x00000000ec800000,0x00000000ecbf91d8,0x00000000ecc00000)
  to   space 4096K, 0% used [0x00000000ec400000,0x00000000ec400000,0x00000000ec800000)
 ParOldGen       total 68608K, used 917K [0x00000000c0000000, 0x00000000c4300000, 0x00000000eab00000)
  object space 68608K, 1% used [0x00000000c0000000,0x00000000c00e5698,0x00000000c4300000)
 Metaspace       used 13064K, committed 13504K, reserved 1114112K
  class space    used 1340K, committed 1536K, reserved 1048576K
}
Event: 16.885 GC heap after
{Heap after GC invocations=3 (full 0):
 PSYoungGen      total 29696K, used 4083K [0x00000000eab00000, 0x00000000ecc00000, 0x0000000100000000)
  eden space 25600K, 0% used [0x00000000eab00000,0x00000000eab00000,0x00000000ec400000)
  from space 4096K, 99% used [0x00000000ec400000,0x00000000ec7fcf28,0x00000000ec800000)
  to   space 4096K, 0% used [0x00000000ec800000,0x00000000ec800000,0x00000000ecc00000)
 ParOldGen       total 68608K, used 2759K [0x00000000c0000000, 0x00000000c4300000, 0x00000000eab00000)
  object space 68608K, 4% used [0x00000000c0000000,0x00000000c02b1f18,0x00000000c4300000)
 Metaspace       used 13064K, committed 13504K, reserved 1114112K
  class space    used 1340K, committed 1536K, reserved 1048576K
}

Dll operation events (9 events):
Event: 0.280 Loaded shared library c:\Users\SERGE\.vscode\extensions\redhat.java-1.42.0-win32-x64\jre\21.0.7-win32-x86_64\bin\java.dll
Event: 0.757 Loaded shared library c:\Users\SERGE\.vscode\extensions\redhat.java-1.42.0-win32-x64\jre\21.0.7-win32-x86_64\bin\zip.dll
Event: 0.883 Loaded shared library C:\Users\SERGE\.vscode\extensions\redhat.java-1.42.0-win32-x64\jre\21.0.7-win32-x86_64\bin\instrument.dll
Event: 0.897 Loaded shared library C:\Users\SERGE\.vscode\extensions\redhat.java-1.42.0-win32-x64\jre\21.0.7-win32-x86_64\bin\net.dll
Event: 0.903 Loaded shared library C:\Users\SERGE\.vscode\extensions\redhat.java-1.42.0-win32-x64\jre\21.0.7-win32-x86_64\bin\nio.dll
Event: 0.913 Loaded shared library C:\Users\SERGE\.vscode\extensions\redhat.java-1.42.0-win32-x64\jre\21.0.7-win32-x86_64\bin\zip.dll
Event: 1.024 Loaded shared library C:\Users\SERGE\.vscode\extensions\redhat.java-1.42.0-win32-x64\jre\21.0.7-win32-x86_64\bin\jimage.dll
Event: 1.381 Loaded shared library c:\Users\SERGE\.vscode\extensions\redhat.java-1.42.0-win32-x64\jre\21.0.7-win32-x86_64\bin\verify.dll
Event: 5.980 Loaded shared library C:\Users\SERGE\AppData\Roaming\Code\User\globalStorage\redhat.java\1.42.0\config_ss_win\org.eclipse.equinox.launcher\org.eclipse.equinox.launcher.win32.win32.x86_64_1.2.1300.v20250331-1702\eclipse_11911.dll

Deoptimization events (20 events):
Event: 18.831 Thread 0x0000024e745b2b90 DEOPT PACKING pc=0x0000024e69d6a684 sp=0x00000057bc2f93b0
Event: 18.831 Thread 0x0000024e745b2b90 DEOPT UNPACKING pc=0x0000024e69793aa2 sp=0x00000057bc2f9388 mode 2
Event: 18.831 Thread 0x0000024e745b2b90 Uncommon trap: trap_request=0xffffff45 fr.pc=0x0000024e69dbb1a8 relative=0x0000000000000168
Event: 18.831 Thread 0x0000024e745b2b90 Uncommon trap: reason=unstable_if action=reinterpret pc=0x0000024e69dbb1a8 method=java.io.DataInputStream.readFully([BII)V @ 37 c2
Event: 18.831 Thread 0x0000024e745b2b90 DEOPT PACKING pc=0x0000024e69dbb1a8 sp=0x00000057bc2f9510
Event: 18.831 Thread 0x0000024e745b2b90 DEOPT UNPACKING pc=0x0000024e69793aa2 sp=0x00000057bc2f94a0 mode 2
Event: 19.013 Thread 0x0000024e745b2b90 Uncommon trap: trap_request=0xffffff45 fr.pc=0x0000024e69da42ec relative=0x000000000000004c
Event: 19.013 Thread 0x0000024e745b2b90 Uncommon trap: reason=unstable_if action=reinterpret pc=0x0000024e69da42ec method=sun.nio.fs.WindowsPathParser.isSlash(C)Z @ 9 c2
Event: 19.013 Thread 0x0000024e745b2b90 DEOPT PACKING pc=0x0000024e69da42ec sp=0x00000057bc2f9110
Event: 19.013 Thread 0x0000024e745b2b90 DEOPT UNPACKING pc=0x0000024e69793aa2 sp=0x00000057bc2f9098 mode 2
Event: 19.686 Thread 0x0000024e745b2b90 Uncommon trap: trap_request=0xffffff45 fr.pc=0x0000024e69dd9218 relative=0x0000000000000f38
Event: 19.686 Thread 0x0000024e745b2b90 Uncommon trap: reason=unstable_if action=reinterpret pc=0x0000024e69dd9218 method=java.util.Properties$LineReader.readLine()I @ 256 c2
Event: 19.686 Thread 0x0000024e745b2b90 DEOPT PACKING pc=0x0000024e69dd9218 sp=0x00000057bc2f7000
Event: 19.687 Thread 0x0000024e745b2b90 DEOPT UNPACKING pc=0x0000024e69793aa2 sp=0x00000057bc2f6f98 mode 2
Event: 19.721 Thread 0x0000024e745b2b90 Uncommon trap: trap_request=0xffffff45 fr.pc=0x0000024e69d17dac relative=0x000000000000068c
Event: 19.722 Thread 0x0000024e745b2b90 Uncommon trap: reason=unstable_if action=reinterpret pc=0x0000024e69d17dac method=java.lang.String.replace(Ljava/lang/CharSequence;Ljava/lang/CharSequence;)Ljava/lang/String; @ 42 c2
Event: 19.722 Thread 0x0000024e745b2b90 DEOPT PACKING pc=0x0000024e69d17dac sp=0x00000057bc2f7600
Event: 19.722 Thread 0x0000024e745b2b90 DEOPT UNPACKING pc=0x0000024e69793aa2 sp=0x00000057bc2f7580 mode 2
Event: 20.859 Thread 0x0000024e745b2b90 DEOPT PACKING pc=0x0000024e626bab89 sp=0x00000057bc2f5f30
Event: 20.859 Thread 0x0000024e745b2b90 DEOPT UNPACKING pc=0x0000024e69794242 sp=0x00000057bc2f53c8 mode 0

Classes loaded (20 events):
Event: 19.894 Loading class sun/security/provider/SHA
Event: 19.895 Loading class sun/security/provider/SHA done
Event: 19.895 Loading class sun/security/provider/SeedGenerator$1
Event: 19.895 Loading class sun/security/provider/SeedGenerator$1 done
Event: 20.144 Loading class java/net/NetworkInterface$1
Event: 20.145 Loading class java/net/NetworkInterface$1 done
Event: 20.145 Loading class java/nio/file/Files$AcceptAllFilter
Event: 20.145 Loading class java/nio/file/DirectoryStream$Filter
Event: 20.145 Loading class java/nio/file/DirectoryStream$Filter done
Event: 20.145 Loading class java/nio/file/Files$AcceptAllFilter done
Event: 20.145 Loading class sun/nio/fs/WindowsDirectoryStream
Event: 20.186 Loading class java/nio/file/DirectoryStream
Event: 20.186 Loading class java/nio/file/DirectoryStream done
Event: 20.186 Loading class sun/nio/fs/WindowsDirectoryStream done
Event: 20.187 Loading class sun/nio/fs/WindowsDirectoryStream$WindowsDirectoryIterator
Event: 20.187 Loading class sun/nio/fs/WindowsDirectoryStream$WindowsDirectoryIterator done
Event: 20.187 Loading class sun/nio/fs/WindowsPath$WindowsPathWithAttributes
Event: 20.188 Loading class sun/nio/fs/BasicFileAttributesHolder
Event: 20.242 Loading class sun/nio/fs/BasicFileAttributesHolder done
Event: 20.242 Loading class sun/nio/fs/WindowsPath$WindowsPathWithAttributes done

Classes unloaded (0 events):
No events

Classes redefined (0 events):
No events

Internal exceptions (20 events):
Event: 3.916 Thread 0x0000024e5cd0f3b0 Exception <a 'java/lang/NoSuchMethodError'{0x00000000eb014008}: 'void java.lang.invoke.DirectMethodHandle$Holder.invokeSpecial(java.lang.Object, java.lang.Object, java.lang.Object)'> (0x00000000eb014008) 
thrown [s\src\hotspot\share\interpreter\linkResolver.cpp, line 773]
Event: 4.632 Thread 0x0000024e5cd0f3b0 Exception <a 'java/lang/NoSuchMethodError'{0x00000000eb8b9f30}: 'int java.lang.invoke.DirectMethodHandle$Holder.invokeVirtual(java.lang.Object, java.lang.Object)'> (0x00000000eb8b9f30) 
thrown [s\src\hotspot\share\interpreter\linkResolver.cpp, line 773]
Event: 4.937 Thread 0x0000024e5cd0f3b0 Exception <a 'java/lang/NoSuchMethodError'{0x00000000ebc1f2a0}: 'java.lang.Object java.lang.invoke.DirectMethodHandle$Holder.newInvokeSpecial(java.lang.Object, int, java.lang.Object)'> (0x00000000ebc1f2a0) 
thrown [s\src\hotspot\share\interpreter\linkResolver.cpp, line 773]
Event: 4.984 Thread 0x0000024e5cd0f3b0 Exception <a 'java/lang/NoSuchMethodError'{0x00000000ebda0178}: 'java.lang.Object java.lang.invoke.DirectMethodHandle$Holder.newInvokeSpecial(java.lang.Object, java.lang.Object, java.lang.Object, java.lang.Object, int, java.lang.Object)'> (0x00000000ebda0178) 
thrown [s\src\hotspot\share\interpreter\linkResolver.cpp, line 773]
Event: 5.690 Thread 0x0000024e5cd0f3b0 Exception <a 'java/lang/UnsatisfiedLinkError'{0x00000000ec1ed380}: 'void org.eclipse.equinox.launcher.JNIBridge._update_splash()'> (0x00000000ec1ed380) 
thrown [s\src\hotspot\share\prims\nativeLookup.cpp, line 415]
Event: 6.907 Thread 0x0000024e745b2b90 Exception <a 'java/lang/NullPointerException'{0x00000000ead7f9e8}> (0x00000000ead7f9e8) 
thrown [s\src\hotspot\share\interpreter\linkResolver.cpp, line 1372]
Event: 6.907 Thread 0x0000024e745b2b90 Exception <a 'java/lang/NullPointerException'{0x00000000ead7fcc8}> (0x00000000ead7fcc8) 
thrown [s\src\hotspot\share\interpreter\linkResolver.cpp, line 1372]
Event: 10.510 Thread 0x0000024e745b2b90 Exception <a 'java/io/FileNotFoundException'{0x00000000eb7cd4e8}> (0x00000000eb7cd4e8) 
thrown [s\src\hotspot\share\prims\jni.cpp, line 520]
Event: 12.541 Thread 0x0000024e745b2b90 Exception <a 'java/lang/NoSuchMethodError'{0x00000000ebab6fb8}: 'java.lang.Object java.lang.invoke.Invokers$Holder.linkToTargetMethod(java.lang.Object, long, java.lang.Object)'> (0x00000000ebab6fb8) 
thrown [s\src\hotspot\share\interpreter\linkResolver.cpp, line 773]
Event: 14.749 Thread 0x0000024e745b2b90 Exception <a 'java/lang/NoSuchMethodError'{0x00000000ebe61378}: 'void java.lang.invoke.DirectMethodHandle$Holder.invokeInterface(java.lang.Object, java.lang.Object, java.lang.Object)'> (0x00000000ebe61378) 
thrown [s\src\hotspot\share\interpreter\linkResolver.cpp, line 773]
Event: 15.426 Thread 0x0000024e745b2b90 Exception <a 'java/lang/NoSuchMethodError'{0x00000000ec05ffc8}: 'void java.lang.invoke.Invokers$Holder.invokeExact_MT(java.lang.Object, java.lang.Object, java.lang.Object)'> (0x00000000ec05ffc8) 
thrown [s\src\hotspot\share\interpreter\linkResolver.cpp, line 773]
Event: 16.774 Thread 0x0000024e745b2b90 Exception <a 'java/lang/NoSuchMethodError'{0x00000000ec34b888}: 'java.lang.Object java.lang.invoke.DirectMethodHandle$Holder.invokeVirtual(java.lang.Object, java.lang.Object, java.lang.Object)'> (0x00000000ec34b888) 
thrown [s\src\hotspot\share\interpreter\linkResolver.cpp, line 773]
Event: 16.802 Thread 0x0000024e745b2b90 Exception <a 'java/lang/NoSuchMethodError'{0x00000000ec363d70}: 'java.lang.Object java.lang.invoke.DelegatingMethodHandle$Holder.reinvoke_L(java.lang.Object, java.lang.Object, java.lang.Object, java.lang.Object, int, int)'> (0x00000000ec363d70) 
thrown [s\src\hotspot\share\interpreter\linkResolver.cpp, line 773]
Event: 16.849 Thread 0x0000024e745b2b90 Exception <a 'java/lang/NoSuchMethodError'{0x00000000ec380d70}: 'java.lang.Object java.lang.invoke.DirectMethodHandle$Holder.newInvokeSpecial(java.lang.Object, java.lang.Object, java.lang.Object, java.lang.Object, java.lang.Object, java.lang.Object)'> (0x00000000ec380d70) 
thrown [s\src\hotspot\share\interpreter\linkResolver.cpp, line 773]
Event: 16.861 Thread 0x0000024e745b2b90 Exception <a 'java/lang/NoSuchMethodError'{0x00000000ec39d1f0}: 'void java.lang.invoke.Invokers$Holder.invokeExact_MT(java.lang.Object, java.lang.Object, java.lang.Object, java.lang.Object)'> (0x00000000ec39d1f0) 
thrown [s\src\hotspot\share\interpreter\linkResolver.cpp, line 773]
Event: 17.891 Thread 0x0000024e745b2b90 Exception <a 'java/io/FileNotFoundException'{0x00000000eaf98540}> (0x00000000eaf98540) 
thrown [s\src\hotspot\share\prims\jni.cpp, line 520]
Event: 17.892 Thread 0x0000024e745b2b90 Exception <a 'java/io/FileNotFoundException'{0x00000000eaf9f410}> (0x00000000eaf9f410) 
thrown [s\src\hotspot\share\prims\jni.cpp, line 520]
Event: 18.617 Thread 0x0000024e745b2b90 Exception <a 'java/lang/NoSuchMethodError'{0x00000000eb2428c8}: 'java.lang.Object java.lang.invoke.DirectMethodHandle$Holder.newInvokeSpecial(java.lang.Object, java.lang.Object, java.lang.Object, java.lang.Object, java.lang.Object)'> (0x00000000eb2428c8) 
thrown [s\src\hotspot\share\interpreter\linkResolver.cpp, line 773]
Event: 19.141 Thread 0x0000024e745b2b90 Exception <a 'java/lang/NoSuchMethodError'{0x00000000eb433748}: 'java.lang.Object java.lang.invoke.DirectMethodHandle$Holder.invokeStaticInit(java.lang.Object, int)'> (0x00000000eb433748) 
thrown [s\src\hotspot\share\interpreter\linkResolver.cpp, line 773]
Event: 19.846 Thread 0x0000024e745b2b90 Exception <a 'java/lang/NoSuchMethodError'{0x00000000eb6f0228}: 'java.lang.Object java.lang.invoke.DirectMethodHandle$Holder.invokeStaticInit(java.lang.Object, int, int, int, int)'> (0x00000000eb6f0228) 
thrown [s\src\hotspot\share\interpreter\linkResolver.cpp, line 773]

ZGC Phase Switch (0 events):
No events

VM Operations (20 events):
Event: 13.985 Executing VM operation: HandshakeAllThreads (Deoptimize)
Event: 13.986 Executing VM operation: HandshakeAllThreads (Deoptimize) done
Event: 13.986 Executing VM operation: Cleanup
Event: 13.986 Executing VM operation: Cleanup done
Event: 15.000 Executing VM operation: Cleanup
Event: 15.000 Executing VM operation: Cleanup done
Event: 16.869 Executing VM operation: ParallelGCFailedAllocation (Allocation Failure)
Event: 16.885 Executing VM operation: ParallelGCFailedAllocation (Allocation Failure) done
Event: 17.591 Executing VM operation: HandshakeAllThreads (Deoptimize)
Event: 17.591 Executing VM operation: HandshakeAllThreads (Deoptimize) done
Event: 17.602 Executing VM operation: HandshakeAllThreads (Deoptimize)
Event: 17.602 Executing VM operation: HandshakeAllThreads (Deoptimize) done
Event: 17.655 Executing VM operation: HandshakeAllThreads (Deoptimize)
Event: 17.656 Executing VM operation: HandshakeAllThreads (Deoptimize) done
Event: 18.658 Executing VM operation: Cleanup
Event: 18.658 Executing VM operation: Cleanup done
Event: 19.663 Executing VM operation: Cleanup
Event: 19.663 Executing VM operation: Cleanup done
Event: 20.676 Executing VM operation: Cleanup
Event: 20.676 Executing VM operation: Cleanup done

Memory protections (0 events):
No events

Nmethod flushes (0 events):
No events

Events (20 events):
Event: 0.491 Thread 0x0000024e5cd0f3b0 Thread added: 0x0000024e733570c0
Event: 0.491 Thread 0x0000024e5cd0f3b0 Thread added: 0x0000024e73358730
Event: 0.491 Thread 0x0000024e5cd0f3b0 Thread added: 0x0000024e7335b190
Event: 0.492 Thread 0x0000024e5cd0f3b0 Thread added: 0x0000024e7335bf10
Event: 0.520 Thread 0x0000024e5cd0f3b0 Thread added: 0x0000024e733c79d0
Event: 0.701 Thread 0x0000024e5cd0f3b0 Thread added: 0x0000024e5f08d440
Event: 1.768 Thread 0x0000024e5cd0f3b0 Thread added: 0x0000024e742cdae0
Event: 2.270 Thread 0x0000024e733c79d0 Thread added: 0x0000024e74394db0
Event: 3.119 Thread 0x0000024e74394db0 Thread exited: 0x0000024e74394db0
Event: 3.439 Thread 0x0000024e733c79d0 Thread added: 0x0000024e746d9be0
Event: 4.818 Thread 0x0000024e5cd0f3b0 Thread added: 0x0000024e792416e0
Event: 5.124 Thread 0x0000024e746d9be0 Thread exited: 0x0000024e746d9be0
Event: 5.666 Thread 0x0000024e5cd0f3b0 Thread added: 0x0000024e745b1d70
Event: 5.672 Thread 0x0000024e5cd0f3b0 Thread added: 0x0000024e745b2b90
Event: 6.519 Thread 0x0000024e745b2b90 Thread added: 0x0000024e746691a0
Event: 8.968 Thread 0x0000024e745b2b90 Thread added: 0x0000024e7498fc20
Event: 10.009 Thread 0x0000024e7335bf10 Thread added: 0x0000024e746d19c0
Event: 10.217 Thread 0x0000024e746d19c0 Thread exited: 0x0000024e746d19c0
Event: 14.850 Thread 0x0000024e745b2b90 Thread added: 0x0000024e745153b0
Event: 16.557 Thread 0x0000024e7498fc20 Thread exited: 0x0000024e7498fc20


Dynamic libraries:
0x00007ff76d880000 - 0x00007ff76d88e000 	c:\Users\SERGE\.vscode\extensions\redhat.java-1.42.0-win32-x64\jre\21.0.7-win32-x86_64\bin\java.exe
0x00007fff071d0000 - 0x00007fff073c8000 	C:\Windows\SYSTEM32\ntdll.dll
0x00007fff05440000 - 0x00007fff05502000 	C:\Windows\System32\KERNEL32.DLL
0x00007fff048c0000 - 0x00007fff04bbf000 	C:\Windows\System32\KERNELBASE.dll
0x00007fff01cc0000 - 0x00007fff01d54000 	C:\Windows\SYSTEM32\apphelp.dll
0x00007fff04bf0000 - 0x00007fff04cf0000 	C:\Windows\System32\ucrtbase.dll
0x00007ffefeaa0000 - 0x00007ffefeab8000 	c:\Users\SERGE\.vscode\extensions\redhat.java-1.42.0-win32-x64\jre\21.0.7-win32-x86_64\bin\jli.dll
0x00007fff05c60000 - 0x00007fff05dfd000 	C:\Windows\System32\USER32.dll
0x00007fff04bc0000 - 0x00007fff04be2000 	C:\Windows\System32\win32u.dll
0x00007fff070a0000 - 0x00007fff070cb000 	C:\Windows\System32\GDI32.dll
0x00007fff04ee0000 - 0x00007fff04ffa000 	C:\Windows\System32\gdi32full.dll
0x00007fff050e0000 - 0x00007fff0517d000 	C:\Windows\System32\msvcp_win.dll
0x00007ffefd6a0000 - 0x00007ffefd6be000 	c:\Users\SERGE\.vscode\extensions\redhat.java-1.42.0-win32-x64\jre\21.0.7-win32-x86_64\bin\VCRUNTIME140.dll
0x00007ffef6730000 - 0x00007ffef69ca000 	C:\Windows\WinSxS\amd64_microsoft.windows.common-controls_6595b64144ccf1df_6.0.19041.4355_none_60b8b9eb71f62e16\COMCTL32.dll
0x00007fff060f0000 - 0x00007fff0618e000 	C:\Windows\System32\msvcrt.dll
0x00007fff05b40000 - 0x00007fff05b6f000 	C:\Windows\System32\IMM32.DLL
0x00007ffeff3e0000 - 0x00007ffeff3ec000 	c:\Users\SERGE\.vscode\extensions\redhat.java-1.42.0-win32-x64\jre\21.0.7-win32-x86_64\bin\vcruntime140_1.dll
0x00007ffeeb850000 - 0x00007ffeeb8dd000 	c:\Users\SERGE\.vscode\extensions\redhat.java-1.42.0-win32-x64\jre\21.0.7-win32-x86_64\bin\msvcp140.dll
0x00007ffecad60000 - 0x00007ffecbaf0000 	c:\Users\SERGE\.vscode\extensions\redhat.java-1.42.0-win32-x64\jre\21.0.7-win32-x86_64\bin\server\jvm.dll
0x00007fff05370000 - 0x00007fff0541f000 	C:\Windows\System32\ADVAPI32.dll
0x00007fff06190000 - 0x00007fff0622f000 	C:\Windows\System32\sechost.dll
0x00007fff05f20000 - 0x00007fff06043000 	C:\Windows\System32\RPCRT4.dll
0x00007fff050b0000 - 0x00007fff050d7000 	C:\Windows\System32\bcrypt.dll
0x00007fff05eb0000 - 0x00007fff05f1b000 	C:\Windows\System32\WS2_32.dll
0x00007fff03c90000 - 0x00007fff03cdb000 	C:\Windows\SYSTEM32\POWRPROF.dll
0x00007ffef5280000 - 0x00007ffef52a7000 	C:\Windows\SYSTEM32\WINMM.dll
0x00007ffef0ea0000 - 0x00007ffef0eaa000 	C:\Windows\SYSTEM32\VERSION.dll
0x00007fff03c30000 - 0x00007fff03c42000 	C:\Windows\SYSTEM32\UMPDC.dll
0x00007fff026b0000 - 0x00007fff026c2000 	C:\Windows\SYSTEM32\kernel.appcore.dll
0x00007ffeff410000 - 0x00007ffeff41a000 	c:\Users\SERGE\.vscode\extensions\redhat.java-1.42.0-win32-x64\jre\21.0.7-win32-x86_64\bin\jimage.dll
0x00007ffef6fe0000 - 0x00007ffef71c4000 	C:\Windows\SYSTEM32\DBGHELP.DLL
0x00007ffef7380000 - 0x00007ffef73b4000 	C:\Windows\SYSTEM32\dbgcore.DLL
0x00007fff04cf0000 - 0x00007fff04d72000 	C:\Windows\System32\bcryptPrimitives.dll
0x00007ffeff430000 - 0x00007ffeff43f000 	c:\Users\SERGE\.vscode\extensions\redhat.java-1.42.0-win32-x64\jre\21.0.7-win32-x86_64\bin\instrument.dll
0x00007ffeff360000 - 0x00007ffeff37f000 	c:\Users\SERGE\.vscode\extensions\redhat.java-1.42.0-win32-x64\jre\21.0.7-win32-x86_64\bin\java.dll
0x00007fff06570000 - 0x00007fff06cdd000 	C:\Windows\System32\SHELL32.dll
0x00007fff028b0000 - 0x00007fff03053000 	C:\Windows\SYSTEM32\windows.storage.dll
0x00007fff06ce0000 - 0x00007fff07035000 	C:\Windows\System32\combase.dll
0x00007fff041c0000 - 0x00007fff041eb000 	C:\Windows\SYSTEM32\Wldp.dll
0x00007fff063f0000 - 0x00007fff064bd000 	C:\Windows\System32\OLEAUT32.dll
0x00007fff064c0000 - 0x00007fff0656d000 	C:\Windows\System32\SHCORE.dll
0x00007fff070d0000 - 0x00007fff07125000 	C:\Windows\System32\shlwapi.dll
0x00007fff047a0000 - 0x00007fff047c5000 	C:\Windows\SYSTEM32\profapi.dll
0x00007ffefaa70000 - 0x00007ffefaa88000 	c:\Users\SERGE\.vscode\extensions\redhat.java-1.42.0-win32-x64\jre\21.0.7-win32-x86_64\bin\zip.dll
0x00007ffeff420000 - 0x00007ffeff430000 	C:\Users\SERGE\.vscode\extensions\redhat.java-1.42.0-win32-x64\jre\21.0.7-win32-x86_64\bin\net.dll
0x00007ffefb1f0000 - 0x00007ffefb2fa000 	C:\Windows\SYSTEM32\WINHTTP.dll
0x00007fff03fa0000 - 0x00007fff0400c000 	C:\Windows\system32\mswsock.dll
0x00007ffef5cc0000 - 0x00007ffef5cd6000 	C:\Users\SERGE\.vscode\extensions\redhat.java-1.42.0-win32-x64\jre\21.0.7-win32-x86_64\bin\nio.dll
0x00007ffeff3c0000 - 0x00007ffeff3d0000 	c:\Users\SERGE\.vscode\extensions\redhat.java-1.42.0-win32-x64\jre\21.0.7-win32-x86_64\bin\verify.dll
0x00007ffefa8d0000 - 0x00007ffefa915000 	C:\Users\SERGE\AppData\Roaming\Code\User\globalStorage\redhat.java\1.42.0\config_ss_win\org.eclipse.equinox.launcher\org.eclipse.equinox.launcher.win32.win32.x86_64_1.2.1300.v20250331-1702\eclipse_11911.dll
0x00007fff062c0000 - 0x00007fff063eb000 	C:\Windows\System32\ole32.dll
0x00007fff04200000 - 0x00007fff04218000 	C:\Windows\SYSTEM32\CRYPTSP.dll
0x00007fff03870000 - 0x00007fff038a8000 	C:\Windows\system32\rsaenh.dll
0x00007fff04720000 - 0x00007fff0474e000 	C:\Windows\SYSTEM32\USERENV.dll
0x00007fff04130000 - 0x00007fff0413c000 	C:\Windows\SYSTEM32\CRYPTBASE.dll
0x00007fff03c50000 - 0x00007fff03c8b000 	C:\Windows\SYSTEM32\IPHLPAPI.DLL
0x00007fff05c50000 - 0x00007fff05c58000 	C:\Windows\System32\NSI.dll

dbghelp: loaded successfully - version: 4.0.5 - missing functions: none
symbol engine: initialized successfully - sym options: 0x614 - pdb path: .;c:\Users\SERGE\.vscode\extensions\redhat.java-1.42.0-win32-x64\jre\21.0.7-win32-x86_64\bin;C:\Windows\SYSTEM32;C:\Windows\WinSxS\amd64_microsoft.windows.common-controls_6595b64144ccf1df_6.0.19041.4355_none_60b8b9eb71f62e16;c:\Users\SERGE\.vscode\extensions\redhat.java-1.42.0-win32-x64\jre\21.0.7-win32-x86_64\bin\server;C:\Users\SERGE\AppData\Roaming\Code\User\globalStorage\redhat.java\1.42.0\config_ss_win\org.eclipse.equinox.launcher\org.eclipse.equinox.launcher.win32.win32.x86_64_1.2.1300.v20250331-1702

VM Arguments:
jvm_args: --add-modules=ALL-SYSTEM --add-opens=java.base/java.util=ALL-UNNAMED --add-opens=java.base/java.lang=ALL-UNNAMED --add-opens=java.base/sun.nio.fs=ALL-UNNAMED -Declipse.application=org.eclipse.jdt.ls.core.id1 -Dosgi.bundles.defaultStartLevel=4 -Declipse.product=org.eclipse.jdt.ls.core.product -Djava.import.generatesMetadataFilesAtProjectRoot=false -DDetectVMInstallationsJob.disabled=true -Dfile.encoding=utf8 -XX:+UseParallelGC -XX:GCTimeRatio=4 -XX:AdaptiveSizePolicyWeight=90 -Dsun.zip.disableMemoryMapping=true -Xmx1G -Xms100m -Xlog:disable -javaagent:c:\Users\SERGE\.vscode\extensions\redhat.java-1.42.0-win32-x64\lombok\lombok-1.18.36.jar 
java_command: c:\Users\SERGE\.vscode\extensions\redhat.java-1.42.0-win32-x64\server\plugins\org.eclipse.equinox.launcher_1.7.0.v20250424-1814.jar -configuration c:\Users\SERGE\AppData\Roaming\Code\User\globalStorage\redhat.java\1.42.0\config_ss_win -data c:\Users\SERGE\AppData\Roaming\Code\User\workspaceStorage\a6951d4b4e5e0ad82c8566c0f5837605\redhat.java\ss_ws --pipe=\\.\pipe\lsp-24e82fe39242b7032f3d6bc8fd5c6d3a-sock
java_class_path (initial): c:\Users\SERGE\.vscode\extensions\redhat.java-1.42.0-win32-x64\server\plugins\org.eclipse.equinox.launcher_1.7.0.v20250424-1814.jar
Launcher Type: SUN_STANDARD

[Global flags]
    uintx AdaptiveSizePolicyWeight                 = 90                                        {product} {command line}
     intx CICompilerCount                          = 3                                         {product} {ergonomic}
    uintx GCTimeRatio                              = 4                                         {product} {command line}
   size_t InitialHeapSize                          = 104857600                                 {product} {command line}
   size_t MaxHeapSize                              = 1073741824                                {product} {command line}
   size_t MaxNewSize                               = 357564416                                 {product} {ergonomic}
   size_t MinHeapDeltaBytes                        = 524288                                    {product} {ergonomic}
   size_t MinHeapSize                              = 104857600                                 {product} {command line}
   size_t NewSize                                  = 34603008                                  {product} {ergonomic}
    uintx NonNMethodCodeHeapSize                   = 5832780                                {pd product} {ergonomic}
    uintx NonProfiledCodeHeapSize                  = 122912730                              {pd product} {ergonomic}
   size_t OldSize                                  = 70254592                                  {product} {ergonomic}
    uintx ProfiledCodeHeapSize                     = 122912730                              {pd product} {ergonomic}
    uintx ReservedCodeCacheSize                    = 251658240                              {pd product} {ergonomic}
     bool SegmentedCodeCache                       = true                                      {product} {ergonomic}
   size_t SoftMaxHeapSize                          = 1073741824                             {manageable} {ergonomic}
     bool UseCompressedOops                        = true                           {product lp64_product} {ergonomic}
     bool UseLargePagesIndividualAllocation        = false                                  {pd product} {ergonomic}
     bool UseParallelGC                            = true                                      {product} {command line}

Logging:
Log output configuration:
 #0: stdout all=off uptime,level,tags foldmultilines=false
 #1: stderr all=off uptime,level,tags foldmultilines=false

Environment Variables:
PATH=C:\Program Files\Java\jdk-17\bin;C:\Program Files\Common Files\Oracle\Java\javapath;C:\Windows\system32;C:\Windows;C:\Windows\System32\Wbem;C:\Windows\System32\WindowsPowerShell\v1.0\;C:\Windows\System32\OpenSSH\;C:\Program Files\nodejs\;C:\Program Files\IVI Foundation\VISA\Win64\Bin\;C:\Program Files (x86)\IVI Foundation\VISA\WinNT\Bin\;C:\Program Files (x86)\IVI Foundation\VISA\WinNT\Bin;C:\Program Files\MATLAB\R2016a\runtime\win64;C:\Program Files\MATLAB\R2016a\bin;C:\Program Files\MATLAB\R2016a\polyspace\bin;C:\composer;C:\Program Files\Git\cmd;C:\Program Files\PostgreSQL\16\bin;C:\Program Files\PostgreSQL\16\data;C:\Program Files\Microsoft VS Code\bin;C:\Program Files\dotnet\;C:\platform-tools-latest-windows\platform-tools;C:\Program Files\MySQL\MySQL Server X.X\bin;C:\Program Files\Java\jdk-17\bin;C:\Server;C:\Program Files\Docker\Docker\resources\bin;C:\Cassandra\apache-cassandra-4.1.8\bin;C:\ProgramData\chocolatey\bin;C:\Program Files\BlueStacks_nxt;C:\Users\SERGE\AppData\Local\Programs\Python\Python311\Scripts\;C:\Users\SERGE\AppData\Local\Programs\Python\Python311\;C:\Users\SERGE\scoop\shims;C:\Users\SERGE\AppData\Local\Microsoft\WindowsApps;C:\Users\SERGE\AppData\Roaming\npm;C:\Program Files (x86);C:\Users\SERGE\AppData\Roaming\Composer\vendor\bin;C:\Users\SERGE\.dotnet\tools;C:\Program Files (x86)\Nmap;C:\Users\SERGE\AppData\Local\Programs\Microsoft VS Code\bin
USERNAME=SERGE
OS=Windows_NT
PROCESSOR_IDENTIFIER=Intel64 Family 6 Model 60 Stepping 3, GenuineIntel
TMP=C:\Users\SERGE\AppData\Local\Temp
TEMP=C:\Users\SERGE\AppData\Local\Temp




Periodic native trim disabled

---------------  S Y S T E M  ---------------

OS:
 Windows 10 , 64 bit Build 19041 (10.0.19041.5438)
OS uptime: 0 days 18:34 hours
Hyper-V role detected

CPU: total 4 (initial active 4) (2 cores per cpu, 2 threads per core) family 6 model 60 stepping 3 microcode 0x27, cx8, cmov, fxsr, ht, mmx, sse, sse2, sse3, ssse3, sse4.1, sse4.2, popcnt, lzcnt, tsc, tscinvbit, avx, avx2, aes, erms, clmul, bmi1, bmi2, fma, vzeroupper, clflush, hv, rdtscp, f16c
Processor Information for the first 4 processors :
  Max Mhz: 2601, Current Mhz: 900, Mhz Limit: 2601

Memory: 4k page, system-wide physical 8089M (1824M free)
TotalPageFile size 10137M (AvailPageFile size 18M)
current process WorkingSet (physical memory assigned to process): 110M, peak: 110M
current process commit charge ("private bytes"): 205M, peak: 206M

vm_info: OpenJDK 64-Bit Server VM (21.0.7+6-LTS) for windows-amd64 JRE (21.0.7+6-LTS), built on 2025-04-15T00:00:00Z by "admin" with MS VC++ 17.7 (VS2022)

END.
