#
# There is insufficient memory for the Java Runtime Environment to continue.
# Native memory allocation (malloc) failed to allocate 1419056 bytes. Error detail: Chunk::new
# Possible reasons:
#   The system is out of physical RAM or swap space
#   This process is running with CompressedOops enabled, and the Java Heap may be blocking the growth of the native heap
# Possible solutions:
#   Reduce memory load on the system
#   Increase physical memory or swap space
#   Check if swap backing store is full
#   Decrease Java heap size (-Xmx/-Xms)
#   Decrease number of Java threads
#   Decrease Java thread stack sizes (-Xss)
#   Set larger code cache with -XX:ReservedCodeCacheSize=
#   JVM is running with Unscaled Compressed Oops mode in which the Java heap is
#     placed in the first 4GB address space. The Java Heap base address is the
#     maximum limit for the native heap growth. Please use -XX:HeapBaseMinAddress
#     to set the Java Heap base and to place the Java Heap above 4GB virtual address.
# This output file may be truncated or incomplete.
#
#  Out of Memory Error (arena.cpp:168), pid=7396, tid=6116
#
# JRE version: OpenJDK Runtime Environment Temurin-21.0.7+6 (21.0.7+6) (build 21.0.7+6-LTS)
# Java VM: OpenJDK 64-Bit Server VM Temurin-21.0.7+6 (21.0.7+6-LTS, mixed mode, sharing, tiered, compressed oops, compressed class ptrs, parallel gc, windows-amd64)
# No core dump will be written. Minidumps are not enabled by default on client versions of Windows
#

---------------  S U M M A R Y ------------

Command Line: --add-modules=ALL-SYSTEM --add-opens=java.base/java.util=ALL-UNNAMED --add-opens=java.base/java.lang=ALL-UNNAMED --add-opens=java.base/sun.nio.fs=ALL-UNNAMED -Declipse.application=org.eclipse.jdt.ls.core.id1 -Dosgi.bundles.defaultStartLevel=4 -Declipse.product=org.eclipse.jdt.ls.core.product -Djava.import.generatesMetadataFilesAtProjectRoot=false -DDetectVMInstallationsJob.disabled=true -Dfile.encoding=utf8 -XX:+UseParallelGC -XX:GCTimeRatio=4 -XX:AdaptiveSizePolicyWeight=90 -Dsun.zip.disableMemoryMapping=true -Xmx1G -Xms100m -Xlog:disable -javaagent:c:\Users\SERGE\.vscode\extensions\redhat.java-1.42.0-win32-x64\lombok\lombok-1.18.36.jar -XX:+HeapDumpOnOutOfMemoryError -XX:HeapDumpPath=c:\Users\SERGE\AppData\Roaming\Code\User\workspaceStorage\a6951d4b4e5e0ad82c8566c0f5837605\redhat.java -Daether.dependencyCollector.impl=bf c:\Users\SERGE\.vscode\extensions\redhat.java-1.42.0-win32-x64\server\plugins\org.eclipse.equinox.launcher_1.7.0.v20250424-1814.jar -configuration c:\Users\SERGE\AppData\Roaming\Code\User\globalStorage\redhat.java\1.42.0\config_win -data c:\Users\SERGE\AppData\Roaming\Code\User\workspaceStorage\a6951d4b4e5e0ad82c8566c0f5837605\redhat.java\jdt_ws --pipe=\\.\pipe\lsp-05f1dcc7256514f56e0ac3214a480aed-sock

Host: Intel(R) Core(TM) i5-4300M CPU @ 2.60GHz, 4 cores, 7G,  Windows 10 , 64 bit Build 19041 (10.0.19041.5438)
Time: Sun May 18 23:16:17 2025 Paris, Madrid (heure duild 19041 (10.0.19041.5438) elapsed time: 51.507863 seconds (0d 0h 0m 51s)

---------------  T H R E A D  ---------------

Current thread (0x0000029200b40320):  JavaThread "C2 CompilerThread1" daemon [_thread_in_native, id=6116, stack(0x0000009937800000,0x0000009937900000) (1024K)]


Current CompileTask:
C2:51507 12052   !   4       org.eclipse.jdt.internal.core.util.DeduplicationUtil::intern (149 bytes)

Stack: [0x0000009937800000,0x0000009937900000]
Native frames: (J=compiled Java code, j=interpreted, Vv=VM code, C=native code)
V  [jvm.dll+0x6ce119]
V  [jvm.dll+0x8a84a1]
V  [jvm.dll+0x8aa9ce]
V  [jvm.dll+0x8ab0b3]
V  [jvm.dll+0x27f8a6]
V  [jvm.dll+0xc507d]
V  [jvm.dll+0xc55b3]
V  [jvm.dll+0x2f2c6d]
V  [jvm.dll+0x5f6bca]
V  [jvm.dll+0x250cb2]
V  [jvm.dll+0x25106f]
V  [jvm.dll+0x249934]
V  [jvm.dll+0x246fc4]
V  [jvm.dll+0x1c760e]
V  [jvm.dll+0x25695a]
V  [jvm.dll+0x254efa]
V  [jvm.dll+0x3f03f6]
V  [jvm.dll+0x851f6b]
V  [jvm.dll+0x6cc7dd]
C  [ucrtbase.dll+0x21bb2]
C  [KERNEL32.DLL+0x17374]
C  [ntdll.dll+0x4cc91]


---------------  P R O C E S S  ---------------

Threads class SMR info:
_java_thread_list=0x000002920491adc0, length=43, elements={
0x0000029222d31150, 0x000002927a128700, 0x000002927a12a000, 0x000002927a12af10,
0x000002927a12be20, 0x000002927a12cd30, 0x000002927a12e990, 0x000002927a1317d0,
0x000002927a1a5490, 0x0000029222d9c4c0, 0x000002927f25ee00, 0x000002927f6c2600,
0x000002927f925940, 0x000002927f9486d0, 0x00000292000284f0, 0x000002927fb685c0,
0x000002927fbb3b40, 0x000002927fb727e0, 0x000002927fb73500, 0x000002927fb74f40,
0x000002927fb73b90, 0x000002927fb72150, 0x000002927fb74220, 0x000002927fb71ac0,
0x000002927fb72e70, 0x0000029200d44c70, 0x0000029200d445e0, 0x0000029200d46d40,
0x0000029200d4b570, 0x0000029200d494a0, 0x0000029200d45300, 0x0000029200d473d0,
0x0000029200d45990, 0x0000029200d46020, 0x0000029200d48780, 0x0000029200d49b30,
0x0000029200d480f0, 0x0000029200d4a1c0, 0x0000029200d466b0, 0x0000029200d48e10,
0x0000029200d4aee0, 0x0000029200d4bc00, 0x0000029200b40320
}

Java Threads: ( => current thread )
  0x0000029222d31150 JavaThread "main"                              [_thread_blocked, id=9128, stack(0x0000009936100000,0x0000009936200000) (1024K)]
  0x000002927a128700 JavaThread "Reference Handler"          daemon [_thread_blocked, id=15076, stack(0x0000009936500000,0x0000009936600000) (1024K)]
  0x000002927a12a000 JavaThread "Finalizer"                  daemon [_thread_blocked, id=13072, stack(0x0000009936600000,0x0000009936700000) (1024K)]
  0x000002927a12af10 JavaThread "Signal Dispatcher"          daemon [_thread_blocked, id=2368, stack(0x0000009936700000,0x0000009936800000) (1024K)]
  0x000002927a12be20 JavaThread "Attach Listener"            daemon [_thread_blocked, id=10640, stack(0x0000009936800000,0x0000009936900000) (1024K)]
  0x000002927a12cd30 JavaThread "Service Thread"             daemon [_thread_blocked, id=3316, stack(0x0000009936900000,0x0000009936a00000) (1024K)]
  0x000002927a12e990 JavaThread "Monitor Deflation Thread"   daemon [_thread_blocked, id=8728, stack(0x0000009936a00000,0x0000009936b00000) (1024K)]
  0x000002927a1317d0 JavaThread "C2 CompilerThread0"         daemon [_thread_blocked, id=4916, stack(0x0000009936b00000,0x0000009936c00000) (1024K)]
  0x000002927a1a5490 JavaThread "C1 CompilerThread0"         daemon [_thread_blocked, id=13180, stack(0x0000009936c00000,0x0000009936d00000) (1024K)]
  0x0000029222d9c4c0 JavaThread "Common-Cleaner"             daemon [_thread_blocked, id=10636, stack(0x0000009936d00000,0x0000009936e00000) (1024K)]
  0x000002927f25ee00 JavaThread "Notification Thread"        daemon [_thread_blocked, id=9244, stack(0x0000009936e00000,0x0000009936f00000) (1024K)]
  0x000002927f6c2600 JavaThread "Active Thread: Equinox Container: b5d9f058-0da1-4044-8e70-58526dea3d7a"        [_thread_blocked, id=3788, stack(0x0000009936f00000,0x0000009937000000) (1024K)]
  0x000002927f925940 JavaThread "Refresh Thread: Equinox Container: b5d9f058-0da1-4044-8e70-58526dea3d7a" daemon [_thread_blocked, id=3728, stack(0x0000009937300000,0x0000009937400000) (1024K)]
  0x000002927f9486d0 JavaThread "Framework Event Dispatcher: Equinox Container: b5d9f058-0da1-4044-8e70-58526dea3d7a" daemon [_thread_blocked, id=8712, stack(0x0000009937400000,0x0000009937500000) (1024K)]
  0x00000292000284f0 JavaThread "Start Level: Equinox Container: b5d9f058-0da1-4044-8e70-58526dea3d7a" daemon [_thread_blocked, id=10448, stack(0x0000009937500000,0x0000009937600000) (1024K)]
  0x000002927fb685c0 JavaThread "Bundle File Closer"         daemon [_thread_blocked, id=7196, stack(0x0000009937600000,0x0000009937700000) (1024K)]
  0x000002927fbb3b40 JavaThread "SCR Component Actor"        daemon [_thread_blocked, id=14228, stack(0x0000009937700000,0x0000009937800000) (1024K)]
  0x000002927fb727e0 JavaThread "Worker-JM"                         [_thread_blocked, id=15112, stack(0x0000009937900000,0x0000009937a00000) (1024K)]
  0x000002927fb73500 JavaThread "JNA Cleaner"                daemon [_thread_blocked, id=8656, stack(0x0000009937a00000,0x0000009937b00000) (1024K)]
  0x000002927fb74f40 JavaThread "Worker-0: Initialize workspace"        [_thread_blocked, id=11900, stack(0x0000009937b00000,0x0000009937c00000) (1024K)]
  0x000002927fb73b90 JavaThread "Worker-1: Initialize Workspace"        [_thread_blocked, id=4676, stack(0x0000009937c00000,0x0000009937d00000) (1024K)]
  0x000002927fb72150 JavaThread "Worker-2: Publish Diagnostics"        [_thread_in_native, id=2136, stack(0x0000009937e00000,0x0000009937f00000) (1024K)]
  0x000002927fb74220 JavaThread "Java indexing"              daemon [_thread_in_Java, id=7992, stack(0x0000009937f00000,0x0000009938000000) (1024K)]
  0x000002927fb71ac0 JavaThread "Worker-3"                          [_thread_blocked, id=2184, stack(0x0000009938200000,0x0000009938300000) (1024K)]
  0x000002927fb72e70 JavaThread "Worker-4: Java indexing... "        [_thread_blocked, id=16688, stack(0x0000009938300000,0x0000009938400000) (1024K)]
  0x0000029200d44c70 JavaThread "Thread-2"                   daemon [_thread_in_native, id=16248, stack(0x0000009938400000,0x0000009938500000) (1024K)]
  0x0000029200d445e0 JavaThread "Thread-3"                   daemon [_thread_in_native, id=10372, stack(0x0000009938500000,0x0000009938600000) (1024K)]
  0x0000029200d46d40 JavaThread "Thread-4"                   daemon [_thread_in_native, id=14540, stack(0x0000009938600000,0x0000009938700000) (1024K)]
  0x0000029200d4b570 JavaThread "Thread-5"                   daemon [_thread_in_native, id=1604, stack(0x0000009938700000,0x0000009938800000) (1024K)]
  0x0000029200d494a0 JavaThread "Thread-6"                   daemon [_thread_in_native, id=2196, stack(0x0000009938800000,0x0000009938900000) (1024K)]
  0x0000029200d45300 JavaThread "pool-2-thread-1"                   [_thread_blocked, id=16428, stack(0x0000009938900000,0x0000009938a00000) (1024K)]
  0x0000029200d473d0 JavaThread "WorkspaceEventsHandler"            [_thread_blocked, id=13656, stack(0x0000009938a00000,0x0000009938b00000) (1024K)]
  0x0000029200d45990 JavaThread "pool-1-thread-1"                   [_thread_blocked, id=5192, stack(0x0000009938b00000,0x0000009938c00000) (1024K)]
  0x0000029200d46020 JavaThread "LocalFile Deleter"          daemon [_thread_blocked, id=14924, stack(0x0000009937d00000,0x0000009937e00000) (1024K)]
  0x0000029200d48780 JavaThread "LocalFile Deleter"          daemon [_thread_blocked, id=1976, stack(0x0000009938c00000,0x0000009938d00000) (1024K)]
  0x0000029200d49b30 JavaThread "LocalFile Deleter"          daemon [_thread_blocked, id=2448, stack(0x0000009938d00000,0x0000009938e00000) (1024K)]
  0x0000029200d480f0 JavaThread "LocalFile Deleter"          daemon [_thread_blocked, id=9304, stack(0x0000009938e00000,0x0000009938f00000) (1024K)]
  0x0000029200d4a1c0 JavaThread "Compiler Source File Reader" daemon [_thread_blocked, id=8628, stack(0x0000009938f00000,0x0000009939000000) (1024K)]
  0x0000029200d466b0 JavaThread "Compiler Source File Reader" daemon [_thread_blocked, id=16188, stack(0x0000009939000000,0x0000009939100000) (1024K)]
  0x0000029200d48e10 JavaThread "Compiler Processing Task"   daemon [_thread_blocked, id=3144, stack(0x0000009939100000,0x0000009939200000) (1024K)]
  0x0000029200d4aee0 JavaThread "Compiler Class File Writer" daemon [_thread_blocked, id=14708, stack(0x0000009939200000,0x0000009939300000) (1024K)]
  0x0000029200d4bc00 JavaThread "Compiler Class File Writer" daemon [_thread_blocked, id=13044, stack(0x0000009939300000,0x0000009939400000) (1024K)]
=>0x0000029200b40320 JavaThread "C2 CompilerThread1"         daemon [_thread_in_native, id=6116, stack(0x0000009937800000,0x0000009937900000) (1024K)]
Total: 43

Other Threads:
  0x0000029222dee8e0 VMThread "VM Thread"                           [id=7256, stack(0x0000009936400000,0x0000009936500000) (1024K)]
  0x0000029222d9a810 WatcherThread "VM Periodic Task Thread"        [id=15800, stack(0x0000009936300000,0x0000009936400000) (1024K)]
  0x0000029222d4f730 WorkerThread "GC Thread#0"                     [id=11404, stack(0x0000009936200000,0x0000009936300000) (1024K)]
  0x000002927f446d70 WorkerThread "GC Thread#1"                     [id=15720, stack(0x0000009937000000,0x0000009937100000) (1024K)]
  0x000002927f447110 WorkerThread "GC Thread#2"                     [id=7792, stack(0x0000009937100000,0x0000009937200000) (1024K)]
  0x000002927f4474b0 WorkerThread "GC Thread#3"                     [id=14164, stack(0x0000009937200000,0x0000009937300000) (1024K)]
Total: 6

Threads with active compile tasks:
C2 CompilerThread1  52760 12052   !   4       org.eclipse.jdt.internal.core.util.DeduplicationUtil::intern (149 bytes)
Total: 1

VM state: not at safepoint (normal execution)

VM Mutex/Monitor currently owned by a thread: None

Heap address: 0x00000000c0000000, size: 1024 MB, Compressed Oops mode: 32-bit

CDS archive(s) mapped at: [0x0000029239000000-0x0000029239ba0000-0x0000029239ba0000), size 12189696, SharedBaseAddress: 0x0000029239000000, ArchiveRelocationMode: 1.
Compressed class space mapped at: 0x000002923a000000-0x000002927a000000, reserved size: 1073741824
Narrow klass base: 0x0000029239000000, Narrow klass shift: 0, Narrow klass range: 0x100000000

GC Precious Log:
 CardTable entry size: 512
 CPUs: 4 total, 4 available
 Memory: 8089M
 Large Page Support: Disabled
 NUMA Support: Disabled
 Compressed Oops: Enabled (32-bit)
 Alignments: Space 512K, Generation 512K, Heap 2M
 Heap Min Capacity: 100M
 Heap Initial Capacity: 100M
 Heap Max Capacity: 1G
 Pre-touch: Disabled
 Parallel Workers: 4

Heap:
 PSYoungGen      total 9728K, used 4483K [0x00000000eab00000, 0x00000000eb680000, 0x0000000100000000)
  eden space 7680K, 32% used [0x00000000eab00000,0x00000000ead6c868,0x00000000eb280000)
  from space 2048K, 97% used [0x00000000eb300000,0x00000000eb4f45f0,0x00000000eb500000)
  to   space 1536K, 0% used [0x00000000eb500000,0x00000000eb500000,0x00000000eb680000)
 ParOldGen       total 239104K, used 235180K [0x00000000c0000000, 0x00000000ce980000, 0x00000000eab00000)
  object space 239104K, 98% used [0x00000000c0000000,0x00000000ce5ab108,0x00000000ce980000)
 Metaspace       used 64564K, committed 66176K, reserved 1114112K
  class space    used 6603K, committed 7296K, reserved 1048576K

Card table byte_map: [0x0000029236a20000,0x0000029236c30000] _byte_map_base: 0x0000029236420000

Marking Bits: (ParMarkBitMap*) 0x00007ffeb5be31f0
 Begin Bits: [0x0000029236d90000, 0x0000029237d90000)
 End Bits:   [0x0000029237d90000, 0x0000029238d90000)

Polling page: 0x0000029227810000

Metaspace:

Usage:
  Non-class:     56.60 MB used.
      Class:      6.45 MB used.
       Both:     63.05 MB used.

Virtual space:
  Non-class space:       64.00 MB reserved,      57.50 MB ( 90%) committed,  1 nodes.
      Class space:        1.00 GB reserved,       7.12 MB ( <1%) committed,  1 nodes.
             Both:        1.06 GB reserved,      64.62 MB (  6%) committed. 

Chunk freelists:
   Non-Class:  6.43 MB
       Class:  8.86 MB
        Both:  15.29 MB

MaxMetaspaceSize: unlimited
CompressedClassSpaceSize: 1.00 GB
Initial GC threshold: 21.00 MB
Current GC threshold: 107.62 MB
CDS: on
 - commit_granule_bytes: 65536.
 - commit_granule_words: 8192.
 - virtual_space_node_default_size: 8388608.
 - enlarge_chunks_in_place: 1.
 - use_allocation_guard: 0.


Internal statistics:

num_allocs_failed_limit: 9.
num_arena_births: 1262.
num_arena_deaths: 22.
num_vsnodes_births: 2.
num_vsnodes_deaths: 0.
num_space_committed: 1034.
num_space_uncommitted: 0.
num_chunks_returned_to_freelist: 35.
num_chunks_taken_from_freelist: 4293.
num_chunk_merges: 17.
num_chunk_splits: 2669.
num_chunks_enlarged: 1530.
num_inconsistent_stats: 0.

CodeHeap 'non-profiled nmethods': size=120000Kb used=8017Kb max_used=9011Kb free=111982Kb
 bounds [0x000002922f300000, 0x000002922fbd0000, 0x0000029236830000]
CodeHeap 'profiled nmethods': size=120000Kb used=22742Kb max_used=26036Kb free=97257Kb
 bounds [0x0000029227830000, 0x00000292291a0000, 0x000002922ed60000]
CodeHeap 'non-nmethods': size=5760Kb used=1435Kb max_used=1499Kb free=4324Kb
 bounds [0x000002922ed60000, 0x000002922efd0000, 0x000002922f300000]
 total_blobs=11170 nmethods=10419 adapters=656
 compilation: enabled
              stopped_count=0, restarted_count=0
 full_count=0

Compilation events (20 events):
Event: 50.861 Thread 0x000002927a1317d0 12057       4       sun.nio.fs.WindowsPath::startsWith (105 bytes)
Event: 50.870 Thread 0x000002927a1317d0 nmethod 12057 0x000002922fbc2f10 code [0x000002922fbc3120, 0x000002922fbc34e8]
Event: 50.870 Thread 0x000002927a1317d0 12056       4       sun.nio.fs.WindowsFileSystem::getPath (106 bytes)
Event: 50.964 Thread 0x000002927a1317d0 nmethod 12056 0x000002922fbc3990 code [0x000002922fbc3cc0, 0x000002922fbc5a88]
Event: 50.965 Thread 0x000002927a1317d0 12058       4       java.util.ArrayList::equalsRange (85 bytes)
Event: 50.993 Thread 0x000002927a1317d0 nmethod 12058 0x000002922fbc6c10 code [0x000002922fbc6e60, 0x000002922fbc7af8]
Event: 50.993 Thread 0x000002927a1317d0 12048       4       sun.nio.fs.WindowsPath::getNameCount (10 bytes)
Event: 50.994 Thread 0x000002927a1317d0 nmethod 12048 0x000002922fbc8210 code [0x000002922fbc83a0, 0x000002922fbc8470]
Event: 50.994 Thread 0x000002927a1317d0 12051       4       sun.nio.fs.WindowsPath::parse (26 bytes)
Event: 50.996 Thread 0x000002927a1317d0 nmethod 12051 0x000002922fbc8510 code [0x000002922fbc86a0, 0x000002922fbc87f0]
Event: 51.056 Thread 0x000002927a1317d0 12059       4       java.util.zip.ZipEntry::isDirectory (10 bytes)
Event: 51.059 Thread 0x000002927a1317d0 nmethod 12059 0x000002922fbc8990 code [0x000002922fbc8b20, 0x000002922fbc8c38]
Event: 51.068 Thread 0x000002927a1317d0 12060       4       java.lang.Integer::toString (55 bytes)
Event: 51.119 Thread 0x000002927a1317d0 nmethod 12060 0x000002922fbc8d90 code [0x000002922fbc8f40, 0x000002922fbc9620]
Event: 51.199 Thread 0x000002927a1317d0 12061       4       org.eclipse.jdt.internal.compiler.impl.CompilerOptions::versionFromJdkLevel (204 bytes)
Event: 51.229 Thread 0x000002927a1317d0 nmethod 12061 0x000002922fbc9890 code [0x000002922fbc9a60, 0x000002922fbca268]
Event: 51.232 Thread 0x000002927a1317d0 12062   !   4       org.eclipse.jdt.internal.core.util.Util::getEntryName (77 bytes)
Event: 51.268 Thread 0x000002927a1317d0 nmethod 12062 0x000002922fbca590 code [0x000002922fbca820, 0x000002922fbcb0b8]
Event: 51.268 Thread 0x000002927a1317d0 12063       4       java.util.ArrayList::equals (62 bytes)
Event: 51.271 Thread 0x000002927a1317d0 nmethod 12063 0x000002922fbcb910 code [0x000002922fbcbac0, 0x000002922fbcbc60]

GC Heap History (20 events):
Event: 51.257 GC heap before
{Heap before GC invocations=266 (full 3):
 PSYoungGen      total 2048K, used 1664K [0x00000000eab00000, 0x00000000eae00000, 0x0000000100000000)
  eden space 1536K, 100% used [0x00000000eab00000,0x00000000eac80000,0x00000000eac80000)
  from space 512K, 25% used [0x00000000ead80000,0x00000000eada0000,0x00000000eae00000)
  to   space 512K, 0% used [0x00000000eac80000,0x00000000eac80000,0x00000000ead00000)
 ParOldGen       total 245248K, used 245118K [0x00000000c0000000, 0x00000000cef80000, 0x00000000eab00000)
  object space 245248K, 99% used [0x00000000c0000000,0x00000000cef5f9e0,0x00000000cef80000)
 Metaspace       used 64554K, committed 66112K, reserved 1114112K
  class space    used 6605K, committed 7296K, reserved 1048576K
}
Event: 51.258 GC heap after
{Heap after GC invocations=266 (full 3):
 PSYoungGen      total 2048K, used 128K [0x00000000eab00000, 0x00000000eae00000, 0x0000000100000000)
  eden space 1536K, 0% used [0x00000000eab00000,0x00000000eab00000,0x00000000eac80000)
  from space 512K, 25% used [0x00000000eac80000,0x00000000eaca0000,0x00000000ead00000)
  to   space 512K, 0% used [0x00000000ead80000,0x00000000ead80000,0x00000000eae00000)
 ParOldGen       total 245248K, used 245158K [0x00000000c0000000, 0x00000000cef80000, 0x00000000eab00000)
  object space 245248K, 99% used [0x00000000c0000000,0x00000000cef699e0,0x00000000cef80000)
 Metaspace       used 64554K, committed 66112K, reserved 1114112K
  class space    used 6605K, committed 7296K, reserved 1048576K
}
Event: 51.266 GC heap before
{Heap before GC invocations=267 (full 3):
 PSYoungGen      total 2048K, used 1664K [0x00000000eab00000, 0x00000000eae00000, 0x0000000100000000)
  eden space 1536K, 100% used [0x00000000eab00000,0x00000000eac80000,0x00000000eac80000)
  from space 512K, 25% used [0x00000000eac80000,0x00000000eaca0000,0x00000000ead00000)
  to   space 512K, 0% used [0x00000000ead80000,0x00000000ead80000,0x00000000eae00000)
 ParOldGen       total 245248K, used 245158K [0x00000000c0000000, 0x00000000cef80000, 0x00000000eab00000)
  object space 245248K, 99% used [0x00000000c0000000,0x00000000cef699e0,0x00000000cef80000)
 Metaspace       used 64554K, committed 66112K, reserved 1114112K
  class space    used 6605K, committed 7296K, reserved 1048576K
}
Event: 51.268 GC heap after
{Heap after GC invocations=267 (full 3):
 PSYoungGen      total 2048K, used 128K [0x00000000eab00000, 0x00000000eae00000, 0x0000000100000000)
  eden space 1536K, 0% used [0x00000000eab00000,0x00000000eab00000,0x00000000eac80000)
  from space 512K, 25% used [0x00000000ead80000,0x00000000eada0000,0x00000000eae00000)
  to   space 512K, 0% used [0x00000000eac80000,0x00000000eac80000,0x00000000ead00000)
 ParOldGen       total 245248K, used 245206K [0x00000000c0000000, 0x00000000cef80000, 0x00000000eab00000)
  object space 245248K, 99% used [0x00000000c0000000,0x00000000cef759e0,0x00000000cef80000)
 Metaspace       used 64554K, committed 66112K, reserved 1114112K
  class space    used 6605K, committed 7296K, reserved 1048576K
}
Event: 51.273 GC heap before
{Heap before GC invocations=268 (full 3):
 PSYoungGen      total 2048K, used 1664K [0x00000000eab00000, 0x00000000eae00000, 0x0000000100000000)
  eden space 1536K, 100% used [0x00000000eab00000,0x00000000eac80000,0x00000000eac80000)
  from space 512K, 25% used [0x00000000ead80000,0x00000000eada0000,0x00000000eae00000)
  to   space 512K, 0% used [0x00000000eac80000,0x00000000eac80000,0x00000000ead00000)
 ParOldGen       total 245248K, used 245206K [0x00000000c0000000, 0x00000000cef80000, 0x00000000eab00000)
  object space 245248K, 99% used [0x00000000c0000000,0x00000000cef759e0,0x00000000cef80000)
 Metaspace       used 64554K, committed 66112K, reserved 1114112K
  class space    used 6605K, committed 7296K, reserved 1048576K
}
Event: 51.275 GC heap after
{Heap after GC invocations=268 (full 3):
 PSYoungGen      total 2048K, used 96K [0x00000000eab00000, 0x00000000eae00000, 0x0000000100000000)
  eden space 1536K, 0% used [0x00000000eab00000,0x00000000eab00000,0x00000000eac80000)
  from space 512K, 18% used [0x00000000eac80000,0x00000000eac98000,0x00000000ead00000)
  to   space 512K, 0% used [0x00000000ead80000,0x00000000ead80000,0x00000000eae00000)
 ParOldGen       total 245248K, used 245246K [0x00000000c0000000, 0x00000000cef80000, 0x00000000eab00000)
  object space 245248K, 99% used [0x00000000c0000000,0x00000000cef7f9e0,0x00000000cef80000)
 Metaspace       used 64554K, committed 66112K, reserved 1114112K
  class space    used 6605K, committed 7296K, reserved 1048576K
}
Event: 51.278 GC heap before
{Heap before GC invocations=269 (full 3):
 PSYoungGen      total 2048K, used 1632K [0x00000000eab00000, 0x00000000eae00000, 0x0000000100000000)
  eden space 1536K, 100% used [0x00000000eab00000,0x00000000eac80000,0x00000000eac80000)
  from space 512K, 18% used [0x00000000eac80000,0x00000000eac98000,0x00000000ead00000)
  to   space 512K, 0% used [0x00000000ead80000,0x00000000ead80000,0x00000000eae00000)
 ParOldGen       total 245248K, used 245246K [0x00000000c0000000, 0x00000000cef80000, 0x00000000eab00000)
  object space 245248K, 99% used [0x00000000c0000000,0x00000000cef7f9e0,0x00000000cef80000)
 Metaspace       used 64554K, committed 66112K, reserved 1114112K
  class space    used 6605K, committed 7296K, reserved 1048576K
}
Event: 51.280 GC heap after
{Heap after GC invocations=269 (full 3):
 PSYoungGen      total 2048K, used 160K [0x00000000eab00000, 0x00000000eae00000, 0x0000000100000000)
  eden space 1536K, 0% used [0x00000000eab00000,0x00000000eab00000,0x00000000eac80000)
  from space 512K, 31% used [0x00000000ead80000,0x00000000eada8000,0x00000000eae00000)
  to   space 512K, 0% used [0x00000000eac80000,0x00000000eac80000,0x00000000ead00000)
 ParOldGen       total 245760K, used 245331K [0x00000000c0000000, 0x00000000cf000000, 0x00000000eab00000)
  object space 245760K, 99% used [0x00000000c0000000,0x00000000cef94d40,0x00000000cf000000)
 Metaspace       used 64554K, committed 66112K, reserved 1114112K
  class space    used 6605K, committed 7296K, reserved 1048576K
}
Event: 51.283 GC heap before
{Heap before GC invocations=270 (full 3):
 PSYoungGen      total 2048K, used 1696K [0x00000000eab00000, 0x00000000eae00000, 0x0000000100000000)
  eden space 1536K, 100% used [0x00000000eab00000,0x00000000eac80000,0x00000000eac80000)
  from space 512K, 31% used [0x00000000ead80000,0x00000000eada8000,0x00000000eae00000)
  to   space 512K, 0% used [0x00000000eac80000,0x00000000eac80000,0x00000000ead00000)
 ParOldGen       total 245760K, used 245331K [0x00000000c0000000, 0x00000000cf000000, 0x00000000eab00000)
  object space 245760K, 99% used [0x00000000c0000000,0x00000000cef94d40,0x00000000cf000000)
 Metaspace       used 64554K, committed 66112K, reserved 1114112K
  class space    used 6605K, committed 7296K, reserved 1048576K
}
Event: 51.284 GC heap after
{Heap after GC invocations=270 (full 3):
 PSYoungGen      total 2048K, used 160K [0x00000000eab00000, 0x00000000eae00000, 0x0000000100000000)
  eden space 1536K, 0% used [0x00000000eab00000,0x00000000eab00000,0x00000000eac80000)
  from space 512K, 31% used [0x00000000eac80000,0x00000000eaca8000,0x00000000ead00000)
  to   space 512K, 0% used [0x00000000ead80000,0x00000000ead80000,0x00000000eae00000)
 ParOldGen       total 245760K, used 245438K [0x00000000c0000000, 0x00000000cf000000, 0x00000000eab00000)
  object space 245760K, 99% used [0x00000000c0000000,0x00000000cefaf808,0x00000000cf000000)
 Metaspace       used 64554K, committed 66112K, reserved 1114112K
  class space    used 6605K, committed 7296K, reserved 1048576K
}
Event: 51.287 GC heap before
{Heap before GC invocations=271 (full 3):
 PSYoungGen      total 2048K, used 1696K [0x00000000eab00000, 0x00000000eae00000, 0x0000000100000000)
  eden space 1536K, 100% used [0x00000000eab00000,0x00000000eac80000,0x00000000eac80000)
  from space 512K, 31% used [0x00000000eac80000,0x00000000eaca8000,0x00000000ead00000)
  to   space 512K, 0% used [0x00000000ead80000,0x00000000ead80000,0x00000000eae00000)
 ParOldGen       total 245760K, used 245438K [0x00000000c0000000, 0x00000000cf000000, 0x00000000eab00000)
  object space 245760K, 99% used [0x00000000c0000000,0x00000000cefaf808,0x00000000cf000000)
 Metaspace       used 64554K, committed 66112K, reserved 1114112K
  class space    used 6605K, committed 7296K, reserved 1048576K
}
Event: 51.289 GC heap after
{Heap after GC invocations=271 (full 3):
 PSYoungGen      total 2560K, used 192K [0x00000000eab00000, 0x00000000eae00000, 0x0000000100000000)
  eden space 2048K, 0% used [0x00000000eab00000,0x00000000eab00000,0x00000000ead00000)
  from space 512K, 37% used [0x00000000ead80000,0x00000000eadb0000,0x00000000eae00000)
  to   space 512K, 0% used [0x00000000ead00000,0x00000000ead00000,0x00000000ead80000)
 ParOldGen       total 245760K, used 245517K [0x00000000c0000000, 0x00000000cf000000, 0x00000000eab00000)
  object space 245760K, 99% used [0x00000000c0000000,0x00000000cefc35d0,0x00000000cf000000)
 Metaspace       used 64554K, committed 66112K, reserved 1114112K
  class space    used 6605K, committed 7296K, reserved 1048576K
}
Event: 51.297 GC heap before
{Heap before GC invocations=272 (full 3):
 PSYoungGen      total 2560K, used 2239K [0x00000000eab00000, 0x00000000eae00000, 0x0000000100000000)
  eden space 2048K, 99% used [0x00000000eab00000,0x00000000eacfffe8,0x00000000ead00000)
  from space 512K, 37% used [0x00000000ead80000,0x00000000eadb0000,0x00000000eae00000)
  to   space 512K, 0% used [0x00000000ead00000,0x00000000ead00000,0x00000000ead80000)
 ParOldGen       total 245760K, used 245517K [0x00000000c0000000, 0x00000000cf000000, 0x00000000eab00000)
  object space 245760K, 99% used [0x00000000c0000000,0x00000000cefc35d0,0x00000000cf000000)
 Metaspace       used 64554K, committed 66112K, reserved 1114112K
  class space    used 6605K, committed 7296K, reserved 1048576K
}
Event: 51.301 GC heap after
{Heap after GC invocations=272 (full 3):
 PSYoungGen      total 2560K, used 128K [0x00000000eab00000, 0x00000000eae80000, 0x0000000100000000)
  eden space 2048K, 0% used [0x00000000eab00000,0x00000000eab00000,0x00000000ead00000)
  from space 512K, 25% used [0x00000000ead00000,0x00000000ead20000,0x00000000ead80000)
  to   space 512K, 0% used [0x00000000eae00000,0x00000000eae00000,0x00000000eae80000)
 ParOldGen       total 245760K, used 245617K [0x00000000c0000000, 0x00000000cf000000, 0x00000000eab00000)
  object space 245760K, 99% used [0x00000000c0000000,0x00000000cefdc7f8,0x00000000cf000000)
 Metaspace       used 64554K, committed 66112K, reserved 1114112K
  class space    used 6605K, committed 7296K, reserved 1048576K
}
Event: 51.336 GC heap before
{Heap before GC invocations=273 (full 3):
 PSYoungGen      total 2560K, used 2176K [0x00000000eab00000, 0x00000000eae80000, 0x0000000100000000)
  eden space 2048K, 100% used [0x00000000eab00000,0x00000000ead00000,0x00000000ead00000)
  from space 512K, 25% used [0x00000000ead00000,0x00000000ead20000,0x00000000ead80000)
  to   space 512K, 0% used [0x00000000eae00000,0x00000000eae00000,0x00000000eae80000)
 ParOldGen       total 245760K, used 245617K [0x00000000c0000000, 0x00000000cf000000, 0x00000000eab00000)
  object space 245760K, 99% used [0x00000000c0000000,0x00000000cefdc7f8,0x00000000cf000000)
 Metaspace       used 64554K, committed 66112K, reserved 1114112K
  class space    used 6605K, committed 7296K, reserved 1048576K
}
Event: 51.338 GC heap after
{Heap after GC invocations=273 (full 3):
 PSYoungGen      total 3072K, used 128K [0x00000000eab00000, 0x00000000eae80000, 0x0000000100000000)
  eden space 2560K, 0% used [0x00000000eab00000,0x00000000eab00000,0x00000000ead80000)
  from space 512K, 25% used [0x00000000eae00000,0x00000000eae20000,0x00000000eae80000)
  to   space 512K, 0% used [0x00000000ead80000,0x00000000ead80000,0x00000000eae00000)
 ParOldGen       total 245760K, used 245711K [0x00000000c0000000, 0x00000000cf000000, 0x00000000eab00000)
  object space 245760K, 99% used [0x00000000c0000000,0x00000000ceff3f18,0x00000000cf000000)
 Metaspace       used 64554K, committed 66112K, reserved 1114112K
  class space    used 6605K, committed 7296K, reserved 1048576K
}
Event: 51.351 GC heap before
{Heap before GC invocations=274 (full 3):
 PSYoungGen      total 3072K, used 2688K [0x00000000eab00000, 0x00000000eae80000, 0x0000000100000000)
  eden space 2560K, 100% used [0x00000000eab00000,0x00000000ead80000,0x00000000ead80000)
  from space 512K, 25% used [0x00000000eae00000,0x00000000eae20000,0x00000000eae80000)
  to   space 512K, 0% used [0x00000000ead80000,0x00000000ead80000,0x00000000eae00000)
 ParOldGen       total 245760K, used 245711K [0x00000000c0000000, 0x00000000cf000000, 0x00000000eab00000)
  object space 245760K, 99% used [0x00000000c0000000,0x00000000ceff3f18,0x00000000cf000000)
 Metaspace       used 64554K, committed 66112K, reserved 1114112K
  class space    used 6605K, committed 7296K, reserved 1048576K
}
Event: 51.354 GC heap after
{Heap after GC invocations=274 (full 3):
 PSYoungGen      total 3072K, used 160K [0x00000000eab00000, 0x00000000eae80000, 0x0000000100000000)
  eden space 2560K, 0% used [0x00000000eab00000,0x00000000eab00000,0x00000000ead80000)
  from space 512K, 31% used [0x00000000ead80000,0x00000000eada8000,0x00000000eae00000)
  to   space 512K, 0% used [0x00000000eae00000,0x00000000eae00000,0x00000000eae80000)
 ParOldGen       total 246272K, used 245775K [0x00000000c0000000, 0x00000000cf080000, 0x00000000eab00000)
  object space 246272K, 99% used [0x00000000c0000000,0x00000000cf003f18,0x00000000cf080000)
 Metaspace       used 64554K, committed 66112K, reserved 1114112K
  class space    used 6605K, committed 7296K, reserved 1048576K
}
Event: 51.381 GC heap before
{Heap before GC invocations=275 (full 3):
 PSYoungGen      total 3072K, used 2720K [0x00000000eab00000, 0x00000000eae80000, 0x0000000100000000)
  eden space 2560K, 100% used [0x00000000eab00000,0x00000000ead80000,0x00000000ead80000)
  from space 512K, 31% used [0x00000000ead80000,0x00000000eada8000,0x00000000eae00000)
  to   space 512K, 0% used [0x00000000eae00000,0x00000000eae00000,0x00000000eae80000)
 ParOldGen       total 246272K, used 245775K [0x00000000c0000000, 0x00000000cf080000, 0x00000000eab00000)
  object space 246272K, 99% used [0x00000000c0000000,0x00000000cf003f18,0x00000000cf080000)
 Metaspace       used 64554K, committed 66112K, reserved 1114112K
  class space    used 6605K, committed 7296K, reserved 1048576K
}
Event: 51.383 GC heap after
{Heap after GC invocations=275 (full 3):
 PSYoungGen      total 3072K, used 288K [0x00000000eab00000, 0x00000000eae80000, 0x0000000100000000)
  eden space 2560K, 0% used [0x00000000eab00000,0x00000000eab00000,0x00000000ead80000)
  from space 512K, 56% used [0x00000000eae00000,0x00000000eae48000,0x00000000eae80000)
  to   space 512K, 0% used [0x00000000ead80000,0x00000000ead80000,0x00000000eae00000)
 ParOldGen       total 246272K, used 245839K [0x00000000c0000000, 0x00000000cf080000, 0x00000000eab00000)
  object space 246272K, 99% used [0x00000000c0000000,0x00000000cf013f18,0x00000000cf080000)
 Metaspace       used 64554K, committed 66112K, reserved 1114112K
  class space    used 6605K, committed 7296K, reserved 1048576K
}

Dll operation events (10 events):
Event: 0.024 Loaded shared library c:\Users\SERGE\.vscode\extensions\redhat.java-1.42.0-win32-x64\jre\21.0.7-win32-x86_64\bin\java.dll
Event: 0.492 Loaded shared library c:\Users\SERGE\.vscode\extensions\redhat.java-1.42.0-win32-x64\jre\21.0.7-win32-x86_64\bin\zip.dll
Event: 0.657 Loaded shared library C:\Users\SERGE\.vscode\extensions\redhat.java-1.42.0-win32-x64\jre\21.0.7-win32-x86_64\bin\instrument.dll
Event: 0.680 Loaded shared library C:\Users\SERGE\.vscode\extensions\redhat.java-1.42.0-win32-x64\jre\21.0.7-win32-x86_64\bin\net.dll
Event: 0.697 Loaded shared library C:\Users\SERGE\.vscode\extensions\redhat.java-1.42.0-win32-x64\jre\21.0.7-win32-x86_64\bin\nio.dll
Event: 0.708 Loaded shared library C:\Users\SERGE\.vscode\extensions\redhat.java-1.42.0-win32-x64\jre\21.0.7-win32-x86_64\bin\zip.dll
Event: 0.809 Loaded shared library C:\Users\SERGE\.vscode\extensions\redhat.java-1.42.0-win32-x64\jre\21.0.7-win32-x86_64\bin\jimage.dll
Event: 1.279 Loaded shared library c:\Users\SERGE\.vscode\extensions\redhat.java-1.42.0-win32-x64\jre\21.0.7-win32-x86_64\bin\verify.dll
Event: 6.215 Loaded shared library C:\Users\SERGE\AppData\Roaming\Code\User\globalStorage\redhat.java\1.42.0\config_win\org.eclipse.equinox.launcher\org.eclipse.equinox.launcher.win32.win32.x86_64_1.2.1300.v20250331-1702\eclipse_11911.dll
Event: 10.900 Loaded shared library C:\Users\SERGE\AppData\Local\Temp\jna-78788894\jna17904747578612229715.dll

Deoptimization events (20 events):
Event: 50.321 Thread 0x000002927fb72150 DEOPT PACKING pc=0x000002922f64a5b8 sp=0x0000009937efe850
Event: 50.321 Thread 0x000002927fb72150 DEOPT UNPACKING pc=0x000002922edb3aa2 sp=0x0000009937efe748 mode 2
Event: 50.423 Thread 0x000002927fb72150 DEOPT PACKING pc=0x000002922910a44e sp=0x0000009937efe550
Event: 50.423 Thread 0x000002927fb72150 DEOPT UNPACKING pc=0x000002922edb4242 sp=0x0000009937efdad0 mode 0
Event: 50.425 Thread 0x000002927fb72150 DEOPT PACKING pc=0x000002922910a44e sp=0x0000009937efe550
Event: 50.425 Thread 0x000002927fb72150 DEOPT UNPACKING pc=0x000002922edb4242 sp=0x0000009937efdad0 mode 0
Event: 50.436 Thread 0x000002927fb72150 DEOPT PACKING pc=0x000002922910a44e sp=0x0000009937efe550
Event: 50.436 Thread 0x000002927fb72150 DEOPT UNPACKING pc=0x000002922edb4242 sp=0x0000009937efdad0 mode 0
Event: 50.437 Thread 0x000002927fb72150 DEOPT PACKING pc=0x000002922910a44e sp=0x0000009937efe550
Event: 50.437 Thread 0x000002927fb72150 DEOPT UNPACKING pc=0x000002922edb4242 sp=0x0000009937efdad0 mode 0
Event: 50.438 Thread 0x000002927fb72150 DEOPT PACKING pc=0x000002922910a44e sp=0x0000009937efe550
Event: 50.438 Thread 0x000002927fb72150 DEOPT UNPACKING pc=0x000002922edb4242 sp=0x0000009937efdad0 mode 0
Event: 50.452 Thread 0x000002927fb72150 DEOPT PACKING pc=0x000002922910a44e sp=0x0000009937efe550
Event: 50.452 Thread 0x000002927fb72150 DEOPT UNPACKING pc=0x000002922edb4242 sp=0x0000009937efdad0 mode 0
Event: 50.453 Thread 0x000002927fb72150 DEOPT PACKING pc=0x000002922910a44e sp=0x0000009937efe550
Event: 50.453 Thread 0x000002927fb72150 DEOPT UNPACKING pc=0x000002922edb4242 sp=0x0000009937efdad0 mode 0
Event: 50.583 Thread 0x000002927fb72150 Uncommon trap: trap_request=0xffffff45 fr.pc=0x000002922fbb71e0 relative=0x0000000000000360
Event: 50.583 Thread 0x000002927fb72150 Uncommon trap: reason=unstable_if action=reinterpret pc=0x000002922fbb71e0 method=sun.nio.fs.WindowsPath.normalize()Lsun/nio/fs/WindowsPath; @ 79 c2
Event: 50.583 Thread 0x000002927fb72150 DEOPT PACKING pc=0x000002922fbb71e0 sp=0x0000009937efe8f0
Event: 50.583 Thread 0x000002927fb72150 DEOPT UNPACKING pc=0x000002922edb3aa2 sp=0x0000009937efe858 mode 2

Classes loaded (20 events):
Event: 47.644 Loading class java/nio/file/FileTreeWalker$1
Event: 47.644 Loading class java/nio/file/FileTreeWalker$1 done
Event: 47.645 Loading class sun/nio/fs/Globs
Event: 47.646 Loading class sun/nio/fs/Globs done
Event: 47.646 Loading class java/util/regex/Pattern$SliceU
Event: 47.646 Loading class java/util/regex/Pattern$SliceU done
Event: 47.646 Loading class sun/nio/fs/WindowsFileSystem$2
Event: 47.646 Loading class java/nio/file/PathMatcher
Event: 47.646 Loading class java/nio/file/PathMatcher done
Event: 47.647 Loading class sun/nio/fs/WindowsFileSystem$2 done
Event: 48.298 Loading class java/util/Collections$SynchronizedRandomAccessList
Event: 48.298 Loading class java/util/Collections$SynchronizedList
Event: 48.298 Loading class java/util/Collections$SynchronizedList done
Event: 48.298 Loading class java/util/Collections$SynchronizedRandomAccessList done
Event: 48.335 Loading class java/util/concurrent/CompletableFuture$Signaller
Event: 48.336 Loading class java/util/concurrent/CompletableFuture$Signaller done
Event: 49.023 Loading class java/nio/charset/CharacterCodingException
Event: 49.023 Loading class java/nio/charset/CharacterCodingException done
Event: 49.023 Loading class java/io/SequenceInputStream
Event: 49.023 Loading class java/io/SequenceInputStream done

Classes unloaded (7 events):
Event: 12.814 Thread 0x0000029222dee8e0 Unloading class 0x000002923a1a4c00 'java/lang/invoke/LambdaForm$MH+0x000002923a1a4c00'
Event: 12.814 Thread 0x0000029222dee8e0 Unloading class 0x000002923a1a4800 'java/lang/invoke/LambdaForm$MH+0x000002923a1a4800'
Event: 12.814 Thread 0x0000029222dee8e0 Unloading class 0x000002923a1a4400 'java/lang/invoke/LambdaForm$MH+0x000002923a1a4400'
Event: 12.814 Thread 0x0000029222dee8e0 Unloading class 0x000002923a1a4000 'java/lang/invoke/LambdaForm$MH+0x000002923a1a4000'
Event: 12.814 Thread 0x0000029222dee8e0 Unloading class 0x000002923a1a3c00 'java/lang/invoke/LambdaForm$BMH+0x000002923a1a3c00'
Event: 12.814 Thread 0x0000029222dee8e0 Unloading class 0x000002923a1a3800 'java/lang/invoke/LambdaForm$DMH+0x000002923a1a3800'
Event: 12.814 Thread 0x0000029222dee8e0 Unloading class 0x000002923a1a2400 'java/lang/invoke/LambdaForm$DMH+0x000002923a1a2400'

Classes redefined (0 events):
No events

Internal exceptions (20 events):
Event: 48.183 Thread 0x000002927fb73b90 Exception <a 'sun/nio/fs/WindowsException'{0x00000000eab6ef60}> (0x00000000eab6ef60) 
thrown [s\src\hotspot\share\prims\jni.cpp, line 520]
Event: 48.184 Thread 0x000002927fb73b90 Exception <a 'sun/nio/fs/WindowsException'{0x00000000eab72b78}> (0x00000000eab72b78) 
thrown [s\src\hotspot\share\prims\jni.cpp, line 520]
Event: 48.186 Thread 0x000002927fb73b90 Exception <a 'sun/nio/fs/WindowsException'{0x00000000eab76a20}> (0x00000000eab76a20) 
thrown [s\src\hotspot\share\prims\jni.cpp, line 520]
Event: 48.187 Thread 0x000002927fb73b90 Exception <a 'sun/nio/fs/WindowsException'{0x00000000eab7a638}> (0x00000000eab7a638) 
thrown [s\src\hotspot\share\prims\jni.cpp, line 520]
Event: 48.231 Thread 0x000002927fb73b90 Exception <a 'sun/nio/fs/WindowsException'{0x00000000eab02b18}> (0x00000000eab02b18) 
thrown [s\src\hotspot\share\prims\jni.cpp, line 520]
Event: 48.232 Thread 0x000002927fb73b90 Exception <a 'sun/nio/fs/WindowsException'{0x00000000eab06270}> (0x00000000eab06270) 
thrown [s\src\hotspot\share\prims\jni.cpp, line 520]
Event: 48.232 Thread 0x000002927fb73b90 Exception <a 'sun/nio/fs/WindowsException'{0x00000000eab09c08}> (0x00000000eab09c08) 
thrown [s\src\hotspot\share\prims\jni.cpp, line 520]
Event: 48.233 Thread 0x000002927fb73b90 Exception <a 'sun/nio/fs/WindowsException'{0x00000000eab0d7b0}> (0x00000000eab0d7b0) 
thrown [s\src\hotspot\share\prims\jni.cpp, line 520]
Event: 48.234 Thread 0x000002927fb73b90 Exception <a 'sun/nio/fs/WindowsException'{0x00000000eab10dd0}> (0x00000000eab10dd0) 
thrown [s\src\hotspot\share\prims\jni.cpp, line 520]
Event: 49.105 Thread 0x0000029200d45990 Exception <a 'java/io/FileNotFoundException'{0x00000000eacb0930}> (0x00000000eacb0930) 
thrown [s\src\hotspot\share\prims\jni.cpp, line 520]
Event: 49.105 Thread 0x0000029200d45990 Exception <a 'java/io/FileNotFoundException'{0x00000000eacb1fa0}> (0x00000000eacb1fa0) 
thrown [s\src\hotspot\share\prims\jni.cpp, line 520]
Event: 49.207 Thread 0x0000029200d45990 Exception <a 'sun/nio/fs/WindowsException'{0x00000000eab3bde0}> (0x00000000eab3bde0) 
thrown [s\src\hotspot\share\prims\jni.cpp, line 520]
Event: 49.207 Thread 0x0000029200d45990 Exception <a 'sun/nio/fs/WindowsException'{0x00000000eab3c490}> (0x00000000eab3c490) 
thrown [s\src\hotspot\share\prims\jni.cpp, line 520]
Event: 49.208 Thread 0x0000029200d45990 Exception <a 'sun/nio/fs/WindowsException'{0x00000000eab3fc18}> (0x00000000eab3fc18) 
thrown [s\src\hotspot\share\prims\jni.cpp, line 520]
Event: 49.208 Thread 0x0000029200d45990 Exception <a 'sun/nio/fs/WindowsException'{0x00000000eab402c8}> (0x00000000eab402c8) 
thrown [s\src\hotspot\share\prims\jni.cpp, line 520]
Event: 49.209 Thread 0x0000029200d45990 Exception <a 'sun/nio/fs/WindowsException'{0x00000000eab412e0}> (0x00000000eab412e0) 
thrown [s\src\hotspot\share\prims\jni.cpp, line 520]
Event: 49.209 Thread 0x0000029200d45990 Exception <a 'sun/nio/fs/WindowsException'{0x00000000eab41b68}> (0x00000000eab41b68) 
thrown [s\src\hotspot\share\prims\jni.cpp, line 520]
Event: 49.209 Thread 0x0000029200d45990 Exception <a 'sun/nio/fs/WindowsException'{0x00000000eab426f0}> (0x00000000eab426f0) 
thrown [s\src\hotspot\share\prims\jni.cpp, line 520]
Event: 49.210 Thread 0x0000029200d45990 Exception <a 'sun/nio/fs/WindowsException'{0x00000000eab42d20}> (0x00000000eab42d20) 
thrown [s\src\hotspot\share\prims\jni.cpp, line 520]
Event: 49.536 Thread 0x000002927fb72150 Exception <a 'java/lang/NoSuchMethodError'{0x00000000eacefdf8}: 'java.lang.Object java.lang.invoke.DirectMethodHandle$Holder.invokeSpecial(java.lang.Object, java.lang.Object, int, long)'> (0x00000000eacefdf8) 
thrown [s\src\hotspot\share\interpreter\linkResolver.cpp, line 773]

ZGC Phase Switch (0 events):
No events

VM Operations (20 events):
Event: 51.241 Executing VM operation: ParallelGCFailedAllocation (Allocation Failure)
Event: 51.259 Executing VM operation: ParallelGCFailedAllocation (Allocation Failure) done
Event: 51.266 Executing VM operation: ParallelGCFailedAllocation (Allocation Failure)
Event: 51.268 Executing VM operation: ParallelGCFailedAllocation (Allocation Failure) done
Event: 51.273 Executing VM operation: ParallelGCFailedAllocation (Allocation Failure)
Event: 51.275 Executing VM operation: ParallelGCFailedAllocation (Allocation Failure) done
Event: 51.278 Executing VM operation: ParallelGCFailedAllocation (Allocation Failure)
Event: 51.280 Executing VM operation: ParallelGCFailedAllocation (Allocation Failure) done
Event: 51.283 Executing VM operation: ParallelGCFailedAllocation (Allocation Failure)
Event: 51.284 Executing VM operation: ParallelGCFailedAllocation (Allocation Failure) done
Event: 51.287 Executing VM operation: ParallelGCFailedAllocation (Allocation Failure)
Event: 51.289 Executing VM operation: ParallelGCFailedAllocation (Allocation Failure) done
Event: 51.297 Executing VM operation: ParallelGCFailedAllocation (Allocation Failure)
Event: 51.301 Executing VM operation: ParallelGCFailedAllocation (Allocation Failure) done
Event: 51.329 Executing VM operation: ParallelGCFailedAllocation (Allocation Failure)
Event: 51.338 Executing VM operation: ParallelGCFailedAllocation (Allocation Failure) done
Event: 51.351 Executing VM operation: ParallelGCFailedAllocation (Allocation Failure)
Event: 51.354 Executing VM operation: ParallelGCFailedAllocation (Allocation Failure) done
Event: 51.381 Executing VM operation: ParallelGCFailedAllocation (Allocation Failure)
Event: 51.384 Executing VM operation: ParallelGCFailedAllocation (Allocation Failure) done

Memory protections (0 events):
No events

Nmethod flushes (20 events):
Event: 38.378 Thread 0x0000029222dee8e0 flushing  nmethod 0x000002922818a610
Event: 38.378 Thread 0x0000029222dee8e0 flushing  nmethod 0x000002922818aa10
Event: 38.378 Thread 0x0000029222dee8e0 flushing  nmethod 0x000002922818ae90
Event: 38.378 Thread 0x0000029222dee8e0 flushing  nmethod 0x000002922818b490
Event: 38.378 Thread 0x0000029222dee8e0 flushing osr nmethod 0x000002922818d810
Event: 38.378 Thread 0x0000029222dee8e0 flushing  nmethod 0x00000292281acf10
Event: 38.378 Thread 0x0000029222dee8e0 flushing  nmethod 0x00000292281aea90
Event: 38.378 Thread 0x0000029222dee8e0 flushing  nmethod 0x00000292281b3590
Event: 38.378 Thread 0x0000029222dee8e0 flushing osr nmethod 0x00000292281c2190
Event: 38.378 Thread 0x0000029222dee8e0 flushing  nmethod 0x00000292281e0090
Event: 38.378 Thread 0x0000029222dee8e0 flushing  nmethod 0x00000292281e1910
Event: 38.378 Thread 0x0000029222dee8e0 flushing  nmethod 0x00000292281e1f10
Event: 38.378 Thread 0x0000029222dee8e0 flushing  nmethod 0x00000292281e5c90
Event: 38.378 Thread 0x0000029222dee8e0 flushing  nmethod 0x00000292281e6410
Event: 38.378 Thread 0x0000029222dee8e0 flushing  nmethod 0x00000292281e8510
Event: 38.378 Thread 0x0000029222dee8e0 flushing  nmethod 0x00000292281fdb90
Event: 38.378 Thread 0x0000029222dee8e0 flushing  nmethod 0x0000029228209310
Event: 38.378 Thread 0x0000029222dee8e0 flushing  nmethod 0x0000029228216b10
Event: 38.378 Thread 0x0000029222dee8e0 flushing  nmethod 0x0000029228217410
Event: 38.378 Thread 0x0000029222dee8e0 flushing  nmethod 0x0000029228224710

Events (20 events):
Event: 43.030 Thread 0x000002927fb73b90 Thread added: 0x000002927f072c90
Event: 45.301 Thread 0x000002927f0753f0 Thread exited: 0x000002927f0753f0
Event: 45.302 Thread 0x000002927f074d60 Thread exited: 0x000002927f074d60
Event: 45.303 Thread 0x000002927f0739b0 Thread exited: 0x000002927f0739b0
Event: 45.303 Thread 0x000002927f072c90 Thread exited: 0x000002927f072c90
Event: 45.307 Thread 0x000002927f0781e0 Thread exited: 0x000002927f0781e0
Event: 46.321 Thread 0x0000029200b40320 Thread exited: 0x0000029200b40320
Event: 46.402 Thread 0x000002927fb73b90 Thread added: 0x000002927f075a80
Event: 46.402 Thread 0x000002927fb73b90 Thread added: 0x000002927f071f70
Event: 46.403 Thread 0x000002927fb73b90 Thread added: 0x000002927f076110
Event: 46.403 Thread 0x000002927fb73b90 Thread added: 0x000002927f072c90
Event: 46.403 Thread 0x000002927fb73b90 Thread added: 0x000002927f0774c0
Event: 46.626 Thread 0x000002927a1317d0 Thread added: 0x0000029200b40320
Event: 46.781 Thread 0x000002927f072c90 Thread exited: 0x000002927f072c90
Event: 46.786 Thread 0x000002927f075a80 Thread exited: 0x000002927f075a80
Event: 46.787 Thread 0x000002927f076110 Thread exited: 0x000002927f076110
Event: 46.788 Thread 0x000002927f0774c0 Thread exited: 0x000002927f0774c0
Event: 46.788 Thread 0x000002927f071f70 Thread exited: 0x000002927f071f70
Event: 48.952 Thread 0x0000029200b40320 Thread exited: 0x0000029200b40320
Event: 50.646 Thread 0x000002927a1a5490 Thread added: 0x0000029200b40320


Dynamic libraries:
0x00007ff7a3d30000 - 0x00007ff7a3d3e000 	c:\Users\SERGE\.vscode\extensions\redhat.java-1.42.0-win32-x64\jre\21.0.7-win32-x86_64\bin\java.exe
0x00007fff071d0000 - 0x00007fff073c8000 	C:\Windows\SYSTEM32\ntdll.dll
0x00007fff05440000 - 0x00007fff05502000 	C:\Windows\System32\KERNEL32.DLL
0x00007fff048c0000 - 0x00007fff04bbf000 	C:\Windows\System32\KERNELBASE.dll
0x00007fff04bf0000 - 0x00007fff04cf0000 	C:\Windows\System32\ucrtbase.dll
0x00007ffeff430000 - 0x00007ffeff448000 	c:\Users\SERGE\.vscode\extensions\redhat.java-1.42.0-win32-x64\jre\21.0.7-win32-x86_64\bin\jli.dll
0x00007fff05c60000 - 0x00007fff05dfd000 	C:\Windows\System32\USER32.dll
0x00007fff04bc0000 - 0x00007fff04be2000 	C:\Windows\System32\win32u.dll
0x00007fff070a0000 - 0x00007fff070cb000 	C:\Windows\System32\GDI32.dll
0x00007fff04ee0000 - 0x00007fff04ffa000 	C:\Windows\System32\gdi32full.dll
0x00007fff050e0000 - 0x00007fff0517d000 	C:\Windows\System32\msvcp_win.dll
0x00007ffef59e0000 - 0x00007ffef59fe000 	c:\Users\SERGE\.vscode\extensions\redhat.java-1.42.0-win32-x64\jre\21.0.7-win32-x86_64\bin\VCRUNTIME140.dll
0x00007ffef6730000 - 0x00007ffef69ca000 	C:\Windows\WinSxS\amd64_microsoft.windows.common-controls_6595b64144ccf1df_6.0.19041.4355_none_60b8b9eb71f62e16\COMCTL32.dll
0x00007fff060f0000 - 0x00007fff0618e000 	C:\Windows\System32\msvcrt.dll
0x00007fff05b40000 - 0x00007fff05b6f000 	C:\Windows\System32\IMM32.DLL
0x00007ffeff320000 - 0x00007ffeff32c000 	c:\Users\SERGE\.vscode\extensions\redhat.java-1.42.0-win32-x64\jre\21.0.7-win32-x86_64\bin\vcruntime140_1.dll
0x00007ffee9bf0000 - 0x00007ffee9c7d000 	c:\Users\SERGE\.vscode\extensions\redhat.java-1.42.0-win32-x64\jre\21.0.7-win32-x86_64\bin\msvcp140.dll
0x00007ffeb4f30000 - 0x00007ffeb5cc0000 	c:\Users\SERGE\.vscode\extensions\redhat.java-1.42.0-win32-x64\jre\21.0.7-win32-x86_64\bin\server\jvm.dll
0x00007fff05370000 - 0x00007fff0541f000 	C:\Windows\System32\ADVAPI32.dll
0x00007fff06190000 - 0x00007fff0622f000 	C:\Windows\System32\sechost.dll
0x00007fff05f20000 - 0x00007fff06043000 	C:\Windows\System32\RPCRT4.dll
0x00007fff050b0000 - 0x00007fff050d7000 	C:\Windows\System32\bcrypt.dll
0x00007fff05eb0000 - 0x00007fff05f1b000 	C:\Windows\System32\WS2_32.dll
0x00007fff03c90000 - 0x00007fff03cdb000 	C:\Windows\SYSTEM32\POWRPROF.dll
0x00007ffef5280000 - 0x00007ffef52a7000 	C:\Windows\SYSTEM32\WINMM.dll
0x00007ffef0ea0000 - 0x00007ffef0eaa000 	C:\Windows\SYSTEM32\VERSION.dll
0x00007fff03c30000 - 0x00007fff03c42000 	C:\Windows\SYSTEM32\UMPDC.dll
0x00007fff026b0000 - 0x00007fff026c2000 	C:\Windows\SYSTEM32\kernel.appcore.dll
0x00007ffefec10000 - 0x00007ffefec1a000 	c:\Users\SERGE\.vscode\extensions\redhat.java-1.42.0-win32-x64\jre\21.0.7-win32-x86_64\bin\jimage.dll
0x00007ffef6fe0000 - 0x00007ffef71c4000 	C:\Windows\SYSTEM32\DBGHELP.DLL
0x00007ffef7380000 - 0x00007ffef73b4000 	C:\Windows\SYSTEM32\dbgcore.DLL
0x00007fff04cf0000 - 0x00007fff04d72000 	C:\Windows\System32\bcryptPrimitives.dll
0x00007ffefe090000 - 0x00007ffefe09f000 	c:\Users\SERGE\.vscode\extensions\redhat.java-1.42.0-win32-x64\jre\21.0.7-win32-x86_64\bin\instrument.dll
0x00007ffef57a0000 - 0x00007ffef57bf000 	c:\Users\SERGE\.vscode\extensions\redhat.java-1.42.0-win32-x64\jre\21.0.7-win32-x86_64\bin\java.dll
0x00007fff06570000 - 0x00007fff06cdd000 	C:\Windows\System32\SHELL32.dll
0x00007fff028b0000 - 0x00007fff03053000 	C:\Windows\SYSTEM32\windows.storage.dll
0x00007fff06ce0000 - 0x00007fff07035000 	C:\Windows\System32\combase.dll
0x00007fff041c0000 - 0x00007fff041eb000 	C:\Windows\SYSTEM32\Wldp.dll
0x00007fff063f0000 - 0x00007fff064bd000 	C:\Windows\System32\OLEAUT32.dll
0x00007fff064c0000 - 0x00007fff0656d000 	C:\Windows\System32\SHCORE.dll
0x00007fff070d0000 - 0x00007fff07125000 	C:\Windows\System32\shlwapi.dll
0x00007fff047a0000 - 0x00007fff047c5000 	C:\Windows\SYSTEM32\profapi.dll
0x00007ffef0bb0000 - 0x00007ffef0bc8000 	c:\Users\SERGE\.vscode\extensions\redhat.java-1.42.0-win32-x64\jre\21.0.7-win32-x86_64\bin\zip.dll
0x00007ffefd6a0000 - 0x00007ffefd6b0000 	C:\Users\SERGE\.vscode\extensions\redhat.java-1.42.0-win32-x64\jre\21.0.7-win32-x86_64\bin\net.dll
0x00007ffefb1f0000 - 0x00007ffefb2fa000 	C:\Windows\SYSTEM32\WINHTTP.dll
0x00007fff03fa0000 - 0x00007fff0400c000 	C:\Windows\system32\mswsock.dll
0x00007ffef1c30000 - 0x00007ffef1c46000 	C:\Users\SERGE\.vscode\extensions\redhat.java-1.42.0-win32-x64\jre\21.0.7-win32-x86_64\bin\nio.dll
0x00007ffefc750000 - 0x00007ffefc760000 	c:\Users\SERGE\.vscode\extensions\redhat.java-1.42.0-win32-x64\jre\21.0.7-win32-x86_64\bin\verify.dll
0x00007ffeee030000 - 0x00007ffeee075000 	C:\Users\SERGE\AppData\Roaming\Code\User\globalStorage\redhat.java\1.42.0\config_win\org.eclipse.equinox.launcher\org.eclipse.equinox.launcher.win32.win32.x86_64_1.2.1300.v20250331-1702\eclipse_11911.dll
0x00007fff062c0000 - 0x00007fff063eb000 	C:\Windows\System32\ole32.dll
0x00007fff04200000 - 0x00007fff04218000 	C:\Windows\SYSTEM32\CRYPTSP.dll
0x00007fff03870000 - 0x00007fff038a8000 	C:\Windows\system32\rsaenh.dll
0x00007fff04720000 - 0x00007fff0474e000 	C:\Windows\SYSTEM32\USERENV.dll
0x00007fff04130000 - 0x00007fff0413c000 	C:\Windows\SYSTEM32\CRYPTBASE.dll
0x00007fff03c50000 - 0x00007fff03c8b000 	C:\Windows\SYSTEM32\IPHLPAPI.DLL
0x00007fff05c50000 - 0x00007fff05c58000 	C:\Windows\System32\NSI.dll
0x00007ffef5aa0000 - 0x00007ffef5ae9000 	C:\Users\SERGE\AppData\Local\Temp\jna-78788894\jna17904747578612229715.dll
0x00007fff06230000 - 0x00007fff06238000 	C:\Windows\System32\PSAPI.DLL
0x00007ffef6b70000 - 0x00007ffef6b87000 	C:\Windows\SYSTEM32\dhcpcsvc6.DLL
0x00007ffef6b50000 - 0x00007ffef6b6d000 	C:\Windows\SYSTEM32\dhcpcsvc.DLL
0x00007fff03ac0000 - 0x00007fff03af3000 	C:\Windows\SYSTEM32\ntmarta.dll

dbghelp: loaded successfully - version: 4.0.5 - missing functions: none
symbol engine: initialized successfully - sym options: 0x614 - pdb path: .;c:\Users\SERGE\.vscode\extensions\redhat.java-1.42.0-win32-x64\jre\21.0.7-win32-x86_64\bin;C:\Windows\SYSTEM32;C:\Windows\WinSxS\amd64_microsoft.windows.common-controls_6595b64144ccf1df_6.0.19041.4355_none_60b8b9eb71f62e16;c:\Users\SERGE\.vscode\extensions\redhat.java-1.42.0-win32-x64\jre\21.0.7-win32-x86_64\bin\server;C:\Users\SERGE\AppData\Roaming\Code\User\globalStorage\redhat.java\1.42.0\config_win\org.eclipse.equinox.launcher\org.eclipse.equinox.launcher.win32.win32.x86_64_1.2.1300.v20250331-1702;C:\Users\SERGE\AppData\Local\Temp\jna-78788894

VM Arguments:
jvm_args: --add-modules=ALL-SYSTEM --add-opens=java.base/java.util=ALL-UNNAMED --add-opens=java.base/java.lang=ALL-UNNAMED --add-opens=java.base/sun.nio.fs=ALL-UNNAMED -Declipse.application=org.eclipse.jdt.ls.core.id1 -Dosgi.bundles.defaultStartLevel=4 -Declipse.product=org.eclipse.jdt.ls.core.product -Djava.import.generatesMetadataFilesAtProjectRoot=false -DDetectVMInstallationsJob.disabled=true -Dfile.encoding=utf8 -XX:+UseParallelGC -XX:GCTimeRatio=4 -XX:AdaptiveSizePolicyWeight=90 -Dsun.zip.disableMemoryMapping=true -Xmx1G -Xms100m -Xlog:disable -javaagent:c:\Users\SERGE\.vscode\extensions\redhat.java-1.42.0-win32-x64\lombok\lombok-1.18.36.jar -XX:+HeapDumpOnOutOfMemoryError -XX:HeapDumpPath=c:\Users\SERGE\AppData\Roaming\Code\User\workspaceStorage\a6951d4b4e5e0ad82c8566c0f5837605\redhat.java -Daether.dependencyCollector.impl=bf 
java_command: c:\Users\SERGE\.vscode\extensions\redhat.java-1.42.0-win32-x64\server\plugins\org.eclipse.equinox.launcher_1.7.0.v20250424-1814.jar -configuration c:\Users\SERGE\AppData\Roaming\Code\User\globalStorage\redhat.java\1.42.0\config_win -data c:\Users\SERGE\AppData\Roaming\Code\User\workspaceStorage\a6951d4b4e5e0ad82c8566c0f5837605\redhat.java\jdt_ws --pipe=\\.\pipe\lsp-05f1dcc7256514f56e0ac3214a480aed-sock
java_class_path (initial): c:\Users\SERGE\.vscode\extensions\redhat.java-1.42.0-win32-x64\server\plugins\org.eclipse.equinox.launcher_1.7.0.v20250424-1814.jar
Launcher Type: SUN_STANDARD

[Global flags]
    uintx AdaptiveSizePolicyWeight                 = 90                                        {product} {command line}
     intx CICompilerCount                          = 3                                         {product} {ergonomic}
    uintx GCTimeRatio                              = 4                                         {product} {command line}
     bool HeapDumpOnOutOfMemoryError               = true                                   {manageable} {command line}
    ccstr HeapDumpPath                             = c:\Users\SERGE\AppData\Roaming\Code\User\workspaceStorage\a6951d4b4e5e0ad82c8566c0f5837605\redhat.java         {manageable} {command line}
   size_t InitialHeapSize                          = 104857600                                 {product} {command line}
   size_t MaxHeapSize                              = 1073741824                                {product} {command line}
   size_t MaxNewSize                               = 357564416                                 {product} {ergonomic}
   size_t MinHeapDeltaBytes                        = 524288                                    {product} {ergonomic}
   size_t MinHeapSize                              = 104857600                                 {product} {command line}
   size_t NewSize                                  = 34603008                                  {product} {ergonomic}
    uintx NonNMethodCodeHeapSize                   = 5832780                                {pd product} {ergonomic}
    uintx NonProfiledCodeHeapSize                  = 122912730                              {pd product} {ergonomic}
   size_t OldSize                                  = 70254592                                  {product} {ergonomic}
    uintx ProfiledCodeHeapSize                     = 122912730                              {pd product} {ergonomic}
    uintx ReservedCodeCacheSize                    = 251658240                              {pd product} {ergonomic}
     bool SegmentedCodeCache                       = true                                      {product} {ergonomic}
   size_t SoftMaxHeapSize                          = 1073741824                             {manageable} {ergonomic}
     bool UseCompressedOops                        = true                           {product lp64_product} {ergonomic}
     bool UseLargePagesIndividualAllocation        = false                                  {pd product} {ergonomic}
     bool UseParallelGC                            = true                                      {product} {command line}

Logging:
Log output configuration:
 #0: stdout all=off uptime,level,tags foldmultilines=false
 #1: stderr all=off uptime,level,tags foldmultilines=false

Environment Variables:
PATH=C:\Program Files\Java\jdk-17\bin;C:\Program Files\Common Files\Oracle\Java\javapath;C:\Windows\system32;C:\Windows;C:\Windows\System32\Wbem;C:\Windows\System32\WindowsPowerShell\v1.0\;C:\Windows\System32\OpenSSH\;C:\Program Files\nodejs\;C:\Program Files\IVI Foundation\VISA\Win64\Bin\;C:\Program Files (x86)\IVI Foundation\VISA\WinNT\Bin\;C:\Program Files (x86)\IVI Foundation\VISA\WinNT\Bin;C:\Program Files\MATLAB\R2016a\runtime\win64;C:\Program Files\MATLAB\R2016a\bin;C:\Program Files\MATLAB\R2016a\polyspace\bin;C:\composer;C:\Program Files\Git\cmd;C:\Program Files\PostgreSQL\16\bin;C:\Program Files\PostgreSQL\16\data;C:\Program Files\Microsoft VS Code\bin;C:\Program Files\dotnet\;C:\platform-tools-latest-windows\platform-tools;C:\Program Files\MySQL\MySQL Server X.X\bin;C:\Program Files\Java\jdk-17\bin;C:\Server;C:\Program Files\Docker\Docker\resources\bin;C:\Cassandra\apache-cassandra-4.1.8\bin;C:\ProgramData\chocolatey\bin;C:\Program Files\BlueStacks_nxt;C:\Users\SERGE\AppData\Local\Programs\Python\Python311\Scripts\;C:\Users\SERGE\AppData\Local\Programs\Python\Python311\;C:\Users\SERGE\scoop\shims;C:\Users\SERGE\AppData\Local\Microsoft\WindowsApps;C:\Users\SERGE\AppData\Roaming\npm;C:\Program Files (x86);C:\Users\SERGE\AppData\Roaming\Composer\vendor\bin;C:\Users\SERGE\.dotnet\tools;C:\Program Files (x86)\Nmap
USERNAME=SERGE
OS=Windows_NT
PROCESSOR_IDENTIFIER=Intel64 Family 6 Model 60 Stepping 3, GenuineIntel
TMP=C:\Users\SERGE\AppData\Local\Temp
TEMP=C:\Users\SERGE\AppData\Local\Temp




Periodic native trim disabled

---------------  S Y S T E M  ---------------

OS:
 Windows 10 , 64 bit Build 19041 (10.0.19041.5438)
OS uptime: 0 days 5:03 hours
Hyper-V role detected

CPU: total 4 (initial active 4) (2 cores per cpu, 2 threads per core) family 6 model 60 stepping 3 microcode 0x27, cx8, cmov, fxsr, ht, mmx, sse, sse2, sse3, ssse3, sse4.1, sse4.2, popcnt, lzcnt, tsc, tscinvbit, avx, avx2, aes, erms, clmul, bmi1, bmi2, fma, vzeroupper, clflush, hv, rdtscp, f16c
Processor Information for the first 4 processors :
  Max Mhz: 2601, Current Mhz: 2601, Mhz Limit: 2601

Memory: 4k page, system-wide physical 8089M (1520M free)
TotalPageFile size 10137M (AvailPageFile size 11M)
current process WorkingSet (physical memory assigned to process): 553M, peak: 553M
current process commit charge ("private bytes"): 490M, peak: 931M

vm_info: OpenJDK 64-Bit Server VM (21.0.7+6-LTS) for windows-amd64 JRE (21.0.7+6-LTS), built on 2025-04-15T00:00:00Z by "admin" with MS VC++ 17.7 (VS2022)

END.
