#
# There is insufficient memory for the Java Runtime Environment to continue.
# Native memory allocation (malloc) failed to allocate 1347120 bytes. Error detail: Chunk::new
# Possible reasons:
#   The system is out of physical RAM or swap space
#   This process is running with CompressedOops enabled, and the Java Heap may be blocking the growth of the native heap
# Possible solutions:
#   Reduce memory load on the system
#   Increase physical memory or swap space
#   Check if swap backing store is full
#   Decrease Java heap size (-Xmx/-Xms)
#   Decrease number of Java threads
#   Decrease Java thread stack sizes (-Xss)
#   Set larger code cache with -XX:ReservedCodeCacheSize=
#   JVM is running with Unscaled Compressed Oops mode in which the Java heap is
#     placed in the first 4GB address space. The Java Heap base address is the
#     maximum limit for the native heap growth. Please use -XX:HeapBaseMinAddress
#     to set the Java Heap base and to place the Java Heap above 4GB virtual address.
# This output file may be truncated or incomplete.
#
#  Out of Memory Error (arena.cpp:168), pid=8292, tid=3788
#
# JRE version: OpenJDK Runtime Environment Temurin-21.0.7+6 (21.0.7+6) (build 21.0.7+6-LTS)
# Java VM: OpenJDK 64-Bit Server VM Temurin-21.0.7+6 (21.0.7+6-LTS, mixed mode, sharing, tiered, compressed oops, compressed class ptrs, parallel gc, windows-amd64)
# No core dump will be written. Minidumps are not enabled by default on client versions of Windows
#

---------------  S U M M A R Y ------------

Command Line: --add-modules=ALL-SYSTEM --add-opens=java.base/java.util=ALL-UNNAMED --add-opens=java.base/java.lang=ALL-UNNAMED --add-opens=java.base/sun.nio.fs=ALL-UNNAMED -Declipse.application=org.eclipse.jdt.ls.core.id1 -Dosgi.bundles.defaultStartLevel=4 -Declipse.product=org.eclipse.jdt.ls.core.product -Djava.import.generatesMetadataFilesAtProjectRoot=false -DDetectVMInstallationsJob.disabled=true -Dfile.encoding=utf8 -XX:+UseParallelGC -XX:GCTimeRatio=4 -XX:AdaptiveSizePolicyWeight=90 -Dsun.zip.disableMemoryMapping=true -Xmx1G -Xms100m -Xlog:disable -javaagent:c:\Users\SERGE\.vscode\extensions\redhat.java-1.42.0-win32-x64\lombok\lombok-1.18.36.jar -XX:+HeapDumpOnOutOfMemoryError -XX:HeapDumpPath=c:\Users\SERGE\AppData\Roaming\Code\User\workspaceStorage\a6951d4b4e5e0ad82c8566c0f5837605\redhat.java -Daether.dependencyCollector.impl=bf c:\Users\SERGE\.vscode\extensions\redhat.java-1.42.0-win32-x64\server\plugins\org.eclipse.equinox.launcher_1.7.0.v20250424-1814.jar -configuration c:\Users\SERGE\AppData\Roaming\Code\User\globalStorage\redhat.java\1.42.0\config_win -data c:\Users\SERGE\AppData\Roaming\Code\User\workspaceStorage\a6951d4b4e5e0ad82c8566c0f5837605\redhat.java\jdt_ws --pipe=\\.\pipe\lsp-473c47b4f49c265d0b77dc6dff9b97f6-sock

Host: Intel(R) Core(TM) i5-4300M CPU @ 2.60GHz, 4 cores, 7G,  Windows 10 , 64 bit Build 19041 (10.0.19041.5438)
Time: Sun May 18 21:59:02 2025 Paris, Madrid (heure duild 19041 (10.0.19041.5438) elapsed time: 920.017581 seconds (0d 0h 15m 20s)

---------------  T H R E A D  ---------------

Current thread (0x0000028d66e648c0):  JavaThread "C2 CompilerThread1" daemon [_thread_in_native, id=3788, stack(0x000000fce6c00000,0x000000fce6d00000) (1024K)]


Current CompileTask:
C2:920017 15462       4       org.eclipse.jdt.internal.compiler.lookup.AnnotatableTypeSystem::getParameterizedType (123 bytes)

Stack: [0x000000fce6c00000,0x000000fce6d00000]
Native frames: (J=compiled Java code, j=interpreted, Vv=VM code, C=native code)
V  [jvm.dll+0x6ce119]
V  [jvm.dll+0x8a84a1]
V  [jvm.dll+0x8aa9ce]
V  [jvm.dll+0x8ab0b3]
V  [jvm.dll+0x27f8a6]
V  [jvm.dll+0xc507d]
V  [jvm.dll+0xc55b3]
V  [jvm.dll+0x3b692c]
V  [jvm.dll+0x382aa5]
V  [jvm.dll+0x381f0a]
V  [jvm.dll+0x247af0]
V  [jvm.dll+0x2470cf]
V  [jvm.dll+0x1c760e]
V  [jvm.dll+0x25695a]
V  [jvm.dll+0x254efa]
V  [jvm.dll+0x3f03f6]
V  [jvm.dll+0x851f6b]
V  [jvm.dll+0x6cc7dd]
C  [ucrtbase.dll+0x21bb2]
C  [KERNEL32.DLL+0x17374]
C  [ntdll.dll+0x4cc91]


---------------  P R O C E S S  ---------------

Threads class SMR info:
_java_thread_list=0x0000028d682bca80, length=41, elements={
0x0000028d4b121610, 0x0000028d5f449780, 0x0000028d5f44af80, 0x0000028d5f44c880,
0x0000028d5f44fa60, 0x0000028d5f450970, 0x0000028d5f44ed90, 0x0000028d5f4533c0,
0x0000028d5f4cb560, 0x0000028d602278f0, 0x0000028d6044ecf0, 0x0000028d60aa93d0,
0x0000028d60ca8740, 0x0000028d604c1040, 0x0000028d605b3840, 0x0000028d65061910,
0x0000028d6514cfb0, 0x0000028d6025b140, 0x0000028d6025c4f0, 0x0000028d6025e5c0,
0x0000028d6025d8a0, 0x0000028d6025d210, 0x0000028d6025df30, 0x0000028d673952e0,
0x0000028d67395970, 0x0000028d67396d20, 0x0000028d67396000, 0x0000028d673945c0,
0x0000028d67397a40, 0x0000028d67396690, 0x0000028d698a7920, 0x0000028d698a6570,
0x0000028d698aa710, 0x0000028d698a8640, 0x0000028d698adb90, 0x0000028d698aada0,
0x0000028d698abac0, 0x0000028d698ac150, 0x0000028d698ac7e0, 0x0000028d698ace70,
0x0000028d66e648c0
}

Java Threads: ( => current thread )
  0x0000028d4b121610 JavaThread "main"                              [_thread_blocked, id=4524, stack(0x000000fce4000000,0x000000fce4100000) (1024K)]
  0x0000028d5f449780 JavaThread "Reference Handler"          daemon [_thread_blocked, id=9724, stack(0x000000fce4400000,0x000000fce4500000) (1024K)]
  0x0000028d5f44af80 JavaThread "Finalizer"                  daemon [_thread_blocked, id=4400, stack(0x000000fce4500000,0x000000fce4600000) (1024K)]
  0x0000028d5f44c880 JavaThread "Signal Dispatcher"          daemon [_thread_blocked, id=14024, stack(0x000000fce4600000,0x000000fce4700000) (1024K)]
  0x0000028d5f44fa60 JavaThread "Attach Listener"            daemon [_thread_blocked, id=10928, stack(0x000000fce4700000,0x000000fce4800000) (1024K)]
  0x0000028d5f450970 JavaThread "Service Thread"             daemon [_thread_blocked, id=9548, stack(0x000000fce4800000,0x000000fce4900000) (1024K)]
  0x0000028d5f44ed90 JavaThread "Monitor Deflation Thread"   daemon [_thread_blocked, id=10492, stack(0x000000fce4900000,0x000000fce4a00000) (1024K)]
  0x0000028d5f4533c0 JavaThread "C2 CompilerThread0"         daemon [_thread_blocked, id=252, stack(0x000000fce4a00000,0x000000fce4b00000) (1024K)]
  0x0000028d5f4cb560 JavaThread "C1 CompilerThread0"         daemon [_thread_blocked, id=15424, stack(0x000000fce4b00000,0x000000fce4c00000) (1024K)]
  0x0000028d602278f0 JavaThread "Common-Cleaner"             daemon [_thread_blocked, id=4408, stack(0x000000fce4c00000,0x000000fce4d00000) (1024K)]
  0x0000028d6044ecf0 JavaThread "Notification Thread"        daemon [_thread_blocked, id=16612, stack(0x000000fce4d00000,0x000000fce4e00000) (1024K)]
  0x0000028d60aa93d0 JavaThread "Active Thread: Equinox Container: ec3a960d-249d-482e-85bc-f13ca7dbc3cd"        [_thread_blocked, id=17208, stack(0x000000fce4e00000,0x000000fce4f00000) (1024K)]
  0x0000028d60ca8740 JavaThread "Refresh Thread: Equinox Container: ec3a960d-249d-482e-85bc-f13ca7dbc3cd" daemon [_thread_blocked, id=5576, stack(0x000000fce5200000,0x000000fce5300000) (1024K)]
  0x0000028d604c1040 JavaThread "Framework Event Dispatcher: Equinox Container: ec3a960d-249d-482e-85bc-f13ca7dbc3cd" daemon [_thread_blocked, id=15044, stack(0x000000fce5300000,0x000000fce5400000) (1024K)]
  0x0000028d605b3840 JavaThread "Start Level: Equinox Container: ec3a960d-249d-482e-85bc-f13ca7dbc3cd" daemon [_thread_blocked, id=11172, stack(0x000000fce5400000,0x000000fce5500000) (1024K)]
  0x0000028d65061910 JavaThread "Bundle File Closer"         daemon [_thread_blocked, id=16824, stack(0x000000fce5500000,0x000000fce5600000) (1024K)]
  0x0000028d6514cfb0 JavaThread "SCR Component Actor"        daemon [_thread_blocked, id=11292, stack(0x000000fce5600000,0x000000fce5700000) (1024K)]
  0x0000028d6025b140 JavaThread "Worker-JM"                         [_thread_blocked, id=12800, stack(0x000000fce5800000,0x000000fce5900000) (1024K)]
  0x0000028d6025c4f0 JavaThread "JNA Cleaner"                daemon [_thread_blocked, id=8032, stack(0x000000fce5900000,0x000000fce5a00000) (1024K)]
  0x0000028d6025e5c0 JavaThread "Worker-0"                          [_thread_blocked, id=16596, stack(0x000000fce5a00000,0x000000fce5b00000) (1024K)]
  0x0000028d6025d8a0 JavaThread "Java indexing"              daemon [_thread_blocked, id=10868, stack(0x000000fce5e00000,0x000000fce5f00000) (1024K)]
  0x0000028d6025d210 JavaThread "Worker-3"                          [_thread_blocked, id=16400, stack(0x000000fce6000000,0x000000fce6100000) (1024K)]
  0x0000028d6025df30 JavaThread "Thread-2"                   daemon [_thread_in_native, id=13780, stack(0x000000fce5700000,0x000000fce5800000) (1024K)]
  0x0000028d673952e0 JavaThread "Thread-3"                   daemon [_thread_in_native, id=6272, stack(0x000000fce6200000,0x000000fce6300000) (1024K)]
  0x0000028d67395970 JavaThread "Thread-4"                   daemon [_thread_in_native, id=8332, stack(0x000000fce6300000,0x000000fce6400000) (1024K)]
  0x0000028d67396d20 JavaThread "Thread-5"                   daemon [_thread_in_native, id=16868, stack(0x000000fce6400000,0x000000fce6500000) (1024K)]
  0x0000028d67396000 JavaThread "Thread-6"                   daemon [_thread_in_native, id=9608, stack(0x000000fce6500000,0x000000fce6600000) (1024K)]
  0x0000028d673945c0 JavaThread "pool-2-thread-1"                   [_thread_blocked, id=13848, stack(0x000000fce6600000,0x000000fce6700000) (1024K)]
  0x0000028d67397a40 JavaThread "WorkspaceEventsHandler"            [_thread_blocked, id=14356, stack(0x000000fce6800000,0x000000fce6900000) (1024K)]
  0x0000028d67396690 JavaThread "pool-1-thread-1"                   [_thread_blocked, id=6936, stack(0x000000fce6900000,0x000000fce6a00000) (1024K)]
  0x0000028d698a7920 JavaThread "Cleaner-0"                  daemon [_thread_blocked, id=8736, stack(0x000000fce3f00000,0x000000fce4000000) (1024K)]
  0x0000028d698a6570 JavaThread "ForkJoinPool.commonPool-worker-4" daemon [_thread_blocked, id=15216, stack(0x000000fce3e00000,0x000000fce3f00000) (1024K)]
  0x0000028d698aa710 JavaThread "ForkJoinPool.commonPool-worker-5" daemon [_thread_blocked, id=4944, stack(0x000000fce5b00000,0x000000fce5c00000) (1024K)]
  0x0000028d698a8640 JavaThread "ForkJoinPool.commonPool-worker-6" daemon [_thread_blocked, id=16200, stack(0x000000fce5c00000,0x000000fce5d00000) (1024K)]
  0x0000028d698adb90 JavaThread "Worker-5"                          [_thread_blocked, id=7840, stack(0x000000fce5f00000,0x000000fce6000000) (1024K)]
  0x0000028d698aada0 JavaThread "Worker-6"                          [_thread_blocked, id=2260, stack(0x000000fce5d00000,0x000000fce5e00000) (1024K)]
  0x0000028d698abac0 JavaThread "Compiler Source File Reader" daemon [_thread_blocked, id=15296, stack(0x000000fce6700000,0x000000fce6800000) (1024K)]
  0x0000028d698ac150 JavaThread "Compiler Processing Task"   daemon [_thread_blocked, id=8880, stack(0x000000fce6a00000,0x000000fce6b00000) (1024K)]
  0x0000028d698ac7e0 JavaThread "Compiler Source File Reader" daemon [_thread_blocked, id=16468, stack(0x000000fce6b00000,0x000000fce6c00000) (1024K)]
  0x0000028d698ace70 JavaThread "Worker-7"                          [_thread_blocked, id=13072, stack(0x000000fce6100000,0x000000fce6200000) (1024K)]
=>0x0000028d66e648c0 JavaThread "C2 CompilerThread1"         daemon [_thread_in_native, id=3788, stack(0x000000fce6c00000,0x000000fce6d00000) (1024K)]
Total: 41

Other Threads:
  0x0000028d4b1df890 VMThread "VM Thread"                           [id=14840, stack(0x000000fce4300000,0x000000fce4400000) (1024K)]
  0x0000028d4b18b7c0 WatcherThread "VM Periodic Task Thread"        [id=2400, stack(0x000000fce4200000,0x000000fce4300000) (1024K)]
  0x0000028d4b13f8a0 WorkerThread "GC Thread#0"                     [id=15032, stack(0x000000fce4100000,0x000000fce4200000) (1024K)]
  0x0000028d607ef9f0 WorkerThread "GC Thread#1"                     [id=6548, stack(0x000000fce4f00000,0x000000fce5000000) (1024K)]
  0x0000028d607efd90 WorkerThread "GC Thread#2"                     [id=13216, stack(0x000000fce5000000,0x000000fce5100000) (1024K)]
  0x0000028d607f0130 WorkerThread "GC Thread#3"                     [id=9104, stack(0x000000fce5100000,0x000000fce5200000) (1024K)]
Total: 6

Threads with active compile tasks:
C2 CompilerThread1  920062 15462       4       org.eclipse.jdt.internal.compiler.lookup.AnnotatableTypeSystem::getParameterizedType (123 bytes)
Total: 1

VM state: not at safepoint (normal execution)

VM Mutex/Monitor currently owned by a thread: None

Heap address: 0x00000000c0000000, size: 1024 MB, Compressed Oops mode: 32-bit

CDS archive(s) mapped at: [0x0000028d00000000-0x0000028d00ba0000-0x0000028d00ba0000), size 12189696, SharedBaseAddress: 0x0000028d00000000, ArchiveRelocationMode: 1.
Compressed class space mapped at: 0x0000028d01000000-0x0000028d41000000, reserved size: 1073741824
Narrow klass base: 0x0000028d00000000, Narrow klass shift: 0, Narrow klass range: 0x100000000

GC Precious Log:
 CardTable entry size: 512
 CPUs: 4 total, 4 available
 Memory: 8089M
 Large Page Support: Disabled
 NUMA Support: Disabled
 Compressed Oops: Enabled (32-bit)
 Alignments: Space 512K, Generation 512K, Heap 2M
 Heap Min Capacity: 100M
 Heap Initial Capacity: 100M
 Heap Max Capacity: 1G
 Pre-touch: Disabled
 Parallel Workers: 4

Heap:
 PSYoungGen      total 6144K, used 2124K [0x00000000eab00000, 0x00000000eb200000, 0x0000000100000000)
  eden space 4608K, 37% used [0x00000000eab00000,0x00000000eacab140,0x00000000eaf80000)
  from space 1536K, 27% used [0x00000000eaf80000,0x00000000eafe8000,0x00000000eb100000)
  to   space 1024K, 0% used [0x00000000eb100000,0x00000000eb100000,0x00000000eb200000)
 ParOldGen       total 500736K, used 500695K [0x00000000c0000000, 0x00000000de900000, 0x00000000eab00000)
  object space 500736K, 99% used [0x00000000c0000000,0x00000000de8f5d00,0x00000000de900000)
 Metaspace       used 77180K, committed 78912K, reserved 1179648K
  class space    used 7863K, committed 8640K, reserved 1048576K

Card table byte_map: [0x0000028d4ab00000,0x0000028d4ad10000] _byte_map_base: 0x0000028d4a500000

Marking Bits: (ParMarkBitMap*) 0x00007ffea63031f0
 Begin Bits: [0x0000028d5d320000, 0x0000028d5e320000)
 End Bits:   [0x0000028d5e320000, 0x0000028d5f320000)

Polling page: 0x0000028d4a8f0000

Metaspace:

Usage:
  Non-class:     67.69 MB used.
      Class:      7.68 MB used.
       Both:     75.37 MB used.

Virtual space:
  Non-class space:      128.00 MB reserved,      68.62 MB ( 54%) committed,  2 nodes.
      Class space:        1.00 GB reserved,       8.44 MB ( <1%) committed,  1 nodes.
             Both:        1.12 GB reserved,      77.06 MB (  7%) committed. 

Chunk freelists:
   Non-Class:  11.23 MB
       Class:  7.62 MB
        Both:  18.85 MB

MaxMetaspaceSize: unlimited
CompressedClassSpaceSize: 1.00 GB
Initial GC threshold: 21.00 MB
Current GC threshold: 105.94 MB
CDS: on
 - commit_granule_bytes: 65536.
 - commit_granule_words: 8192.
 - virtual_space_node_default_size: 8388608.
 - enlarge_chunks_in_place: 1.
 - use_allocation_guard: 0.


Internal statistics:

num_allocs_failed_limit: 13.
num_arena_births: 1460.
num_arena_deaths: 14.
num_vsnodes_births: 3.
num_vsnodes_deaths: 0.
num_space_committed: 1233.
num_space_uncommitted: 0.
num_chunks_returned_to_freelist: 27.
num_chunks_taken_from_freelist: 5165.
num_chunk_merges: 9.
num_chunk_splits: 3162.
num_chunks_enlarged: 1820.
num_inconsistent_stats: 0.

CodeHeap 'non-profiled nmethods': size=120000Kb used=14061Kb max_used=14061Kb free=105938Kb
 bounds [0x0000028d55df0000, 0x0000028d56bb0000, 0x0000028d5d320000]
CodeHeap 'profiled nmethods': size=120000Kb used=34652Kb max_used=34652Kb free=85347Kb
 bounds [0x0000028d4e320000, 0x0000028d50500000, 0x0000028d55850000]
CodeHeap 'non-nmethods': size=5760Kb used=1483Kb max_used=1567Kb free=4277Kb
 bounds [0x0000028d55850000, 0x0000028d55ac0000, 0x0000028d55df0000]
 total_blobs=14691 nmethods=13884 adapters=711
 compilation: enabled
              stopped_count=0, restarted_count=0
 full_count=0

Compilation events (20 events):
Event: 917.920 Thread 0x0000028d5f4cb560 nmethod 15563 0x0000028d56b65810 code [0x0000028d56b659a0, 0x0000028d56b65a68]
Event: 918.292 Thread 0x0000028d66e648c0 nmethod 15486 0x0000028d56b65b10 code [0x0000028d56b667a0, 0x0000028d56b6eaa0]
Event: 918.294 Thread 0x0000028d66e648c0 15527 % !   4       org.eclipse.jdt.internal.core.NameLookup::seekModule @ 66 (267 bytes)
Event: 918.337 Thread 0x0000028d66e648c0 nmethod 15527% 0x0000028d56b73d90 code [0x0000028d56b74040, 0x0000028d56b754c0]
Event: 918.337 Thread 0x0000028d66e648c0 15526       4       sun.nio.fs.WindowsPath::normalize (365 bytes)
Event: 918.404 Thread 0x0000028d66e648c0 nmethod 15526 0x0000028d56b76190 code [0x0000028d56b76560, 0x0000028d56b788d0]
Event: 918.404 Thread 0x0000028d66e648c0 15543       4       org.eclipse.jdt.internal.compiler.lookup.BinaryTypeBinding::createMethod (1666 bytes)
Event: 919.672 Thread 0x0000028d66e648c0 nmethod 15543 0x0000028d56b7a010 code [0x0000028d56b7ab20, 0x0000028d56b83f28]
Event: 919.673 Thread 0x0000028d66e648c0 15501       4       lombok.core.AST::buildWithField (21 bytes)
Event: 919.675 Thread 0x0000028d66e648c0 nmethod 15501 0x0000028d56b8a510 code [0x0000028d56b8a6a0, 0x0000028d56b8a7e8]
Event: 919.676 Thread 0x0000028d66e648c0 15499       4       lombok.eclipse.EclipseAST::buildStatement (57 bytes)
Event: 919.803 Thread 0x0000028d66e648c0 nmethod 15499 0x0000028d56b8a910 code [0x0000028d56b8ad20, 0x0000028d56b8d220]
Event: 919.804 Thread 0x0000028d66e648c0 15528       4       org.eclipse.jdt.internal.core.NameLookup$$Lambda/0x0000028d01751880::<init> (10 bytes)
Event: 919.805 Thread 0x0000028d66e648c0 nmethod 15528 0x0000028d56b8ef90 code [0x0000028d56b8f120, 0x0000028d56b8f1c0]
Event: 919.805 Thread 0x0000028d66e648c0 15529       4       org.eclipse.jdt.internal.core.NameLookup$$Lambda/0x0000028d01751670::matches (7 bytes)
Event: 919.812 Thread 0x0000028d66e648c0 nmethod 15529 0x0000028d56b8f290 code [0x0000028d56b8f440, 0x0000028d56b8f8f8]
Event: 919.812 Thread 0x0000028d66e648c0 15542       4       lombok.core.AST::setAndGetAsHandled (18 bytes)
Event: 919.824 Thread 0x0000028d66e648c0 nmethod 15542 0x0000028d56b8fb90 code [0x0000028d56b8fd80, 0x0000028d56b90250]
Event: 919.824 Thread 0x0000028d66e648c0 15462       4       org.eclipse.jdt.internal.compiler.lookup.AnnotatableTypeSystem::getParameterizedType (123 bytes)
Event: 919.862 Thread 0x0000028d5f4533c0 nmethod 15461 0x0000028d56b90610 code [0x0000028d56b91400, 0x0000028d56ba1180]

GC Heap History (20 events):
Event: 914.648 GC heap before
{Heap before GC invocations=1563 (full 4):
 PSYoungGen      total 6144K, used 5799K [0x00000000eab00000, 0x00000000eb480000, 0x0000000100000000)
  eden space 4608K, 100% used [0x00000000eab00000,0x00000000eaf80000,0x00000000eaf80000)
  from space 1536K, 77% used [0x00000000eb000000,0x00000000eb129d30,0x00000000eb180000)
  to   space 2560K, 0% used [0x00000000eb200000,0x00000000eb200000,0x00000000eb480000)
 ParOldGen       total 496128K, used 495786K [0x00000000c0000000, 0x00000000de480000, 0x00000000eab00000)
  object space 496128K, 99% used [0x00000000c0000000,0x00000000de42aa98,0x00000000de480000)
 Metaspace       used 75108K, committed 76736K, reserved 1179648K
  class space    used 7625K, committed 8384K, reserved 1048576K
}
Event: 914.662 GC heap after
{Heap after GC invocations=1563 (full 4):
 PSYoungGen      total 5632K, used 660K [0x00000000eab00000, 0x00000000eb300000, 0x0000000100000000)
  eden space 4608K, 0% used [0x00000000eab00000,0x00000000eab00000,0x00000000eaf80000)
  from space 1024K, 64% used [0x00000000eb200000,0x00000000eb2a5200,0x00000000eb300000)
  to   space 1024K, 0% used [0x00000000eb100000,0x00000000eb100000,0x00000000eb200000)
 ParOldGen       total 497152K, used 496730K [0x00000000c0000000, 0x00000000de580000, 0x00000000eab00000)
  object space 497152K, 99% used [0x00000000c0000000,0x00000000de516ad8,0x00000000de580000)
 Metaspace       used 75108K, committed 76736K, reserved 1179648K
  class space    used 7625K, committed 8384K, reserved 1048576K
}
Event: 914.945 GC heap before
{Heap before GC invocations=1564 (full 4):
 PSYoungGen      total 5632K, used 5268K [0x00000000eab00000, 0x00000000eb300000, 0x0000000100000000)
  eden space 4608K, 100% used [0x00000000eab00000,0x00000000eaf80000,0x00000000eaf80000)
  from space 1024K, 64% used [0x00000000eb200000,0x00000000eb2a5200,0x00000000eb300000)
  to   space 1024K, 0% used [0x00000000eb100000,0x00000000eb100000,0x00000000eb200000)
 ParOldGen       total 497152K, used 496730K [0x00000000c0000000, 0x00000000de580000, 0x00000000eab00000)
  object space 497152K, 99% used [0x00000000c0000000,0x00000000de516ad8,0x00000000de580000)
 Metaspace       used 75158K, committed 76800K, reserved 1179648K
  class space    used 7626K, committed 8384K, reserved 1048576K
}
Event: 914.958 GC heap after
{Heap after GC invocations=1564 (full 4):
 PSYoungGen      total 5120K, used 506K [0x00000000eab00000, 0x00000000eb280000, 0x0000000100000000)
  eden space 4608K, 0% used [0x00000000eab00000,0x00000000eab00000,0x00000000eaf80000)
  from space 512K, 98% used [0x00000000eb100000,0x00000000eb17e900,0x00000000eb180000)
  to   space 1024K, 0% used [0x00000000eb180000,0x00000000eb180000,0x00000000eb280000)
 ParOldGen       total 497664K, used 497293K [0x00000000c0000000, 0x00000000de600000, 0x00000000eab00000)
  object space 497664K, 99% used [0x00000000c0000000,0x00000000de5a34a8,0x00000000de600000)
 Metaspace       used 75158K, committed 76800K, reserved 1179648K
  class space    used 7626K, committed 8384K, reserved 1048576K
}
Event: 915.116 GC heap before
{Heap before GC invocations=1565 (full 4):
 PSYoungGen      total 5120K, used 5114K [0x00000000eab00000, 0x00000000eb280000, 0x0000000100000000)
  eden space 4608K, 100% used [0x00000000eab00000,0x00000000eaf80000,0x00000000eaf80000)
  from space 512K, 98% used [0x00000000eb100000,0x00000000eb17e900,0x00000000eb180000)
  to   space 1024K, 0% used [0x00000000eb180000,0x00000000eb180000,0x00000000eb280000)
 ParOldGen       total 497664K, used 497293K [0x00000000c0000000, 0x00000000de600000, 0x00000000eab00000)
  object space 497664K, 99% used [0x00000000c0000000,0x00000000de5a34a8,0x00000000de600000)
 Metaspace       used 75158K, committed 76800K, reserved 1179648K
  class space    used 7626K, committed 8384K, reserved 1048576K
}
Event: 915.123 GC heap after
{Heap after GC invocations=1565 (full 4):
 PSYoungGen      total 5632K, used 576K [0x00000000eab00000, 0x00000000eb280000, 0x0000000100000000)
  eden space 4608K, 0% used [0x00000000eab00000,0x00000000eab00000,0x00000000eaf80000)
  from space 1024K, 56% used [0x00000000eb180000,0x00000000eb210000,0x00000000eb280000)
  to   space 1024K, 0% used [0x00000000eb080000,0x00000000eb080000,0x00000000eb180000)
 ParOldGen       total 498176K, used 497733K [0x00000000c0000000, 0x00000000de680000, 0x00000000eab00000)
  object space 498176K, 99% used [0x00000000c0000000,0x00000000de6116d8,0x00000000de680000)
 Metaspace       used 75158K, committed 76800K, reserved 1179648K
  class space    used 7626K, committed 8384K, reserved 1048576K
}
Event: 915.773 GC heap before
{Heap before GC invocations=1566 (full 4):
 PSYoungGen      total 5632K, used 5184K [0x00000000eab00000, 0x00000000eb280000, 0x0000000100000000)
  eden space 4608K, 100% used [0x00000000eab00000,0x00000000eaf80000,0x00000000eaf80000)
  from space 1024K, 56% used [0x00000000eb180000,0x00000000eb210000,0x00000000eb280000)
  to   space 1024K, 0% used [0x00000000eb080000,0x00000000eb080000,0x00000000eb180000)
 ParOldGen       total 498176K, used 497733K [0x00000000c0000000, 0x00000000de680000, 0x00000000eab00000)
  object space 498176K, 99% used [0x00000000c0000000,0x00000000de6116d8,0x00000000de680000)
 Metaspace       used 75550K, committed 77248K, reserved 1179648K
  class space    used 7657K, committed 8384K, reserved 1048576K
}
Event: 915.780 GC heap after
{Heap after GC invocations=1566 (full 4):
 PSYoungGen      total 5632K, used 320K [0x00000000eab00000, 0x00000000eb200000, 0x0000000100000000)
  eden space 4608K, 0% used [0x00000000eab00000,0x00000000eab00000,0x00000000eaf80000)
  from space 1024K, 31% used [0x00000000eb080000,0x00000000eb0d0000,0x00000000eb180000)
  to   space 512K, 0% used [0x00000000eb180000,0x00000000eb180000,0x00000000eb200000)
 ParOldGen       total 498688K, used 498229K [0x00000000c0000000, 0x00000000de700000, 0x00000000eab00000)
  object space 498688K, 99% used [0x00000000c0000000,0x00000000de68d6f8,0x00000000de700000)
 Metaspace       used 75550K, committed 77248K, reserved 1179648K
  class space    used 7657K, committed 8384K, reserved 1048576K
}
Event: 916.424 GC heap before
{Heap before GC invocations=1567 (full 4):
 PSYoungGen      total 5632K, used 4927K [0x00000000eab00000, 0x00000000eb200000, 0x0000000100000000)
  eden space 4608K, 99% used [0x00000000eab00000,0x00000000eaf7ffc8,0x00000000eaf80000)
  from space 1024K, 31% used [0x00000000eb080000,0x00000000eb0d0000,0x00000000eb180000)
  to   space 512K, 0% used [0x00000000eb180000,0x00000000eb180000,0x00000000eb200000)
 ParOldGen       total 498688K, used 498229K [0x00000000c0000000, 0x00000000de700000, 0x00000000eab00000)
  object space 498688K, 99% used [0x00000000c0000000,0x00000000de68d6f8,0x00000000de700000)
 Metaspace       used 76064K, committed 77760K, reserved 1179648K
  class space    used 7716K, committed 8448K, reserved 1048576K
}
Event: 916.428 GC heap after
{Heap after GC invocations=1567 (full 4):
 PSYoungGen      total 5120K, used 371K [0x00000000eab00000, 0x00000000eb200000, 0x0000000100000000)
  eden space 4608K, 0% used [0x00000000eab00000,0x00000000eab00000,0x00000000eaf80000)
  from space 512K, 72% used [0x00000000eb180000,0x00000000eb1dce48,0x00000000eb200000)
  to   space 512K, 0% used [0x00000000eb100000,0x00000000eb100000,0x00000000eb180000)
 ParOldGen       total 498688K, used 498501K [0x00000000c0000000, 0x00000000de700000, 0x00000000eab00000)
  object space 498688K, 99% used [0x00000000c0000000,0x00000000de6d1718,0x00000000de700000)
 Metaspace       used 76064K, committed 77760K, reserved 1179648K
  class space    used 7716K, committed 8448K, reserved 1048576K
}
Event: 916.524 GC heap before
{Heap before GC invocations=1568 (full 4):
 PSYoungGen      total 5120K, used 4979K [0x00000000eab00000, 0x00000000eb200000, 0x0000000100000000)
  eden space 4608K, 100% used [0x00000000eab00000,0x00000000eaf80000,0x00000000eaf80000)
  from space 512K, 72% used [0x00000000eb180000,0x00000000eb1dce48,0x00000000eb200000)
  to   space 512K, 0% used [0x00000000eb100000,0x00000000eb100000,0x00000000eb180000)
 ParOldGen       total 498688K, used 498501K [0x00000000c0000000, 0x00000000de700000, 0x00000000eab00000)
  object space 498688K, 99% used [0x00000000c0000000,0x00000000de6d1718,0x00000000de700000)
 Metaspace       used 76158K, committed 77824K, reserved 1179648K
  class space    used 7726K, committed 8448K, reserved 1048576K
}
Event: 916.534 GC heap after
{Heap after GC invocations=1568 (full 4):
 PSYoungGen      total 5120K, used 480K [0x00000000eab00000, 0x00000000eb200000, 0x0000000100000000)
  eden space 4608K, 0% used [0x00000000eab00000,0x00000000eab00000,0x00000000eaf80000)
  from space 512K, 93% used [0x00000000eb100000,0x00000000eb178010,0x00000000eb180000)
  to   space 512K, 0% used [0x00000000eb180000,0x00000000eb180000,0x00000000eb200000)
 ParOldGen       total 499200K, used 498905K [0x00000000c0000000, 0x00000000de780000, 0x00000000eab00000)
  object space 499200K, 99% used [0x00000000c0000000,0x00000000de736570,0x00000000de780000)
 Metaspace       used 76158K, committed 77824K, reserved 1179648K
  class space    used 7726K, committed 8448K, reserved 1048576K
}
Event: 916.692 GC heap before
{Heap before GC invocations=1569 (full 4):
 PSYoungGen      total 5120K, used 5088K [0x00000000eab00000, 0x00000000eb200000, 0x0000000100000000)
  eden space 4608K, 100% used [0x00000000eab00000,0x00000000eaf80000,0x00000000eaf80000)
  from space 512K, 93% used [0x00000000eb100000,0x00000000eb178010,0x00000000eb180000)
  to   space 512K, 0% used [0x00000000eb180000,0x00000000eb180000,0x00000000eb200000)
 ParOldGen       total 499200K, used 498905K [0x00000000c0000000, 0x00000000de780000, 0x00000000eab00000)
  object space 499200K, 99% used [0x00000000c0000000,0x00000000de736570,0x00000000de780000)
 Metaspace       used 76407K, committed 78080K, reserved 1179648K
  class space    used 7776K, committed 8512K, reserved 1048576K
}
Event: 916.698 GC heap after
{Heap after GC invocations=1569 (full 4):
 PSYoungGen      total 5120K, used 352K [0x00000000eab00000, 0x00000000eb200000, 0x0000000100000000)
  eden space 4608K, 0% used [0x00000000eab00000,0x00000000eab00000,0x00000000eaf80000)
  from space 512K, 68% used [0x00000000eb180000,0x00000000eb1d8000,0x00000000eb200000)
  to   space 1024K, 0% used [0x00000000eb000000,0x00000000eb000000,0x00000000eb100000)
 ParOldGen       total 499712K, used 499390K [0x00000000c0000000, 0x00000000de800000, 0x00000000eab00000)
  object space 499712K, 99% used [0x00000000c0000000,0x00000000de7afab0,0x00000000de800000)
 Metaspace       used 76407K, committed 78080K, reserved 1179648K
  class space    used 7776K, committed 8512K, reserved 1048576K
}
Event: 917.140 GC heap before
{Heap before GC invocations=1570 (full 4):
 PSYoungGen      total 5120K, used 4947K [0x00000000eab00000, 0x00000000eb200000, 0x0000000100000000)
  eden space 4608K, 99% used [0x00000000eab00000,0x00000000eaf7cf88,0x00000000eaf80000)
  from space 512K, 68% used [0x00000000eb180000,0x00000000eb1d8000,0x00000000eb200000)
  to   space 1024K, 0% used [0x00000000eb000000,0x00000000eb000000,0x00000000eb100000)
 ParOldGen       total 499712K, used 499390K [0x00000000c0000000, 0x00000000de800000, 0x00000000eab00000)
  object space 499712K, 99% used [0x00000000c0000000,0x00000000de7afab0,0x00000000de800000)
 Metaspace       used 76920K, committed 78592K, reserved 1179648K
  class space    used 7842K, committed 8576K, reserved 1048576K
}
Event: 917.146 GC heap after
{Heap after GC invocations=1570 (full 4):
 PSYoungGen      total 5632K, used 448K [0x00000000eab00000, 0x00000000eb200000, 0x0000000100000000)
  eden space 4608K, 0% used [0x00000000eab00000,0x00000000eab00000,0x00000000eaf80000)
  from space 1024K, 43% used [0x00000000eb000000,0x00000000eb070000,0x00000000eb100000)
  to   space 512K, 0% used [0x00000000eb180000,0x00000000eb180000,0x00000000eb200000)
 ParOldGen       total 499712K, used 499678K [0x00000000c0000000, 0x00000000de800000, 0x00000000eab00000)
  object space 499712K, 99% used [0x00000000c0000000,0x00000000de7f7ad0,0x00000000de800000)
 Metaspace       used 76920K, committed 78592K, reserved 1179648K
  class space    used 7842K, committed 8576K, reserved 1048576K
}
Event: 917.813 GC heap before
{Heap before GC invocations=1571 (full 4):
 PSYoungGen      total 5632K, used 5056K [0x00000000eab00000, 0x00000000eb200000, 0x0000000100000000)
  eden space 4608K, 100% used [0x00000000eab00000,0x00000000eaf80000,0x00000000eaf80000)
  from space 1024K, 43% used [0x00000000eb000000,0x00000000eb070000,0x00000000eb100000)
  to   space 512K, 0% used [0x00000000eb180000,0x00000000eb180000,0x00000000eb200000)
 ParOldGen       total 499712K, used 499678K [0x00000000c0000000, 0x00000000de800000, 0x00000000eab00000)
  object space 499712K, 99% used [0x00000000c0000000,0x00000000de7f7ad0,0x00000000de800000)
 Metaspace       used 77154K, committed 78912K, reserved 1179648K
  class space    used 7863K, committed 8640K, reserved 1048576K
}
Event: 917.819 GC heap after
{Heap after GC invocations=1571 (full 4):
 PSYoungGen      total 5120K, used 484K [0x00000000eab00000, 0x00000000eb280000, 0x0000000100000000)
  eden space 4608K, 0% used [0x00000000eab00000,0x00000000eab00000,0x00000000eaf80000)
  from space 512K, 94% used [0x00000000eb180000,0x00000000eb1f9210,0x00000000eb200000)
  to   space 1536K, 0% used [0x00000000eaf80000,0x00000000eaf80000,0x00000000eb100000)
 ParOldGen       total 500224K, used 500194K [0x00000000c0000000, 0x00000000de880000, 0x00000000eab00000)
  object space 500224K, 99% used [0x00000000c0000000,0x00000000de878af0,0x00000000de880000)
 Metaspace       used 77154K, committed 78912K, reserved 1179648K
  class space    used 7863K, committed 8640K, reserved 1048576K
}
Event: 917.861 GC heap before
{Heap before GC invocations=1572 (full 4):
 PSYoungGen      total 5120K, used 5092K [0x00000000eab00000, 0x00000000eb280000, 0x0000000100000000)
  eden space 4608K, 100% used [0x00000000eab00000,0x00000000eaf80000,0x00000000eaf80000)
  from space 512K, 94% used [0x00000000eb180000,0x00000000eb1f9210,0x00000000eb200000)
  to   space 1536K, 0% used [0x00000000eaf80000,0x00000000eaf80000,0x00000000eb100000)
 ParOldGen       total 500224K, used 500194K [0x00000000c0000000, 0x00000000de880000, 0x00000000eab00000)
  object space 500224K, 99% used [0x00000000c0000000,0x00000000de878af0,0x00000000de880000)
 Metaspace       used 77157K, committed 78912K, reserved 1179648K
  class space    used 7863K, committed 8640K, reserved 1048576K
}
Event: 917.865 GC heap after
{Heap after GC invocations=1572 (full 4):
 PSYoungGen      total 6144K, used 416K [0x00000000eab00000, 0x00000000eb200000, 0x0000000100000000)
  eden space 4608K, 0% used [0x00000000eab00000,0x00000000eab00000,0x00000000eaf80000)
  from space 1536K, 27% used [0x00000000eaf80000,0x00000000eafe8000,0x00000000eb100000)
  to   space 1024K, 0% used [0x00000000eb100000,0x00000000eb100000,0x00000000eb200000)
 ParOldGen       total 500736K, used 500695K [0x00000000c0000000, 0x00000000de900000, 0x00000000eab00000)
  object space 500736K, 99% used [0x00000000c0000000,0x00000000de8f5d00,0x00000000de900000)
 Metaspace       used 77157K, committed 78912K, reserved 1179648K
  class space    used 7863K, committed 8640K, reserved 1048576K
}

Dll operation events (11 events):
Event: 0.021 Loaded shared library c:\Users\SERGE\.vscode\extensions\redhat.java-1.42.0-win32-x64\jre\21.0.7-win32-x86_64\bin\java.dll
Event: 0.307 Loaded shared library c:\Users\SERGE\.vscode\extensions\redhat.java-1.42.0-win32-x64\jre\21.0.7-win32-x86_64\bin\zip.dll
Event: 0.451 Loaded shared library C:\Users\SERGE\.vscode\extensions\redhat.java-1.42.0-win32-x64\jre\21.0.7-win32-x86_64\bin\instrument.dll
Event: 0.479 Loaded shared library C:\Users\SERGE\.vscode\extensions\redhat.java-1.42.0-win32-x64\jre\21.0.7-win32-x86_64\bin\net.dll
Event: 0.482 Loaded shared library C:\Users\SERGE\.vscode\extensions\redhat.java-1.42.0-win32-x64\jre\21.0.7-win32-x86_64\bin\nio.dll
Event: 0.584 Loaded shared library C:\Users\SERGE\.vscode\extensions\redhat.java-1.42.0-win32-x64\jre\21.0.7-win32-x86_64\bin\zip.dll
Event: 0.674 Loaded shared library C:\Users\SERGE\.vscode\extensions\redhat.java-1.42.0-win32-x64\jre\21.0.7-win32-x86_64\bin\jimage.dll
Event: 1.028 Loaded shared library c:\Users\SERGE\.vscode\extensions\redhat.java-1.42.0-win32-x64\jre\21.0.7-win32-x86_64\bin\verify.dll
Event: 8.329 Loaded shared library C:\Users\SERGE\AppData\Roaming\Code\User\globalStorage\redhat.java\1.42.0\config_win\org.eclipse.equinox.launcher\org.eclipse.equinox.launcher.win32.win32.x86_64_1.2.1300.v20250331-1702\eclipse_11911.dll
Event: 15.062 Loaded shared library C:\Users\SERGE\AppData\Local\Temp\jna-78788894\jna3321297699039478017.dll
Event: 105.838 Loaded shared library C:\Users\SERGE\.vscode\extensions\redhat.java-1.42.0-win32-x64\jre\21.0.7-win32-x86_64\bin\sunmscapi.dll

Deoptimization events (20 events):
Event: 916.790 Thread 0x0000028d698a8640 DEOPT PACKING pc=0x0000028d562bc08c sp=0x000000fce5cfdf80
Event: 916.790 Thread 0x0000028d698a8640 DEOPT UNPACKING pc=0x0000028d558a3aa2 sp=0x000000fce5cfde98 mode 2
Event: 916.828 Thread 0x0000028d698a8640 Uncommon trap: trap_request=0xffffff45 fr.pc=0x0000028d55df9dc8 relative=0x00000000000000a8
Event: 916.828 Thread 0x0000028d698a8640 Uncommon trap: reason=unstable_if action=reinterpret pc=0x0000028d55df9dc8 method=java.lang.String.isLatin1()Z @ 10 c2
Event: 916.828 Thread 0x0000028d698a8640 DEOPT PACKING pc=0x0000028d55df9dc8 sp=0x000000fce5cfd2f0
Event: 916.828 Thread 0x0000028d698a8640 DEOPT UNPACKING pc=0x0000028d558a3aa2 sp=0x000000fce5cfd220 mode 2
Event: 916.850 Thread 0x0000028d698a8640 Uncommon trap: trap_request=0xffffff45 fr.pc=0x0000028d5631a294 relative=0x00000000000001d4
Event: 916.850 Thread 0x0000028d698a8640 Uncommon trap: reason=unstable_if action=reinterpret pc=0x0000028d5631a294 method=java.util.regex.Matcher.search(I)Z @ 76 c2
Event: 916.850 Thread 0x0000028d698a8640 DEOPT PACKING pc=0x0000028d5631a294 sp=0x000000fce5cfdf00
Event: 916.850 Thread 0x0000028d698a8640 DEOPT UNPACKING pc=0x0000028d558a3aa2 sp=0x000000fce5cfde90 mode 2
Event: 916.913 Thread 0x0000028d698a6570 Uncommon trap: trap_request=0xffffffde fr.pc=0x0000028d5691b698 relative=0x0000000000000c78
Event: 916.913 Thread 0x0000028d698a6570 Uncommon trap: reason=class_check action=maybe_recompile pc=0x0000028d5691b698 method=java.util.concurrent.ConcurrentHashMap.putVal(Ljava/lang/Object;Ljava/lang/Object;Z)Ljava/lang/Object; @ 159 c2
Event: 916.913 Thread 0x0000028d698a6570 DEOPT PACKING pc=0x0000028d5691b698 sp=0x000000fce3efe6c0
Event: 916.913 Thread 0x0000028d698a6570 DEOPT UNPACKING pc=0x0000028d558a3aa2 sp=0x000000fce3efe640 mode 2
Event: 916.913 Thread 0x0000028d698a6570 Uncommon trap: trap_request=0xffffffde fr.pc=0x0000028d5691b698 relative=0x0000000000000c78
Event: 916.913 Thread 0x0000028d698a6570 Uncommon trap: reason=class_check action=maybe_recompile pc=0x0000028d5691b698 method=java.util.concurrent.ConcurrentHashMap.putVal(Ljava/lang/Object;Ljava/lang/Object;Z)Ljava/lang/Object; @ 159 c2
Event: 916.914 Thread 0x0000028d698a6570 DEOPT PACKING pc=0x0000028d5691b698 sp=0x000000fce3efe6c0
Event: 916.914 Thread 0x0000028d698a6570 DEOPT UNPACKING pc=0x0000028d558a3aa2 sp=0x000000fce3efe640 mode 2
Event: 917.853 Thread 0x0000028d698a6570 DEOPT PACKING pc=0x0000028d4ff4c055 sp=0x000000fce3efc6d0
Event: 917.853 Thread 0x0000028d698a6570 DEOPT UNPACKING pc=0x0000028d558a4242 sp=0x000000fce3efbb88 mode 0

Classes loaded (20 events):
Event: 901.649 Loading class java/util/stream/ReduceOps$CountingSink done
Event: 901.649 Loading class java/util/stream/ReduceOps$CountingSink$OfRef done
Event: 901.830 Loading class jdk/internal/module/IllegalAccessLogger
Event: 901.830 Loading class jdk/internal/module/IllegalAccessLogger done
Event: 902.260 Loading class java/nio/BufferMismatch
Event: 902.260 Loading class java/nio/BufferMismatch done
Event: 903.175 Loading class java/util/Spliterators$IntArraySpliterator
Event: 903.176 Loading class java/util/Spliterators$IntArraySpliterator done
Event: 904.123 Loading class jdk/internal/module/IllegalAccessLogger
Event: 904.123 Loading class jdk/internal/module/IllegalAccessLogger done
Event: 905.843 Loading class jdk/internal/module/IllegalAccessLogger
Event: 905.843 Loading class jdk/internal/module/IllegalAccessLogger done
Event: 909.815 Loading class jdk/internal/module/IllegalAccessLogger
Event: 909.815 Loading class jdk/internal/module/IllegalAccessLogger done
Event: 915.495 Loading class java/util/Collections$EmptyListIterator
Event: 915.495 Loading class java/util/Collections$EmptyListIterator done
Event: 916.468 Loading class java/io/CharArrayReader
Event: 916.469 Loading class java/io/CharArrayReader done
Event: 916.469 Loading class java/util/regex/Pattern$Bound
Event: 916.471 Loading class java/util/regex/Pattern$Bound done

Classes unloaded (7 events):
Event: 19.372 Thread 0x0000028d4b1df890 Unloading class 0x0000028d011a4c00 'java/lang/invoke/LambdaForm$MH+0x0000028d011a4c00'
Event: 19.372 Thread 0x0000028d4b1df890 Unloading class 0x0000028d011a4800 'java/lang/invoke/LambdaForm$MH+0x0000028d011a4800'
Event: 19.372 Thread 0x0000028d4b1df890 Unloading class 0x0000028d011a4400 'java/lang/invoke/LambdaForm$MH+0x0000028d011a4400'
Event: 19.372 Thread 0x0000028d4b1df890 Unloading class 0x0000028d011a4000 'java/lang/invoke/LambdaForm$MH+0x0000028d011a4000'
Event: 19.372 Thread 0x0000028d4b1df890 Unloading class 0x0000028d011a3c00 'java/lang/invoke/LambdaForm$BMH+0x0000028d011a3c00'
Event: 19.372 Thread 0x0000028d4b1df890 Unloading class 0x0000028d011a3800 'java/lang/invoke/LambdaForm$DMH+0x0000028d011a3800'
Event: 19.372 Thread 0x0000028d4b1df890 Unloading class 0x0000028d011a2400 'java/lang/invoke/LambdaForm$DMH+0x0000028d011a2400'

Classes redefined (0 events):
No events

Internal exceptions (20 events):
Event: 112.824 Thread 0x0000028d698a7290 Exception <a 'java/lang/NoSuchMethodError'{0x00000000eab83268}: 'java.lang.Object java.lang.invoke.Invokers$Holder.linkToTargetMethod(java.lang.Object, int, java.lang.Object, java.lang.Object, java.lang.Object, java.lang.Object, java.lang.Object)'> (0x00000000eab83268) 
thrown [s\src\hotspot\share\interpreter\linkResolver.cpp, line 773]
Event: 113.326 Thread 0x0000028d6025e5c0 Exception <a 'java/lang/NoSuchMethodError'{0x00000000eac6acd0}: 'java.lang.Object java.lang.invoke.DirectMethodHandle$Holder.invokeStatic(java.lang.Object, java.lang.Object, int, java.lang.Object)'> (0x00000000eac6acd0) 
thrown [s\src\hotspot\share\interpreter\linkResolver.cpp, line 773]
Event: 333.950 Thread 0x0000028d6025d210 Exception <a 'java/lang/NoSuchMethodError'{0x00000000eaca4568}: static [J.<clinit>()V> (0x00000000eaca4568) 
thrown [s\src\hotspot\share\prims\jni.cpp, line 1111]
Event: 333.971 Thread 0x0000028d6025d210 Exception <a 'java/lang/NoSuchMethodError'{0x00000000eacdeec0}: 'java.lang.Object java.lang.invoke.DirectMethodHandle$Holder.newInvokeSpecial(java.lang.Object, java.lang.Object, java.lang.Object, java.lang.Object, java.lang.Object, java.lang.Object, java.lang.Object, java.lang.Object)'> (0x00000000eacdeec0) 
thrown [s\src\hotspot\share\interpreter\linkResolver.cpp, line 773]
Event: 896.701 Thread 0x0000028d67396690 Exception <a 'java/lang/IncompatibleClassChangeError'{0x00000000eac84bc8}: Found class java.lang.Object, but interface was expected> (0x00000000eac84bc8) 
thrown [s\src\hotspot\share\interpreter\linkResolver.cpp, line 840]
Event: 896.767 Thread 0x0000028d698a8640 Exception <a 'java/lang/NoSuchMethodError'{0x00000000eabdcf80}: 'java.lang.Object java.lang.invoke.DirectMethodHandle$Holder.invokeSpecial(java.lang.Object, java.lang.Object, java.lang.Object, java.lang.Object, int, java.lang.Object, java.lang.Object)'> (0x00000000eabdcf80) 
thrown [s\src\hotspot\share\interpreter\linkResolver.cpp, line 773]
Event: 899.935 Thread 0x0000028d67396690 Exception <a 'java/lang/IncompatibleClassChangeError'{0x00000000eac61df8}: Found class java.lang.Object, but interface was expected> (0x00000000eac61df8) 
thrown [s\src\hotspot\share\interpreter\linkResolver.cpp, line 840]
Event: 901.481 Thread 0x0000028d67396690 Exception <a 'java/lang/IncompatibleClassChangeError'{0x00000000eab20fd8}: Found class java.lang.Object, but interface was expected> (0x00000000eab20fd8) 
thrown [s\src\hotspot\share\interpreter\linkResolver.cpp, line 840]
Event: 901.482 Thread 0x0000028d67396690 Exception <a 'java/lang/IncompatibleClassChangeError'{0x00000000eab25430}: Found class java.lang.Object, but interface was expected> (0x00000000eab25430) 
thrown [s\src\hotspot\share\interpreter\linkResolver.cpp, line 840]
Event: 902.804 Thread 0x0000028d67396690 Exception <a 'java/lang/IncompatibleClassChangeError'{0x00000000eabe9558}: Found class java.lang.Object, but interface was expected> (0x00000000eabe9558) 
thrown [s\src\hotspot\share\interpreter\linkResolver.cpp, line 840]
Event: 903.058 Thread 0x0000028d67396690 Exception <a 'java/lang/ArrayIndexOutOfBoundsException'{0x00000000eab53788}: Index 1 out of bounds for length 1> (0x00000000eab53788) 
thrown [s\src\hotspot\share\interpreter\interpreterRuntime.cpp, line 439]
Event: 903.060 Thread 0x0000028d67396690 Exception <a 'java/lang/ArrayIndexOutOfBoundsException'{0x00000000eab8b820}: Index 1 out of bounds for length 1> (0x00000000eab8b820) 
thrown [s\src\hotspot\share\interpreter\interpreterRuntime.cpp, line 439]
Event: 903.062 Thread 0x0000028d67396690 Exception <a 'java/lang/ArrayIndexOutOfBoundsException'{0x00000000eab9aa88}: Index 1 out of bounds for length 1> (0x00000000eab9aa88) 
thrown [s\src\hotspot\share\interpreter\interpreterRuntime.cpp, line 439]
Event: 903.653 Thread 0x0000028d6025d8a0 Exception <a 'sun/nio/fs/WindowsException'{0x00000000eab7e098}> (0x00000000eab7e098) 
thrown [s\src\hotspot\share\prims\jni.cpp, line 520]
Event: 903.750 Thread 0x0000028d698a6570 Exception <a 'java/lang/ArrayIndexOutOfBoundsException'{0x00000000eab40f50}: Index 1 out of bounds for length 1> (0x00000000eab40f50) 
thrown [s\src\hotspot\share\interpreter\interpreterRuntime.cpp, line 439]
Event: 908.794 Thread 0x0000028d6025d8a0 Exception <a 'sun/nio/fs/WindowsException'{0x00000000eab7a328}> (0x00000000eab7a328) 
thrown [s\src\hotspot\share\prims\jni.cpp, line 520]
Event: 910.785 Thread 0x0000028d67396690 Exception <a 'java/lang/IncompatibleClassChangeError'{0x00000000eac8ad80}: Found class java.lang.Object, but interface was expected> (0x00000000eac8ad80) 
thrown [s\src\hotspot\share\interpreter\linkResolver.cpp, line 840]
Event: 911.573 Thread 0x0000028d67396690 Exception <a 'java/lang/IncompatibleClassChangeError'{0x00000000eaccffa8}: Found class java.lang.Object, but interface was expected> (0x00000000eaccffa8) 
thrown [s\src\hotspot\share\interpreter\linkResolver.cpp, line 840]
Event: 911.588 Thread 0x0000028d698a6570 Exception <a 'java/lang/NoSuchMethodError'{0x00000000eac170b8}: 'java.lang.Object java.lang.invoke.DirectMethodHandle$Holder.invokeStatic(java.lang.Object, int, int, java.lang.Object)'> (0x00000000eac170b8) 
thrown [s\src\hotspot\share\interpreter\linkResolver.cpp, line 773]
Event: 911.860 Thread 0x0000028d6025d8a0 Exception <a 'sun/nio/fs/WindowsException'{0x00000000eab42f50}> (0x00000000eab42f50) 
thrown [s\src\hotspot\share\prims\jni.cpp, line 520]

ZGC Phase Switch (0 events):
No events

VM Operations (20 events):
Event: 915.773 Executing VM operation: ParallelGCFailedAllocation (Allocation Failure)
Event: 915.780 Executing VM operation: ParallelGCFailedAllocation (Allocation Failure) done
Event: 916.424 Executing VM operation: ParallelGCFailedAllocation (Allocation Failure)
Event: 916.429 Executing VM operation: ParallelGCFailedAllocation (Allocation Failure) done
Event: 916.451 Executing VM operation: HandshakeAllThreads (Deoptimize)
Event: 916.468 Executing VM operation: HandshakeAllThreads (Deoptimize) done
Event: 916.523 Executing VM operation: ParallelGCFailedAllocation (Allocation Failure)
Event: 916.534 Executing VM operation: ParallelGCFailedAllocation (Allocation Failure) done
Event: 916.692 Executing VM operation: ParallelGCFailedAllocation (Allocation Failure)
Event: 916.698 Executing VM operation: ParallelGCFailedAllocation (Allocation Failure) done
Event: 916.757 Executing VM operation: HandshakeAllThreads (Deoptimize)
Event: 916.772 Executing VM operation: HandshakeAllThreads (Deoptimize) done
Event: 917.140 Executing VM operation: ParallelGCFailedAllocation (Allocation Failure)
Event: 917.146 Executing VM operation: ParallelGCFailedAllocation (Allocation Failure) done
Event: 917.813 Executing VM operation: ParallelGCFailedAllocation (Allocation Failure)
Event: 917.819 Executing VM operation: ParallelGCFailedAllocation (Allocation Failure) done
Event: 917.861 Executing VM operation: ParallelGCFailedAllocation (Allocation Failure)
Event: 917.865 Executing VM operation: ParallelGCFailedAllocation (Allocation Failure) done
Event: 918.877 Executing VM operation: Cleanup
Event: 918.877 Executing VM operation: Cleanup done

Memory protections (0 events):
No events

Nmethod flushes (20 events):
Event: 98.228 Thread 0x0000028d4b1df890 flushing  nmethod 0x0000028d4f5cbb10
Event: 98.228 Thread 0x0000028d4b1df890 flushing  nmethod 0x0000028d4f5cf790
Event: 98.228 Thread 0x0000028d4b1df890 flushing  nmethod 0x0000028d4f5d4b90
Event: 98.228 Thread 0x0000028d4b1df890 flushing  nmethod 0x0000028d4f5d9810
Event: 98.228 Thread 0x0000028d4b1df890 flushing  nmethod 0x0000028d4f5da510
Event: 98.228 Thread 0x0000028d4b1df890 flushing  nmethod 0x0000028d4f5dd510
Event: 98.228 Thread 0x0000028d4b1df890 flushing  nmethod 0x0000028d4f5dfc10
Event: 98.228 Thread 0x0000028d4b1df890 flushing  nmethod 0x0000028d4f5e4890
Event: 98.228 Thread 0x0000028d4b1df890 flushing  nmethod 0x0000028d4f5e5090
Event: 98.228 Thread 0x0000028d4b1df890 flushing  nmethod 0x0000028d4f5ec710
Event: 98.228 Thread 0x0000028d4b1df890 flushing  nmethod 0x0000028d4f5eea10
Event: 98.228 Thread 0x0000028d4b1df890 flushing  nmethod 0x0000028d4f5f4110
Event: 98.228 Thread 0x0000028d4b1df890 flushing  nmethod 0x0000028d4f5f5010
Event: 98.228 Thread 0x0000028d4b1df890 flushing  nmethod 0x0000028d4f5f5590
Event: 98.228 Thread 0x0000028d4b1df890 flushing  nmethod 0x0000028d4f5f5e90
Event: 98.228 Thread 0x0000028d4b1df890 flushing  nmethod 0x0000028d4f610790
Event: 98.228 Thread 0x0000028d4b1df890 flushing  nmethod 0x0000028d4f68cc10
Event: 98.228 Thread 0x0000028d4b1df890 flushing  nmethod 0x0000028d4f6b8e90
Event: 98.228 Thread 0x0000028d4b1df890 flushing  nmethod 0x0000028d4f6c7790
Event: 98.228 Thread 0x0000028d4b1df890 flushing  nmethod 0x0000028d4f6cb390

Events (20 events):
Event: 901.795 Thread 0x0000028d698aada0 Thread added: 0x0000028d698abac0
Event: 901.831 Thread 0x0000028d698aada0 Thread added: 0x0000028d698ac150
Event: 901.836 Thread 0x0000028d698aada0 Thread added: 0x0000028d698ac7e0
Event: 902.991 Thread 0x0000028d65f11970 Thread exited: 0x0000028d65f11970
Event: 903.426 Thread 0x0000028d5f4cb560 Thread added: 0x0000028d67ddb810
Event: 903.659 Thread 0x0000028d67ddb810 Thread exited: 0x0000028d67ddb810
Event: 903.734 Thread 0x0000028d5f4cb560 Thread added: 0x0000028d67ddb810
Event: 904.594 Thread 0x0000028d67ddb810 Thread exited: 0x0000028d67ddb810
Event: 904.709 Thread 0x0000028d5f4cb560 Thread added: 0x0000028d67ddb810
Event: 905.063 Thread 0x0000028d67ddb810 Thread exited: 0x0000028d67ddb810
Event: 905.212 Thread 0x0000028d6025d210 Thread added: 0x0000028d698ace70
Event: 907.527 Thread 0x0000028d5f4cb560 Thread added: 0x0000028d67ddb810
Event: 909.210 Thread 0x0000028d67ddb810 Thread exited: 0x0000028d67ddb810
Event: 909.623 Thread 0x0000028d5f4cb560 Thread added: 0x0000028d67ddb810
Event: 911.364 Thread 0x0000028d67ddb810 Thread exited: 0x0000028d67ddb810
Event: 911.719 Thread 0x0000028d5f4cb560 Thread added: 0x0000028d67ddb810
Event: 912.300 Thread 0x0000028d67ddb810 Thread exited: 0x0000028d67ddb810
Event: 914.781 Thread 0x0000028d5f4cb560 Thread added: 0x0000028d67ddb810
Event: 915.491 Thread 0x0000028d67ddb810 Thread exited: 0x0000028d67ddb810
Event: 916.507 Thread 0x0000028d5f4533c0 Thread added: 0x0000028d66e648c0


Dynamic libraries:
0x00007ff7a3d30000 - 0x00007ff7a3d3e000 	c:\Users\SERGE\.vscode\extensions\redhat.java-1.42.0-win32-x64\jre\21.0.7-win32-x86_64\bin\java.exe
0x00007fff071d0000 - 0x00007fff073c8000 	C:\Windows\SYSTEM32\ntdll.dll
0x00007fff05440000 - 0x00007fff05502000 	C:\Windows\System32\KERNEL32.DLL
0x00007fff048c0000 - 0x00007fff04bbf000 	C:\Windows\System32\KERNELBASE.dll
0x00007fff04bf0000 - 0x00007fff04cf0000 	C:\Windows\System32\ucrtbase.dll
0x00007ffeff430000 - 0x00007ffeff448000 	c:\Users\SERGE\.vscode\extensions\redhat.java-1.42.0-win32-x64\jre\21.0.7-win32-x86_64\bin\jli.dll
0x00007fff05c60000 - 0x00007fff05dfd000 	C:\Windows\System32\USER32.dll
0x00007fff04bc0000 - 0x00007fff04be2000 	C:\Windows\System32\win32u.dll
0x00007fff070a0000 - 0x00007fff070cb000 	C:\Windows\System32\GDI32.dll
0x00007fff04ee0000 - 0x00007fff04ffa000 	C:\Windows\System32\gdi32full.dll
0x00007fff050e0000 - 0x00007fff0517d000 	C:\Windows\System32\msvcp_win.dll
0x00007ffeff370000 - 0x00007ffeff38e000 	c:\Users\SERGE\.vscode\extensions\redhat.java-1.42.0-win32-x64\jre\21.0.7-win32-x86_64\bin\VCRUNTIME140.dll
0x00007ffef6730000 - 0x00007ffef69ca000 	C:\Windows\WinSxS\amd64_microsoft.windows.common-controls_6595b64144ccf1df_6.0.19041.4355_none_60b8b9eb71f62e16\COMCTL32.dll
0x00007fff060f0000 - 0x00007fff0618e000 	C:\Windows\System32\msvcrt.dll
0x00007fff05b40000 - 0x00007fff05b6f000 	C:\Windows\System32\IMM32.DLL
0x00007ffeff420000 - 0x00007ffeff42c000 	c:\Users\SERGE\.vscode\extensions\redhat.java-1.42.0-win32-x64\jre\21.0.7-win32-x86_64\bin\vcruntime140_1.dll
0x00007ffeee2c0000 - 0x00007ffeee34d000 	c:\Users\SERGE\.vscode\extensions\redhat.java-1.42.0-win32-x64\jre\21.0.7-win32-x86_64\bin\msvcp140.dll
0x00007ffea5650000 - 0x00007ffea63e0000 	c:\Users\SERGE\.vscode\extensions\redhat.java-1.42.0-win32-x64\jre\21.0.7-win32-x86_64\bin\server\jvm.dll
0x00007fff05370000 - 0x00007fff0541f000 	C:\Windows\System32\ADVAPI32.dll
0x00007fff06190000 - 0x00007fff0622f000 	C:\Windows\System32\sechost.dll
0x00007fff05f20000 - 0x00007fff06043000 	C:\Windows\System32\RPCRT4.dll
0x00007fff050b0000 - 0x00007fff050d7000 	C:\Windows\System32\bcrypt.dll
0x00007fff05eb0000 - 0x00007fff05f1b000 	C:\Windows\System32\WS2_32.dll
0x00007fff03c90000 - 0x00007fff03cdb000 	C:\Windows\SYSTEM32\POWRPROF.dll
0x00007ffef5280000 - 0x00007ffef52a7000 	C:\Windows\SYSTEM32\WINMM.dll
0x00007ffef0ea0000 - 0x00007ffef0eaa000 	C:\Windows\SYSTEM32\VERSION.dll
0x00007fff03c30000 - 0x00007fff03c42000 	C:\Windows\SYSTEM32\UMPDC.dll
0x00007fff026b0000 - 0x00007fff026c2000 	C:\Windows\SYSTEM32\kernel.appcore.dll
0x00007ffeff360000 - 0x00007ffeff36a000 	c:\Users\SERGE\.vscode\extensions\redhat.java-1.42.0-win32-x64\jre\21.0.7-win32-x86_64\bin\jimage.dll
0x00007ffef6fe0000 - 0x00007ffef71c4000 	C:\Windows\SYSTEM32\DBGHELP.DLL
0x00007ffef7380000 - 0x00007ffef73b4000 	C:\Windows\SYSTEM32\dbgcore.DLL
0x00007fff04cf0000 - 0x00007fff04d72000 	C:\Windows\System32\bcryptPrimitives.dll
0x00007ffeff350000 - 0x00007ffeff35f000 	c:\Users\SERGE\.vscode\extensions\redhat.java-1.42.0-win32-x64\jre\21.0.7-win32-x86_64\bin\instrument.dll
0x00007ffeff330000 - 0x00007ffeff34f000 	c:\Users\SERGE\.vscode\extensions\redhat.java-1.42.0-win32-x64\jre\21.0.7-win32-x86_64\bin\java.dll
0x00007fff06570000 - 0x00007fff06cdd000 	C:\Windows\System32\SHELL32.dll
0x00007fff028b0000 - 0x00007fff03053000 	C:\Windows\SYSTEM32\windows.storage.dll
0x00007fff06ce0000 - 0x00007fff07035000 	C:\Windows\System32\combase.dll
0x00007fff041c0000 - 0x00007fff041eb000 	C:\Windows\SYSTEM32\Wldp.dll
0x00007fff063f0000 - 0x00007fff064bd000 	C:\Windows\System32\OLEAUT32.dll
0x00007fff064c0000 - 0x00007fff0656d000 	C:\Windows\System32\SHCORE.dll
0x00007fff070d0000 - 0x00007fff07125000 	C:\Windows\System32\shlwapi.dll
0x00007fff047a0000 - 0x00007fff047c5000 	C:\Windows\SYSTEM32\profapi.dll
0x00007ffefbad0000 - 0x00007ffefbae8000 	c:\Users\SERGE\.vscode\extensions\redhat.java-1.42.0-win32-x64\jre\21.0.7-win32-x86_64\bin\zip.dll
0x00007ffefec10000 - 0x00007ffefec20000 	C:\Users\SERGE\.vscode\extensions\redhat.java-1.42.0-win32-x64\jre\21.0.7-win32-x86_64\bin\net.dll
0x00007ffefb1f0000 - 0x00007ffefb2fa000 	C:\Windows\SYSTEM32\WINHTTP.dll
0x00007fff03fa0000 - 0x00007fff0400c000 	C:\Windows\system32\mswsock.dll
0x00007ffef5cc0000 - 0x00007ffef5cd6000 	C:\Users\SERGE\.vscode\extensions\redhat.java-1.42.0-win32-x64\jre\21.0.7-win32-x86_64\bin\nio.dll
0x00007ffefd6a0000 - 0x00007ffefd6b0000 	c:\Users\SERGE\.vscode\extensions\redhat.java-1.42.0-win32-x64\jre\21.0.7-win32-x86_64\bin\verify.dll
0x00007ffeee4c0000 - 0x00007ffeee505000 	C:\Users\SERGE\AppData\Roaming\Code\User\globalStorage\redhat.java\1.42.0\config_win\org.eclipse.equinox.launcher\org.eclipse.equinox.launcher.win32.win32.x86_64_1.2.1300.v20250331-1702\eclipse_11911.dll
0x00007fff062c0000 - 0x00007fff063eb000 	C:\Windows\System32\ole32.dll
0x00007fff04200000 - 0x00007fff04218000 	C:\Windows\SYSTEM32\CRYPTSP.dll
0x00007fff03870000 - 0x00007fff038a8000 	C:\Windows\system32\rsaenh.dll
0x00007fff04720000 - 0x00007fff0474e000 	C:\Windows\SYSTEM32\USERENV.dll
0x00007fff04130000 - 0x00007fff0413c000 	C:\Windows\SYSTEM32\CRYPTBASE.dll
0x00007fff03c50000 - 0x00007fff03c8b000 	C:\Windows\SYSTEM32\IPHLPAPI.DLL
0x00007fff05c50000 - 0x00007fff05c58000 	C:\Windows\System32\NSI.dll
0x00007ffeee470000 - 0x00007ffeee4b9000 	C:\Users\SERGE\AppData\Local\Temp\jna-78788894\jna3321297699039478017.dll
0x00007fff06230000 - 0x00007fff06238000 	C:\Windows\System32\PSAPI.DLL
0x00007ffef6b70000 - 0x00007ffef6b87000 	C:\Windows\SYSTEM32\dhcpcsvc6.DLL
0x00007ffef6b50000 - 0x00007ffef6b6d000 	C:\Windows\SYSTEM32\dhcpcsvc.DLL
0x00007fff03ac0000 - 0x00007fff03af3000 	C:\Windows\SYSTEM32\ntmarta.dll
0x00007ffefeaa0000 - 0x00007ffefeaae000 	C:\Users\SERGE\.vscode\extensions\redhat.java-1.42.0-win32-x64\jre\21.0.7-win32-x86_64\bin\sunmscapi.dll
0x00007fff04d80000 - 0x00007fff04edc000 	C:\Windows\System32\CRYPT32.dll
0x00007fff04310000 - 0x00007fff04337000 	C:\Windows\SYSTEM32\ncrypt.dll
0x00007fff042d0000 - 0x00007fff0430b000 	C:\Windows\SYSTEM32\NTASN1.dll

dbghelp: loaded successfully - version: 4.0.5 - missing functions: none
symbol engine: initialized successfully - sym options: 0x614 - pdb path: .;c:\Users\SERGE\.vscode\extensions\redhat.java-1.42.0-win32-x64\jre\21.0.7-win32-x86_64\bin;C:\Windows\SYSTEM32;C:\Windows\WinSxS\amd64_microsoft.windows.common-controls_6595b64144ccf1df_6.0.19041.4355_none_60b8b9eb71f62e16;c:\Users\SERGE\.vscode\extensions\redhat.java-1.42.0-win32-x64\jre\21.0.7-win32-x86_64\bin\server;C:\Users\SERGE\AppData\Roaming\Code\User\globalStorage\redhat.java\1.42.0\config_win\org.eclipse.equinox.launcher\org.eclipse.equinox.launcher.win32.win32.x86_64_1.2.1300.v20250331-1702;C:\Users\SERGE\AppData\Local\Temp\jna-78788894

VM Arguments:
jvm_args: --add-modules=ALL-SYSTEM --add-opens=java.base/java.util=ALL-UNNAMED --add-opens=java.base/java.lang=ALL-UNNAMED --add-opens=java.base/sun.nio.fs=ALL-UNNAMED -Declipse.application=org.eclipse.jdt.ls.core.id1 -Dosgi.bundles.defaultStartLevel=4 -Declipse.product=org.eclipse.jdt.ls.core.product -Djava.import.generatesMetadataFilesAtProjectRoot=false -DDetectVMInstallationsJob.disabled=true -Dfile.encoding=utf8 -XX:+UseParallelGC -XX:GCTimeRatio=4 -XX:AdaptiveSizePolicyWeight=90 -Dsun.zip.disableMemoryMapping=true -Xmx1G -Xms100m -Xlog:disable -javaagent:c:\Users\SERGE\.vscode\extensions\redhat.java-1.42.0-win32-x64\lombok\lombok-1.18.36.jar -XX:+HeapDumpOnOutOfMemoryError -XX:HeapDumpPath=c:\Users\SERGE\AppData\Roaming\Code\User\workspaceStorage\a6951d4b4e5e0ad82c8566c0f5837605\redhat.java -Daether.dependencyCollector.impl=bf 
java_command: c:\Users\SERGE\.vscode\extensions\redhat.java-1.42.0-win32-x64\server\plugins\org.eclipse.equinox.launcher_1.7.0.v20250424-1814.jar -configuration c:\Users\SERGE\AppData\Roaming\Code\User\globalStorage\redhat.java\1.42.0\config_win -data c:\Users\SERGE\AppData\Roaming\Code\User\workspaceStorage\a6951d4b4e5e0ad82c8566c0f5837605\redhat.java\jdt_ws --pipe=\\.\pipe\lsp-473c47b4f49c265d0b77dc6dff9b97f6-sock
java_class_path (initial): c:\Users\SERGE\.vscode\extensions\redhat.java-1.42.0-win32-x64\server\plugins\org.eclipse.equinox.launcher_1.7.0.v20250424-1814.jar
Launcher Type: SUN_STANDARD

[Global flags]
    uintx AdaptiveSizePolicyWeight                 = 90                                        {product} {command line}
     intx CICompilerCount                          = 3                                         {product} {ergonomic}
    uintx GCTimeRatio                              = 4                                         {product} {command line}
     bool HeapDumpOnOutOfMemoryError               = true                                   {manageable} {command line}
    ccstr HeapDumpPath                             = c:\Users\SERGE\AppData\Roaming\Code\User\workspaceStorage\a6951d4b4e5e0ad82c8566c0f5837605\redhat.java         {manageable} {command line}
   size_t InitialHeapSize                          = 104857600                                 {product} {command line}
   size_t MaxHeapSize                              = 1073741824                                {product} {command line}
   size_t MaxNewSize                               = 357564416                                 {product} {ergonomic}
   size_t MinHeapDeltaBytes                        = 524288                                    {product} {ergonomic}
   size_t MinHeapSize                              = 104857600                                 {product} {command line}
   size_t NewSize                                  = 34603008                                  {product} {ergonomic}
    uintx NonNMethodCodeHeapSize                   = 5832780                                {pd product} {ergonomic}
    uintx NonProfiledCodeHeapSize                  = 122912730                              {pd product} {ergonomic}
   size_t OldSize                                  = 70254592                                  {product} {ergonomic}
    uintx ProfiledCodeHeapSize                     = 122912730                              {pd product} {ergonomic}
    uintx ReservedCodeCacheSize                    = 251658240                              {pd product} {ergonomic}
     bool SegmentedCodeCache                       = true                                      {product} {ergonomic}
   size_t SoftMaxHeapSize                          = 1073741824                             {manageable} {ergonomic}
     bool UseCompressedOops                        = true                           {product lp64_product} {ergonomic}
     bool UseLargePagesIndividualAllocation        = false                                  {pd product} {ergonomic}
     bool UseParallelGC                            = true                                      {product} {command line}

Logging:
Log output configuration:
 #0: stdout all=off uptime,level,tags foldmultilines=false
 #1: stderr all=off uptime,level,tags foldmultilines=false

Environment Variables:
PATH=C:\Program Files\Java\jdk-17\bin;C:\Program Files\Common Files\Oracle\Java\javapath;C:\Windows\system32;C:\Windows;C:\Windows\System32\Wbem;C:\Windows\System32\WindowsPowerShell\v1.0\;C:\Windows\System32\OpenSSH\;C:\Program Files\nodejs\;C:\Program Files\IVI Foundation\VISA\Win64\Bin\;C:\Program Files (x86)\IVI Foundation\VISA\WinNT\Bin\;C:\Program Files (x86)\IVI Foundation\VISA\WinNT\Bin;C:\Program Files\MATLAB\R2016a\runtime\win64;C:\Program Files\MATLAB\R2016a\bin;C:\Program Files\MATLAB\R2016a\polyspace\bin;C:\composer;C:\Program Files\Git\cmd;C:\Program Files\PostgreSQL\16\bin;C:\Program Files\PostgreSQL\16\data;C:\Program Files\Microsoft VS Code\bin;C:\Program Files\dotnet\;C:\platform-tools-latest-windows\platform-tools;C:\Program Files\MySQL\MySQL Server X.X\bin;C:\Program Files\Java\jdk-17\bin;C:\Server;C:\Program Files\Docker\Docker\resources\bin;C:\Cassandra\apache-cassandra-4.1.8\bin;C:\ProgramData\chocolatey\bin;C:\Program Files\BlueStacks_nxt;C:\Users\SERGE\AppData\Local\Programs\Python\Python311\Scripts\;C:\Users\SERGE\AppData\Local\Programs\Python\Python311\;C:\Users\SERGE\scoop\shims;C:\Users\SERGE\AppData\Local\Microsoft\WindowsApps;C:\Users\SERGE\AppData\Roaming\npm;C:\Program Files (x86);C:\Users\SERGE\AppData\Roaming\Composer\vendor\bin;C:\Users\SERGE\.dotnet\tools;C:\Program Files (x86)\Nmap
USERNAME=SERGE
OS=Windows_NT
PROCESSOR_IDENTIFIER=Intel64 Family 6 Model 60 Stepping 3, GenuineIntel
TMP=C:\Users\SERGE\AppData\Local\Temp
TEMP=C:\Users\SERGE\AppData\Local\Temp




Periodic native trim disabled

---------------  S Y S T E M  ---------------

OS:
 Windows 10 , 64 bit Build 19041 (10.0.19041.5438)
OS uptime: 0 days 3:45 hours
Hyper-V role detected

CPU: total 4 (initial active 4) (2 cores per cpu, 2 threads per core) family 6 model 60 stepping 3 microcode 0x27, cx8, cmov, fxsr, ht, mmx, sse, sse2, sse3, ssse3, sse4.1, sse4.2, popcnt, lzcnt, tsc, tscinvbit, avx, avx2, aes, erms, clmul, bmi1, bmi2, fma, vzeroupper, clflush, hv, rdtscp, f16c
Processor Information for the first 4 processors :
  Max Mhz: 2601, Current Mhz: 2500, Mhz Limit: 2574

Memory: 4k page, system-wide physical 8089M (1221M free)
TotalPageFile size 10137M (AvailPageFile size 4M)
current process WorkingSet (physical memory assigned to process): 919M, peak: 1024M
current process commit charge ("private bytes"): 809M, peak: 942M

vm_info: OpenJDK 64-Bit Server VM (21.0.7+6-LTS) for windows-amd64 JRE (21.0.7+6-LTS), built on 2025-04-15T00:00:00Z by "admin" with MS VC++ 17.7 (VS2022)

END.
