#
# There is insufficient memory for the Java Runtime Environment to continue.
# Native memory allocation (mmap) failed to map 65536 bytes. Error detail: Failed to commit metaspace.
# Possible reasons:
#   The system is out of physical RAM or swap space
#   This process is running with CompressedOops enabled, and the Java Heap may be blocking the growth of the native heap
# Possible solutions:
#   Reduce memory load on the system
#   Increase physical memory or swap space
#   Check if swap backing store is full
#   Decrease Java heap size (-Xmx/-Xms)
#   Decrease number of Java threads
#   Decrease Java thread stack sizes (-Xss)
#   Set larger code cache with -XX:ReservedCodeCacheSize=
#   JVM is running with Unscaled Compressed Oops mode in which the Java heap is
#     placed in the first 4GB address space. The Java Heap base address is the
#     maximum limit for the native heap growth. Please use -XX:HeapBaseMinAddress
#     to set the Java Heap base and to place the Java Heap above 4GB virtual address.
# This output file may be truncated or incomplete.
#
#  Out of Memory Error (virtualSpaceNode.cpp:113), pid=19356, tid=9508
#
# JRE version: OpenJDK Runtime Environment Temurin-21.0.7+6 (21.0.7+6) (build 21.0.7+6-LTS)
# Java VM: OpenJDK 64-Bit Server VM Temurin-21.0.7+6 (21.0.7+6-LTS, mixed mode, sharing, tiered, compressed oops, compressed class ptrs, parallel gc, windows-amd64)
# No core dump will be written. Minidumps are not enabled by default on client versions of Windows
#

---------------  S U M M A R Y ------------

Command Line: --add-modules=ALL-SYSTEM --add-opens=java.base/java.util=ALL-UNNAMED --add-opens=java.base/java.lang=ALL-UNNAMED --add-opens=java.base/sun.nio.fs=ALL-UNNAMED -Declipse.application=org.eclipse.jdt.ls.core.id1 -Dosgi.bundles.defaultStartLevel=4 -Declipse.product=org.eclipse.jdt.ls.core.product -Djava.import.generatesMetadataFilesAtProjectRoot=false -DDetectVMInstallationsJob.disabled=true -Dfile.encoding=utf8 -XX:+UseParallelGC -XX:GCTimeRatio=4 -XX:AdaptiveSizePolicyWeight=90 -Dsun.zip.disableMemoryMapping=true -Xmx1G -Xms100m -Xlog:disable -javaagent:c:\Users\SERGE\.vscode\extensions\redhat.java-1.42.0-win32-x64\lombok\lombok-1.18.36.jar c:\Users\SERGE\.vscode\extensions\redhat.java-1.42.0-win32-x64\server\plugins\org.eclipse.equinox.launcher_1.7.0.v20250424-1814.jar -configuration c:\Users\SERGE\AppData\Roaming\Code\User\globalStorage\redhat.java\1.42.0\config_ss_win -data c:\Users\SERGE\AppData\Roaming\Code\User\workspaceStorage\a6951d4b4e5e0ad82c8566c0f5837605\redhat.java\ss_ws --pipe=\\.\pipe\lsp-0e976653224d2d8a7d6cfdf2e3aed794-sock

Host: Intel(R) Core(TM) i5-4300M CPU @ 2.60GHz, 4 cores, 7G,  Windows 10 , 64 bit Build 19041 (10.0.19041.5438)
Time: Mon May 19 12:48:36 2025 Paris, Madrid (heure duild 19041 (10.0.19041.5438) elapsed time: 1.002496 seconds (0d 0h 0m 1s)

---------------  T H R E A D  ---------------

Current thread (0x000001f2d394f630):  JavaThread "main"             [_thread_in_vm, id=9508, stack(0x000000d336c00000,0x000000d336d00000) (1024K)]

Stack: [0x000000d336c00000,0x000000d336d00000]
Native frames: (J=compiled Java code, j=interpreted, Vv=VM code, C=native code)
V  [jvm.dll+0x6ce119]
V  [jvm.dll+0x8a84a1]
V  [jvm.dll+0x8aa9ce]
V  [jvm.dll+0x8ab0b3]
V  [jvm.dll+0x27f8a6]
V  [jvm.dll+0x8a41ee]
V  [jvm.dll+0x670575]
V  [jvm.dll+0x6705da]
V  [jvm.dll+0x672dc2]
V  [jvm.dll+0x672c92]
V  [jvm.dll+0x670f4e]
V  [jvm.dll+0x26a8d0]
V  [jvm.dll+0x216127]
V  [jvm.dll+0x20bbae]
V  [jvm.dll+0x5ae58c]
V  [jvm.dll+0x82186d]
V  [jvm.dll+0x472052]
V  [jvm.dll+0x485466]
C  [java.dll+0x1657]

Java frames: (J=compiled Java code, j=interpreted, Vv=VM code)
j  java.lang.ClassLoader.defineClass0(Ljava/lang/ClassLoader;Ljava/lang/Class;Ljava/lang/String;[BIILjava/security/ProtectionDomain;ZILjava/lang/Object;)Ljava/lang/Class;+0 java.base@21.0.7
j  java.lang.System$2.defineClass(Ljava/lang/ClassLoader;Ljava/lang/Class;Ljava/lang/String;[BLjava/security/ProtectionDomain;ZILjava/lang/Object;)Ljava/lang/Class;+17 java.base@21.0.7
j  java.lang.invoke.MethodHandles$Lookup$ClassDefiner.defineClass(ZLjava/lang/Object;)Ljava/lang/Class;+57 java.base@21.0.7
j  java.lang.invoke.InnerClassLambdaMetafactory.generateInnerClass()Ljava/lang/Class;+490 java.base@21.0.7
j  java.lang.invoke.InnerClassLambdaMetafactory.spinInnerClass()Ljava/lang/Class;+114 java.base@21.0.7
j  java.lang.invoke.InnerClassLambdaMetafactory.buildCallSite()Ljava/lang/invoke/CallSite;+1 java.base@21.0.7
j  java.lang.invoke.LambdaMetafactory.metafactory(Ljava/lang/invoke/MethodHandles$Lookup;Ljava/lang/String;Ljava/lang/invoke/MethodType;Ljava/lang/invoke/MethodType;Ljava/lang/invoke/MethodHandle;Ljava/lang/invoke/MethodType;)Ljava/lang/invoke/CallSite;+67 java.base@21.0.7
j  java.lang.invoke.DirectMethodHandle$Holder.invokeStatic(Ljava/lang/Object;Ljava/lang/Object;Ljava/lang/Object;Ljava/lang/Object;Ljava/lang/Object;Ljava/lang/Object;Ljava/lang/Object;)Ljava/lang/Object;+20 java.base@21.0.7
j  java.lang.invoke.Invokers$Holder.invokeExact_MT(Ljava/lang/Object;Ljava/lang/Object;Ljava/lang/Object;Ljava/lang/Object;Ljava/lang/Object;Ljava/lang/Object;Ljava/lang/Object;Ljava/lang/Object;)Ljava/lang/Object;+28 java.base@21.0.7
j  java.lang.invoke.BootstrapMethodInvoker.invoke(Ljava/lang/Class;Ljava/lang/invoke/MethodHandle;Ljava/lang/String;Ljava/lang/Object;Ljava/lang/Object;Ljava/lang/Class;)Ljava/lang/Object;+319 java.base@21.0.7
j  java.lang.invoke.CallSite.makeSite(Ljava/lang/invoke/MethodHandle;Ljava/lang/String;Ljava/lang/invoke/MethodType;Ljava/lang/Object;Ljava/lang/Class;)Ljava/lang/invoke/CallSite;+8 java.base@21.0.7
j  java.lang.invoke.MethodHandleNatives.linkCallSiteImpl(Ljava/lang/Class;Ljava/lang/invoke/MethodHandle;Ljava/lang/String;Ljava/lang/invoke/MethodType;Ljava/lang/Object;[Ljava/lang/Object;)Ljava/lang/invoke/MemberName;+6 java.base@21.0.7
j  java.lang.invoke.MethodHandleNatives.linkCallSite(Ljava/lang/Object;Ljava/lang/Object;Ljava/lang/Object;Ljava/lang/Object;Ljava/lang/Object;[Ljava/lang/Object;)Ljava/lang/invoke/MemberName;+45 java.base@21.0.7
v  ~StubRoutines::call_stub 0x000001f2e031100d
j  java.util.regex.Pattern.DOT()Ljava/util/regex/Pattern$CharPredicate;+0 java.base@21.0.7
j  java.util.regex.Pattern.sequence(Ljava/util/regex/Pattern$Node;)Ljava/util/regex/Pattern$Node;+516 java.base@21.0.7
j  java.util.regex.Pattern.expr(Ljava/util/regex/Pattern$Node;)Ljava/util/regex/Pattern$Node;+12 java.base@21.0.7
j  java.util.regex.Pattern.compile()V+222 java.base@21.0.7
j  java.util.regex.Pattern.<init>(Ljava/lang/String;I)V+108 java.base@21.0.7
j  java.util.regex.Pattern.compile(Ljava/lang/String;I)Ljava/util/regex/Pattern;+6 java.base@21.0.7
j  sun.security.util.DisabledAlgorithmConstraints.<clinit>()V+13 java.base@21.0.7
v  ~StubRoutines::call_stub 0x000001f2e031100d
j  sun.security.pkcs.SignerInfo.<clinit>()V+0 java.base@21.0.7
v  ~StubRoutines::call_stub 0x000001f2e031100d
j  sun.security.pkcs.PKCS7.parseSignedData(Lsun/security/util/DerValue;)V+622 java.base@21.0.7
j  sun.security.pkcs.PKCS7.parse(Lsun/security/util/DerInputStream;Z)V+51 java.base@21.0.7
j  sun.security.pkcs.PKCS7.parse(Lsun/security/util/DerInputStream;)V+11 java.base@21.0.7
j  sun.security.pkcs.PKCS7.<init>([B)V+50 java.base@21.0.7
j  sun.security.util.SignatureFileVerifier.<init>(Ljava/util/ArrayList;Lsun/security/util/ManifestDigester;Ljava/lang/String;[B)V+35 java.base@21.0.7
j  java.util.jar.JarVerifier.processEntry(Lsun/security/util/ManifestEntryVerifier;)V+319 java.base@21.0.7
j  java.util.jar.JarVerifier.update(I[BIILsun/security/util/ManifestEntryVerifier;)V+39 java.base@21.0.7
j  java.util.jar.JarFile.initializeVerifier()V+164 java.base@21.0.7
j  java.util.jar.JarFile.ensureInitialization()V+36 java.base@21.0.7
j  java.util.jar.JavaUtilJarAccessImpl.ensureInitialization(Ljava/util/jar/JarFile;)V+1 java.base@21.0.7
j  jdk.internal.loader.URLClassPath$JarLoader$2.getManifest()Ljava/util/jar/Manifest;+10 java.base@21.0.7
j  jdk.internal.loader.BuiltinClassLoader.defineClass(Ljava/lang/String;Ljdk/internal/loader/Resource;)Ljava/lang/Class;+29 java.base@21.0.7
j  jdk.internal.loader.BuiltinClassLoader.findClassOnClassPathOrNull(Ljava/lang/String;)Ljava/lang/Class;+37 java.base@21.0.7
j  jdk.internal.loader.BuiltinClassLoader.loadClassOrNull(Ljava/lang/String;Z)Ljava/lang/Class;+111 java.base@21.0.7
j  jdk.internal.loader.BuiltinClassLoader.loadClass(Ljava/lang/String;Z)Ljava/lang/Class;+3 java.base@21.0.7
j  jdk.internal.loader.ClassLoaders$AppClassLoader.loadClass(Ljava/lang/String;Z)Ljava/lang/Class;+36 java.base@21.0.7
j  java.lang.ClassLoader.loadClass(Ljava/lang/String;)Ljava/lang/Class;+3 java.base@21.0.7
v  ~StubRoutines::call_stub 0x000001f2e031100d
j  java.lang.Class.forName0(Ljava/lang/String;ZLjava/lang/ClassLoader;Ljava/lang/Class;)Ljava/lang/Class;+0 java.base@21.0.7
j  java.lang.Class.forName(Ljava/lang/String;ZLjava/lang/ClassLoader;Ljava/lang/Class;)Ljava/lang/Class;+37 java.base@21.0.7
j  java.lang.Class.forName(Ljava/lang/String;ZLjava/lang/ClassLoader;)Ljava/lang/Class;+20 java.base@21.0.7
j  sun.launcher.LauncherHelper.loadMainClass(ILjava/lang/String;)Ljava/lang/Class;+95 java.base@21.0.7
j  sun.launcher.LauncherHelper.checkAndLoadMain(ZILjava/lang/String;)Ljava/lang/Class;+42 java.base@21.0.7
v  ~StubRoutines::call_stub 0x000001f2e031100d

---------------  P R O C E S S  ---------------

Threads class SMR info:
_java_thread_list=0x000001f2ef297260, length=12, elements={
0x000001f2d394f630, 0x000001f2e9f21160, 0x000001f2e9f23a70, 0x000001f2e9f27280,
0x000001f2e9f27f90, 0x000001f2e9f29c70, 0x000001f2e9f2c6d0, 0x000001f2e9f2d500,
0x000001f2e9f9c950, 0x000001f2e9fde8c0, 0x000001f2ef29c0a0, 0x000001f2ef183fb0
}

Java Threads: ( => current thread )
=>0x000001f2d394f630 JavaThread "main"                              [_thread_in_vm, id=9508, stack(0x000000d336c00000,0x000000d336d00000) (1024K)]
  0x000001f2e9f21160 JavaThread "Reference Handler"          daemon [_thread_blocked, id=18652, stack(0x000000d337000000,0x000000d337100000) (1024K)]
  0x000001f2e9f23a70 JavaThread "Finalizer"                  daemon [_thread_blocked, id=13852, stack(0x000000d337100000,0x000000d337200000) (1024K)]
  0x000001f2e9f27280 JavaThread "Signal Dispatcher"          daemon [_thread_blocked, id=12568, stack(0x000000d337200000,0x000000d337300000) (1024K)]
  0x000001f2e9f27f90 JavaThread "Attach Listener"            daemon [_thread_blocked, id=19276, stack(0x000000d337300000,0x000000d337400000) (1024K)]
  0x000001f2e9f29c70 JavaThread "Service Thread"             daemon [_thread_blocked, id=19112, stack(0x000000d337400000,0x000000d337500000) (1024K)]
  0x000001f2e9f2c6d0 JavaThread "Monitor Deflation Thread"   daemon [_thread_blocked, id=14104, stack(0x000000d337500000,0x000000d337600000) (1024K)]
  0x000001f2e9f2d500 JavaThread "C2 CompilerThread0"         daemon [_thread_blocked, id=12304, stack(0x000000d337600000,0x000000d337700000) (1024K)]
  0x000001f2e9f9c950 JavaThread "C1 CompilerThread0"         daemon [_thread_blocked, id=18752, stack(0x000000d337700000,0x000000d337800000) (1024K)]
  0x000001f2e9fde8c0 JavaThread "Common-Cleaner"             daemon [_thread_blocked, id=4652, stack(0x000000d337800000,0x000000d337900000) (1024K)]
  0x000001f2ef29c0a0 JavaThread "Notification Thread"        daemon [_thread_blocked, id=19012, stack(0x000000d337900000,0x000000d337a00000) (1024K)]
  0x000001f2ef183fb0 JavaThread "C2 CompilerThread1"         daemon [_thread_blocked, id=124, stack(0x000000d337a00000,0x000000d337b00000) (1024K)]
Total: 12

Other Threads:
  0x000001f2d5c93140 VMThread "VM Thread"                           [id=18468, stack(0x000000d336f00000,0x000000d337000000) (1024K)]
  0x000001f2e9ebb010 WatcherThread "VM Periodic Task Thread"        [id=19052, stack(0x000000d336e00000,0x000000d336f00000) (1024K)]
  0x000001f2d5c11330 WorkerThread "GC Thread#0"                     [id=13956, stack(0x000000d336d00000,0x000000d336e00000) (1024K)]
Total: 3

Threads with active compile tasks:
Total: 0

VM state: not at safepoint (normal execution)

VM Mutex/Monitor currently owned by a thread:  ([mutex/lock_event])
[0x00007ffecba0c308] Metaspace_lock - owner thread: 0x000001f2d394f630

Heap address: 0x00000000c0000000, size: 1024 MB, Compressed Oops mode: 32-bit

CDS archive(s) mapped at: [0x000001f280000000-0x000001f280ba0000-0x000001f280ba0000), size 12189696, SharedBaseAddress: 0x000001f280000000, ArchiveRelocationMode: 1.
Compressed class space mapped at: 0x000001f281000000-0x000001f2c1000000, reserved size: 1073741824
Narrow klass base: 0x000001f280000000, Narrow klass shift: 0, Narrow klass range: 0x100000000

GC Precious Log:
 CardTable entry size: 512
 CPUs: 4 total, 4 available
 Memory: 8089M
 Large Page Support: Disabled
 NUMA Support: Disabled
 Compressed Oops: Enabled (32-bit)
 Alignments: Space 512K, Generation 512K, Heap 2M
 Heap Min Capacity: 100M
 Heap Initial Capacity: 100M
 Heap Max Capacity: 1G
 Pre-touch: Disabled
 Parallel Workers: 4

Heap:
 PSYoungGen      total 29696K, used 12331K [0x00000000eab00000, 0x00000000ecc00000, 0x0000000100000000)
  eden space 25600K, 48% used [0x00000000eab00000,0x00000000eb70adb0,0x00000000ec400000)
  from space 4096K, 0% used [0x00000000ec800000,0x00000000ec800000,0x00000000ecc00000)
  to   space 4096K, 0% used [0x00000000ec400000,0x00000000ec400000,0x00000000ec800000)
 ParOldGen       total 68608K, used 0K [0x00000000c0000000, 0x00000000c4300000, 0x00000000eab00000)
  object space 68608K, 0% used [0x00000000c0000000,0x00000000c0000000,0x00000000c4300000)
 Metaspace       used 2111K, committed 2304K, reserved 1114112K
  class space    used 205K, committed 320K, reserved 1048576K

Card table byte_map: [0x000001f2d55a0000,0x000001f2d57b0000] _byte_map_base: 0x000001f2d4fa0000

Marking Bits: (ParMarkBitMap*) 0x00007ffecba131f0
 Begin Bits: [0x000001f2e7de0000, 0x000001f2e8de0000)
 End Bits:   [0x000001f2e8de0000, 0x000001f2e9de0000)

Polling page: 0x000001f2d38f0000

Metaspace:

Usage:
  Non-class:      1.86 MB used.
      Class:    205.49 KB used.
       Both:      2.06 MB used.

Virtual space:
  Non-class space:       64.00 MB reserved,       1.94 MB (  3%) committed,  1 nodes.
      Class space:        1.00 GB reserved,     320.00 KB ( <1%) committed,  1 nodes.
             Both:        1.06 GB reserved,       2.25 MB ( <1%) committed. 

Chunk freelists:
   Non-Class:  11.65 MB
       Class:  15.67 MB
        Both:  27.32 MB

MaxMetaspaceSize: unlimited
CompressedClassSpaceSize: 1.00 GB
Initial GC threshold: 21.00 MB
Current GC threshold: 21.00 MB
CDS: on
 - commit_granule_bytes: 65536.
 - commit_granule_words: 8192.
 - virtual_space_node_default_size: 8388608.
 - enlarge_chunks_in_place: 1.
 - use_allocation_guard: 0.


Internal statistics:

num_allocs_failed_limit: 0.
num_arena_births: 80.
num_arena_deaths: 0.
num_vsnodes_births: 2.
num_vsnodes_deaths: 0.
num_space_committed: 36.
num_space_uncommitted: 0.
num_chunks_returned_to_freelist: 0.
num_chunks_taken_from_freelist: 102.
num_chunk_merges: 0.
num_chunk_splits: 71.
num_chunks_enlarged: 46.
num_inconsistent_stats: 0.

CodeHeap 'non-profiled nmethods': size=120000Kb used=235Kb max_used=235Kb free=119764Kb
 bounds [0x000001f2e08b0000, 0x000001f2e0b20000, 0x000001f2e7de0000]
CodeHeap 'profiled nmethods': size=120000Kb used=923Kb max_used=923Kb free=119077Kb
 bounds [0x000001f2d8de0000, 0x000001f2d9050000, 0x000001f2e0310000]
CodeHeap 'non-nmethods': size=5760Kb used=1170Kb max_used=1185Kb free=4589Kb
 bounds [0x000001f2e0310000, 0x000001f2e0580000, 0x000001f2e08b0000]
 total_blobs=1065 nmethods=639 adapters=333
 compilation: enabled
              stopped_count=0, restarted_count=0
 full_count=0

Compilation events (20 events):
Event: 0.969 Thread 0x000001f2e9f9c950 nmethod 627 0x000001f2d8ec2b10 code [0x000001f2d8ec2ca0, 0x000001f2d8ec2de0]
Event: 0.970 Thread 0x000001f2e9f2d500  628       4       java.util.HashMap$KeyIterator::next (8 bytes)
Event: 0.975 Thread 0x000001f2e9f2d500 nmethod 628 0x000001f2e08e7a90 code [0x000001f2e08e7c20, 0x000001f2e08e7ea8]
Event: 0.983 Thread 0x000001f2ef183fb0 nmethod 622 0x000001f2e08e8010 code [0x000001f2e08e8220, 0x000001f2e08e8ab0]
Event: 0.987 Thread 0x000001f2e9f9c950  629       3       java.lang.reflect.Modifier::isProtected (12 bytes)
Event: 0.987 Thread 0x000001f2e9f9c950 nmethod 629 0x000001f2d8ec2e90 code [0x000001f2d8ec3020, 0x000001f2d8ec3160]
Event: 0.988 Thread 0x000001f2e9f9c950  630       3       sun.security.util.DerInputStream::<init> (38 bytes)
Event: 0.988 Thread 0x000001f2e9f9c950 nmethod 630 0x000001f2d8ec3210 code [0x000001f2d8ec33c0, 0x000001f2d8ec3560]
Event: 0.990 Thread 0x000001f2e9f2d500  631       4       java.util.Collections$UnmodifiableCollection$1::next (10 bytes)
Event: 0.991 Thread 0x000001f2e9f9c950  632       3       java.net.URI::match (56 bytes)
Event: 0.991 Thread 0x000001f2e9f9c950 nmethod 632 0x000001f2d8ec3610 code [0x000001f2d8ec37c0, 0x000001f2d8ec3a90]
Event: 0.994 Thread 0x000001f2e9f9c950  633       3       sun.security.util.DerValue::data (29 bytes)
Event: 0.994 Thread 0x000001f2e9f9c950 nmethod 633 0x000001f2d8ec3b10 code [0x000001f2d8ec3cc0, 0x000001f2d8ec3e90]
Event: 0.995 Thread 0x000001f2e9f9c950  634       3       sun.security.util.DerValue::<init> (445 bytes)
Event: 0.996 Thread 0x000001f2e9f9c950 nmethod 634 0x000001f2d8ec3f90 code [0x000001f2d8ec43c0, 0x000001f2d8ec5d78]
Event: 0.996 Thread 0x000001f2e9f9c950  635       3       sun.security.util.DerInputStream::getDerValue (76 bytes)
Event: 0.997 Thread 0x000001f2e9f9c950 nmethod 635 0x000001f2d8ec6710 code [0x000001f2d8ec68c0, 0x000001f2d8ec6b20]
Event: 0.997 Thread 0x000001f2ef183fb0  637       4       java.util.HashSet::iterator (13 bytes)
Event: 1.000 Thread 0x000001f2e9f2d500 nmethod 631 0x000001f2e08e9890 code [0x000001f2e08e9a40, 0x000001f2e08e9df0]
Event: 1.000 Thread 0x000001f2e9f2d500  638       4       java.util.HashMap::keySet (25 bytes)

GC Heap History (0 events):
No events

Dll operation events (8 events):
Event: 0.019 Loaded shared library c:\Users\SERGE\.vscode\extensions\redhat.java-1.42.0-win32-x64\jre\21.0.7-win32-x86_64\bin\java.dll
Event: 0.222 Loaded shared library c:\Users\SERGE\.vscode\extensions\redhat.java-1.42.0-win32-x64\jre\21.0.7-win32-x86_64\bin\zip.dll
Event: 0.273 Loaded shared library C:\Users\SERGE\.vscode\extensions\redhat.java-1.42.0-win32-x64\jre\21.0.7-win32-x86_64\bin\instrument.dll
Event: 0.279 Loaded shared library C:\Users\SERGE\.vscode\extensions\redhat.java-1.42.0-win32-x64\jre\21.0.7-win32-x86_64\bin\net.dll
Event: 0.281 Loaded shared library C:\Users\SERGE\.vscode\extensions\redhat.java-1.42.0-win32-x64\jre\21.0.7-win32-x86_64\bin\nio.dll
Event: 0.300 Loaded shared library C:\Users\SERGE\.vscode\extensions\redhat.java-1.42.0-win32-x64\jre\21.0.7-win32-x86_64\bin\zip.dll
Event: 0.325 Loaded shared library C:\Users\SERGE\.vscode\extensions\redhat.java-1.42.0-win32-x64\jre\21.0.7-win32-x86_64\bin\jimage.dll
Event: 0.575 Loaded shared library c:\Users\SERGE\.vscode\extensions\redhat.java-1.42.0-win32-x64\jre\21.0.7-win32-x86_64\bin\verify.dll

Deoptimization events (20 events):
Event: 0.946 Thread 0x000001f2d394f630 Uncommon trap: trap_request=0xffffffde fr.pc=0x000001f2e08e51cc relative=0x000000000000012c
Event: 0.946 Thread 0x000001f2d394f630 Uncommon trap: reason=class_check action=maybe_recompile pc=0x000001f2e08e51cc method=jdk.internal.misc.Unsafe.allocateUninitializedArray(Ljava/lang/Class;I)Ljava/lang/Object; @ 51 c2
Event: 0.946 Thread 0x000001f2d394f630 DEOPT PACKING pc=0x000001f2e08e51cc sp=0x000000d336cfc650
Event: 0.946 Thread 0x000001f2d394f630 DEOPT UNPACKING pc=0x000001f2e0363aa2 sp=0x000000d336cfc5c8 mode 2
Event: 0.946 Thread 0x000001f2d394f630 Uncommon trap: trap_request=0xffffffde fr.pc=0x000001f2e08e51cc relative=0x000000000000012c
Event: 0.946 Thread 0x000001f2d394f630 Uncommon trap: reason=class_check action=maybe_recompile pc=0x000001f2e08e51cc method=jdk.internal.misc.Unsafe.allocateUninitializedArray(Ljava/lang/Class;I)Ljava/lang/Object; @ 51 c2
Event: 0.946 Thread 0x000001f2d394f630 DEOPT PACKING pc=0x000001f2e08e51cc sp=0x000000d336cfc650
Event: 0.946 Thread 0x000001f2d394f630 DEOPT UNPACKING pc=0x000001f2e0363aa2 sp=0x000000d336cfc5c8 mode 2
Event: 0.946 Thread 0x000001f2d394f630 Uncommon trap: trap_request=0xffffffde fr.pc=0x000001f2e08e51cc relative=0x000000000000012c
Event: 0.946 Thread 0x000001f2d394f630 Uncommon trap: reason=class_check action=maybe_recompile pc=0x000001f2e08e51cc method=jdk.internal.misc.Unsafe.allocateUninitializedArray(Ljava/lang/Class;I)Ljava/lang/Object; @ 51 c2
Event: 0.946 Thread 0x000001f2d394f630 DEOPT PACKING pc=0x000001f2e08e51cc sp=0x000000d336cfc690
Event: 0.946 Thread 0x000001f2d394f630 DEOPT UNPACKING pc=0x000001f2e0363aa2 sp=0x000000d336cfc608 mode 2
Event: 0.964 Thread 0x000001f2d394f630 Uncommon trap: trap_request=0xffffff45 fr.pc=0x000001f2e08e32fc relative=0x000000000000015c
Event: 0.964 Thread 0x000001f2d394f630 Uncommon trap: reason=unstable_if action=reinterpret pc=0x000001f2e08e32fc method=jdk.internal.util.ArraysSupport.vectorizedHashCode(Ljava/lang/Object;IIII)I @ 2 c2
Event: 0.964 Thread 0x000001f2d394f630 DEOPT PACKING pc=0x000001f2e08e32fc sp=0x000000d336cfcff0
Event: 0.964 Thread 0x000001f2d394f630 DEOPT UNPACKING pc=0x000001f2e0363aa2 sp=0x000000d336cfcfa0 mode 2
Event: 0.990 Thread 0x000001f2d394f630 Uncommon trap: trap_request=0xffffff45 fr.pc=0x000001f2e08d40f4 relative=0x00000000000000d4
Event: 0.990 Thread 0x000001f2d394f630 Uncommon trap: reason=unstable_if action=reinterpret pc=0x000001f2e08d40f4 method=java.net.URI.match(CJJ)Z @ 45 c2
Event: 0.990 Thread 0x000001f2d394f630 DEOPT PACKING pc=0x000001f2e08d40f4 sp=0x000000d336cfd290
Event: 0.990 Thread 0x000001f2d394f630 DEOPT UNPACKING pc=0x000001f2e0363aa2 sp=0x000000d336cfd1f8 mode 2

Classes loaded (20 events):
Event: 0.992 Loading class sun/security/x509/DistributionPoint
Event: 0.992 Loading class sun/security/x509/DistributionPoint done
Event: 0.992 Loading class sun/security/x509/CertificatePoliciesExtension
Event: 0.992 Loading class sun/security/x509/CertificatePoliciesExtension done
Event: 0.994 Loading class sun/security/x509/PolicyInformation
Event: 0.994 Loading class sun/security/x509/PolicyInformation done
Event: 0.994 Loading class sun/security/x509/CertificatePolicyId
Event: 0.994 Loading class sun/security/x509/CertificatePolicyId done
Event: 0.995 Loading class java/security/cert/PolicyQualifierInfo
Event: 0.995 Loading class java/security/cert/PolicyQualifierInfo done
Event: 0.996 Loading class sun/security/pkcs/SignerInfo
Event: 0.997 Loading class sun/security/pkcs/SignerInfo done
Event: 0.997 Loading class sun/security/util/DisabledAlgorithmConstraints
Event: 0.997 Loading class sun/security/util/AbstractAlgorithmConstraints
Event: 0.997 Loading class java/security/AlgorithmConstraints
Event: 0.997 Loading class java/security/AlgorithmConstraints done
Event: 0.997 Loading class sun/security/util/AbstractAlgorithmConstraints done
Event: 0.998 Loading class sun/security/util/DisabledAlgorithmConstraints done
Event: 0.998 Loading class java/util/regex/Pattern$SliceI
Event: 0.998 Loading class java/util/regex/Pattern$SliceI done

Classes unloaded (0 events):
No events

Classes redefined (0 events):
No events

Internal exceptions (12 events):
Event: 0.213 Thread 0x000001f2d394f630 Exception <a 'java/lang/NoSuchMethodError'{0x00000000ead2a200}: 'void java.lang.invoke.DirectMethodHandle$Holder.invokeStatic(java.lang.Object, java.lang.Object, java.lang.Object)'> (0x00000000ead2a200) 
thrown [s\src\hotspot\share\interpreter\linkResolver.cpp, line 773]
Event: 0.317 Thread 0x000001f2d394f630 Exception <a 'java/lang/NoSuchMethodError'{0x00000000eae92b50}: 'java.lang.Object java.lang.invoke.Invokers$Holder.invokeExact_MT(java.lang.Object, java.lang.Object, java.lang.Object, java.lang.Object, java.lang.Object)'> (0x00000000eae92b50) 
thrown [s\src\hotspot\share\interpreter\linkResolver.cpp, line 773]
Event: 0.419 Thread 0x000001f2d394f630 Exception <a 'java/lang/NoSuchMethodError'{0x00000000eaf4bc48}: 'int java.lang.invoke.DirectMethodHandle$Holder.invokeSpecial(java.lang.Object, java.lang.Object, java.lang.Object, int)'> (0x00000000eaf4bc48) 
thrown [s\src\hotspot\share\interpreter\linkResolver.cpp, line 773]
Event: 0.426 Thread 0x000001f2d394f630 Exception <a 'java/lang/NoSuchMethodError'{0x00000000eaf5e630}: 'java.lang.Object java.lang.invoke.DirectMethodHandle$Holder.invokeStatic(java.lang.Object, java.lang.Object, java.lang.Object, java.lang.Object, int)'> (0x00000000eaf5e630) 
thrown [s\src\hotspot\share\interpreter\linkResolver.cpp, line 773]
Event: 0.428 Thread 0x000001f2d394f630 Exception <a 'java/lang/NoSuchMethodError'{0x00000000eaf69a70}: 'void java.lang.invoke.DelegatingMethodHandle$Holder.reinvoke_L(java.lang.Object, java.lang.Object, java.lang.Object, int, java.lang.Object)'> (0x00000000eaf69a70) 
thrown [s\src\hotspot\share\interpreter\linkResolver.cpp, line 773]
Event: 0.434 Thread 0x000001f2d394f630 Exception <a 'java/lang/NoSuchMethodError'{0x00000000eaf7a3c0}: 'int java.lang.invoke.DirectMethodHandle$Holder.invokeSpecial(java.lang.Object, java.lang.Object, java.lang.Object)'> (0x00000000eaf7a3c0) 
thrown [s\src\hotspot\share\interpreter\linkResolver.cpp, line 773]
Event: 0.437 Thread 0x000001f2d394f630 Exception <a 'java/lang/NoSuchMethodError'{0x00000000eaf86080}: 'java.lang.Object java.lang.invoke.DirectMethodHandle$Holder.invokeStatic(java.lang.Object, java.lang.Object, int)'> (0x00000000eaf86080) 
thrown [s\src\hotspot\share\interpreter\linkResolver.cpp, line 773]
Event: 0.438 Thread 0x000001f2d394f630 Exception <a 'java/lang/NoSuchMethodError'{0x00000000eaf8a9d0}: 'void java.lang.invoke.DirectMethodHandle$Holder.invokeStatic(java.lang.Object, java.lang.Object, int, java.lang.Object)'> (0x00000000eaf8a9d0) 
thrown [s\src\hotspot\share\interpreter\linkResolver.cpp, line 773]
Event: 0.439 Thread 0x000001f2d394f630 Exception <a 'java/lang/NoSuchMethodError'{0x00000000eaf8e560}: 'void java.lang.invoke.DirectMethodHandle$Holder.invokeSpecial(java.lang.Object, java.lang.Object, java.lang.Object, int, java.lang.Object)'> (0x00000000eaf8e560) 
thrown [s\src\hotspot\share\interpreter\linkResolver.cpp, line 773]
Event: 0.440 Thread 0x000001f2d394f630 Exception <a 'java/lang/NoSuchMethodError'{0x00000000eaf919d0}: 'void java.lang.invoke.DelegatingMethodHandle$Holder.delegate(java.lang.Object, java.lang.Object, int, java.lang.Object)'> (0x00000000eaf919d0) 
thrown [s\src\hotspot\share\interpreter\linkResolver.cpp, line 773]
Event: 0.629 Thread 0x000001f2d394f630 Exception <a 'java/lang/NoSuchMethodError'{0x00000000eb14e4d8}: 'void java.lang.invoke.DelegatingMethodHandle$Holder.reinvoke_L(java.lang.Object, java.lang.Object, java.lang.Object, int)'> (0x00000000eb14e4d8) 
thrown [s\src\hotspot\share\interpreter\linkResolver.cpp, line 773]
Event: 0.951 Thread 0x000001f2d394f630 Exception <a 'java/lang/NoSuchMethodError'{0x00000000eb5d4fe0}: 'void java.lang.invoke.DirectMethodHandle$Holder.invokeVirtual(java.lang.Object, java.lang.Object)'> (0x00000000eb5d4fe0) 
thrown [s\src\hotspot\share\interpreter\linkResolver.cpp, line 773]

ZGC Phase Switch (0 events):
No events

VM Operations (4 events):
Event: 0.220 Executing VM operation: HandshakeAllThreads (Deoptimize)
Event: 0.220 Executing VM operation: HandshakeAllThreads (Deoptimize) done
Event: 0.363 Executing VM operation: HandshakeAllThreads (Deoptimize)
Event: 0.363 Executing VM operation: HandshakeAllThreads (Deoptimize) done

Memory protections (0 events):
No events

Nmethod flushes (0 events):
No events

Events (12 events):
Event: 0.040 Thread 0x000001f2d394f630 Thread added: 0x000001f2d394f630
Event: 0.097 Thread 0x000001f2d394f630 Thread added: 0x000001f2e9f21160
Event: 0.097 Thread 0x000001f2d394f630 Thread added: 0x000001f2e9f23a70
Event: 0.098 Thread 0x000001f2d394f630 Thread added: 0x000001f2e9f27280
Event: 0.098 Thread 0x000001f2d394f630 Thread added: 0x000001f2e9f27f90
Event: 0.098 Thread 0x000001f2d394f630 Thread added: 0x000001f2e9f29c70
Event: 0.098 Thread 0x000001f2d394f630 Thread added: 0x000001f2e9f2c6d0
Event: 0.098 Thread 0x000001f2d394f630 Thread added: 0x000001f2e9f2d500
Event: 0.114 Thread 0x000001f2d394f630 Thread added: 0x000001f2e9f9c950
Event: 0.197 Thread 0x000001f2d394f630 Thread added: 0x000001f2e9fde8c0
Event: 0.781 Thread 0x000001f2d394f630 Thread added: 0x000001f2ef29c0a0
Event: 0.789 Thread 0x000001f2e9f2d500 Thread added: 0x000001f2ef183fb0


Dynamic libraries:
0x00007ff76d880000 - 0x00007ff76d88e000 	c:\Users\SERGE\.vscode\extensions\redhat.java-1.42.0-win32-x64\jre\21.0.7-win32-x86_64\bin\java.exe
0x00007fff071d0000 - 0x00007fff073c8000 	C:\Windows\SYSTEM32\ntdll.dll
0x00007fff05440000 - 0x00007fff05502000 	C:\Windows\System32\KERNEL32.DLL
0x00007fff048c0000 - 0x00007fff04bbf000 	C:\Windows\System32\KERNELBASE.dll
0x00007fff01cc0000 - 0x00007fff01d54000 	C:\Windows\SYSTEM32\apphelp.dll
0x00007fff04bf0000 - 0x00007fff04cf0000 	C:\Windows\System32\ucrtbase.dll
0x00007ffefeaa0000 - 0x00007ffefeab8000 	c:\Users\SERGE\.vscode\extensions\redhat.java-1.42.0-win32-x64\jre\21.0.7-win32-x86_64\bin\jli.dll
0x00007ffefd6a0000 - 0x00007ffefd6be000 	c:\Users\SERGE\.vscode\extensions\redhat.java-1.42.0-win32-x64\jre\21.0.7-win32-x86_64\bin\VCRUNTIME140.dll
0x00007ffef6730000 - 0x00007ffef69ca000 	C:\Windows\WinSxS\amd64_microsoft.windows.common-controls_6595b64144ccf1df_6.0.19041.4355_none_60b8b9eb71f62e16\COMCTL32.dll
0x00007fff060f0000 - 0x00007fff0618e000 	C:\Windows\System32\msvcrt.dll
0x00007fff070a0000 - 0x00007fff070cb000 	C:\Windows\System32\GDI32.dll
0x00007fff04bc0000 - 0x00007fff04be2000 	C:\Windows\System32\win32u.dll
0x00007fff04ee0000 - 0x00007fff04ffa000 	C:\Windows\System32\gdi32full.dll
0x00007fff050e0000 - 0x00007fff0517d000 	C:\Windows\System32\msvcp_win.dll
0x00007fff05c60000 - 0x00007fff05dfd000 	C:\Windows\System32\USER32.dll
0x00007fff05b40000 - 0x00007fff05b6f000 	C:\Windows\System32\IMM32.DLL
0x00007ffeff3e0000 - 0x00007ffeff3ec000 	c:\Users\SERGE\.vscode\extensions\redhat.java-1.42.0-win32-x64\jre\21.0.7-win32-x86_64\bin\vcruntime140_1.dll
0x00007ffeeb850000 - 0x00007ffeeb8dd000 	c:\Users\SERGE\.vscode\extensions\redhat.java-1.42.0-win32-x64\jre\21.0.7-win32-x86_64\bin\msvcp140.dll
0x00007ffecad60000 - 0x00007ffecbaf0000 	c:\Users\SERGE\.vscode\extensions\redhat.java-1.42.0-win32-x64\jre\21.0.7-win32-x86_64\bin\server\jvm.dll
0x00007fff05370000 - 0x00007fff0541f000 	C:\Windows\System32\ADVAPI32.dll
0x00007fff06190000 - 0x00007fff0622f000 	C:\Windows\System32\sechost.dll
0x00007fff05f20000 - 0x00007fff06043000 	C:\Windows\System32\RPCRT4.dll
0x00007fff050b0000 - 0x00007fff050d7000 	C:\Windows\System32\bcrypt.dll
0x00007fff05eb0000 - 0x00007fff05f1b000 	C:\Windows\System32\WS2_32.dll
0x00007fff03c90000 - 0x00007fff03cdb000 	C:\Windows\SYSTEM32\POWRPROF.dll
0x00007ffef5280000 - 0x00007ffef52a7000 	C:\Windows\SYSTEM32\WINMM.dll
0x00007ffef0ea0000 - 0x00007ffef0eaa000 	C:\Windows\SYSTEM32\VERSION.dll
0x00007fff03c30000 - 0x00007fff03c42000 	C:\Windows\SYSTEM32\UMPDC.dll
0x00007fff026b0000 - 0x00007fff026c2000 	C:\Windows\SYSTEM32\kernel.appcore.dll
0x00007ffeff410000 - 0x00007ffeff41a000 	c:\Users\SERGE\.vscode\extensions\redhat.java-1.42.0-win32-x64\jre\21.0.7-win32-x86_64\bin\jimage.dll
0x00007ffef6fe0000 - 0x00007ffef71c4000 	C:\Windows\SYSTEM32\DBGHELP.DLL
0x00007ffef7380000 - 0x00007ffef73b4000 	C:\Windows\SYSTEM32\dbgcore.DLL
0x00007fff04cf0000 - 0x00007fff04d72000 	C:\Windows\System32\bcryptPrimitives.dll
0x00007ffeff430000 - 0x00007ffeff43f000 	c:\Users\SERGE\.vscode\extensions\redhat.java-1.42.0-win32-x64\jre\21.0.7-win32-x86_64\bin\instrument.dll
0x00007ffeff360000 - 0x00007ffeff37f000 	c:\Users\SERGE\.vscode\extensions\redhat.java-1.42.0-win32-x64\jre\21.0.7-win32-x86_64\bin\java.dll
0x00007fff06570000 - 0x00007fff06cdd000 	C:\Windows\System32\SHELL32.dll
0x00007fff028b0000 - 0x00007fff03053000 	C:\Windows\SYSTEM32\windows.storage.dll
0x00007fff06ce0000 - 0x00007fff07035000 	C:\Windows\System32\combase.dll
0x00007fff041c0000 - 0x00007fff041eb000 	C:\Windows\SYSTEM32\Wldp.dll
0x00007fff063f0000 - 0x00007fff064bd000 	C:\Windows\System32\OLEAUT32.dll
0x00007fff064c0000 - 0x00007fff0656d000 	C:\Windows\System32\SHCORE.dll
0x00007fff070d0000 - 0x00007fff07125000 	C:\Windows\System32\shlwapi.dll
0x00007fff047a0000 - 0x00007fff047c5000 	C:\Windows\SYSTEM32\profapi.dll
0x00007ffefaa70000 - 0x00007ffefaa88000 	c:\Users\SERGE\.vscode\extensions\redhat.java-1.42.0-win32-x64\jre\21.0.7-win32-x86_64\bin\zip.dll
0x00007ffeff420000 - 0x00007ffeff430000 	C:\Users\SERGE\.vscode\extensions\redhat.java-1.42.0-win32-x64\jre\21.0.7-win32-x86_64\bin\net.dll
0x00007ffefb1f0000 - 0x00007ffefb2fa000 	C:\Windows\SYSTEM32\WINHTTP.dll
0x00007fff03fa0000 - 0x00007fff0400c000 	C:\Windows\system32\mswsock.dll
0x00007ffef5cc0000 - 0x00007ffef5cd6000 	C:\Users\SERGE\.vscode\extensions\redhat.java-1.42.0-win32-x64\jre\21.0.7-win32-x86_64\bin\nio.dll
0x00007ffeff3c0000 - 0x00007ffeff3d0000 	c:\Users\SERGE\.vscode\extensions\redhat.java-1.42.0-win32-x64\jre\21.0.7-win32-x86_64\bin\verify.dll

dbghelp: loaded successfully - version: 4.0.5 - missing functions: none
symbol engine: initialized successfully - sym options: 0x614 - pdb path: .;c:\Users\SERGE\.vscode\extensions\redhat.java-1.42.0-win32-x64\jre\21.0.7-win32-x86_64\bin;C:\Windows\SYSTEM32;C:\Windows\WinSxS\amd64_microsoft.windows.common-controls_6595b64144ccf1df_6.0.19041.4355_none_60b8b9eb71f62e16;c:\Users\SERGE\.vscode\extensions\redhat.java-1.42.0-win32-x64\jre\21.0.7-win32-x86_64\bin\server

VM Arguments:
jvm_args: --add-modules=ALL-SYSTEM --add-opens=java.base/java.util=ALL-UNNAMED --add-opens=java.base/java.lang=ALL-UNNAMED --add-opens=java.base/sun.nio.fs=ALL-UNNAMED -Declipse.application=org.eclipse.jdt.ls.core.id1 -Dosgi.bundles.defaultStartLevel=4 -Declipse.product=org.eclipse.jdt.ls.core.product -Djava.import.generatesMetadataFilesAtProjectRoot=false -DDetectVMInstallationsJob.disabled=true -Dfile.encoding=utf8 -XX:+UseParallelGC -XX:GCTimeRatio=4 -XX:AdaptiveSizePolicyWeight=90 -Dsun.zip.disableMemoryMapping=true -Xmx1G -Xms100m -Xlog:disable -javaagent:c:\Users\SERGE\.vscode\extensions\redhat.java-1.42.0-win32-x64\lombok\lombok-1.18.36.jar 
java_command: c:\Users\SERGE\.vscode\extensions\redhat.java-1.42.0-win32-x64\server\plugins\org.eclipse.equinox.launcher_1.7.0.v20250424-1814.jar -configuration c:\Users\SERGE\AppData\Roaming\Code\User\globalStorage\redhat.java\1.42.0\config_ss_win -data c:\Users\SERGE\AppData\Roaming\Code\User\workspaceStorage\a6951d4b4e5e0ad82c8566c0f5837605\redhat.java\ss_ws --pipe=\\.\pipe\lsp-0e976653224d2d8a7d6cfdf2e3aed794-sock
java_class_path (initial): c:\Users\SERGE\.vscode\extensions\redhat.java-1.42.0-win32-x64\server\plugins\org.eclipse.equinox.launcher_1.7.0.v20250424-1814.jar
Launcher Type: SUN_STANDARD

[Global flags]
    uintx AdaptiveSizePolicyWeight                 = 90                                        {product} {command line}
     intx CICompilerCount                          = 3                                         {product} {ergonomic}
    uintx GCTimeRatio                              = 4                                         {product} {command line}
   size_t InitialHeapSize                          = 104857600                                 {product} {command line}
   size_t MaxHeapSize                              = 1073741824                                {product} {command line}
   size_t MaxNewSize                               = 357564416                                 {product} {ergonomic}
   size_t MinHeapDeltaBytes                        = 524288                                    {product} {ergonomic}
   size_t MinHeapSize                              = 104857600                                 {product} {command line}
   size_t NewSize                                  = 34603008                                  {product} {ergonomic}
    uintx NonNMethodCodeHeapSize                   = 5832780                                {pd product} {ergonomic}
    uintx NonProfiledCodeHeapSize                  = 122912730                              {pd product} {ergonomic}
   size_t OldSize                                  = 70254592                                  {product} {ergonomic}
    uintx ProfiledCodeHeapSize                     = 122912730                              {pd product} {ergonomic}
    uintx ReservedCodeCacheSize                    = 251658240                              {pd product} {ergonomic}
     bool SegmentedCodeCache                       = true                                      {product} {ergonomic}
   size_t SoftMaxHeapSize                          = 1073741824                             {manageable} {ergonomic}
     bool UseCompressedOops                        = true                           {product lp64_product} {ergonomic}
     bool UseLargePagesIndividualAllocation        = false                                  {pd product} {ergonomic}
     bool UseParallelGC                            = true                                      {product} {command line}

Logging:
Log output configuration:
 #0: stdout all=off uptime,level,tags foldmultilines=false
 #1: stderr all=off uptime,level,tags foldmultilines=false

Environment Variables:
PATH=C:\Program Files\Java\jdk-17\bin;C:\Program Files\Common Files\Oracle\Java\javapath;C:\Windows\system32;C:\Windows;C:\Windows\System32\Wbem;C:\Windows\System32\WindowsPowerShell\v1.0\;C:\Windows\System32\OpenSSH\;C:\Program Files\nodejs\;C:\Program Files\IVI Foundation\VISA\Win64\Bin\;C:\Program Files (x86)\IVI Foundation\VISA\WinNT\Bin\;C:\Program Files (x86)\IVI Foundation\VISA\WinNT\Bin;C:\Program Files\MATLAB\R2016a\runtime\win64;C:\Program Files\MATLAB\R2016a\bin;C:\Program Files\MATLAB\R2016a\polyspace\bin;C:\composer;C:\Program Files\Git\cmd;C:\Program Files\PostgreSQL\16\bin;C:\Program Files\PostgreSQL\16\data;C:\Program Files\Microsoft VS Code\bin;C:\Program Files\dotnet\;C:\platform-tools-latest-windows\platform-tools;C:\Program Files\MySQL\MySQL Server X.X\bin;C:\Program Files\Java\jdk-17\bin;C:\Server;C:\Program Files\Docker\Docker\resources\bin;C:\Cassandra\apache-cassandra-4.1.8\bin;C:\ProgramData\chocolatey\bin;C:\Program Files\BlueStacks_nxt;C:\Users\SERGE\AppData\Local\Programs\Python\Python311\Scripts\;C:\Users\SERGE\AppData\Local\Programs\Python\Python311\;C:\Users\SERGE\scoop\shims;C:\Users\SERGE\AppData\Local\Microsoft\WindowsApps;C:\Users\SERGE\AppData\Roaming\npm;C:\Program Files (x86);C:\Users\SERGE\AppData\Roaming\Composer\vendor\bin;C:\Users\SERGE\.dotnet\tools;C:\Program Files (x86)\Nmap;C:\Users\SERGE\AppData\Local\Programs\Microsoft VS Code\bin
USERNAME=SERGE
OS=Windows_NT
PROCESSOR_IDENTIFIER=Intel64 Family 6 Model 60 Stepping 3, GenuineIntel
TMP=C:\Users\SERGE\AppData\Local\Temp
TEMP=C:\Users\SERGE\AppData\Local\Temp




Periodic native trim disabled

---------------  S Y S T E M  ---------------

OS:
 Windows 10 , 64 bit Build 19041 (10.0.19041.5438)
OS uptime: 0 days 18:35 hours
Hyper-V role detected

CPU: total 4 (initial active 4) (2 cores per cpu, 2 threads per core) family 6 model 60 stepping 3 microcode 0x27, cx8, cmov, fxsr, ht, mmx, sse, sse2, sse3, ssse3, sse4.1, sse4.2, popcnt, lzcnt, tsc, tscinvbit, avx, avx2, aes, erms, clmul, bmi1, bmi2, fma, vzeroupper, clflush, hv, rdtscp, f16c
Processor Information for the first 4 processors :
  Max Mhz: 2601, Current Mhz: 2601, Mhz Limit: 2601

Memory: 4k page, system-wide physical 8089M (1945M free)
TotalPageFile size 10137M (AvailPageFile size 15M)
current process WorkingSet (physical memory assigned to process): 51M, peak: 51M
current process commit charge ("private bytes"): 178M, peak: 179M

vm_info: OpenJDK 64-Bit Server VM (21.0.7+6-LTS) for windows-amd64 JRE (21.0.7+6-LTS), built on 2025-04-15T00:00:00Z by "admin" with MS VC++ 17.7 (VS2022)

END.
