#
# There is insufficient memory for the Java Runtime Environment to continue.
# Native memory allocation (malloc) failed to allocate 2263200 bytes. Error detail: Chunk::new
# Possible reasons:
#   The system is out of physical RAM or swap space
#   This process is running with CompressedOops enabled, and the Java Heap may be blocking the growth of the native heap
# Possible solutions:
#   Reduce memory load on the system
#   Increase physical memory or swap space
#   Check if swap backing store is full
#   Decrease Java heap size (-Xmx/-Xms)
#   Decrease number of Java threads
#   Decrease Java thread stack sizes (-Xss)
#   Set larger code cache with -XX:ReservedCodeCacheSize=
#   JVM is running with Unscaled Compressed Oops mode in which the Java heap is
#     placed in the first 4GB address space. The Java Heap base address is the
#     maximum limit for the native heap growth. Please use -XX:HeapBaseMinAddress
#     to set the Java Heap base and to place the Java Heap above 4GB virtual address.
# This output file may be truncated or incomplete.
#
#  Out of Memory Error (arena.cpp:168), pid=8036, tid=9252
#
# JRE version: OpenJDK Runtime Environment Temurin-21.0.7+6 (21.0.7+6) (build 21.0.7+6-LTS)
# Java VM: OpenJDK 64-Bit Server VM Temurin-21.0.7+6 (21.0.7+6-LTS, mixed mode, sharing, tiered, compressed oops, compressed class ptrs, parallel gc, windows-amd64)
# No core dump will be written. Minidumps are not enabled by default on client versions of Windows
#

---------------  S U M M A R Y ------------

Command Line: --add-modules=ALL-SYSTEM --add-opens=java.base/java.util=ALL-UNNAMED --add-opens=java.base/java.lang=ALL-UNNAMED --add-opens=java.base/sun.nio.fs=ALL-UNNAMED -Declipse.application=org.eclipse.jdt.ls.core.id1 -Dosgi.bundles.defaultStartLevel=4 -Declipse.product=org.eclipse.jdt.ls.core.product -Djava.import.generatesMetadataFilesAtProjectRoot=false -DDetectVMInstallationsJob.disabled=true -Dfile.encoding=utf8 -XX:+UseParallelGC -XX:GCTimeRatio=4 -XX:AdaptiveSizePolicyWeight=90 -Dsun.zip.disableMemoryMapping=true -Xmx1G -Xms100m -Xlog:disable -javaagent:c:\Users\SERGE\.vscode\extensions\redhat.java-1.42.0-win32-x64\lombok\lombok-1.18.36.jar -XX:+HeapDumpOnOutOfMemoryError -XX:HeapDumpPath=c:\Users\SERGE\AppData\Roaming\Code\User\workspaceStorage\a6951d4b4e5e0ad82c8566c0f5837605\redhat.java -Daether.dependencyCollector.impl=bf c:\Users\SERGE\.vscode\extensions\redhat.java-1.42.0-win32-x64\server\plugins\org.eclipse.equinox.launcher_1.7.0.v20250424-1814.jar -configuration c:\Users\SERGE\AppData\Roaming\Code\User\globalStorage\redhat.java\1.42.0\config_win -data c:\Users\SERGE\AppData\Roaming\Code\User\workspaceStorage\a6951d4b4e5e0ad82c8566c0f5837605\redhat.java\jdt_ws --pipe=\\.\pipe\lsp-c7b9390a465748df304b7a63fa184bcc-sock

Host: Intel(R) Core(TM) i5-4300M CPU @ 2.60GHz, 4 cores, 7G,  Windows 10 , 64 bit Build 19041 (10.0.19041.5438)
Time: Sun May 18 21:38:12 2025 Paris, Madrid (heure duild 19041 (10.0.19041.5438) elapsed time: 59.241832 seconds (0d 0h 0m 59s)

---------------  T H R E A D  ---------------

Current thread (0x0000025ed0b6f7b0):  JavaThread "C2 CompilerThread1" daemon [_thread_in_native, id=9252, stack(0x000000c6ead00000,0x000000c6eae00000) (1024K)]


Current CompileTask:
C2:59241 12413   !   4       org.eclipse.jdt.internal.core.search.indexing.BinaryIndexer::indexDocument (1168 bytes)

Stack: [0x000000c6ead00000,0x000000c6eae00000]
Native frames: (J=compiled Java code, j=interpreted, Vv=VM code, C=native code)
V  [jvm.dll+0x6ce119]
V  [jvm.dll+0x8a84a1]
V  [jvm.dll+0x8aa9ce]
V  [jvm.dll+0x8ab0b3]
V  [jvm.dll+0x27f8a6]
V  [jvm.dll+0xc507d]
V  [jvm.dll+0xc55b3]
V  [jvm.dll+0x3b692c]
V  [jvm.dll+0x1e0029]
V  [jvm.dll+0x247c42]
V  [jvm.dll+0x2470cf]
V  [jvm.dll+0x1c760e]
V  [jvm.dll+0x25695a]
V  [jvm.dll+0x254efa]
V  [jvm.dll+0x3f03f6]
V  [jvm.dll+0x851f6b]
V  [jvm.dll+0x6cc7dd]
C  [ucrtbase.dll+0x21bb2]
C  [KERNEL32.DLL+0x17374]
C  [ntdll.dll+0x4cc91]


---------------  P R O C E S S  ---------------

Threads class SMR info:
_java_thread_list=0x0000025efac01560, length=48, elements={
0x0000025ef1e16eb0, 0x0000025ef9448940, 0x0000025ef944a140, 0x0000025ef944ba40,
0x0000025ef944cbd0, 0x0000025ef944e990, 0x0000025ef94513f0, 0x0000025ef9453230,
0x0000025ef94c92a0, 0x0000025efa2294f0, 0x0000025efa3ee280, 0x0000025efa8ddfd0,
0x0000025eff0ad080, 0x0000025ef9481240, 0x0000025eff11f7e0, 0x0000025efa5682c0,
0x0000025efa30c420, 0x0000025efa3ca290, 0x0000025efa3ca920, 0x0000025efa3cafb0,
0x0000025efa3c8ee0, 0x0000025efa3c9570, 0x0000025efa3c7b30, 0x0000025efa3c81c0,
0x0000025efa3c8850, 0x0000025efa3c9c00, 0x0000025ed0853c70, 0x0000025ed08528c0,
0x0000025ed08556b0, 0x0000025ed0852f50, 0x0000025ed08535e0, 0x0000025ed0854300,
0x0000025ed0854990, 0x0000025ed1991de0, 0x0000025ed1990a30, 0x0000025ed19910c0,
0x0000025ed1991750, 0x0000025ed198e960, 0x0000025ed198eff0, 0x0000025ed198f680,
0x0000025ed19903a0, 0x0000025ed198fd10, 0x0000025eff983550, 0x0000025eff980df0,
0x0000025eff985620, 0x0000025eff9876f0, 0x0000025eff984900, 0x0000025ed0b6f7b0
}

Java Threads: ( => current thread )
  0x0000025ef1e16eb0 JavaThread "main"                              [_thread_blocked, id=5524, stack(0x000000c6e8f00000,0x000000c6e9000000) (1024K)]
  0x0000025ef9448940 JavaThread "Reference Handler"          daemon [_thread_blocked, id=11896, stack(0x000000c6e9400000,0x000000c6e9500000) (1024K)]
  0x0000025ef944a140 JavaThread "Finalizer"                  daemon [_thread_blocked, id=13412, stack(0x000000c6e9500000,0x000000c6e9600000) (1024K)]
  0x0000025ef944ba40 JavaThread "Signal Dispatcher"          daemon [_thread_blocked, id=1740, stack(0x000000c6e9600000,0x000000c6e9700000) (1024K)]
  0x0000025ef944cbd0 JavaThread "Attach Listener"            daemon [_thread_blocked, id=17308, stack(0x000000c6e9700000,0x000000c6e9800000) (1024K)]
  0x0000025ef944e990 JavaThread "Service Thread"             daemon [_thread_blocked, id=14448, stack(0x000000c6e9800000,0x000000c6e9900000) (1024K)]
  0x0000025ef94513f0 JavaThread "Monitor Deflation Thread"   daemon [_thread_blocked, id=3644, stack(0x000000c6e9900000,0x000000c6e9a00000) (1024K)]
  0x0000025ef9453230 JavaThread "C2 CompilerThread0"         daemon [_thread_in_native, id=11940, stack(0x000000c6e9a00000,0x000000c6e9b00000) (1024K)]
  0x0000025ef94c92a0 JavaThread "C1 CompilerThread0"         daemon [_thread_blocked, id=10344, stack(0x000000c6e9b00000,0x000000c6e9c00000) (1024K)]
  0x0000025efa2294f0 JavaThread "Common-Cleaner"             daemon [_thread_blocked, id=10224, stack(0x000000c6e9c00000,0x000000c6e9d00000) (1024K)]
  0x0000025efa3ee280 JavaThread "Notification Thread"        daemon [_thread_blocked, id=16436, stack(0x000000c6e9e00000,0x000000c6e9f00000) (1024K)]
  0x0000025efa8ddfd0 JavaThread "Active Thread: Equinox Container: 4e7abc6e-4645-4f22-ad61-026c7a121d6a"        [_thread_blocked, id=16660, stack(0x000000c6ea200000,0x000000c6ea300000) (1024K)]
  0x0000025eff0ad080 JavaThread "Refresh Thread: Equinox Container: 4e7abc6e-4645-4f22-ad61-026c7a121d6a" daemon [_thread_blocked, id=1300, stack(0x000000c6ea100000,0x000000c6ea200000) (1024K)]
  0x0000025ef9481240 JavaThread "Framework Event Dispatcher: Equinox Container: 4e7abc6e-4645-4f22-ad61-026c7a121d6a" daemon [_thread_blocked, id=15964, stack(0x000000c6ea300000,0x000000c6ea400000) (1024K)]
  0x0000025eff11f7e0 JavaThread "Start Level: Equinox Container: 4e7abc6e-4645-4f22-ad61-026c7a121d6a" daemon [_thread_blocked, id=8536, stack(0x000000c6ea400000,0x000000c6ea500000) (1024K)]
  0x0000025efa5682c0 JavaThread "Bundle File Closer"         daemon [_thread_blocked, id=7628, stack(0x000000c6ea500000,0x000000c6ea600000) (1024K)]
  0x0000025efa30c420 JavaThread "SCR Component Actor"        daemon [_thread_blocked, id=6436, stack(0x000000c6ea600000,0x000000c6ea700000) (1024K)]
  0x0000025efa3ca290 JavaThread "Worker-JM"                         [_thread_blocked, id=1576, stack(0x000000c6ea800000,0x000000c6ea900000) (1024K)]
  0x0000025efa3ca920 JavaThread "JNA Cleaner"                daemon [_thread_blocked, id=3348, stack(0x000000c6ea900000,0x000000c6eaa00000) (1024K)]
  0x0000025efa3cafb0 JavaThread "Worker-0: Initialize workspace"        [_thread_blocked, id=16776, stack(0x000000c6eaa00000,0x000000c6eab00000) (1024K)]
  0x0000025efa3c8ee0 JavaThread "Worker-1: Java indexing... "        [_thread_blocked, id=16720, stack(0x000000c6eab00000,0x000000c6eac00000) (1024K)]
  0x0000025efa3c9570 JavaThread "Worker-2: Initialize Workspace"        [_thread_blocked, id=536, stack(0x000000c6eac00000,0x000000c6ead00000) (1024K)]
  0x0000025efa3c7b30 JavaThread "Java indexing"              daemon [_thread_blocked, id=2672, stack(0x000000c6eae00000,0x000000c6eaf00000) (1024K)]
  0x0000025efa3c81c0 JavaThread "Worker-3"                          [_thread_blocked, id=13748, stack(0x000000c6eb000000,0x000000c6eb100000) (1024K)]
  0x0000025efa3c8850 JavaThread "Worker-4"                          [_thread_blocked, id=4656, stack(0x000000c6eb100000,0x000000c6eb200000) (1024K)]
  0x0000025efa3c9c00 JavaThread "Thread-2"                   daemon [_thread_in_native, id=9320, stack(0x000000c6eb200000,0x000000c6eb300000) (1024K)]
  0x0000025ed0853c70 JavaThread "Thread-3"                   daemon [_thread_in_native, id=13604, stack(0x000000c6eb300000,0x000000c6eb400000) (1024K)]
  0x0000025ed08528c0 JavaThread "Thread-4"                   daemon [_thread_in_native, id=4964, stack(0x000000c6eb400000,0x000000c6eb500000) (1024K)]
  0x0000025ed08556b0 JavaThread "Thread-5"                   daemon [_thread_in_native, id=17024, stack(0x000000c6eb500000,0x000000c6eb600000) (1024K)]
  0x0000025ed0852f50 JavaThread "Thread-6"                   daemon [_thread_in_native, id=17020, stack(0x000000c6eb600000,0x000000c6eb700000) (1024K)]
  0x0000025ed08535e0 JavaThread "pool-2-thread-1"                   [_thread_blocked, id=14176, stack(0x000000c6eb700000,0x000000c6eb800000) (1024K)]
  0x0000025ed0854300 JavaThread "WorkspaceEventsHandler"            [_thread_blocked, id=13880, stack(0x000000c6eb800000,0x000000c6eb900000) (1024K)]
  0x0000025ed0854990 JavaThread "pool-1-thread-1"                   [_thread_blocked, id=17048, stack(0x000000c6eb900000,0x000000c6eba00000) (1024K)]
  0x0000025ed1991de0 JavaThread "LocalFile Deleter"          daemon [_thread_blocked, id=12076, stack(0x000000c6eba00000,0x000000c6ebb00000) (1024K)]
  0x0000025ed1990a30 JavaThread "LocalFile Deleter"          daemon [_thread_blocked, id=8928, stack(0x000000c6ebb00000,0x000000c6ebc00000) (1024K)]
  0x0000025ed19910c0 JavaThread "LocalFile Deleter"          daemon [_thread_blocked, id=1360, stack(0x000000c6ebc00000,0x000000c6ebd00000) (1024K)]
  0x0000025ed1991750 JavaThread "LocalFile Deleter"          daemon [_thread_blocked, id=416, stack(0x000000c6ebd00000,0x000000c6ebe00000) (1024K)]
  0x0000025ed198e960 JavaThread "Compiler Source File Reader" daemon [_thread_blocked, id=16780, stack(0x000000c6ebe00000,0x000000c6ebf00000) (1024K)]
  0x0000025ed198eff0 JavaThread "Compiler Source File Reader" daemon [_thread_blocked, id=10892, stack(0x000000c6ebf00000,0x000000c6ec000000) (1024K)]
  0x0000025ed198f680 JavaThread "Compiler Processing Task"   daemon [_thread_blocked, id=15124, stack(0x000000c6ec000000,0x000000c6ec100000) (1024K)]
  0x0000025ed19903a0 JavaThread "Compiler Class File Writer" daemon [_thread_blocked, id=16592, stack(0x000000c6ec100000,0x000000c6ec200000) (1024K)]
  0x0000025ed198fd10 JavaThread "Compiler Class File Writer" daemon [_thread_blocked, id=10800, stack(0x000000c6ec200000,0x000000c6ec300000) (1024K)]
  0x0000025eff983550 JavaThread "ForkJoinPool.commonPool-worker-1" daemon [_thread_blocked, id=16816, stack(0x000000c6ec300000,0x000000c6ec400000) (1024K)]
  0x0000025eff980df0 JavaThread "ForkJoinPool.commonPool-worker-2" daemon [_thread_blocked, id=7724, stack(0x000000c6ec400000,0x000000c6ec500000) (1024K)]
  0x0000025eff985620 JavaThread "ForkJoinPool.commonPool-worker-3" daemon [_thread_blocked, id=13948, stack(0x000000c6ec500000,0x000000c6ec600000) (1024K)]
  0x0000025eff9876f0 JavaThread "Worker-5"                          [_thread_blocked, id=9304, stack(0x000000c6ec600000,0x000000c6ec700000) (1024K)]
  0x0000025eff984900 JavaThread "Worker-6"                          [_thread_blocked, id=3888, stack(0x000000c6ec700000,0x000000c6ec800000) (1024K)]
=>0x0000025ed0b6f7b0 JavaThread "C2 CompilerThread1"         daemon [_thread_in_native, id=9252, stack(0x000000c6ead00000,0x000000c6eae00000) (1024K)]
Total: 48

Other Threads:
  0x0000025ef943ea20 VMThread "VM Thread"                           [id=5968, stack(0x000000c6e9300000,0x000000c6e9400000) (1024K)]
  0x0000025ef418aa80 WatcherThread "VM Periodic Task Thread"        [id=7900, stack(0x000000c6e9200000,0x000000c6e9300000) (1024K)]
  0x0000025ef41402a0 WorkerThread "GC Thread#0"                     [id=11116, stack(0x000000c6e9100000,0x000000c6e9200000) (1024K)]
  0x0000025efa850680 WorkerThread "GC Thread#1"                     [id=16832, stack(0x000000c6e9d00000,0x000000c6e9e00000) (1024K)]
  0x0000025efa74bfd0 WorkerThread "GC Thread#2"                     [id=16224, stack(0x000000c6e9f00000,0x000000c6ea000000) (1024K)]
  0x0000025efa850a20 WorkerThread "GC Thread#3"                     [id=13428, stack(0x000000c6ea000000,0x000000c6ea100000) (1024K)]
Total: 6

Threads with active compile tasks:
C2 CompilerThread0  59280 12448 %     4       org.eclipse.jdt.internal.core.index.DiskIndex::writeAllDocumentNames @ 251 (512 bytes)
C2 CompilerThread1  59280 12413   !   4       org.eclipse.jdt.internal.core.search.indexing.BinaryIndexer::indexDocument (1168 bytes)
Total: 2

VM state: not at safepoint (normal execution)

VM Mutex/Monitor currently owned by a thread:  ([mutex/lock_event])
[0x00007ffe9b35e408] Heap_lock - owner thread: 0x0000025efa3c7b30

Heap address: 0x00000000c0000000, size: 1024 MB, Compressed Oops mode: 32-bit

CDS archive(s) mapped at: [0x0000025e8f000000-0x0000025e8fba0000-0x0000025e8fba0000), size 12189696, SharedBaseAddress: 0x0000025e8f000000, ArchiveRelocationMode: 1.
Compressed class space mapped at: 0x0000025e90000000-0x0000025ed0000000, reserved size: 1073741824
Narrow klass base: 0x0000025e8f000000, Narrow klass shift: 0, Narrow klass range: 0x100000000

GC Precious Log:
 CardTable entry size: 512
 CPUs: 4 total, 4 available
 Memory: 8089M
 Large Page Support: Disabled
 NUMA Support: Disabled
 Compressed Oops: Enabled (32-bit)
 Alignments: Space 512K, Generation 512K, Heap 2M
 Heap Min Capacity: 100M
 Heap Initial Capacity: 100M
 Heap Max Capacity: 1G
 Pre-touch: Disabled
 Parallel Workers: 4

Heap:
 PSYoungGen      total 6656K, used 515K [0x00000000eab00000, 0x00000000eb380000, 0x0000000100000000)
  eden space 6144K, 1% used [0x00000000eab00000,0x00000000eab17a00,0x00000000eb100000)
  from space 512K, 82% used [0x00000000eb100000,0x00000000eb169208,0x00000000eb180000)
  to   space 1024K, 0% used [0x00000000eb280000,0x00000000eb280000,0x00000000eb380000)
 ParOldGen       total 356864K, used 356430K [0x00000000c0000000, 0x00000000d5c80000, 0x00000000eab00000)
  object space 356864K, 99% used [0x00000000c0000000,0x00000000d5c138b0,0x00000000d5c80000)
 Metaspace       used 65687K, committed 67264K, reserved 1114112K
  class space    used 6721K, committed 7424K, reserved 1048576K

Card table byte_map: [0x0000025ef3ad0000,0x0000025ef3ce0000] _byte_map_base: 0x0000025ef34d0000

Marking Bits: (ParMarkBitMap*) 0x00007ffe9b3631f0
 Begin Bits: [0x0000025ef7320000, 0x0000025ef8320000)
 End Bits:   [0x0000025ef8320000, 0x0000025ef9320000)

Polling page: 0x0000025ef2150000

Metaspace:

Usage:
  Non-class:     57.58 MB used.
      Class:      6.56 MB used.
       Both:     64.15 MB used.

Virtual space:
  Non-class space:       64.00 MB reserved,      58.44 MB ( 91%) committed,  1 nodes.
      Class space:        1.00 GB reserved,       7.25 MB ( <1%) committed,  1 nodes.
             Both:        1.06 GB reserved,      65.69 MB (  6%) committed. 

Chunk freelists:
   Non-Class:  5.14 MB
       Class:  8.72 MB
        Both:  13.86 MB

MaxMetaspaceSize: unlimited
CompressedClassSpaceSize: 1.00 GB
Initial GC threshold: 21.00 MB
Current GC threshold: 97.31 MB
CDS: on
 - commit_granule_bytes: 65536.
 - commit_granule_words: 8192.
 - virtual_space_node_default_size: 8388608.
 - enlarge_chunks_in_place: 1.
 - use_allocation_guard: 0.


Internal statistics:

num_allocs_failed_limit: 9.
num_arena_births: 1292.
num_arena_deaths: 14.
num_vsnodes_births: 2.
num_vsnodes_deaths: 0.
num_space_committed: 1051.
num_space_uncommitted: 0.
num_chunks_returned_to_freelist: 23.
num_chunks_taken_from_freelist: 4447.
num_chunk_merges: 12.
num_chunk_splits: 2741.
num_chunks_enlarged: 1532.
num_inconsistent_stats: 0.

CodeHeap 'non-profiled nmethods': size=120000Kb used=9151Kb max_used=9151Kb free=110848Kb
 bounds [0x0000025e87ad0000, 0x0000025e883c0000, 0x0000025e8f000000]
CodeHeap 'profiled nmethods': size=120000Kb used=27379Kb max_used=27379Kb free=92620Kb
 bounds [0x0000025e80000000, 0x0000025e81ac0000, 0x0000025e87530000]
CodeHeap 'non-nmethods': size=5760Kb used=1444Kb max_used=1487Kb free=4315Kb
 bounds [0x0000025e87530000, 0x0000025e877a0000, 0x0000025e87ad0000]
 total_blobs=12434 nmethods=11668 adapters=672
 compilation: enabled
              stopped_count=0, restarted_count=0
 full_count=0

Compilation events (20 events):
Event: 59.050 Thread 0x0000025ef94c92a0 12469       2       org.eclipse.jdt.internal.core.JarPackageFragmentRoot$$Lambda/0x0000025e90538650::apply (8 bytes)
Event: 59.050 Thread 0x0000025ef94c92a0 nmethod 12469 0x0000025e81ab9990 code [0x0000025e81ab9b40, 0x0000025e81ab9d18]
Event: 59.050 Thread 0x0000025ef94c92a0 12470       3       java.util.TimSort::ensureCapacity (77 bytes)
Event: 59.051 Thread 0x0000025ef94c92a0 nmethod 12470 0x0000025e81ab9e10 code [0x0000025e81aba020, 0x0000025e81aba590]
Event: 59.051 Thread 0x0000025ef94c92a0 12471       3       org.eclipse.jdt.internal.core.JavaElement::getHandleIdentifier (5 bytes)
Event: 59.051 Thread 0x0000025ef9453230 nmethod 12419 0x0000025e883b9690 code [0x0000025e883b9900, 0x0000025e883ba850]
Event: 59.051 Thread 0x0000025ef94c92a0 nmethod 12471 0x0000025e81aba790 code [0x0000025e81aba980, 0x0000025e81abaea8]
Event: 59.051 Thread 0x0000025ef94c92a0 12472       3       org.eclipse.jdt.internal.core.JavaElement::getHandleMemento (18 bytes)
Event: 59.052 Thread 0x0000025ef9453230 12468 %     4       org.eclipse.jdt.internal.core.index.DiskIndex::copyQueryResults @ 107 (221 bytes)
Event: 59.052 Thread 0x0000025ef94c92a0 nmethod 12472 0x0000025e81abb090 code [0x0000025e81abb280, 0x0000025e81abb6d0]
Event: 59.052 Thread 0x0000025ef94c92a0 12473       3       org.eclipse.jdt.internal.core.JavaElement::getHandleMemento (27 bytes)
Event: 59.052 Thread 0x0000025ef94c92a0 nmethod 12473 0x0000025e81abb890 code [0x0000025e81abbaa0, 0x0000025e81abc020]
Event: 59.052 Thread 0x0000025ef94c92a0 12474       3       org.eclipse.jdt.internal.core.JavaModel::getHandleMemento (10 bytes)
Event: 59.052 Thread 0x0000025ef94c92a0 nmethod 12474 0x0000025e81abc210 code [0x0000025e81abc3c0, 0x0000025e81abc658]
Event: 59.066 Thread 0x0000025ef94c92a0 12475       3       org.eclipse.jdt.internal.core.JarEntryDirectory::<init> (6 bytes)
Event: 59.067 Thread 0x0000025ef94c92a0 nmethod 12475 0x0000025e81abc790 code [0x0000025e81abc940, 0x0000025e81abcb80]
Event: 59.172 Thread 0x0000025ef9453230 nmethod 12468% 0x0000025e883bb110 code [0x0000025e883bb4c0, 0x0000025e883bdf30]
Event: 59.172 Thread 0x0000025ef9453230 12476 %     4       org.eclipse.jdt.internal.compiler.util.HashtableOfObject::rehash @ 27 (84 bytes)
Event: 59.182 Thread 0x0000025ef9453230 nmethod 12476% 0x0000025e883bef90 code [0x0000025e883bf1a0, 0x0000025e883bf8e0]
Event: 59.182 Thread 0x0000025ef9453230 12448 %     4       org.eclipse.jdt.internal.core.index.DiskIndex::writeAllDocumentNames @ 251 (512 bytes)

GC Heap History (20 events):
Event: 58.768 GC heap after
{Heap after GC invocations=321 (full 3):
 PSYoungGen      total 7168K, used 258K [0x00000000eab00000, 0x00000000eb480000, 0x0000000100000000)
  eden space 6656K, 0% used [0x00000000eab00000,0x00000000eab00000,0x00000000eb180000)
  from space 512K, 50% used [0x00000000eb400000,0x00000000eb440928,0x00000000eb480000)
  to   space 512K, 0% used [0x00000000eb380000,0x00000000eb380000,0x00000000eb400000)
 ParOldGen       total 351232K, used 350947K [0x00000000c0000000, 0x00000000d5700000, 0x00000000eab00000)
  object space 351232K, 99% used [0x00000000c0000000,0x00000000d56b8fb8,0x00000000d5700000)
 Metaspace       used 65674K, committed 67264K, reserved 1114112K
  class space    used 6720K, committed 7424K, reserved 1048576K
}
Event: 58.863 GC heap before
{Heap before GC invocations=322 (full 3):
 PSYoungGen      total 7168K, used 6914K [0x00000000eab00000, 0x00000000eb480000, 0x0000000100000000)
  eden space 6656K, 100% used [0x00000000eab00000,0x00000000eb180000,0x00000000eb180000)
  from space 512K, 50% used [0x00000000eb400000,0x00000000eb440928,0x00000000eb480000)
  to   space 512K, 0% used [0x00000000eb380000,0x00000000eb380000,0x00000000eb400000)
 ParOldGen       total 351232K, used 350949K [0x00000000c0000000, 0x00000000d5700000, 0x00000000eab00000)
  object space 351232K, 99% used [0x00000000c0000000,0x00000000d56b97c0,0x00000000d5700000)
 Metaspace       used 65674K, committed 67264K, reserved 1114112K
  class space    used 6720K, committed 7424K, reserved 1048576K
}
Event: 58.866 GC heap after
{Heap after GC invocations=322 (full 3):
 PSYoungGen      total 7168K, used 221K [0x00000000eab00000, 0x00000000eb480000, 0x0000000100000000)
  eden space 6656K, 0% used [0x00000000eab00000,0x00000000eab00000,0x00000000eb180000)
  from space 512K, 43% used [0x00000000eb380000,0x00000000eb3b7538,0x00000000eb400000)
  to   space 512K, 0% used [0x00000000eb400000,0x00000000eb400000,0x00000000eb480000)
 ParOldGen       total 351232K, used 351105K [0x00000000c0000000, 0x00000000d5700000, 0x00000000eab00000)
  object space 351232K, 99% used [0x00000000c0000000,0x00000000d56e07d8,0x00000000d5700000)
 Metaspace       used 65674K, committed 67264K, reserved 1114112K
  class space    used 6720K, committed 7424K, reserved 1048576K
}
Event: 58.887 GC heap before
{Heap before GC invocations=323 (full 3):
 PSYoungGen      total 7168K, used 6877K [0x00000000eab00000, 0x00000000eb480000, 0x0000000100000000)
  eden space 6656K, 100% used [0x00000000eab00000,0x00000000eb180000,0x00000000eb180000)
  from space 512K, 43% used [0x00000000eb380000,0x00000000eb3b7538,0x00000000eb400000)
  to   space 512K, 0% used [0x00000000eb400000,0x00000000eb400000,0x00000000eb480000)
 ParOldGen       total 351232K, used 351105K [0x00000000c0000000, 0x00000000d5700000, 0x00000000eab00000)
  object space 351232K, 99% used [0x00000000c0000000,0x00000000d56e07d8,0x00000000d5700000)
 Metaspace       used 65677K, committed 67264K, reserved 1114112K
  class space    used 6720K, committed 7424K, reserved 1048576K
}
Event: 58.889 GC heap after
{Heap after GC invocations=323 (full 3):
 PSYoungGen      total 7168K, used 96K [0x00000000eab00000, 0x00000000eb480000, 0x0000000100000000)
  eden space 6656K, 0% used [0x00000000eab00000,0x00000000eab00000,0x00000000eb180000)
  from space 512K, 18% used [0x00000000eb400000,0x00000000eb418000,0x00000000eb480000)
  to   space 512K, 0% used [0x00000000eb380000,0x00000000eb380000,0x00000000eb400000)
 ParOldGen       total 351232K, used 351169K [0x00000000c0000000, 0x00000000d5700000, 0x00000000eab00000)
  object space 351232K, 99% used [0x00000000c0000000,0x00000000d56f07d8,0x00000000d5700000)
 Metaspace       used 65677K, committed 67264K, reserved 1114112K
  class space    used 6720K, committed 7424K, reserved 1048576K
}
Event: 58.992 GC heap before
{Heap before GC invocations=324 (full 3):
 PSYoungGen      total 7168K, used 6752K [0x00000000eab00000, 0x00000000eb480000, 0x0000000100000000)
  eden space 6656K, 100% used [0x00000000eab00000,0x00000000eb180000,0x00000000eb180000)
  from space 512K, 18% used [0x00000000eb400000,0x00000000eb418000,0x00000000eb480000)
  to   space 512K, 0% used [0x00000000eb380000,0x00000000eb380000,0x00000000eb400000)
 ParOldGen       total 351232K, used 351169K [0x00000000c0000000, 0x00000000d5700000, 0x00000000eab00000)
  object space 351232K, 99% used [0x00000000c0000000,0x00000000d56f07d8,0x00000000d5700000)
 Metaspace       used 65685K, committed 67264K, reserved 1114112K
  class space    used 6721K, committed 7424K, reserved 1048576K
}
Event: 58.996 GC heap after
{Heap after GC invocations=324 (full 3):
 PSYoungGen      total 7168K, used 492K [0x00000000eab00000, 0x00000000eb480000, 0x0000000100000000)
  eden space 6656K, 0% used [0x00000000eab00000,0x00000000eab00000,0x00000000eb180000)
  from space 512K, 96% used [0x00000000eb380000,0x00000000eb3fb1e8,0x00000000eb400000)
  to   space 512K, 0% used [0x00000000eb400000,0x00000000eb400000,0x00000000eb480000)
 ParOldGen       total 351744K, used 351587K [0x00000000c0000000, 0x00000000d5780000, 0x00000000eab00000)
  object space 351744K, 99% used [0x00000000c0000000,0x00000000d5758fd8,0x00000000d5780000)
 Metaspace       used 65685K, committed 67264K, reserved 1114112K
  class space    used 6721K, committed 7424K, reserved 1048576K
}
Event: 59.034 GC heap before
{Heap before GC invocations=325 (full 3):
 PSYoungGen      total 7168K, used 7148K [0x00000000eab00000, 0x00000000eb480000, 0x0000000100000000)
  eden space 6656K, 100% used [0x00000000eab00000,0x00000000eb180000,0x00000000eb180000)
  from space 512K, 96% used [0x00000000eb380000,0x00000000eb3fb1e8,0x00000000eb400000)
  to   space 512K, 0% used [0x00000000eb400000,0x00000000eb400000,0x00000000eb480000)
 ParOldGen       total 351744K, used 351587K [0x00000000c0000000, 0x00000000d5780000, 0x00000000eab00000)
  object space 351744K, 99% used [0x00000000c0000000,0x00000000d5758fd8,0x00000000d5780000)
 Metaspace       used 65685K, committed 67264K, reserved 1114112K
  class space    used 6721K, committed 7424K, reserved 1048576K
}
Event: 59.038 GC heap after
{Heap after GC invocations=325 (full 3):
 PSYoungGen      total 7168K, used 490K [0x00000000eab00000, 0x00000000eb480000, 0x0000000100000000)
  eden space 6656K, 0% used [0x00000000eab00000,0x00000000eab00000,0x00000000eb180000)
  from space 512K, 95% used [0x00000000eb400000,0x00000000eb47a800,0x00000000eb480000)
  to   space 1024K, 0% used [0x00000000eb280000,0x00000000eb280000,0x00000000eb380000)
 ParOldGen       total 352256K, used 352087K [0x00000000c0000000, 0x00000000d5800000, 0x00000000eab00000)
  object space 352256K, 99% used [0x00000000c0000000,0x00000000d57d5c20,0x00000000d5800000)
 Metaspace       used 65685K, committed 67264K, reserved 1114112K
  class space    used 6721K, committed 7424K, reserved 1048576K
}
Event: 59.063 GC heap before
{Heap before GC invocations=326 (full 3):
 PSYoungGen      total 7168K, used 7146K [0x00000000eab00000, 0x00000000eb480000, 0x0000000100000000)
  eden space 6656K, 100% used [0x00000000eab00000,0x00000000eb180000,0x00000000eb180000)
  from space 512K, 95% used [0x00000000eb400000,0x00000000eb47a800,0x00000000eb480000)
  to   space 1024K, 0% used [0x00000000eb280000,0x00000000eb280000,0x00000000eb380000)
 ParOldGen       total 352256K, used 352087K [0x00000000c0000000, 0x00000000d5800000, 0x00000000eab00000)
  object space 352256K, 99% used [0x00000000c0000000,0x00000000d57d5c20,0x00000000d5800000)
 Metaspace       used 65687K, committed 67264K, reserved 1114112K
  class space    used 6721K, committed 7424K, reserved 1048576K
}
Event: 59.065 GC heap after
{Heap after GC invocations=326 (full 3):
 PSYoungGen      total 7680K, used 844K [0x00000000eab00000, 0x00000000eb480000, 0x0000000100000000)
  eden space 6656K, 0% used [0x00000000eab00000,0x00000000eab00000,0x00000000eb180000)
  from space 1024K, 82% used [0x00000000eb280000,0x00000000eb353238,0x00000000eb380000)
  to   space 1024K, 0% used [0x00000000eb380000,0x00000000eb380000,0x00000000eb480000)
 ParOldGen       total 352768K, used 352473K [0x00000000c0000000, 0x00000000d5880000, 0x00000000eab00000)
  object space 352768K, 99% used [0x00000000c0000000,0x00000000d5836420,0x00000000d5880000)
 Metaspace       used 65687K, committed 67264K, reserved 1114112K
  class space    used 6721K, committed 7424K, reserved 1048576K
}
Event: 59.102 GC heap before
{Heap before GC invocations=327 (full 3):
 PSYoungGen      total 7680K, used 7500K [0x00000000eab00000, 0x00000000eb480000, 0x0000000100000000)
  eden space 6656K, 100% used [0x00000000eab00000,0x00000000eb180000,0x00000000eb180000)
  from space 1024K, 82% used [0x00000000eb280000,0x00000000eb353238,0x00000000eb380000)
  to   space 1024K, 0% used [0x00000000eb380000,0x00000000eb380000,0x00000000eb480000)
 ParOldGen       total 352768K, used 352473K [0x00000000c0000000, 0x00000000d5880000, 0x00000000eab00000)
  object space 352768K, 99% used [0x00000000c0000000,0x00000000d5836420,0x00000000d5880000)
 Metaspace       used 65687K, committed 67264K, reserved 1114112K
  class space    used 6721K, committed 7424K, reserved 1048576K
}
Event: 59.107 GC heap after
{Heap after GC invocations=327 (full 3):
 PSYoungGen      total 7680K, used 1014K [0x00000000eab00000, 0x00000000eb480000, 0x0000000100000000)
  eden space 6656K, 0% used [0x00000000eab00000,0x00000000eab00000,0x00000000eb180000)
  from space 1024K, 99% used [0x00000000eb380000,0x00000000eb47db88,0x00000000eb480000)
  to   space 1024K, 0% used [0x00000000eb280000,0x00000000eb280000,0x00000000eb380000)
 ParOldGen       total 353792K, used 353395K [0x00000000c0000000, 0x00000000d5980000, 0x00000000eab00000)
  object space 353792K, 99% used [0x00000000c0000000,0x00000000d591cd20,0x00000000d5980000)
 Metaspace       used 65687K, committed 67264K, reserved 1114112K
  class space    used 6721K, committed 7424K, reserved 1048576K
}
Event: 59.143 GC heap before
{Heap before GC invocations=328 (full 3):
 PSYoungGen      total 7680K, used 7670K [0x00000000eab00000, 0x00000000eb480000, 0x0000000100000000)
  eden space 6656K, 100% used [0x00000000eab00000,0x00000000eb180000,0x00000000eb180000)
  from space 1024K, 99% used [0x00000000eb380000,0x00000000eb47db88,0x00000000eb480000)
  to   space 1024K, 0% used [0x00000000eb280000,0x00000000eb280000,0x00000000eb380000)
 ParOldGen       total 353792K, used 353395K [0x00000000c0000000, 0x00000000d5980000, 0x00000000eab00000)
  object space 353792K, 99% used [0x00000000c0000000,0x00000000d591cd20,0x00000000d5980000)
 Metaspace       used 65687K, committed 67264K, reserved 1114112K
  class space    used 6721K, committed 7424K, reserved 1048576K
}
Event: 59.145 GC heap after
{Heap after GC invocations=328 (full 3):
 PSYoungGen      total 7168K, used 128K [0x00000000eab00000, 0x00000000eb400000, 0x0000000100000000)
  eden space 6656K, 0% used [0x00000000eab00000,0x00000000eab00000,0x00000000eb180000)
  from space 512K, 25% used [0x00000000eb280000,0x00000000eb2a0000,0x00000000eb300000)
  to   space 1024K, 0% used [0x00000000eb300000,0x00000000eb300000,0x00000000eb400000)
 ParOldGen       total 354816K, used 354412K [0x00000000c0000000, 0x00000000d5a80000, 0x00000000eab00000)
  object space 354816K, 99% used [0x00000000c0000000,0x00000000d5a1b3f8,0x00000000d5a80000)
 Metaspace       used 65687K, committed 67264K, reserved 1114112K
  class space    used 6721K, committed 7424K, reserved 1048576K
}
Event: 59.165 GC heap before
{Heap before GC invocations=329 (full 3):
 PSYoungGen      total 7168K, used 6784K [0x00000000eab00000, 0x00000000eb400000, 0x0000000100000000)
  eden space 6656K, 100% used [0x00000000eab00000,0x00000000eb180000,0x00000000eb180000)
  from space 512K, 25% used [0x00000000eb280000,0x00000000eb2a0000,0x00000000eb300000)
  to   space 1024K, 0% used [0x00000000eb300000,0x00000000eb300000,0x00000000eb400000)
 ParOldGen       total 354816K, used 354412K [0x00000000c0000000, 0x00000000d5a80000, 0x00000000eab00000)
  object space 354816K, 99% used [0x00000000c0000000,0x00000000d5a1b3f8,0x00000000d5a80000)
 Metaspace       used 65687K, committed 67264K, reserved 1114112K
  class space    used 6721K, committed 7424K, reserved 1048576K
}
Event: 59.168 GC heap after
{Heap after GC invocations=329 (full 3):
 PSYoungGen      total 7168K, used 293K [0x00000000eab00000, 0x00000000eb380000, 0x0000000100000000)
  eden space 6656K, 0% used [0x00000000eab00000,0x00000000eab00000,0x00000000eb180000)
  from space 512K, 57% used [0x00000000eb300000,0x00000000eb3496d0,0x00000000eb380000)
  to   space 512K, 0% used [0x00000000eb280000,0x00000000eb280000,0x00000000eb300000)
 ParOldGen       total 354816K, used 354444K [0x00000000c0000000, 0x00000000d5a80000, 0x00000000eab00000)
  object space 354816K, 99% used [0x00000000c0000000,0x00000000d5a233f8,0x00000000d5a80000)
 Metaspace       used 65687K, committed 67264K, reserved 1114112K
  class space    used 6721K, committed 7424K, reserved 1048576K
}
Event: 59.213 GC heap before
{Heap before GC invocations=330 (full 3):
 PSYoungGen      total 7168K, used 6904K [0x00000000eab00000, 0x00000000eb380000, 0x0000000100000000)
  eden space 6656K, 99% used [0x00000000eab00000,0x00000000eb174a80,0x00000000eb180000)
  from space 512K, 57% used [0x00000000eb300000,0x00000000eb3496d0,0x00000000eb380000)
  to   space 512K, 0% used [0x00000000eb280000,0x00000000eb280000,0x00000000eb300000)
 ParOldGen       total 354816K, used 354444K [0x00000000c0000000, 0x00000000d5a80000, 0x00000000eab00000)
  object space 354816K, 99% used [0x00000000c0000000,0x00000000d5a233f8,0x00000000d5a80000)
 Metaspace       used 65687K, committed 67264K, reserved 1114112K
  class space    used 6721K, committed 7424K, reserved 1048576K
}
Event: 59.215 GC heap after
{Heap after GC invocations=330 (full 3):
 PSYoungGen      total 7168K, used 488K [0x00000000eab00000, 0x00000000eb380000, 0x0000000100000000)
  eden space 6656K, 0% used [0x00000000eab00000,0x00000000eab00000,0x00000000eb180000)
  from space 512K, 95% used [0x00000000eb280000,0x00000000eb2fa000,0x00000000eb300000)
  to   space 512K, 0% used [0x00000000eb300000,0x00000000eb300000,0x00000000eb380000)
 ParOldGen       total 354816K, used 354761K [0x00000000c0000000, 0x00000000d5a80000, 0x00000000eab00000)
  object space 354816K, 99% used [0x00000000c0000000,0x00000000d5a72680,0x00000000d5a80000)
 Metaspace       used 65687K, committed 67264K, reserved 1114112K
  class space    used 6721K, committed 7424K, reserved 1048576K
}
Event: 59.236 GC heap before
{Heap before GC invocations=331 (full 3):
 PSYoungGen      total 7168K, used 7144K [0x00000000eab00000, 0x00000000eb380000, 0x0000000100000000)
  eden space 6656K, 100% used [0x00000000eab00000,0x00000000eb180000,0x00000000eb180000)
  from space 512K, 95% used [0x00000000eb280000,0x00000000eb2fa000,0x00000000eb300000)
  to   space 512K, 0% used [0x00000000eb300000,0x00000000eb300000,0x00000000eb380000)
 ParOldGen       total 354816K, used 354761K [0x00000000c0000000, 0x00000000d5a80000, 0x00000000eab00000)
  object space 354816K, 99% used [0x00000000c0000000,0x00000000d5a72680,0x00000000d5a80000)
 Metaspace       used 65687K, committed 67264K, reserved 1114112K
  class space    used 6721K, committed 7424K, reserved 1048576K
}

Dll operation events (10 events):
Event: 0.200 Loaded shared library c:\Users\SERGE\.vscode\extensions\redhat.java-1.42.0-win32-x64\jre\21.0.7-win32-x86_64\bin\java.dll
Event: 0.761 Loaded shared library c:\Users\SERGE\.vscode\extensions\redhat.java-1.42.0-win32-x64\jre\21.0.7-win32-x86_64\bin\zip.dll
Event: 0.841 Loaded shared library C:\Users\SERGE\.vscode\extensions\redhat.java-1.42.0-win32-x64\jre\21.0.7-win32-x86_64\bin\instrument.dll
Event: 0.850 Loaded shared library C:\Users\SERGE\.vscode\extensions\redhat.java-1.42.0-win32-x64\jre\21.0.7-win32-x86_64\bin\net.dll
Event: 0.854 Loaded shared library C:\Users\SERGE\.vscode\extensions\redhat.java-1.42.0-win32-x64\jre\21.0.7-win32-x86_64\bin\nio.dll
Event: 0.866 Loaded shared library C:\Users\SERGE\.vscode\extensions\redhat.java-1.42.0-win32-x64\jre\21.0.7-win32-x86_64\bin\zip.dll
Event: 0.915 Loaded shared library C:\Users\SERGE\.vscode\extensions\redhat.java-1.42.0-win32-x64\jre\21.0.7-win32-x86_64\bin\jimage.dll
Event: 1.039 Loaded shared library c:\Users\SERGE\.vscode\extensions\redhat.java-1.42.0-win32-x64\jre\21.0.7-win32-x86_64\bin\verify.dll
Event: 6.081 Loaded shared library C:\Users\SERGE\AppData\Roaming\Code\User\globalStorage\redhat.java\1.42.0\config_win\org.eclipse.equinox.launcher\org.eclipse.equinox.launcher.win32.win32.x86_64_1.2.1300.v20250331-1702\eclipse_11911.dll
Event: 21.193 Loaded shared library C:\Users\SERGE\AppData\Local\Temp\jna-78788894\jna6200246878043501578.dll

Deoptimization events (20 events):
Event: 59.191 Thread 0x0000025efa3c7b30 DEOPT PACKING pc=0x0000025e81ab3725 sp=0x000000c6eaefebd0
Event: 59.191 Thread 0x0000025efa3c7b30 DEOPT UNPACKING pc=0x0000025e87584242 sp=0x000000c6eaefe068 mode 0
Event: 59.194 Thread 0x0000025efa3c7b30 DEOPT PACKING pc=0x0000025e81ab918b sp=0x000000c6eaefec80
Event: 59.194 Thread 0x0000025efa3c7b30 DEOPT UNPACKING pc=0x0000025e87584242 sp=0x000000c6eaefe148 mode 0
Event: 59.221 Thread 0x0000025efa3c7b30 DEOPT PACKING pc=0x0000025e81ab3725 sp=0x000000c6eaefebd0
Event: 59.221 Thread 0x0000025efa3c7b30 DEOPT UNPACKING pc=0x0000025e87584242 sp=0x000000c6eaefe068 mode 0
Event: 59.223 Thread 0x0000025efa3c7b30 DEOPT PACKING pc=0x0000025e81ab918b sp=0x000000c6eaefec80
Event: 59.223 Thread 0x0000025efa3c7b30 DEOPT UNPACKING pc=0x0000025e87584242 sp=0x000000c6eaefe148 mode 0
Event: 59.227 Thread 0x0000025efa3c7b30 DEOPT PACKING pc=0x0000025e81ab918b sp=0x000000c6eaefec80
Event: 59.227 Thread 0x0000025efa3c7b30 DEOPT UNPACKING pc=0x0000025e87584242 sp=0x000000c6eaefe148 mode 0
Event: 59.229 Thread 0x0000025efa3c7b30 DEOPT PACKING pc=0x0000025e81ab918b sp=0x000000c6eaefec80
Event: 59.229 Thread 0x0000025efa3c7b30 DEOPT UNPACKING pc=0x0000025e87584242 sp=0x000000c6eaefe148 mode 0
Event: 59.230 Thread 0x0000025efa3c7b30 DEOPT PACKING pc=0x0000025e81ab918b sp=0x000000c6eaefec80
Event: 59.230 Thread 0x0000025efa3c7b30 DEOPT UNPACKING pc=0x0000025e87584242 sp=0x000000c6eaefe148 mode 0
Event: 59.232 Thread 0x0000025efa3c7b30 DEOPT PACKING pc=0x0000025e81ab918b sp=0x000000c6eaefec80
Event: 59.232 Thread 0x0000025efa3c7b30 DEOPT UNPACKING pc=0x0000025e87584242 sp=0x000000c6eaefe148 mode 0
Event: 59.234 Thread 0x0000025efa3c7b30 DEOPT PACKING pc=0x0000025e81ab918b sp=0x000000c6eaefec80
Event: 59.234 Thread 0x0000025efa3c7b30 DEOPT UNPACKING pc=0x0000025e87584242 sp=0x000000c6eaefe148 mode 0
Event: 59.234 Thread 0x0000025efa3c7b30 DEOPT PACKING pc=0x0000025e81ab3725 sp=0x000000c6eaefebd0
Event: 59.234 Thread 0x0000025efa3c7b30 DEOPT UNPACKING pc=0x0000025e87584242 sp=0x000000c6eaefe068 mode 0

Classes loaded (20 events):
Event: 53.488 Loading class java/lang/UnsupportedClassVersionError
Event: 53.489 Loading class java/lang/UnsupportedClassVersionError done
Event: 54.105 Loading class jdk/internal/module/IllegalAccessLogger
Event: 54.105 Loading class jdk/internal/module/IllegalAccessLogger done
Event: 55.309 Loading class java/util/ArrayDeque$DeqSpliterator
Event: 55.309 Loading class java/util/ArrayDeque$DeqSpliterator done
Event: 55.489 Loading class java/nio/charset/CharacterCodingException
Event: 55.489 Loading class java/nio/charset/CharacterCodingException done
Event: 55.490 Loading class java/io/SequenceInputStream
Event: 55.490 Loading class java/io/SequenceInputStream done
Event: 55.506 Loading class org/xml/sax/SAXNotRecognizedException
Event: 55.507 Loading class org/xml/sax/SAXNotRecognizedException done
Event: 55.507 Loading class org/xml/sax/SAXNotSupportedException
Event: 55.507 Loading class org/xml/sax/SAXNotSupportedException done
Event: 55.565 Loading class com/sun/org/apache/xerces/internal/util/URI
Event: 55.566 Loading class com/sun/org/apache/xerces/internal/util/URI done
Event: 55.567 Loading class com/sun/org/apache/xerces/internal/xni/XNIException
Event: 55.568 Loading class com/sun/org/apache/xerces/internal/xni/XNIException done
Event: 55.568 Loading class com/sun/org/apache/xerces/internal/xni/parser/XMLParseException
Event: 55.568 Loading class com/sun/org/apache/xerces/internal/xni/parser/XMLParseException done

Classes unloaded (7 events):
Event: 23.182 Thread 0x0000025ef943ea20 Unloading class 0x0000025e901a4c00 'java/lang/invoke/LambdaForm$MH+0x0000025e901a4c00'
Event: 23.182 Thread 0x0000025ef943ea20 Unloading class 0x0000025e901a4800 'java/lang/invoke/LambdaForm$MH+0x0000025e901a4800'
Event: 23.182 Thread 0x0000025ef943ea20 Unloading class 0x0000025e901a4400 'java/lang/invoke/LambdaForm$MH+0x0000025e901a4400'
Event: 23.182 Thread 0x0000025ef943ea20 Unloading class 0x0000025e901a4000 'java/lang/invoke/LambdaForm$MH+0x0000025e901a4000'
Event: 23.182 Thread 0x0000025ef943ea20 Unloading class 0x0000025e901a3c00 'java/lang/invoke/LambdaForm$BMH+0x0000025e901a3c00'
Event: 23.182 Thread 0x0000025ef943ea20 Unloading class 0x0000025e901a3800 'java/lang/invoke/LambdaForm$DMH+0x0000025e901a3800'
Event: 23.182 Thread 0x0000025ef943ea20 Unloading class 0x0000025e901a2400 'java/lang/invoke/LambdaForm$DMH+0x0000025e901a2400'

Classes redefined (0 events):
No events

Internal exceptions (20 events):
Event: 52.988 Thread 0x0000025efa3c9570 Exception <a 'sun/nio/fs/WindowsException'{0x00000000eab15cc8}> (0x00000000eab15cc8) 
thrown [s\src\hotspot\share\prims\jni.cpp, line 520]
Event: 52.989 Thread 0x0000025efa3c9570 Exception <a 'sun/nio/fs/WindowsException'{0x00000000eab19318}> (0x00000000eab19318) 
thrown [s\src\hotspot\share\prims\jni.cpp, line 520]
Event: 53.043 Thread 0x0000025ed0854990 Exception <a 'java/lang/IncompatibleClassChangeError'{0x00000000ead27f78}: Found class java.lang.Object, but interface was expected> (0x00000000ead27f78) 
thrown [s\src\hotspot\share\interpreter\linkResolver.cpp, line 840]
Event: 53.052 Thread 0x0000025ed0854990 Exception <a 'java/lang/IncompatibleClassChangeError'{0x00000000ead5e778}: Found class java.lang.Object, but interface was expected> (0x00000000ead5e778) 
thrown [s\src\hotspot\share\interpreter\linkResolver.cpp, line 840]
Event: 53.123 Thread 0x0000025ed0854990 Exception <a 'java/lang/IncompatibleClassChangeError'{0x00000000eaeaf518}: Found class java.lang.Object, but interface was expected> (0x00000000eaeaf518) 
thrown [s\src\hotspot\share\interpreter\linkResolver.cpp, line 840]
Event: 53.503 Thread 0x0000025efa3cafb0 Implicit null exception at 0x0000025e87c86b82 to 0x0000025e87c86c7c
Event: 53.507 Thread 0x0000025efa3cafb0 Implicit null exception at 0x0000025e87cada5a to 0x0000025e87cadae1
Event: 53.507 Thread 0x0000025eff985620 Exception <a 'java/lang/LinkageError'{0x00000000ead8d9c0}: loader lombok.launch.ShadowClassLoader @6bed77db attempted duplicate class definition for lombok.launch.PatchFixesHider$FieldInitializer. (lombok.launch.PatchFixesHider$FieldInitializer is in unnamed module of loader lombok.launch.ShadowClassLoader @6bed77db, parent loader org.eclipse.osgi.internal.loader.EquinoxClassLoader @398bd9b5)> (0x00000000ead8d9c0) 
thrown [s\src\hotspot\share\classfile\systemDictionary.cpp, line 1682]
Event: 53.508 Thread 0x0000025eff983550 Exception <a 'java/lang/LinkageError'{0x00000000ead9a550}: loader lombok.launch.ShadowClassLoader @6bed77db attempted duplicate class definition for lombok.launch.PatchFixesHider$FieldInitializer. (lombok.launch.PatchFixesHider$FieldInitializer is in unnamed module of loader lombok.launch.ShadowClassLoader @6bed77db, parent loader org.eclipse.osgi.internal.loader.EquinoxClassLoader @398bd9b5)> (0x00000000ead9a550) 
thrown [s\src\hotspot\share\classfile\systemDictionary.cpp, line 1682]
Event: 53.526 Thread 0x0000025eff985620 Exception <a 'java/lang/NoSuchMethodError'{0x00000000eae49450}: 'java.lang.Object java.lang.invoke.DirectMethodHandle$Holder.invokeSpecial(java.lang.Object, java.lang.Object, java.lang.Object, java.lang.Object, int, java.lang.Object, java.lang.Object)'> (0x00000000eae49450) 
thrown [s\src\hotspot\share\interpreter\linkResolver.cpp, line 773]
Event: 53.589 Thread 0x0000025ed0854990 Exception <a 'java/lang/NoSuchMethodError'{0x00000000eac69d98}: 'int java.lang.invoke.Invokers$Holder.invokeExact_MT(java.lang.Object, java.lang.Object)'> (0x00000000eac69d98) 
thrown [s\src\hotspot\share\interpreter\linkResolver.cpp, line 773]
Event: 54.045 Thread 0x0000025eff980df0 Implicit null exception at 0x0000025e882f0748 to 0x0000025e882f132c
Event: 54.758 Thread 0x0000025eff980df0 Implicit null exception at 0x0000025e87de4026 to 0x0000025e87de45f4
Event: 55.160 Thread 0x0000025efa3c8850 Exception <a 'java/lang/NoSuchMethodError'{0x00000000eab47398}: 'java.lang.Object java.lang.invoke.DirectMethodHandle$Holder.invokeStatic(java.lang.Object, java.lang.Object, int, java.lang.Object)'> (0x00000000eab47398) 
thrown [s\src\hotspot\share\interpreter\linkResolver.cpp, line 773]
Event: 55.382 Thread 0x0000025eff9876f0 Exception <a 'java/lang/NoSuchMethodError'{0x00000000eafb89d8}: 'java.lang.Object java.lang.invoke.DirectMethodHandle$Holder.invokeSpecial(java.lang.Object, java.lang.Object, int, long)'> (0x00000000eafb89d8) 
thrown [s\src\hotspot\share\interpreter\linkResolver.cpp, line 773]
Event: 55.568 Thread 0x0000025eff980df0 Implicit null exception at 0x0000025e8832aa9f to 0x0000025e88330bfc
Event: 55.569 Thread 0x0000025eff980df0 Implicit null exception at 0x0000025e88319606 to 0x0000025e883196c8
Event: 55.702 Thread 0x0000025efa3c8850 Exception <a 'java/io/FileNotFoundException'{0x00000000eaba2e30}> (0x00000000eaba2e30) 
thrown [s\src\hotspot\share\prims\jni.cpp, line 520]
Event: 55.703 Thread 0x0000025efa3c8850 Exception <a 'java/io/FileNotFoundException'{0x00000000eaba44b8}> (0x00000000eaba44b8) 
thrown [s\src\hotspot\share\prims\jni.cpp, line 520]
Event: 57.481 Thread 0x0000025eff980df0 Exception <a 'java/lang/IncompatibleClassChangeError'{0x00000000eae23cb8}: Found class java.lang.Object, but interface was expected> (0x00000000eae23cb8) 
thrown [s\src\hotspot\share\interpreter\linkResolver.cpp, line 840]

ZGC Phase Switch (0 events):
No events

VM Operations (20 events):
Event: 58.832 Executing VM operation: ParallelGCFailedAllocation (Allocation Failure) done
Event: 58.848 Executing VM operation: ParallelGCFailedAllocation (Allocation Failure)
Event: 58.867 Executing VM operation: ParallelGCFailedAllocation (Allocation Failure) done
Event: 58.887 Executing VM operation: ParallelGCFailedAllocation (Allocation Failure)
Event: 58.890 Executing VM operation: ParallelGCFailedAllocation (Allocation Failure) done
Event: 58.921 Executing VM operation: ParallelGCFailedAllocation (Allocation Failure)
Event: 58.996 Executing VM operation: ParallelGCFailedAllocation (Allocation Failure) done
Event: 59.033 Executing VM operation: ParallelGCFailedAllocation (Allocation Failure)
Event: 59.038 Executing VM operation: ParallelGCFailedAllocation (Allocation Failure) done
Event: 59.063 Executing VM operation: ParallelGCFailedAllocation (Allocation Failure)
Event: 59.065 Executing VM operation: ParallelGCFailedAllocation (Allocation Failure) done
Event: 59.085 Executing VM operation: ParallelGCFailedAllocation (Allocation Failure)
Event: 59.107 Executing VM operation: ParallelGCFailedAllocation (Allocation Failure) done
Event: 59.143 Executing VM operation: ParallelGCFailedAllocation (Allocation Failure)
Event: 59.145 Executing VM operation: ParallelGCFailedAllocation (Allocation Failure) done
Event: 59.165 Executing VM operation: ParallelGCFailedAllocation (Allocation Failure)
Event: 59.168 Executing VM operation: ParallelGCFailedAllocation (Allocation Failure) done
Event: 59.197 Executing VM operation: ParallelGCFailedAllocation (Allocation Failure)
Event: 59.215 Executing VM operation: ParallelGCFailedAllocation (Allocation Failure) done
Event: 59.236 Executing VM operation: ParallelGCFailedAllocation (Allocation Failure)

Memory protections (0 events):
No events

Nmethod flushes (20 events):
Event: 44.215 Thread 0x0000025ef943ea20 flushing  nmethod 0x0000025e808ed810
Event: 44.215 Thread 0x0000025ef943ea20 flushing  nmethod 0x0000025e808f0610
Event: 44.215 Thread 0x0000025ef943ea20 flushing  nmethod 0x0000025e808f0c10
Event: 44.215 Thread 0x0000025ef943ea20 flushing  nmethod 0x0000025e80901490
Event: 44.215 Thread 0x0000025ef943ea20 flushing  nmethod 0x0000025e80902b10
Event: 44.215 Thread 0x0000025ef943ea20 flushing  nmethod 0x0000025e80904210
Event: 44.215 Thread 0x0000025ef943ea20 flushing  nmethod 0x0000025e80904910
Event: 44.215 Thread 0x0000025ef943ea20 flushing  nmethod 0x0000025e80905110
Event: 44.215 Thread 0x0000025ef943ea20 flushing  nmethod 0x0000025e80905710
Event: 44.215 Thread 0x0000025ef943ea20 flushing  nmethod 0x0000025e80905f90
Event: 44.215 Thread 0x0000025ef943ea20 flushing  nmethod 0x0000025e80906410
Event: 44.215 Thread 0x0000025ef943ea20 flushing osr nmethod 0x0000025e80909510
Event: 44.215 Thread 0x0000025ef943ea20 flushing osr nmethod 0x0000025e8090d910
Event: 44.215 Thread 0x0000025ef943ea20 flushing  nmethod 0x0000025e80914610
Event: 44.215 Thread 0x0000025ef943ea20 flushing  nmethod 0x0000025e80915f10
Event: 44.215 Thread 0x0000025ef943ea20 flushing  nmethod 0x0000025e8091c290
Event: 44.215 Thread 0x0000025ef943ea20 flushing  nmethod 0x0000025e8093a490
Event: 44.215 Thread 0x0000025ef943ea20 flushing  nmethod 0x0000025e8093dc90
Event: 44.215 Thread 0x0000025ef943ea20 flushing  nmethod 0x0000025e8097f890
Event: 44.215 Thread 0x0000025ef943ea20 flushing osr nmethod 0x0000025e809bcc90

Events (20 events):
Event: 50.089 Thread 0x0000025eff981480 Thread exited: 0x0000025eff981480
Event: 50.989 Thread 0x0000025efa3c81c0 Thread added: 0x0000025eff9876f0
Event: 50.989 Thread 0x0000025efa3c81c0 Thread added: 0x0000025eff980760
Event: 50.989 Thread 0x0000025efa3c81c0 Thread added: 0x0000025eff981480
Event: 50.989 Thread 0x0000025efa3c81c0 Thread added: 0x0000025eff985cb0
Event: 50.989 Thread 0x0000025efa3c81c0 Thread added: 0x0000025eff987d80
Event: 51.372 Thread 0x0000025eff987d80 Thread exited: 0x0000025eff987d80
Event: 51.372 Thread 0x0000025eff985cb0 Thread exited: 0x0000025eff985cb0
Event: 51.372 Thread 0x0000025eff980760 Thread exited: 0x0000025eff980760
Event: 51.372 Thread 0x0000025eff9876f0 Thread exited: 0x0000025eff9876f0
Event: 51.372 Thread 0x0000025eff981480 Thread exited: 0x0000025eff981480
Event: 52.104 Thread 0x0000025effcc6a30 Thread exited: 0x0000025effcc6a30
Event: 52.709 Thread 0x0000025ef94c92a0 Thread added: 0x0000025ed2695040
Event: 53.050 Thread 0x0000025ed0854990 Thread added: 0x0000025eff983550
Event: 53.053 Thread 0x0000025eff983550 Thread added: 0x0000025eff980df0
Event: 53.078 Thread 0x0000025eff980df0 Thread added: 0x0000025eff985620
Event: 55.123 Thread 0x0000025efa3c8850 Thread added: 0x0000025eff9876f0
Event: 55.169 Thread 0x0000025eff9876f0 Thread added: 0x0000025eff984900
Event: 57.342 Thread 0x0000025ed2695040 Thread exited: 0x0000025ed2695040
Event: 58.402 Thread 0x0000025ef94c92a0 Thread added: 0x0000025ed0b6f7b0


Dynamic libraries:
0x00007ff7a3d30000 - 0x00007ff7a3d3e000 	c:\Users\SERGE\.vscode\extensions\redhat.java-1.42.0-win32-x64\jre\21.0.7-win32-x86_64\bin\java.exe
0x00007fff071d0000 - 0x00007fff073c8000 	C:\Windows\SYSTEM32\ntdll.dll
0x00007fff05440000 - 0x00007fff05502000 	C:\Windows\System32\KERNEL32.DLL
0x00007fff048c0000 - 0x00007fff04bbf000 	C:\Windows\System32\KERNELBASE.dll
0x00007fff04bf0000 - 0x00007fff04cf0000 	C:\Windows\System32\ucrtbase.dll
0x00007ffefe090000 - 0x00007ffefe0a8000 	c:\Users\SERGE\.vscode\extensions\redhat.java-1.42.0-win32-x64\jre\21.0.7-win32-x86_64\bin\jli.dll
0x00007ffefeaa0000 - 0x00007ffefeabe000 	c:\Users\SERGE\.vscode\extensions\redhat.java-1.42.0-win32-x64\jre\21.0.7-win32-x86_64\bin\VCRUNTIME140.dll
0x00007fff05c60000 - 0x00007fff05dfd000 	C:\Windows\System32\USER32.dll
0x00007fff04bc0000 - 0x00007fff04be2000 	C:\Windows\System32\win32u.dll
0x00007fff070a0000 - 0x00007fff070cb000 	C:\Windows\System32\GDI32.dll
0x00007ffef6730000 - 0x00007ffef69ca000 	C:\Windows\WinSxS\amd64_microsoft.windows.common-controls_6595b64144ccf1df_6.0.19041.4355_none_60b8b9eb71f62e16\COMCTL32.dll
0x00007fff04ee0000 - 0x00007fff04ffa000 	C:\Windows\System32\gdi32full.dll
0x00007fff060f0000 - 0x00007fff0618e000 	C:\Windows\System32\msvcrt.dll
0x00007fff050e0000 - 0x00007fff0517d000 	C:\Windows\System32\msvcp_win.dll
0x00007fff05b40000 - 0x00007fff05b6f000 	C:\Windows\System32\IMM32.DLL
0x00007ffeff340000 - 0x00007ffeff34c000 	c:\Users\SERGE\.vscode\extensions\redhat.java-1.42.0-win32-x64\jre\21.0.7-win32-x86_64\bin\vcruntime140_1.dll
0x00007ffee9b40000 - 0x00007ffee9bcd000 	c:\Users\SERGE\.vscode\extensions\redhat.java-1.42.0-win32-x64\jre\21.0.7-win32-x86_64\bin\msvcp140.dll
0x00007ffe9a6b0000 - 0x00007ffe9b440000 	c:\Users\SERGE\.vscode\extensions\redhat.java-1.42.0-win32-x64\jre\21.0.7-win32-x86_64\bin\server\jvm.dll
0x00007fff05370000 - 0x00007fff0541f000 	C:\Windows\System32\ADVAPI32.dll
0x00007fff06190000 - 0x00007fff0622f000 	C:\Windows\System32\sechost.dll
0x00007fff05f20000 - 0x00007fff06043000 	C:\Windows\System32\RPCRT4.dll
0x00007fff050b0000 - 0x00007fff050d7000 	C:\Windows\System32\bcrypt.dll
0x00007fff05eb0000 - 0x00007fff05f1b000 	C:\Windows\System32\WS2_32.dll
0x00007fff03c90000 - 0x00007fff03cdb000 	C:\Windows\SYSTEM32\POWRPROF.dll
0x00007ffef5280000 - 0x00007ffef52a7000 	C:\Windows\SYSTEM32\WINMM.dll
0x00007ffef0ea0000 - 0x00007ffef0eaa000 	C:\Windows\SYSTEM32\VERSION.dll
0x00007fff03c30000 - 0x00007fff03c42000 	C:\Windows\SYSTEM32\UMPDC.dll
0x00007fff026b0000 - 0x00007fff026c2000 	C:\Windows\SYSTEM32\kernel.appcore.dll
0x00007ffefec10000 - 0x00007ffefec1a000 	c:\Users\SERGE\.vscode\extensions\redhat.java-1.42.0-win32-x64\jre\21.0.7-win32-x86_64\bin\jimage.dll
0x00007ffef6fe0000 - 0x00007ffef71c4000 	C:\Windows\SYSTEM32\DBGHELP.DLL
0x00007ffef7380000 - 0x00007ffef73b4000 	C:\Windows\SYSTEM32\dbgcore.DLL
0x00007fff04cf0000 - 0x00007fff04d72000 	C:\Windows\System32\bcryptPrimitives.dll
0x00007fff01960000 - 0x00007fff0196f000 	c:\Users\SERGE\.vscode\extensions\redhat.java-1.42.0-win32-x64\jre\21.0.7-win32-x86_64\bin\instrument.dll
0x00007ffef5cc0000 - 0x00007ffef5cdf000 	c:\Users\SERGE\.vscode\extensions\redhat.java-1.42.0-win32-x64\jre\21.0.7-win32-x86_64\bin\java.dll
0x00007fff06570000 - 0x00007fff06cdd000 	C:\Windows\System32\SHELL32.dll
0x00007fff028b0000 - 0x00007fff03053000 	C:\Windows\SYSTEM32\windows.storage.dll
0x00007fff06ce0000 - 0x00007fff07035000 	C:\Windows\System32\combase.dll
0x00007fff041c0000 - 0x00007fff041eb000 	C:\Windows\SYSTEM32\Wldp.dll
0x00007fff063f0000 - 0x00007fff064bd000 	C:\Windows\System32\OLEAUT32.dll
0x00007fff064c0000 - 0x00007fff0656d000 	C:\Windows\System32\SHCORE.dll
0x00007fff070d0000 - 0x00007fff07125000 	C:\Windows\System32\shlwapi.dll
0x00007fff047a0000 - 0x00007fff047c5000 	C:\Windows\SYSTEM32\profapi.dll
0x00007ffee9e10000 - 0x00007ffee9e28000 	c:\Users\SERGE\.vscode\extensions\redhat.java-1.42.0-win32-x64\jre\21.0.7-win32-x86_64\bin\zip.dll
0x00007ffefc750000 - 0x00007ffefc760000 	C:\Users\SERGE\.vscode\extensions\redhat.java-1.42.0-win32-x64\jre\21.0.7-win32-x86_64\bin\net.dll
0x00007ffefb1f0000 - 0x00007ffefb2fa000 	C:\Windows\SYSTEM32\WINHTTP.dll
0x00007fff03fa0000 - 0x00007fff0400c000 	C:\Windows\system32\mswsock.dll
0x00007ffee9a10000 - 0x00007ffee9a26000 	C:\Users\SERGE\.vscode\extensions\redhat.java-1.42.0-win32-x64\jre\21.0.7-win32-x86_64\bin\nio.dll
0x00007ffefbc50000 - 0x00007ffefbc60000 	c:\Users\SERGE\.vscode\extensions\redhat.java-1.42.0-win32-x64\jre\21.0.7-win32-x86_64\bin\verify.dll
0x00007ffef57f0000 - 0x00007ffef5835000 	C:\Users\SERGE\AppData\Roaming\Code\User\globalStorage\redhat.java\1.42.0\config_win\org.eclipse.equinox.launcher\org.eclipse.equinox.launcher.win32.win32.x86_64_1.2.1300.v20250331-1702\eclipse_11911.dll
0x00007fff062c0000 - 0x00007fff063eb000 	C:\Windows\System32\ole32.dll
0x00007fff04200000 - 0x00007fff04218000 	C:\Windows\SYSTEM32\CRYPTSP.dll
0x00007fff03870000 - 0x00007fff038a8000 	C:\Windows\system32\rsaenh.dll
0x00007fff04720000 - 0x00007fff0474e000 	C:\Windows\SYSTEM32\USERENV.dll
0x00007fff04130000 - 0x00007fff0413c000 	C:\Windows\SYSTEM32\CRYPTBASE.dll
0x00007fff03c50000 - 0x00007fff03c8b000 	C:\Windows\SYSTEM32\IPHLPAPI.DLL
0x00007fff05c50000 - 0x00007fff05c58000 	C:\Windows\System32\NSI.dll
0x00007ffef57a0000 - 0x00007ffef57e9000 	C:\Users\SERGE\AppData\Local\Temp\jna-78788894\jna6200246878043501578.dll
0x00007fff06230000 - 0x00007fff06238000 	C:\Windows\System32\PSAPI.DLL
0x00007ffef6b70000 - 0x00007ffef6b87000 	C:\Windows\SYSTEM32\dhcpcsvc6.DLL
0x00007ffef6b50000 - 0x00007ffef6b6d000 	C:\Windows\SYSTEM32\dhcpcsvc.DLL
0x00007fff03ac0000 - 0x00007fff03af3000 	C:\Windows\SYSTEM32\ntmarta.dll

dbghelp: loaded successfully - version: 4.0.5 - missing functions: none
symbol engine: initialized successfully - sym options: 0x614 - pdb path: .;c:\Users\SERGE\.vscode\extensions\redhat.java-1.42.0-win32-x64\jre\21.0.7-win32-x86_64\bin;C:\Windows\SYSTEM32;C:\Windows\WinSxS\amd64_microsoft.windows.common-controls_6595b64144ccf1df_6.0.19041.4355_none_60b8b9eb71f62e16;c:\Users\SERGE\.vscode\extensions\redhat.java-1.42.0-win32-x64\jre\21.0.7-win32-x86_64\bin\server;C:\Users\SERGE\AppData\Roaming\Code\User\globalStorage\redhat.java\1.42.0\config_win\org.eclipse.equinox.launcher\org.eclipse.equinox.launcher.win32.win32.x86_64_1.2.1300.v20250331-1702;C:\Users\SERGE\AppData\Local\Temp\jna-78788894

VM Arguments:
jvm_args: --add-modules=ALL-SYSTEM --add-opens=java.base/java.util=ALL-UNNAMED --add-opens=java.base/java.lang=ALL-UNNAMED --add-opens=java.base/sun.nio.fs=ALL-UNNAMED -Declipse.application=org.eclipse.jdt.ls.core.id1 -Dosgi.bundles.defaultStartLevel=4 -Declipse.product=org.eclipse.jdt.ls.core.product -Djava.import.generatesMetadataFilesAtProjectRoot=false -DDetectVMInstallationsJob.disabled=true -Dfile.encoding=utf8 -XX:+UseParallelGC -XX:GCTimeRatio=4 -XX:AdaptiveSizePolicyWeight=90 -Dsun.zip.disableMemoryMapping=true -Xmx1G -Xms100m -Xlog:disable -javaagent:c:\Users\SERGE\.vscode\extensions\redhat.java-1.42.0-win32-x64\lombok\lombok-1.18.36.jar -XX:+HeapDumpOnOutOfMemoryError -XX:HeapDumpPath=c:\Users\SERGE\AppData\Roaming\Code\User\workspaceStorage\a6951d4b4e5e0ad82c8566c0f5837605\redhat.java -Daether.dependencyCollector.impl=bf 
java_command: c:\Users\SERGE\.vscode\extensions\redhat.java-1.42.0-win32-x64\server\plugins\org.eclipse.equinox.launcher_1.7.0.v20250424-1814.jar -configuration c:\Users\SERGE\AppData\Roaming\Code\User\globalStorage\redhat.java\1.42.0\config_win -data c:\Users\SERGE\AppData\Roaming\Code\User\workspaceStorage\a6951d4b4e5e0ad82c8566c0f5837605\redhat.java\jdt_ws --pipe=\\.\pipe\lsp-c7b9390a465748df304b7a63fa184bcc-sock
java_class_path (initial): c:\Users\SERGE\.vscode\extensions\redhat.java-1.42.0-win32-x64\server\plugins\org.eclipse.equinox.launcher_1.7.0.v20250424-1814.jar
Launcher Type: SUN_STANDARD

[Global flags]
    uintx AdaptiveSizePolicyWeight                 = 90                                        {product} {command line}
     intx CICompilerCount                          = 3                                         {product} {ergonomic}
    uintx GCTimeRatio                              = 4                                         {product} {command line}
     bool HeapDumpOnOutOfMemoryError               = true                                   {manageable} {command line}
    ccstr HeapDumpPath                             = c:\Users\SERGE\AppData\Roaming\Code\User\workspaceStorage\a6951d4b4e5e0ad82c8566c0f5837605\redhat.java         {manageable} {command line}
   size_t InitialHeapSize                          = 104857600                                 {product} {command line}
   size_t MaxHeapSize                              = 1073741824                                {product} {command line}
   size_t MaxNewSize                               = 357564416                                 {product} {ergonomic}
   size_t MinHeapDeltaBytes                        = 524288                                    {product} {ergonomic}
   size_t MinHeapSize                              = 104857600                                 {product} {command line}
   size_t NewSize                                  = 34603008                                  {product} {ergonomic}
    uintx NonNMethodCodeHeapSize                   = 5832780                                {pd product} {ergonomic}
    uintx NonProfiledCodeHeapSize                  = 122912730                              {pd product} {ergonomic}
   size_t OldSize                                  = 70254592                                  {product} {ergonomic}
    uintx ProfiledCodeHeapSize                     = 122912730                              {pd product} {ergonomic}
    uintx ReservedCodeCacheSize                    = 251658240                              {pd product} {ergonomic}
     bool SegmentedCodeCache                       = true                                      {product} {ergonomic}
   size_t SoftMaxHeapSize                          = 1073741824                             {manageable} {ergonomic}
     bool UseCompressedOops                        = true                           {product lp64_product} {ergonomic}
     bool UseLargePagesIndividualAllocation        = false                                  {pd product} {ergonomic}
     bool UseParallelGC                            = true                                      {product} {command line}

Logging:
Log output configuration:
 #0: stdout all=off uptime,level,tags foldmultilines=false
 #1: stderr all=off uptime,level,tags foldmultilines=false

Environment Variables:
PATH=C:\Program Files\Java\jdk-17\bin;C:\Program Files\Common Files\Oracle\Java\javapath;C:\Windows\system32;C:\Windows;C:\Windows\System32\Wbem;C:\Windows\System32\WindowsPowerShell\v1.0\;C:\Windows\System32\OpenSSH\;C:\Program Files\nodejs\;C:\Program Files\IVI Foundation\VISA\Win64\Bin\;C:\Program Files (x86)\IVI Foundation\VISA\WinNT\Bin\;C:\Program Files (x86)\IVI Foundation\VISA\WinNT\Bin;C:\Program Files\MATLAB\R2016a\runtime\win64;C:\Program Files\MATLAB\R2016a\bin;C:\Program Files\MATLAB\R2016a\polyspace\bin;C:\composer;C:\Program Files\Git\cmd;C:\Program Files\PostgreSQL\16\bin;C:\Program Files\PostgreSQL\16\data;C:\Program Files\Microsoft VS Code\bin;C:\Program Files\dotnet\;C:\platform-tools-latest-windows\platform-tools;C:\Program Files\MySQL\MySQL Server X.X\bin;C:\Program Files\Java\jdk-17\bin;C:\Server;C:\Program Files\Docker\Docker\resources\bin;C:\Cassandra\apache-cassandra-4.1.8\bin;C:\ProgramData\chocolatey\bin;C:\Program Files\BlueStacks_nxt;C:\Users\SERGE\AppData\Local\Programs\Python\Python311\Scripts\;C:\Users\SERGE\AppData\Local\Programs\Python\Python311\;C:\Users\SERGE\scoop\shims;C:\Users\SERGE\AppData\Local\Microsoft\WindowsApps;C:\Users\SERGE\AppData\Roaming\npm;C:\Program Files (x86);C:\Users\SERGE\AppData\Roaming\Composer\vendor\bin;C:\Users\SERGE\.dotnet\tools;C:\Program Files (x86)\Nmap
USERNAME=SERGE
OS=Windows_NT
PROCESSOR_IDENTIFIER=Intel64 Family 6 Model 60 Stepping 3, GenuineIntel
TMP=C:\Users\SERGE\AppData\Local\Temp
TEMP=C:\Users\SERGE\AppData\Local\Temp




Periodic native trim disabled

---------------  S Y S T E M  ---------------

OS:
 Windows 10 , 64 bit Build 19041 (10.0.19041.5438)
OS uptime: 0 days 3:25 hours
Hyper-V role detected

CPU: total 4 (initial active 4) (2 cores per cpu, 2 threads per core) family 6 model 60 stepping 3 microcode 0x27, cx8, cmov, fxsr, ht, mmx, sse, sse2, sse3, ssse3, sse4.1, sse4.2, popcnt, lzcnt, tsc, tscinvbit, avx, avx2, aes, erms, clmul, bmi1, bmi2, fma, vzeroupper, clflush, hv, rdtscp, f16c
Processor Information for the first 4 processors :
  Max Mhz: 2601, Current Mhz: 2600, Mhz Limit: 2574

Memory: 4k page, system-wide physical 8089M (1637M free)
TotalPageFile size 10137M (AvailPageFile size 6M)
current process WorkingSet (physical memory assigned to process): 697M, peak: 699M
current process commit charge ("private bytes"): 612M, peak: 614M

vm_info: OpenJDK 64-Bit Server VM (21.0.7+6-LTS) for windows-amd64 JRE (21.0.7+6-LTS), built on 2025-04-15T00:00:00Z by "admin" with MS VC++ 17.7 (VS2022)

END.
