#
# There is insufficient memory for the Java Runtime Environment to continue.
# Native memory allocation (malloc) failed to allocate 999056 bytes. Error detail: Chunk::new
# Possible reasons:
#   The system is out of physical RAM or swap space
#   This process is running with CompressedOops enabled, and the Java Heap may be blocking the growth of the native heap
# Possible solutions:
#   Reduce memory load on the system
#   Increase physical memory or swap space
#   Check if swap backing store is full
#   Decrease Java heap size (-Xmx/-Xms)
#   Decrease number of Java threads
#   Decrease Java thread stack sizes (-Xss)
#   Set larger code cache with -XX:ReservedCodeCacheSize=
#   JVM is running with Unscaled Compressed Oops mode in which the Java heap is
#     placed in the first 4GB address space. The Java Heap base address is the
#     maximum limit for the native heap growth. Please use -XX:HeapBaseMinAddress
#     to set the Java Heap base and to place the Java Heap above 4GB virtual address.
# This output file may be truncated or incomplete.
#
#  Out of Memory Error (arena.cpp:168), pid=17584, tid=15232
#
# JRE version: OpenJDK Runtime Environment Temurin-21.0.6+7 (21.0.6+7) (build 21.0.6+7-LTS)
# Java VM: OpenJDK 64-Bit Server VM Temurin-21.0.6+7 (21.0.6+7-LTS, mixed mode, sharing, tiered, compressed oops, compressed class ptrs, parallel gc, windows-amd64)
# No core dump will be written. Minidumps are not enabled by default on client versions of Windows
#

---------------  S U M M A R Y ------------

Command Line: --add-modules=ALL-SYSTEM --add-opens=java.base/java.util=ALL-UNNAMED --add-opens=java.base/java.lang=ALL-UNNAMED --add-opens=java.base/sun.nio.fs=ALL-UNNAMED -Declipse.application=org.eclipse.jdt.ls.core.id1 -Dosgi.bundles.defaultStartLevel=4 -Declipse.product=org.eclipse.jdt.ls.core.product -Djava.import.generatesMetadataFilesAtProjectRoot=false -DDetectVMInstallationsJob.disabled=true -Dfile.encoding=utf8 -XX:+UseParallelGC -XX:GCTimeRatio=4 -XX:AdaptiveSizePolicyWeight=90 -Dsun.zip.disableMemoryMapping=true -Xmx1G -Xms100m -Xlog:disable -javaagent:c:\Users\SERGE\.vscode\extensions\redhat.java-1.41.1-win32-x64\lombok\lombok-1.18.36.jar -XX:+HeapDumpOnOutOfMemoryError -XX:HeapDumpPath=c:\Users\SERGE\AppData\Roaming\Code\User\workspaceStorage\a6951d4b4e5e0ad82c8566c0f5837605\redhat.java -Daether.dependencyCollector.impl=bf c:\Users\SERGE\.vscode\extensions\redhat.java-1.41.1-win32-x64\server\plugins\org.eclipse.equinox.launcher_1.7.0.v20250331-1702.jar -configuration c:\Users\SERGE\AppData\Roaming\Code\User\globalStorage\redhat.java\1.41.1\config_win -data c:\Users\SERGE\AppData\Roaming\Code\User\workspaceStorage\a6951d4b4e5e0ad82c8566c0f5837605\redhat.java\jdt_ws --pipe=\\.\pipe\lsp-3b7e7e257eb7217dee44848b23abea02-sock

Host: Intel(R) Core(TM) i5-4300M CPU @ 2.60GHz, 4 cores, 7G,  Windows 10 , 64 bit Build 19041 (10.0.19041.5438)
Time: Mon May 12 16:20:48 2025 Paris, Madrid (heure duild 19041 (10.0.19041.5438) elapsed time: 41.761089 seconds (0d 0h 0m 41s)

---------------  T H R E A D  ---------------

Current thread (0x0000016f68cb33c0):  JavaThread "C2 CompilerThread0" daemon [_thread_in_native, id=15232, stack(0x000000032f500000,0x000000032f600000) (1024K)]


Current CompileTask:
C2:41761 12177   !   4       lombok.core.FieldAugment$ReflectionFieldAugment::getAndSet (80 bytes)

Stack: [0x000000032f500000,0x000000032f600000]
Native frames: (J=compiled Java code, j=interpreted, Vv=VM code, C=native code)
V  [jvm.dll+0x6cdee9]
V  [jvm.dll+0x8a83d1]
V  [jvm.dll+0x8aa8fe]
V  [jvm.dll+0x8aafe3]
V  [jvm.dll+0x27f706]
V  [jvm.dll+0xc500d]
V  [jvm.dll+0xc5543]
V  [jvm.dll+0x2f2acd]
V  [jvm.dll+0x5f6a2a]
V  [jvm.dll+0x250bb2]
V  [jvm.dll+0x24965f]
V  [jvm.dll+0x246ec4]
V  [jvm.dll+0x1c75ee]
V  [jvm.dll+0x25685a]
V  [jvm.dll+0x254dfa]
V  [jvm.dll+0x3f0256]
V  [jvm.dll+0x851f8b]
V  [jvm.dll+0x6cc5ed]
C  [ucrtbase.dll+0x21bb2]
C  [KERNEL32.DLL+0x17374]
C  [ntdll.dll+0x4cc91]


---------------  P R O C E S S  ---------------

Threads class SMR info:
_java_thread_list=0x0000016f71169930, length=45, elements={
0x0000016f549816b0, 0x0000016f68ca9780, 0x0000016f68cab080, 0x0000016f68cacc00,
0x0000016f68cadb10, 0x0000016f68caea20, 0x0000016f68cb2590, 0x0000016f68cb33c0,
0x0000016f68d1f7f0, 0x0000016f549eccf0, 0x0000016f69caff90, 0x0000016f6e6f1a70,
0x0000016f6e90d620, 0x0000016f6e905440, 0x0000016f6e905e70, 0x0000016f6e84be80,
0x0000016f6ebf9ec0, 0x0000016f69ac9710, 0x0000016f69acaac0, 0x0000016f69ac9da0,
0x0000016f69acb150, 0x0000016f69acb7e0, 0x0000016f69ac8360, 0x0000016f69ac89f0,
0x0000016f69ac9080, 0x0000016f69aca430, 0x0000016f70b11900, 0x0000016f70b10550,
0x0000016f70b10be0, 0x0000016f70b0e480, 0x0000016f70b0fec0, 0x0000016f70b0f1a0,
0x0000016f70b0f830, 0x0000016f70a0b810, 0x0000016f70a09740, 0x0000016f70a0aaf0,
0x0000016f70a09dd0, 0x0000016f70a0b180, 0x0000016f70a0c530, 0x0000016f713a7ea0,
0x0000016f713a8530, 0x0000016f713a2fe0, 0x0000016f713a7180, 0x0000016f713a6460,
0x0000016f7256f4e0
}

Java Threads: ( => current thread )
  0x0000016f549816b0 JavaThread "main"                              [_thread_blocked, id=17108, stack(0x000000032eb00000,0x000000032ec00000) (1024K)]
  0x0000016f68ca9780 JavaThread "Reference Handler"          daemon [_thread_blocked, id=10960, stack(0x000000032ef00000,0x000000032f000000) (1024K)]
  0x0000016f68cab080 JavaThread "Finalizer"                  daemon [_thread_blocked, id=3696, stack(0x000000032f000000,0x000000032f100000) (1024K)]
  0x0000016f68cacc00 JavaThread "Signal Dispatcher"          daemon [_thread_blocked, id=12756, stack(0x000000032f100000,0x000000032f200000) (1024K)]
  0x0000016f68cadb10 JavaThread "Attach Listener"            daemon [_thread_blocked, id=13708, stack(0x000000032f200000,0x000000032f300000) (1024K)]
  0x0000016f68caea20 JavaThread "Service Thread"             daemon [_thread_blocked, id=16120, stack(0x000000032f300000,0x000000032f400000) (1024K)]
  0x0000016f68cb2590 JavaThread "Monitor Deflation Thread"   daemon [_thread_blocked, id=12120, stack(0x000000032f400000,0x000000032f500000) (1024K)]
=>0x0000016f68cb33c0 JavaThread "C2 CompilerThread0"         daemon [_thread_in_native, id=15232, stack(0x000000032f500000,0x000000032f600000) (1024K)]
  0x0000016f68d1f7f0 JavaThread "C1 CompilerThread0"         daemon [_thread_blocked, id=4536, stack(0x000000032f600000,0x000000032f700000) (1024K)]
  0x0000016f549eccf0 JavaThread "Common-Cleaner"             daemon [_thread_blocked, id=15688, stack(0x000000032f700000,0x000000032f800000) (1024K)]
  0x0000016f69caff90 JavaThread "Notification Thread"        daemon [_thread_blocked, id=19332, stack(0x000000032f800000,0x000000032f900000) (1024K)]
  0x0000016f6e6f1a70 JavaThread "Active Thread: Equinox Container: 7d54b011-a38e-4180-b07a-14361fc23734"        [_thread_blocked, id=16460, stack(0x000000032fd00000,0x000000032fe00000) (1024K)]
  0x0000016f6e90d620 JavaThread "Refresh Thread: Equinox Container: 7d54b011-a38e-4180-b07a-14361fc23734" daemon [_thread_blocked, id=15860, stack(0x000000032fe00000,0x000000032ff00000) (1024K)]
  0x0000016f6e905440 JavaThread "Framework Event Dispatcher: Equinox Container: 7d54b011-a38e-4180-b07a-14361fc23734" daemon [_thread_blocked, id=17884, stack(0x000000032ff00000,0x0000000330000000) (1024K)]
  0x0000016f6e905e70 JavaThread "Start Level: Equinox Container: 7d54b011-a38e-4180-b07a-14361fc23734" daemon [_thread_blocked, id=9416, stack(0x0000000330000000,0x0000000330100000) (1024K)]
  0x0000016f6e84be80 JavaThread "Bundle File Closer"         daemon [_thread_blocked, id=15164, stack(0x0000000330100000,0x0000000330200000) (1024K)]
  0x0000016f6ebf9ec0 JavaThread "SCR Component Actor"        daemon [_thread_blocked, id=11736, stack(0x000000032f900000,0x000000032fa00000) (1024K)]
  0x0000016f69ac9710 JavaThread "Worker-JM"                         [_thread_blocked, id=10528, stack(0x0000000330400000,0x0000000330500000) (1024K)]
  0x0000016f69acaac0 JavaThread "JNA Cleaner"                daemon [_thread_blocked, id=16408, stack(0x0000000330300000,0x0000000330400000) (1024K)]
  0x0000016f69ac9da0 JavaThread "Worker-0: Initialize Workspace"        [_thread_blocked, id=9752, stack(0x0000000330500000,0x0000000330600000) (1024K)]
  0x0000016f69acb150 JavaThread "Worker-1: Initialize workspace"        [_thread_blocked, id=18680, stack(0x0000000330600000,0x0000000330700000) (1024K)]
  0x0000016f69acb7e0 JavaThread "Worker-2: Publish Diagnostics"        [_thread_blocked, id=15896, stack(0x0000000330800000,0x0000000330900000) (1024K)]
  0x0000016f69ac8360 JavaThread "Java indexing"              daemon [_thread_blocked, id=14828, stack(0x0000000330900000,0x0000000330a00000) (1024K)]
  0x0000016f69ac89f0 JavaThread "Worker-3"                          [_thread_blocked, id=10292, stack(0x0000000330c00000,0x0000000330d00000) (1024K)]
  0x0000016f69ac9080 JavaThread "Worker-4: Java indexing... "        [_thread_blocked, id=2932, stack(0x0000000330d00000,0x0000000330e00000) (1024K)]
  0x0000016f69aca430 JavaThread "Thread-2"                   daemon [_thread_in_native, id=18044, stack(0x0000000330e00000,0x0000000330f00000) (1024K)]
  0x0000016f70b11900 JavaThread "Thread-3"                   daemon [_thread_in_native, id=9912, stack(0x0000000330f00000,0x0000000331000000) (1024K)]
  0x0000016f70b10550 JavaThread "Thread-4"                   daemon [_thread_in_native, id=16808, stack(0x0000000331000000,0x0000000331100000) (1024K)]
  0x0000016f70b10be0 JavaThread "Thread-5"                   daemon [_thread_in_native, id=10576, stack(0x0000000331100000,0x0000000331200000) (1024K)]
  0x0000016f70b0e480 JavaThread "Thread-6"                   daemon [_thread_in_native, id=5972, stack(0x0000000331200000,0x0000000331300000) (1024K)]
  0x0000016f70b0fec0 JavaThread "pool-2-thread-1"                   [_thread_blocked, id=18980, stack(0x0000000331300000,0x0000000331400000) (1024K)]
  0x0000016f70b0f1a0 JavaThread "Worker-5"                          [_thread_blocked, id=13308, stack(0x0000000331400000,0x0000000331500000) (1024K)]
  0x0000016f70b0f830 JavaThread "WorkspaceEventsHandler"            [_thread_blocked, id=16128, stack(0x0000000331500000,0x0000000331600000) (1024K)]
  0x0000016f70a0b810 JavaThread "pool-1-thread-1"                   [_thread_blocked, id=14308, stack(0x0000000331600000,0x0000000331700000) (1024K)]
  0x0000016f70a09740 JavaThread "LocalFile Deleter"          daemon [_thread_blocked, id=17412, stack(0x0000000330200000,0x0000000330300000) (1024K)]
  0x0000016f70a0aaf0 JavaThread "LocalFile Deleter"          daemon [_thread_blocked, id=3016, stack(0x0000000331700000,0x0000000331800000) (1024K)]
  0x0000016f70a09dd0 JavaThread "LocalFile Deleter"          daemon [_thread_blocked, id=14720, stack(0x0000000331800000,0x0000000331900000) (1024K)]
  0x0000016f70a0b180 JavaThread "LocalFile Deleter"          daemon [_thread_blocked, id=15356, stack(0x0000000331900000,0x0000000331a00000) (1024K)]
  0x0000016f70a0c530 JavaThread "Compiler Source File Reader" daemon [_thread_blocked, id=18092, stack(0x0000000331a00000,0x0000000331b00000) (1024K)]
  0x0000016f713a7ea0 JavaThread "Compiler Source File Reader" daemon [_thread_blocked, id=19196, stack(0x0000000331b00000,0x0000000331c00000) (1024K)]
  0x0000016f713a8530 JavaThread "Compiler Processing Task"   daemon [_thread_blocked, id=19356, stack(0x0000000331c00000,0x0000000331d00000) (1024K)]
  0x0000016f713a2fe0 JavaThread "Compiler Class File Writer" daemon [_thread_blocked, id=12568, stack(0x0000000331d00000,0x0000000331e00000) (1024K)]
  0x0000016f713a7180 JavaThread "Compiler Class File Writer" daemon [_thread_blocked, id=3504, stack(0x0000000331e00000,0x0000000331f00000) (1024K)]
  0x0000016f713a6460 JavaThread "ForkJoinPool.commonPool-worker-1" daemon [_thread_blocked, id=19264, stack(0x0000000330700000,0x0000000330800000) (1024K)]
  0x0000016f7256f4e0 JavaThread "C2 CompilerThread1"         daemon [_thread_blocked, id=16108, stack(0x0000000331f00000,0x0000000332000000) (1024K)]
Total: 45

Other Threads:
  0x0000016f68c9e950 VMThread "VM Thread"                           [id=7764, stack(0x000000032ee00000,0x000000032ef00000) (1024K)]
  0x0000016f549eb7c0 WatcherThread "VM Periodic Task Thread"        [id=15644, stack(0x000000032ed00000,0x000000032ee00000) (1024K)]
  0x0000016f5499f8a0 WorkerThread "GC Thread#0"                     [id=13700, stack(0x000000032ec00000,0x000000032ed00000) (1024K)]
  0x0000016f6e037ca0 WorkerThread "GC Thread#1"                     [id=8372, stack(0x000000032fa00000,0x000000032fb00000) (1024K)]
  0x0000016f6e20ce50 WorkerThread "GC Thread#2"                     [id=15664, stack(0x000000032fb00000,0x000000032fc00000) (1024K)]
  0x0000016f6e20d1f0 WorkerThread "GC Thread#3"                     [id=16840, stack(0x000000032fc00000,0x000000032fd00000) (1024K)]
Total: 6

Threads with active compile tasks:
C2 CompilerThread0  41987 12177   !   4       lombok.core.FieldAugment$ReflectionFieldAugment::getAndSet (80 bytes)
C2 CompilerThread1  41987 12180   !   4       org.eclipse.jdt.internal.compiler.classfmt.ClassFileReader::<init> (2135 bytes)
Total: 2

VM state: at safepoint (normal execution)

VM Mutex/Monitor currently owned by a thread:  ([mutex/lock_event])
[0x00007ff8a428e380] Threads_lock - owner thread: 0x0000016f68c9e950
[0x00007ff8a428e480] Heap_lock - owner thread: 0x0000016f69ac8360

Heap address: 0x00000000c0000000, size: 1024 MB, Compressed Oops mode: 32-bit

CDS archive(s) mapped at: [0x0000016f00000000-0x0000016f00ba0000-0x0000016f00ba0000), size 12189696, SharedBaseAddress: 0x0000016f00000000, ArchiveRelocationMode: 1.
Compressed class space mapped at: 0x0000016f01000000-0x0000016f41000000, reserved size: 1073741824
Narrow klass base: 0x0000016f00000000, Narrow klass shift: 0, Narrow klass range: 0x100000000

GC Precious Log:
 CardTable entry size: 512
 CPUs: 4 total, 4 available
 Memory: 8089M
 Large Page Support: Disabled
 NUMA Support: Disabled
 Compressed Oops: Enabled (32-bit)
 Alignments: Space 512K, Generation 512K, Heap 2M
 Heap Min Capacity: 100M
 Heap Initial Capacity: 100M
 Heap Max Capacity: 1G
 Pre-touch: Disabled
 Parallel Workers: 4

Heap:
 PSYoungGen      total 14336K, used 14327K [0x00000000eab00000, 0x00000000ebb00000, 0x0000000100000000)
  eden space 12288K, 100% used [0x00000000eab00000,0x00000000eb700000,0x00000000eb700000)
  from space 2048K, 99% used [0x00000000eb900000,0x00000000ebafdd28,0x00000000ebb00000)
  to   space 2048K, 99% used [0x00000000eb700000,0x00000000eb8fc580,0x00000000eb900000)
 ParOldGen       total 213504K, used 213500K [0x00000000c0000000, 0x00000000cd080000, 0x00000000eab00000)
  object space 213504K, 99% used [0x00000000c0000000,0x00000000cd07f000,0x00000000cd080000)
 Metaspace       used 64450K, committed 65984K, reserved 1114112K
  class space    used 6612K, committed 7296K, reserved 1048576K

Card table byte_map: [0x0000016f54360000,0x0000016f54570000] _byte_map_base: 0x0000016f53d60000

Marking Bits: (ParMarkBitMap*) 0x00007ff8a4293260
 Begin Bits: [0x0000016f66b80000, 0x0000016f67b80000)
 End Bits:   [0x0000016f67b80000, 0x0000016f68b80000)

Polling page: 0x0000016f54150000

Metaspace:

Usage:
  Non-class:     56.48 MB used.
      Class:      6.46 MB used.
       Both:     62.94 MB used.

Virtual space:
  Non-class space:       64.00 MB reserved,      57.31 MB ( 90%) committed,  1 nodes.
      Class space:        1.00 GB reserved,       7.12 MB ( <1%) committed,  1 nodes.
             Both:        1.06 GB reserved,      64.44 MB (  6%) committed. 

Chunk freelists:
   Non-Class:  6.53 MB
       Class:  8.86 MB
        Both:  15.39 MB

MaxMetaspaceSize: unlimited
CompressedClassSpaceSize: 1.00 GB
Initial GC threshold: 21.00 MB
Current GC threshold: 106.69 MB
CDS: on
 - commit_granule_bytes: 65536.
 - commit_granule_words: 8192.
 - virtual_space_node_default_size: 8388608.
 - enlarge_chunks_in_place: 1.
 - use_allocation_guard: 0.


Internal statistics:

num_allocs_failed_limit: 9.
num_arena_births: 1268.
num_arena_deaths: 16.
num_vsnodes_births: 2.
num_vsnodes_deaths: 0.
num_space_committed: 1031.
num_space_uncommitted: 0.
num_chunks_returned_to_freelist: 26.
num_chunks_taken_from_freelist: 4358.
num_chunk_merges: 15.
num_chunk_splits: 2696.
num_chunks_enlarged: 1501.
num_inconsistent_stats: 0.

CodeHeap 'non-profiled nmethods': size=120000Kb used=6918Kb max_used=7721Kb free=113081Kb
 bounds [0x0000016f5f650000, 0x0000016f5fde0000, 0x0000016f66b80000]
CodeHeap 'profiled nmethods': size=120000Kb used=20580Kb max_used=24649Kb free=99420Kb
 bounds [0x0000016f57b80000, 0x0000016f593a0000, 0x0000016f5f0b0000]
CodeHeap 'non-nmethods': size=5760Kb used=1436Kb max_used=1507Kb free=4323Kb
 bounds [0x0000016f5f0b0000, 0x0000016f5f320000, 0x0000016f5f650000]
 total_blobs=10711 nmethods=9961 adapters=655
 compilation: enabled
              stopped_count=0, restarted_count=0
 full_count=0

Compilation events (20 events):
Event: 41.720 Thread 0x0000016f68d1f7f0 nmethod 12235 0x0000016f587ac710 code [0x0000016f587ac980, 0x0000016f587ad1f8]
Event: 41.720 Thread 0x0000016f68d1f7f0 12236       1       org.eclipse.jdt.internal.core.JavaModelManager::getJavaModel (5 bytes)
Event: 41.720 Thread 0x0000016f68d1f7f0 nmethod 12236 0x0000016f5fa54890 code [0x0000016f5fa54a20, 0x0000016f5fa54ae8]
Event: 41.724 Thread 0x0000016f68d1f7f0 12237       3       lombok.eclipse.TransformEclipseAST$AnnotationVisitor::<init> (17 bytes)
Event: 41.725 Thread 0x0000016f68d1f7f0 nmethod 12237 0x0000016f58a0de10 code [0x0000016f58a0dfe0, 0x0000016f58a0e3f0]
Event: 41.725 Thread 0x0000016f68d1f7f0 12238   !   3       lombok.eclipse.HandlerLibrary::callASTVisitors (148 bytes)
Event: 41.730 Thread 0x0000016f68d1f7f0 nmethod 12238 0x0000016f58220510 code [0x0000016f58220840, 0x0000016f58221f68]
Event: 41.734 Thread 0x0000016f68d1f7f0 12239       3       org.eclipse.jdt.internal.core.MemberElementInfo::<init> (5 bytes)
Event: 41.734 Thread 0x0000016f68d1f7f0 nmethod 12239 0x0000016f57d09790 code [0x0000016f57d09940, 0x0000016f57d09b68]
Event: 41.734 Thread 0x0000016f68d1f7f0 12240       1       org.eclipse.jdt.internal.compiler.ast.ConstructorDeclaration::isConstructor (2 bytes)
Event: 41.735 Thread 0x0000016f68d1f7f0 nmethod 12240 0x0000016f5fa54590 code [0x0000016f5fa54720, 0x0000016f5fa547e8]
Event: 41.736 Thread 0x0000016f68d1f7f0 12241       1       org.eclipse.jdt.internal.core.SourceMethod::getElementType (3 bytes)
Event: 41.736 Thread 0x0000016f68d1f7f0 nmethod 12241 0x0000016f5fa54290 code [0x0000016f5fa54420, 0x0000016f5fa544e8]
Event: 41.736 Thread 0x0000016f68d1f7f0 12242       3       org.eclipse.jdt.internal.compiler.lookup.CompilationUnitScope$$Lambda/0x0000016f01614000::test (12 bytes)
Event: 41.737 Thread 0x0000016f68d1f7f0 nmethod 12242 0x0000016f57d69810 code [0x0000016f57d699c0, 0x0000016f57d69bf8]
Event: 41.737 Thread 0x0000016f68d1f7f0 12243       3       org.eclipse.jdt.internal.compiler.lookup.CompilationUnitScope::lambda$1 (73 bytes)
Event: 41.738 Thread 0x0000016f68d1f7f0 nmethod 12243 0x0000016f5850d890 code [0x0000016f5850da40, 0x0000016f5850dd58]
Event: 41.750 Thread 0x0000016f68d1f7f0 12244       3       org.eclipse.jdt.internal.compiler.ast.MarkerAnnotation::memberValuePairs (4 bytes)
Event: 41.751 Thread 0x0000016f68d1f7f0 nmethod 12244 0x0000016f57e65590 code [0x0000016f57e65720, 0x0000016f57e65838]
Event: 41.752 Thread 0x0000016f68d1f7f0 12245   !   3       org.eclipse.jdt.internal.compiler.parser.Parser::parse (922 bytes)

GC Heap History (20 events):
Event: 39.654 GC heap before
{Heap before GC invocations=248 (full 5):
 PSYoungGen      total 11264K, used 10752K [0x00000000eab00000, 0x00000000eb900000, 0x0000000100000000)
  eden space 10752K, 100% used [0x00000000eab00000,0x00000000eb580000,0x00000000eb580000)
  from space 512K, 0% used [0x00000000eb700000,0x00000000eb700000,0x00000000eb780000)
  to   space 1536K, 0% used [0x00000000eb580000,0x00000000eb580000,0x00000000eb700000)
 ParOldGen       total 206848K, used 195068K [0x00000000c0000000, 0x00000000cca00000, 0x00000000eab00000)
  object space 206848K, 94% used [0x00000000c0000000,0x00000000cbe7f350,0x00000000cca00000)
 Metaspace       used 64030K, committed 65536K, reserved 1114112K
  class space    used 6572K, committed 7232K, reserved 1048576K
}
Event: 39.660 GC heap after
{Heap after GC invocations=248 (full 5):
 PSYoungGen      total 12288K, used 1530K [0x00000000eab00000, 0x00000000ebb00000, 0x0000000100000000)
  eden space 10752K, 0% used [0x00000000eab00000,0x00000000eab00000,0x00000000eb580000)
  from space 1536K, 99% used [0x00000000eb580000,0x00000000eb6fea48,0x00000000eb700000)
  to   space 2048K, 0% used [0x00000000eb900000,0x00000000eb900000,0x00000000ebb00000)
 ParOldGen       total 206848K, used 195150K [0x00000000c0000000, 0x00000000cca00000, 0x00000000eab00000)
  object space 206848K, 94% used [0x00000000c0000000,0x00000000cbe93890,0x00000000cca00000)
 Metaspace       used 64030K, committed 65536K, reserved 1114112K
  class space    used 6572K, committed 7232K, reserved 1048576K
}
Event: 39.764 GC heap before
{Heap before GC invocations=249 (full 5):
 PSYoungGen      total 12288K, used 12282K [0x00000000eab00000, 0x00000000ebb00000, 0x0000000100000000)
  eden space 10752K, 100% used [0x00000000eab00000,0x00000000eb580000,0x00000000eb580000)
  from space 1536K, 99% used [0x00000000eb580000,0x00000000eb6fea48,0x00000000eb700000)
  to   space 2048K, 0% used [0x00000000eb900000,0x00000000eb900000,0x00000000ebb00000)
 ParOldGen       total 206848K, used 195150K [0x00000000c0000000, 0x00000000cca00000, 0x00000000eab00000)
  object space 206848K, 94% used [0x00000000c0000000,0x00000000cbe93890,0x00000000cca00000)
 Metaspace       used 64034K, committed 65536K, reserved 1114112K
  class space    used 6572K, committed 7232K, reserved 1048576K
}
Event: 39.773 GC heap after
{Heap after GC invocations=249 (full 5):
 PSYoungGen      total 14336K, used 1919K [0x00000000eab00000, 0x00000000ebb00000, 0x0000000100000000)
  eden space 12288K, 0% used [0x00000000eab00000,0x00000000eab00000,0x00000000eb700000)
  from space 2048K, 93% used [0x00000000eb900000,0x00000000ebadfc58,0x00000000ebb00000)
  to   space 2048K, 0% used [0x00000000eb700000,0x00000000eb700000,0x00000000eb900000)
 ParOldGen       total 206848K, used 196642K [0x00000000c0000000, 0x00000000cca00000, 0x00000000eab00000)
  object space 206848K, 95% used [0x00000000c0000000,0x00000000cc008b20,0x00000000cca00000)
 Metaspace       used 64034K, committed 65536K, reserved 1114112K
  class space    used 6572K, committed 7232K, reserved 1048576K
}
Event: 39.926 GC heap before
{Heap before GC invocations=250 (full 5):
 PSYoungGen      total 14336K, used 14207K [0x00000000eab00000, 0x00000000ebb00000, 0x0000000100000000)
  eden space 12288K, 100% used [0x00000000eab00000,0x00000000eb700000,0x00000000eb700000)
  from space 2048K, 93% used [0x00000000eb900000,0x00000000ebadfc58,0x00000000ebb00000)
  to   space 2048K, 0% used [0x00000000eb700000,0x00000000eb700000,0x00000000eb900000)
 ParOldGen       total 206848K, used 196642K [0x00000000c0000000, 0x00000000cca00000, 0x00000000eab00000)
  object space 206848K, 95% used [0x00000000c0000000,0x00000000cc008b20,0x00000000cca00000)
 Metaspace       used 64034K, committed 65536K, reserved 1114112K
  class space    used 6572K, committed 7232K, reserved 1048576K
}
Event: 39.940 GC heap after
{Heap after GC invocations=250 (full 5):
 PSYoungGen      total 14336K, used 2031K [0x00000000eab00000, 0x00000000ebb00000, 0x0000000100000000)
  eden space 12288K, 0% used [0x00000000eab00000,0x00000000eab00000,0x00000000eb700000)
  from space 2048K, 99% used [0x00000000eb700000,0x00000000eb8fbcb8,0x00000000eb900000)
  to   space 2048K, 0% used [0x00000000eb900000,0x00000000eb900000,0x00000000ebb00000)
 ParOldGen       total 206848K, used 198902K [0x00000000c0000000, 0x00000000cca00000, 0x00000000eab00000)
  object space 206848K, 96% used [0x00000000c0000000,0x00000000cc23dbd0,0x00000000cca00000)
 Metaspace       used 64034K, committed 65536K, reserved 1114112K
  class space    used 6572K, committed 7232K, reserved 1048576K
}
Event: 40.098 GC heap before
{Heap before GC invocations=251 (full 5):
 PSYoungGen      total 14336K, used 14319K [0x00000000eab00000, 0x00000000ebb00000, 0x0000000100000000)
  eden space 12288K, 100% used [0x00000000eab00000,0x00000000eb700000,0x00000000eb700000)
  from space 2048K, 99% used [0x00000000eb700000,0x00000000eb8fbcb8,0x00000000eb900000)
  to   space 2048K, 0% used [0x00000000eb900000,0x00000000eb900000,0x00000000ebb00000)
 ParOldGen       total 206848K, used 198902K [0x00000000c0000000, 0x00000000cca00000, 0x00000000eab00000)
  object space 206848K, 96% used [0x00000000c0000000,0x00000000cc23dbd0,0x00000000cca00000)
 Metaspace       used 64034K, committed 65536K, reserved 1114112K
  class space    used 6572K, committed 7232K, reserved 1048576K
}
Event: 40.113 GC heap after
{Heap after GC invocations=251 (full 5):
 PSYoungGen      total 14336K, used 1739K [0x00000000eab00000, 0x00000000ebb00000, 0x0000000100000000)
  eden space 12288K, 0% used [0x00000000eab00000,0x00000000eab00000,0x00000000eb700000)
  from space 2048K, 84% used [0x00000000eb900000,0x00000000ebab2d70,0x00000000ebb00000)
  to   space 2048K, 0% used [0x00000000eb700000,0x00000000eb700000,0x00000000eb900000)
 ParOldGen       total 206848K, used 200869K [0x00000000c0000000, 0x00000000cca00000, 0x00000000eab00000)
  object space 206848K, 97% used [0x00000000c0000000,0x00000000cc4297b8,0x00000000cca00000)
 Metaspace       used 64034K, committed 65536K, reserved 1114112K
  class space    used 6572K, committed 7232K, reserved 1048576K
}
Event: 40.216 GC heap before
{Heap before GC invocations=252 (full 5):
 PSYoungGen      total 14336K, used 14027K [0x00000000eab00000, 0x00000000ebb00000, 0x0000000100000000)
  eden space 12288K, 100% used [0x00000000eab00000,0x00000000eb700000,0x00000000eb700000)
  from space 2048K, 84% used [0x00000000eb900000,0x00000000ebab2d70,0x00000000ebb00000)
  to   space 2048K, 0% used [0x00000000eb700000,0x00000000eb700000,0x00000000eb900000)
 ParOldGen       total 206848K, used 200869K [0x00000000c0000000, 0x00000000cca00000, 0x00000000eab00000)
  object space 206848K, 97% used [0x00000000c0000000,0x00000000cc4297b8,0x00000000cca00000)
 Metaspace       used 64034K, committed 65536K, reserved 1114112K
  class space    used 6572K, committed 7232K, reserved 1048576K
}
Event: 40.225 GC heap after
{Heap after GC invocations=252 (full 5):
 PSYoungGen      total 14336K, used 2027K [0x00000000eab00000, 0x00000000ebb00000, 0x0000000100000000)
  eden space 12288K, 0% used [0x00000000eab00000,0x00000000eab00000,0x00000000eb700000)
  from space 2048K, 99% used [0x00000000eb700000,0x00000000eb8fafe8,0x00000000eb900000)
  to   space 2048K, 0% used [0x00000000eb900000,0x00000000eb900000,0x00000000ebb00000)
 ParOldGen       total 206848K, used 201741K [0x00000000c0000000, 0x00000000cca00000, 0x00000000eab00000)
  object space 206848K, 97% used [0x00000000c0000000,0x00000000cc503740,0x00000000cca00000)
 Metaspace       used 64034K, committed 65536K, reserved 1114112K
  class space    used 6572K, committed 7232K, reserved 1048576K
}
Event: 40.464 GC heap before
{Heap before GC invocations=253 (full 5):
 PSYoungGen      total 14336K, used 14315K [0x00000000eab00000, 0x00000000ebb00000, 0x0000000100000000)
  eden space 12288K, 100% used [0x00000000eab00000,0x00000000eb700000,0x00000000eb700000)
  from space 2048K, 99% used [0x00000000eb700000,0x00000000eb8fafe8,0x00000000eb900000)
  to   space 2048K, 0% used [0x00000000eb900000,0x00000000eb900000,0x00000000ebb00000)
 ParOldGen       total 206848K, used 201741K [0x00000000c0000000, 0x00000000cca00000, 0x00000000eab00000)
  object space 206848K, 97% used [0x00000000c0000000,0x00000000cc503740,0x00000000cca00000)
 Metaspace       used 64043K, committed 65536K, reserved 1114112K
  class space    used 6575K, committed 7232K, reserved 1048576K
}
Event: 40.487 GC heap after
{Heap after GC invocations=253 (full 5):
 PSYoungGen      total 14336K, used 1476K [0x00000000eab00000, 0x00000000ebb00000, 0x0000000100000000)
  eden space 12288K, 0% used [0x00000000eab00000,0x00000000eab00000,0x00000000eb700000)
  from space 2048K, 72% used [0x00000000eb900000,0x00000000eba712e0,0x00000000ebb00000)
  to   space 2048K, 0% used [0x00000000eb700000,0x00000000eb700000,0x00000000eb900000)
 ParOldGen       total 206848K, used 203726K [0x00000000c0000000, 0x00000000cca00000, 0x00000000eab00000)
  object space 206848K, 98% used [0x00000000c0000000,0x00000000cc6f3960,0x00000000cca00000)
 Metaspace       used 64043K, committed 65536K, reserved 1114112K
  class space    used 6575K, committed 7232K, reserved 1048576K
}
Event: 40.718 GC heap before
{Heap before GC invocations=254 (full 5):
 PSYoungGen      total 14336K, used 13764K [0x00000000eab00000, 0x00000000ebb00000, 0x0000000100000000)
  eden space 12288K, 100% used [0x00000000eab00000,0x00000000eb700000,0x00000000eb700000)
  from space 2048K, 72% used [0x00000000eb900000,0x00000000eba712e0,0x00000000ebb00000)
  to   space 2048K, 0% used [0x00000000eb700000,0x00000000eb700000,0x00000000eb900000)
 ParOldGen       total 206848K, used 203726K [0x00000000c0000000, 0x00000000cca00000, 0x00000000eab00000)
  object space 206848K, 98% used [0x00000000c0000000,0x00000000cc6f3960,0x00000000cca00000)
 Metaspace       used 64212K, committed 65664K, reserved 1114112K
  class space    used 6600K, committed 7232K, reserved 1048576K
}
Event: 40.734 GC heap after
{Heap after GC invocations=254 (full 5):
 PSYoungGen      total 14336K, used 2022K [0x00000000eab00000, 0x00000000ebb00000, 0x0000000100000000)
  eden space 12288K, 0% used [0x00000000eab00000,0x00000000eab00000,0x00000000eb700000)
  from space 2048K, 98% used [0x00000000eb700000,0x00000000eb8f9bd0,0x00000000eb900000)
  to   space 2048K, 0% used [0x00000000eb900000,0x00000000eb900000,0x00000000ebb00000)
 ParOldGen       total 206848K, used 205743K [0x00000000c0000000, 0x00000000cca00000, 0x00000000eab00000)
  object space 206848K, 99% used [0x00000000c0000000,0x00000000cc8ebd10,0x00000000cca00000)
 Metaspace       used 64212K, committed 65664K, reserved 1114112K
  class space    used 6600K, committed 7232K, reserved 1048576K
}
Event: 41.040 GC heap before
{Heap before GC invocations=255 (full 5):
 PSYoungGen      total 14336K, used 14310K [0x00000000eab00000, 0x00000000ebb00000, 0x0000000100000000)
  eden space 12288K, 100% used [0x00000000eab00000,0x00000000eb700000,0x00000000eb700000)
  from space 2048K, 98% used [0x00000000eb700000,0x00000000eb8f9bd0,0x00000000eb900000)
  to   space 2048K, 0% used [0x00000000eb900000,0x00000000eb900000,0x00000000ebb00000)
 ParOldGen       total 206848K, used 205743K [0x00000000c0000000, 0x00000000cca00000, 0x00000000eab00000)
  object space 206848K, 99% used [0x00000000c0000000,0x00000000cc8ebd10,0x00000000cca00000)
 Metaspace       used 64249K, committed 65792K, reserved 1114112K
  class space    used 6605K, committed 7296K, reserved 1048576K
}
Event: 41.056 GC heap after
{Heap after GC invocations=255 (full 5):
 PSYoungGen      total 14336K, used 2036K [0x00000000eab00000, 0x00000000ebb00000, 0x0000000100000000)
  eden space 12288K, 0% used [0x00000000eab00000,0x00000000eab00000,0x00000000eb700000)
  from space 2048K, 99% used [0x00000000eb900000,0x00000000ebafd140,0x00000000ebb00000)
  to   space 2048K, 0% used [0x00000000eb700000,0x00000000eb700000,0x00000000eb900000)
 ParOldGen       total 208384K, used 208009K [0x00000000c0000000, 0x00000000ccb80000, 0x00000000eab00000)
  object space 208384K, 99% used [0x00000000c0000000,0x00000000ccb226e0,0x00000000ccb80000)
 Metaspace       used 64249K, committed 65792K, reserved 1114112K
  class space    used 6605K, committed 7296K, reserved 1048576K
}
Event: 41.285 GC heap before
{Heap before GC invocations=256 (full 5):
 PSYoungGen      total 14336K, used 14324K [0x00000000eab00000, 0x00000000ebb00000, 0x0000000100000000)
  eden space 12288K, 100% used [0x00000000eab00000,0x00000000eb700000,0x00000000eb700000)
  from space 2048K, 99% used [0x00000000eb900000,0x00000000ebafd140,0x00000000ebb00000)
  to   space 2048K, 0% used [0x00000000eb700000,0x00000000eb700000,0x00000000eb900000)
 ParOldGen       total 208384K, used 208009K [0x00000000c0000000, 0x00000000ccb80000, 0x00000000eab00000)
  object space 208384K, 99% used [0x00000000c0000000,0x00000000ccb226e0,0x00000000ccb80000)
 Metaspace       used 64332K, committed 65856K, reserved 1114112K
  class space    used 6607K, committed 7296K, reserved 1048576K
}
Event: 41.300 GC heap after
{Heap after GC invocations=256 (full 5):
 PSYoungGen      total 14336K, used 2033K [0x00000000eab00000, 0x00000000ebb00000, 0x0000000100000000)
  eden space 12288K, 0% used [0x00000000eab00000,0x00000000eab00000,0x00000000eb700000)
  from space 2048K, 99% used [0x00000000eb700000,0x00000000eb8fc760,0x00000000eb900000)
  to   space 2048K, 0% used [0x00000000eb900000,0x00000000eb900000,0x00000000ebb00000)
 ParOldGen       total 210432K, used 210185K [0x00000000c0000000, 0x00000000ccd80000, 0x00000000eab00000)
  object space 210432K, 99% used [0x00000000c0000000,0x00000000ccd425e8,0x00000000ccd80000)
 Metaspace       used 64332K, committed 65856K, reserved 1114112K
  class space    used 6607K, committed 7296K, reserved 1048576K
}
Event: 41.689 GC heap before
{Heap before GC invocations=257 (full 5):
 PSYoungGen      total 14336K, used 14321K [0x00000000eab00000, 0x00000000ebb00000, 0x0000000100000000)
  eden space 12288K, 100% used [0x00000000eab00000,0x00000000eb700000,0x00000000eb700000)
  from space 2048K, 99% used [0x00000000eb700000,0x00000000eb8fc760,0x00000000eb900000)
  to   space 2048K, 0% used [0x00000000eb900000,0x00000000eb900000,0x00000000ebb00000)
 ParOldGen       total 210432K, used 210185K [0x00000000c0000000, 0x00000000ccd80000, 0x00000000eab00000)
  object space 210432K, 99% used [0x00000000c0000000,0x00000000ccd425e8,0x00000000ccd80000)
 Metaspace       used 64390K, committed 65920K, reserved 1114112K
  class space    used 6611K, committed 7296K, reserved 1048576K
}
Event: 41.699 GC heap after
{Heap after GC invocations=257 (full 5):
 PSYoungGen      total 14336K, used 2039K [0x00000000eab00000, 0x00000000ebb00000, 0x0000000100000000)
  eden space 12288K, 0% used [0x00000000eab00000,0x00000000eab00000,0x00000000eb700000)
  from space 2048K, 99% used [0x00000000eb900000,0x00000000ebafdd28,0x00000000ebb00000)
  to   space 2048K, 0% used [0x00000000eb700000,0x00000000eb700000,0x00000000eb900000)
 ParOldGen       total 212480K, used 212125K [0x00000000c0000000, 0x00000000ccf80000, 0x00000000eab00000)
  object space 212480K, 99% used [0x00000000c0000000,0x00000000ccf275d8,0x00000000ccf80000)
 Metaspace       used 64390K, committed 65920K, reserved 1114112K
  class space    used 6611K, committed 7296K, reserved 1048576K
}

Dll operation events (10 events):
Event: 0.024 Loaded shared library c:\Users\SERGE\.vscode\extensions\redhat.java-1.41.1-win32-x64\jre\21.0.6-win32-x86_64\bin\java.dll
Event: 0.536 Loaded shared library c:\Users\SERGE\.vscode\extensions\redhat.java-1.41.1-win32-x64\jre\21.0.6-win32-x86_64\bin\zip.dll
Event: 0.635 Loaded shared library C:\Users\SERGE\.vscode\extensions\redhat.java-1.41.1-win32-x64\jre\21.0.6-win32-x86_64\bin\instrument.dll
Event: 0.644 Loaded shared library C:\Users\SERGE\.vscode\extensions\redhat.java-1.41.1-win32-x64\jre\21.0.6-win32-x86_64\bin\net.dll
Event: 0.649 Loaded shared library C:\Users\SERGE\.vscode\extensions\redhat.java-1.41.1-win32-x64\jre\21.0.6-win32-x86_64\bin\nio.dll
Event: 0.703 Loaded shared library C:\Users\SERGE\.vscode\extensions\redhat.java-1.41.1-win32-x64\jre\21.0.6-win32-x86_64\bin\zip.dll
Event: 0.754 Loaded shared library C:\Users\SERGE\.vscode\extensions\redhat.java-1.41.1-win32-x64\jre\21.0.6-win32-x86_64\bin\jimage.dll
Event: 1.047 Loaded shared library c:\Users\SERGE\.vscode\extensions\redhat.java-1.41.1-win32-x64\jre\21.0.6-win32-x86_64\bin\verify.dll
Event: 4.601 Loaded shared library C:\Users\SERGE\AppData\Roaming\Code\User\globalStorage\redhat.java\1.41.1\config_win\org.eclipse.equinox.launcher\org.eclipse.equinox.launcher.win32.win32.x86_64_1.2.1300.v20250331-1702\eclipse_11911.dll
Event: 8.831 Loaded shared library C:\Users\SERGE\AppData\Local\Temp\jna-78788894\jna4021979433638243585.dll

Deoptimization events (20 events):
Event: 41.066 Thread 0x0000016f69ac8360 DEOPT PACKING pc=0x0000016f58f5062a sp=0x00000003309fed80
Event: 41.066 Thread 0x0000016f69ac8360 DEOPT UNPACKING pc=0x0000016f5f104242 sp=0x00000003309fe308 mode 0
Event: 41.116 Thread 0x0000016f69ac8360 DEOPT PACKING pc=0x0000016f58f5062a sp=0x00000003309fed80
Event: 41.116 Thread 0x0000016f69ac8360 DEOPT UNPACKING pc=0x0000016f5f104242 sp=0x00000003309fe308 mode 0
Event: 41.187 Thread 0x0000016f69ac8360 DEOPT PACKING pc=0x0000016f58f5062a sp=0x00000003309fed80
Event: 41.187 Thread 0x0000016f69ac8360 DEOPT UNPACKING pc=0x0000016f5f104242 sp=0x00000003309fe308 mode 0
Event: 41.240 Thread 0x0000016f69ac8360 DEOPT PACKING pc=0x0000016f58f5062a sp=0x00000003309fed80
Event: 41.240 Thread 0x0000016f69ac8360 DEOPT UNPACKING pc=0x0000016f5f104242 sp=0x00000003309fe308 mode 0
Event: 41.305 Thread 0x0000016f69ac8360 DEOPT PACKING pc=0x0000016f58f5062a sp=0x00000003309fed80
Event: 41.305 Thread 0x0000016f69ac8360 DEOPT UNPACKING pc=0x0000016f5f104242 sp=0x00000003309fe308 mode 0
Event: 41.454 Thread 0x0000016f69ac8360 DEOPT PACKING pc=0x0000016f58f5062a sp=0x00000003309fed80
Event: 41.455 Thread 0x0000016f69ac8360 DEOPT UNPACKING pc=0x0000016f5f104242 sp=0x00000003309fe308 mode 0
Event: 41.579 Thread 0x0000016f69ac8360 DEOPT PACKING pc=0x0000016f58f5062a sp=0x00000003309fed80
Event: 41.579 Thread 0x0000016f69ac8360 DEOPT UNPACKING pc=0x0000016f5f104242 sp=0x00000003309fe308 mode 0
Event: 41.653 Thread 0x0000016f69ac8360 DEOPT PACKING pc=0x0000016f58f5062a sp=0x00000003309fed80
Event: 41.653 Thread 0x0000016f69ac8360 DEOPT UNPACKING pc=0x0000016f5f104242 sp=0x00000003309fe308 mode 0
Event: 41.686 Thread 0x0000016f69ac8360 DEOPT PACKING pc=0x0000016f58f5062a sp=0x00000003309fed80
Event: 41.686 Thread 0x0000016f69ac8360 DEOPT UNPACKING pc=0x0000016f5f104242 sp=0x00000003309fe308 mode 0
Event: 41.756 Thread 0x0000016f69ac8360 DEOPT PACKING pc=0x0000016f58f5062a sp=0x00000003309fed80
Event: 41.756 Thread 0x0000016f69ac8360 DEOPT UNPACKING pc=0x0000016f5f104242 sp=0x00000003309fe308 mode 0

Classes loaded (20 events):
Event: 33.216 Loading class sun/nio/fs/WindowsFileSystem$2
Event: 33.216 Loading class java/nio/file/PathMatcher
Event: 33.216 Loading class java/nio/file/PathMatcher done
Event: 33.216 Loading class sun/nio/fs/WindowsFileSystem$2 done
Event: 34.175 Loading class java/util/Collections$SynchronizedRandomAccessList
Event: 34.176 Loading class java/util/Collections$SynchronizedList
Event: 34.176 Loading class java/util/Collections$SynchronizedList done
Event: 34.176 Loading class java/util/Collections$SynchronizedRandomAccessList done
Event: 34.285 Loading class java/util/concurrent/CompletableFuture$Signaller
Event: 34.319 Loading class java/util/concurrent/CompletableFuture$Signaller done
Event: 34.553 Loading class sun/nio/cs/ISO_8859_1$Encoder
Event: 34.553 Loading class sun/nio/cs/ISO_8859_1$Encoder done
Event: 34.553 Loading class sun/nio/cs/Surrogate$Parser
Event: 34.553 Loading class sun/nio/cs/Surrogate$Parser done
Event: 34.553 Loading class sun/nio/cs/Surrogate
Event: 34.554 Loading class sun/nio/cs/Surrogate done
Event: 35.246 Loading class java/nio/charset/CharacterCodingException
Event: 35.246 Loading class java/nio/charset/CharacterCodingException done
Event: 35.246 Loading class java/io/SequenceInputStream
Event: 35.247 Loading class java/io/SequenceInputStream done

Classes unloaded (8 events):
Event: 12.006 Thread 0x0000016f68c9e950 Unloading class 0x0000016f0119a400 'java/lang/invoke/LambdaForm$MH+0x0000016f0119a400'
Event: 12.006 Thread 0x0000016f68c9e950 Unloading class 0x0000016f0119a000 'java/lang/invoke/LambdaForm$MH+0x0000016f0119a000'
Event: 12.006 Thread 0x0000016f68c9e950 Unloading class 0x0000016f01199c00 'java/lang/invoke/LambdaForm$MH+0x0000016f01199c00'
Event: 12.006 Thread 0x0000016f68c9e950 Unloading class 0x0000016f01199800 'java/lang/invoke/LambdaForm$MH+0x0000016f01199800'
Event: 12.006 Thread 0x0000016f68c9e950 Unloading class 0x0000016f01199400 'java/lang/invoke/LambdaForm$BMH+0x0000016f01199400'
Event: 12.006 Thread 0x0000016f68c9e950 Unloading class 0x0000016f01199000 'java/lang/invoke/LambdaForm$DMH+0x0000016f01199000'
Event: 12.006 Thread 0x0000016f68c9e950 Unloading class 0x0000016f01193c00 'java/lang/invoke/LambdaForm$DMH+0x0000016f01193c00'
Event: 36.452 Thread 0x0000016f68c9e950 Unloading class 0x0000016f01684800 'java/lang/invoke/LambdaForm$DMH+0x0000016f01684800'

Classes redefined (0 events):
No events

Internal exceptions (20 events):
Event: 34.100 Thread 0x0000016f69ac9da0 Exception <a 'sun/nio/fs/WindowsException'{0x00000000eac2cbc8}> (0x00000000eac2cbc8) 
thrown [s\src\hotspot\share\prims\jni.cpp, line 520]
Event: 34.101 Thread 0x0000016f69ac9da0 Exception <a 'sun/nio/fs/WindowsException'{0x00000000eac708f0}> (0x00000000eac708f0) 
thrown [s\src\hotspot\share\prims\jni.cpp, line 520]
Event: 34.102 Thread 0x0000016f69ac9da0 Exception <a 'sun/nio/fs/WindowsException'{0x00000000eac93ac8}> (0x00000000eac93ac8) 
thrown [s\src\hotspot\share\prims\jni.cpp, line 520]
Event: 34.103 Thread 0x0000016f69ac9da0 Exception <a 'sun/nio/fs/WindowsException'{0x00000000eac970e0}> (0x00000000eac970e0) 
thrown [s\src\hotspot\share\prims\jni.cpp, line 520]
Event: 35.284 Thread 0x0000016f70a0b810 Exception <a 'java/io/FileNotFoundException'{0x00000000eab7ac58}> (0x00000000eab7ac58) 
thrown [s\src\hotspot\share\prims\jni.cpp, line 520]
Event: 35.346 Thread 0x0000016f70a0b810 Exception <a 'java/io/FileNotFoundException'{0x00000000eab7c058}> (0x00000000eab7c058) 
thrown [s\src\hotspot\share\prims\jni.cpp, line 520]
Event: 35.569 Thread 0x0000016f70a0b810 Exception <a 'sun/nio/fs/WindowsException'{0x00000000eaeb5b58}> (0x00000000eaeb5b58) 
thrown [s\src\hotspot\share\prims\jni.cpp, line 520]
Event: 35.569 Thread 0x0000016f70a0b810 Exception <a 'sun/nio/fs/WindowsException'{0x00000000eaeb6208}> (0x00000000eaeb6208) 
thrown [s\src\hotspot\share\prims\jni.cpp, line 520]
Event: 35.574 Thread 0x0000016f70a0b810 Exception <a 'sun/nio/fs/WindowsException'{0x00000000eab00790}> (0x00000000eab00790) 
thrown [s\src\hotspot\share\prims\jni.cpp, line 520]
Event: 35.574 Thread 0x0000016f70a0b810 Exception <a 'sun/nio/fs/WindowsException'{0x00000000eab00e40}> (0x00000000eab00e40) 
thrown [s\src\hotspot\share\prims\jni.cpp, line 520]
Event: 35.577 Thread 0x0000016f70a0b810 Exception <a 'sun/nio/fs/WindowsException'{0x00000000eab01ea8}> (0x00000000eab01ea8) 
thrown [s\src\hotspot\share\prims\jni.cpp, line 520]
Event: 35.578 Thread 0x0000016f70a0b810 Exception <a 'sun/nio/fs/WindowsException'{0x00000000eab024d8}> (0x00000000eab024d8) 
thrown [s\src\hotspot\share\prims\jni.cpp, line 520]
Event: 35.578 Thread 0x0000016f70a0b810 Exception <a 'sun/nio/fs/WindowsException'{0x00000000eab03060}> (0x00000000eab03060) 
thrown [s\src\hotspot\share\prims\jni.cpp, line 520]
Event: 35.578 Thread 0x0000016f70a0b810 Exception <a 'sun/nio/fs/WindowsException'{0x00000000eab03690}> (0x00000000eab03690) 
thrown [s\src\hotspot\share\prims\jni.cpp, line 520]
Event: 35.581 Thread 0x0000016f70a0b810 Exception <a 'java/lang/IncompatibleClassChangeError'{0x00000000eab6e070}: Found class java.lang.Object, but interface was expected> (0x00000000eab6e070) 
thrown [s\src\hotspot\share\interpreter\linkResolver.cpp, line 840]
Event: 35.976 Thread 0x0000016f69ac89f0 Exception <a 'java/lang/NoSuchMethodError'{0x00000000eacbee10}: 'java.lang.Object java.lang.invoke.DirectMethodHandle$Holder.invokeSpecial(java.lang.Object, java.lang.Object, int, long)'> (0x00000000eacbee10) 
thrown [s\src\hotspot\share\interpreter\linkResolver.cpp, line 773]
Event: 37.473 Thread 0x0000016f69acb7e0 Implicit null exception at 0x0000016f5f8fb328 to 0x0000016f5f8fbba4
Event: 39.852 Thread 0x0000016f69acb7e0 Implicit null exception at 0x0000016f5fa6e76b to 0x0000016f5fa6ea84
Event: 39.853 Thread 0x0000016f69acb7e0 Implicit null exception at 0x0000016f5f916ca1 to 0x0000016f5f916fb4
Event: 39.854 Thread 0x0000016f69acb7e0 Implicit null exception at 0x0000016f5f69fd72 to 0x0000016f5f6a0180

ZGC Phase Switch (0 events):
No events

VM Operations (20 events):
Event: 39.764 Executing VM operation: ParallelGCFailedAllocation (Allocation Failure)
Event: 39.773 Executing VM operation: ParallelGCFailedAllocation (Allocation Failure) done
Event: 39.925 Executing VM operation: ParallelGCFailedAllocation (Allocation Failure)
Event: 39.941 Executing VM operation: ParallelGCFailedAllocation (Allocation Failure) done
Event: 40.098 Executing VM operation: ParallelGCFailedAllocation (Allocation Failure)
Event: 40.113 Executing VM operation: ParallelGCFailedAllocation (Allocation Failure) done
Event: 40.216 Executing VM operation: ParallelGCFailedAllocation (Allocation Failure)
Event: 40.226 Executing VM operation: ParallelGCFailedAllocation (Allocation Failure) done
Event: 40.447 Executing VM operation: ParallelGCFailedAllocation (Allocation Failure)
Event: 40.487 Executing VM operation: ParallelGCFailedAllocation (Allocation Failure) done
Event: 40.599 Executing VM operation: HandshakeAllThreads (Deoptimize)
Event: 40.600 Executing VM operation: HandshakeAllThreads (Deoptimize) done
Event: 40.718 Executing VM operation: ParallelGCFailedAllocation (Allocation Failure)
Event: 40.735 Executing VM operation: ParallelGCFailedAllocation (Allocation Failure) done
Event: 41.040 Executing VM operation: ParallelGCFailedAllocation (Allocation Failure)
Event: 41.057 Executing VM operation: ParallelGCFailedAllocation (Allocation Failure) done
Event: 41.285 Executing VM operation: ParallelGCFailedAllocation (Allocation Failure)
Event: 41.300 Executing VM operation: ParallelGCFailedAllocation (Allocation Failure) done
Event: 41.688 Executing VM operation: ParallelGCFailedAllocation (Allocation Failure)
Event: 41.699 Executing VM operation: ParallelGCFailedAllocation (Allocation Failure) done

Memory protections (0 events):
No events

Nmethod flushes (20 events):
Event: 38.925 Thread 0x0000016f68c9e950 flushing  nmethod 0x0000016f591f2a90
Event: 38.925 Thread 0x0000016f68c9e950 flushing  nmethod 0x0000016f591fc790
Event: 38.925 Thread 0x0000016f68c9e950 flushing  nmethod 0x0000016f59217690
Event: 38.925 Thread 0x0000016f68c9e950 flushing  nmethod 0x0000016f59237510
Event: 38.925 Thread 0x0000016f68c9e950 flushing  nmethod 0x0000016f59237b90
Event: 38.925 Thread 0x0000016f68c9e950 flushing  nmethod 0x0000016f59258190
Event: 38.925 Thread 0x0000016f68c9e950 flushing  nmethod 0x0000016f59272710
Event: 38.925 Thread 0x0000016f68c9e950 flushing  nmethod 0x0000016f59281310
Event: 38.925 Thread 0x0000016f68c9e950 flushing  nmethod 0x0000016f59281890
Event: 38.925 Thread 0x0000016f68c9e950 flushing  nmethod 0x0000016f59283010
Event: 38.925 Thread 0x0000016f68c9e950 flushing  nmethod 0x0000016f59289890
Event: 38.925 Thread 0x0000016f68c9e950 flushing  nmethod 0x0000016f5928f210
Event: 38.925 Thread 0x0000016f68c9e950 flushing  nmethod 0x0000016f59290410
Event: 38.925 Thread 0x0000016f68c9e950 flushing  nmethod 0x0000016f59294090
Event: 38.925 Thread 0x0000016f68c9e950 flushing  nmethod 0x0000016f59298810
Event: 38.925 Thread 0x0000016f68c9e950 flushing  nmethod 0x0000016f5929a790
Event: 38.925 Thread 0x0000016f68c9e950 flushing  nmethod 0x0000016f5929d610
Event: 38.925 Thread 0x0000016f68c9e950 flushing  nmethod 0x0000016f592b1c10
Event: 38.925 Thread 0x0000016f68c9e950 flushing  nmethod 0x0000016f592b2090
Event: 38.925 Thread 0x0000016f68c9e950 flushing  nmethod 0x0000016f59356b90

Events (20 events):
Event: 30.772 Thread 0x0000016f713a6af0 Thread exited: 0x0000016f713a6af0
Event: 30.772 Thread 0x0000016f713a6460 Thread exited: 0x0000016f713a6460
Event: 30.792 Thread 0x0000016f713a8bc0 Thread exited: 0x0000016f713a8bc0
Event: 31.848 Thread 0x0000016f69acb150 Thread added: 0x0000016f713a6460
Event: 31.848 Thread 0x0000016f69acb150 Thread added: 0x0000016f713a6af0
Event: 31.848 Thread 0x0000016f69acb150 Thread added: 0x0000016f713a8bc0
Event: 31.848 Thread 0x0000016f69acb150 Thread added: 0x0000016f713a1c30
Event: 31.848 Thread 0x0000016f69acb150 Thread added: 0x0000016f713a2950
Event: 31.954 Thread 0x0000016f713a2950 Thread exited: 0x0000016f713a2950
Event: 31.958 Thread 0x0000016f713a8bc0 Thread exited: 0x0000016f713a8bc0
Event: 31.963 Thread 0x0000016f713a6460 Thread exited: 0x0000016f713a6460
Event: 31.968 Thread 0x0000016f713a6af0 Thread exited: 0x0000016f713a6af0
Event: 31.981 Thread 0x0000016f713a1c30 Thread exited: 0x0000016f713a1c30
Event: 32.575 Thread 0x0000016f6ee5bf50 Thread exited: 0x0000016f6ee5bf50
Event: 33.257 Thread 0x0000016f68d1f7f0 Thread added: 0x0000016f7274ef90
Event: 36.298 Thread 0x0000016f7274ef90 Thread exited: 0x0000016f7274ef90
Event: 36.717 Thread 0x0000016f68d1f7f0 Thread added: 0x0000016f7256f4e0
Event: 39.618 Thread 0x0000016f7256f4e0 Thread exited: 0x0000016f7256f4e0
Event: 40.689 Thread 0x0000016f69acb7e0 Thread added: 0x0000016f713a6460
Event: 41.085 Thread 0x0000016f68d1f7f0 Thread added: 0x0000016f7256f4e0


Dynamic libraries:
0x00007ff7653f0000 - 0x00007ff7653fe000 	c:\Users\SERGE\.vscode\extensions\redhat.java-1.41.1-win32-x64\jre\21.0.6-win32-x86_64\bin\java.exe
0x00007ff8e6a70000 - 0x00007ff8e6c68000 	C:\Windows\SYSTEM32\ntdll.dll
0x00007ff8e5250000 - 0x00007ff8e5312000 	C:\Windows\System32\KERNEL32.DLL
0x00007ff8e4300000 - 0x00007ff8e45ff000 	C:\Windows\System32\KERNELBASE.dll
0x00007ff8e41d0000 - 0x00007ff8e42d0000 	C:\Windows\System32\ucrtbase.dll
0x00007ff8d77f0000 - 0x00007ff8d7808000 	c:\Users\SERGE\.vscode\extensions\redhat.java-1.41.1-win32-x64\jre\21.0.6-win32-x86_64\bin\jli.dll
0x00007ff8e64b0000 - 0x00007ff8e664d000 	C:\Windows\System32\USER32.dll
0x00007ff8e42d0000 - 0x00007ff8e42f2000 	C:\Windows\System32\win32u.dll
0x00007ff8e5e70000 - 0x00007ff8e5e9b000 	C:\Windows\System32\GDI32.dll
0x00007ff8e4770000 - 0x00007ff8e488a000 	C:\Windows\System32\gdi32full.dll
0x00007ff8e4890000 - 0x00007ff8e492d000 	C:\Windows\System32\msvcp_win.dll
0x00007ff8d55b0000 - 0x00007ff8d55ce000 	c:\Users\SERGE\.vscode\extensions\redhat.java-1.41.1-win32-x64\jre\21.0.6-win32-x86_64\bin\VCRUNTIME140.dll
0x00007ff8d1e90000 - 0x00007ff8d212a000 	C:\Windows\WinSxS\amd64_microsoft.windows.common-controls_6595b64144ccf1df_6.0.19041.4355_none_60b8b9eb71f62e16\COMCTL32.dll
0x00007ff8e5dc0000 - 0x00007ff8e5e5e000 	C:\Windows\System32\msvcrt.dll
0x00007ff8e5d90000 - 0x00007ff8e5dbf000 	C:\Windows\System32\IMM32.DLL
0x00007ff8df780000 - 0x00007ff8df78c000 	c:\Users\SERGE\.vscode\extensions\redhat.java-1.41.1-win32-x64\jre\21.0.6-win32-x86_64\bin\vcruntime140_1.dll
0x00007ff8c8be0000 - 0x00007ff8c8c6d000 	c:\Users\SERGE\.vscode\extensions\redhat.java-1.41.1-win32-x64\jre\21.0.6-win32-x86_64\bin\msvcp140.dll
0x00007ff8a35e0000 - 0x00007ff8a4370000 	c:\Users\SERGE\.vscode\extensions\redhat.java-1.41.1-win32-x64\jre\21.0.6-win32-x86_64\bin\server\jvm.dll
0x00007ff8e51a0000 - 0x00007ff8e524f000 	C:\Windows\System32\ADVAPI32.dll
0x00007ff8e4b60000 - 0x00007ff8e4bff000 	C:\Windows\System32\sechost.dll
0x00007ff8e4cb0000 - 0x00007ff8e4dd3000 	C:\Windows\System32\RPCRT4.dll
0x00007ff8e4600000 - 0x00007ff8e4627000 	C:\Windows\System32\bcrypt.dll
0x00007ff8e5ea0000 - 0x00007ff8e5f0b000 	C:\Windows\System32\WS2_32.dll
0x00007ff8e3610000 - 0x00007ff8e365b000 	C:\Windows\SYSTEM32\POWRPROF.dll
0x00007ff8d8530000 - 0x00007ff8d8557000 	C:\Windows\SYSTEM32\WINMM.dll
0x00007ff8df0e0000 - 0x00007ff8df0ea000 	C:\Windows\SYSTEM32\VERSION.dll
0x00007ff8e34d0000 - 0x00007ff8e34e2000 	C:\Windows\SYSTEM32\UMPDC.dll
0x00007ff8e2130000 - 0x00007ff8e2142000 	C:\Windows\SYSTEM32\kernel.appcore.dll
0x00007ff8dec80000 - 0x00007ff8dec8a000 	c:\Users\SERGE\.vscode\extensions\redhat.java-1.41.1-win32-x64\jre\21.0.6-win32-x86_64\bin\jimage.dll
0x00007ff8d3870000 - 0x00007ff8d3a54000 	C:\Windows\SYSTEM32\DBGHELP.DLL
0x00007ff8d4cc0000 - 0x00007ff8d4cf4000 	C:\Windows\SYSTEM32\dbgcore.DLL
0x00007ff8e4630000 - 0x00007ff8e46b2000 	C:\Windows\System32\bcryptPrimitives.dll
0x00007ff8dcc90000 - 0x00007ff8dcc9f000 	c:\Users\SERGE\.vscode\extensions\redhat.java-1.41.1-win32-x64\jre\21.0.6-win32-x86_64\bin\instrument.dll
0x00007ff8d1540000 - 0x00007ff8d155f000 	c:\Users\SERGE\.vscode\extensions\redhat.java-1.41.1-win32-x64\jre\21.0.6-win32-x86_64\bin\java.dll
0x00007ff8e5540000 - 0x00007ff8e5cad000 	C:\Windows\System32\SHELL32.dll
0x00007ff8e2150000 - 0x00007ff8e28f3000 	C:\Windows\SYSTEM32\windows.storage.dll
0x00007ff8e4de0000 - 0x00007ff8e5135000 	C:\Windows\System32\combase.dll
0x00007ff8e3a60000 - 0x00007ff8e3a8b000 	C:\Windows\SYSTEM32\Wldp.dll
0x00007ff8e4a90000 - 0x00007ff8e4b5d000 	C:\Windows\System32\OLEAUT32.dll
0x00007ff8e6650000 - 0x00007ff8e66fd000 	C:\Windows\System32\SHCORE.dll
0x00007ff8e5140000 - 0x00007ff8e5195000 	C:\Windows\System32\shlwapi.dll
0x00007ff8e4040000 - 0x00007ff8e4065000 	C:\Windows\SYSTEM32\profapi.dll
0x00007ff8d14d0000 - 0x00007ff8d14e8000 	c:\Users\SERGE\.vscode\extensions\redhat.java-1.41.1-win32-x64\jre\21.0.6-win32-x86_64\bin\zip.dll
0x00007ff8dc610000 - 0x00007ff8dc620000 	C:\Users\SERGE\.vscode\extensions\redhat.java-1.41.1-win32-x64\jre\21.0.6-win32-x86_64\bin\net.dll
0x00007ff8db1b0000 - 0x00007ff8db2ba000 	C:\Windows\SYSTEM32\WINHTTP.dll
0x00007ff8e3840000 - 0x00007ff8e38ac000 	C:\Windows\system32\mswsock.dll
0x00007ff8d0cd0000 - 0x00007ff8d0ce6000 	C:\Users\SERGE\.vscode\extensions\redhat.java-1.41.1-win32-x64\jre\21.0.6-win32-x86_64\bin\nio.dll
0x00007ff8d8230000 - 0x00007ff8d8240000 	c:\Users\SERGE\.vscode\extensions\redhat.java-1.41.1-win32-x64\jre\21.0.6-win32-x86_64\bin\verify.dll
0x00007ff8c89f0000 - 0x00007ff8c8a35000 	C:\Users\SERGE\AppData\Roaming\Code\User\globalStorage\redhat.java\1.41.1\config_win\org.eclipse.equinox.launcher\org.eclipse.equinox.launcher.win32.win32.x86_64_1.2.1300.v20250331-1702\eclipse_11911.dll
0x00007ff8e53b0000 - 0x00007ff8e54db000 	C:\Windows\System32\ole32.dll
0x00007ff8e3aa0000 - 0x00007ff8e3ab8000 	C:\Windows\SYSTEM32\CRYPTSP.dll
0x00007ff8e3110000 - 0x00007ff8e3148000 	C:\Windows\system32\rsaenh.dll
0x00007ff8e4000000 - 0x00007ff8e402e000 	C:\Windows\SYSTEM32\USERENV.dll
0x00007ff8e39d0000 - 0x00007ff8e39dc000 	C:\Windows\SYSTEM32\CRYPTBASE.dll
0x00007ff8e34f0000 - 0x00007ff8e352b000 	C:\Windows\SYSTEM32\IPHLPAPI.DLL
0x00007ff8e68b0000 - 0x00007ff8e68b8000 	C:\Windows\System32\NSI.dll
0x00007ff8c8830000 - 0x00007ff8c8879000 	C:\Users\SERGE\AppData\Local\Temp\jna-78788894\jna4021979433638243585.dll
0x00007ff8e5e60000 - 0x00007ff8e5e68000 	C:\Windows\System32\PSAPI.DLL
0x00007ff8d7c10000 - 0x00007ff8d7c27000 	C:\Windows\SYSTEM32\dhcpcsvc6.DLL
0x00007ff8d7b80000 - 0x00007ff8d7b9d000 	C:\Windows\SYSTEM32\dhcpcsvc.DLL
0x00007ff8e3360000 - 0x00007ff8e3393000 	C:\Windows\SYSTEM32\ntmarta.dll

dbghelp: loaded successfully - version: 4.0.5 - missing functions: none
symbol engine: initialized successfully - sym options: 0x614 - pdb path: .;c:\Users\SERGE\.vscode\extensions\redhat.java-1.41.1-win32-x64\jre\21.0.6-win32-x86_64\bin;C:\Windows\SYSTEM32;C:\Windows\WinSxS\amd64_microsoft.windows.common-controls_6595b64144ccf1df_6.0.19041.4355_none_60b8b9eb71f62e16;c:\Users\SERGE\.vscode\extensions\redhat.java-1.41.1-win32-x64\jre\21.0.6-win32-x86_64\bin\server;C:\Users\SERGE\AppData\Roaming\Code\User\globalStorage\redhat.java\1.41.1\config_win\org.eclipse.equinox.launcher\org.eclipse.equinox.launcher.win32.win32.x86_64_1.2.1300.v20250331-1702;C:\Users\SERGE\AppData\Local\Temp\jna-78788894

VM Arguments:
jvm_args: --add-modules=ALL-SYSTEM --add-opens=java.base/java.util=ALL-UNNAMED --add-opens=java.base/java.lang=ALL-UNNAMED --add-opens=java.base/sun.nio.fs=ALL-UNNAMED -Declipse.application=org.eclipse.jdt.ls.core.id1 -Dosgi.bundles.defaultStartLevel=4 -Declipse.product=org.eclipse.jdt.ls.core.product -Djava.import.generatesMetadataFilesAtProjectRoot=false -DDetectVMInstallationsJob.disabled=true -Dfile.encoding=utf8 -XX:+UseParallelGC -XX:GCTimeRatio=4 -XX:AdaptiveSizePolicyWeight=90 -Dsun.zip.disableMemoryMapping=true -Xmx1G -Xms100m -Xlog:disable -javaagent:c:\Users\SERGE\.vscode\extensions\redhat.java-1.41.1-win32-x64\lombok\lombok-1.18.36.jar -XX:+HeapDumpOnOutOfMemoryError -XX:HeapDumpPath=c:\Users\SERGE\AppData\Roaming\Code\User\workspaceStorage\a6951d4b4e5e0ad82c8566c0f5837605\redhat.java -Daether.dependencyCollector.impl=bf 
java_command: c:\Users\SERGE\.vscode\extensions\redhat.java-1.41.1-win32-x64\server\plugins\org.eclipse.equinox.launcher_1.7.0.v20250331-1702.jar -configuration c:\Users\SERGE\AppData\Roaming\Code\User\globalStorage\redhat.java\1.41.1\config_win -data c:\Users\SERGE\AppData\Roaming\Code\User\workspaceStorage\a6951d4b4e5e0ad82c8566c0f5837605\redhat.java\jdt_ws --pipe=\\.\pipe\lsp-3b7e7e257eb7217dee44848b23abea02-sock
java_class_path (initial): c:\Users\SERGE\.vscode\extensions\redhat.java-1.41.1-win32-x64\server\plugins\org.eclipse.equinox.launcher_1.7.0.v20250331-1702.jar
Launcher Type: SUN_STANDARD

[Global flags]
    uintx AdaptiveSizePolicyWeight                 = 90                                        {product} {command line}
     intx CICompilerCount                          = 3                                         {product} {ergonomic}
    uintx GCTimeRatio                              = 4                                         {product} {command line}
     bool HeapDumpOnOutOfMemoryError               = true                                   {manageable} {command line}
    ccstr HeapDumpPath                             = c:\Users\SERGE\AppData\Roaming\Code\User\workspaceStorage\a6951d4b4e5e0ad82c8566c0f5837605\redhat.java         {manageable} {command line}
   size_t InitialHeapSize                          = 104857600                                 {product} {command line}
   size_t MaxHeapSize                              = 1073741824                                {product} {command line}
   size_t MaxNewSize                               = 357564416                                 {product} {ergonomic}
   size_t MinHeapDeltaBytes                        = 524288                                    {product} {ergonomic}
   size_t MinHeapSize                              = 104857600                                 {product} {command line}
   size_t NewSize                                  = 34603008                                  {product} {ergonomic}
    uintx NonNMethodCodeHeapSize                   = 5832780                                {pd product} {ergonomic}
    uintx NonProfiledCodeHeapSize                  = 122912730                              {pd product} {ergonomic}
   size_t OldSize                                  = 70254592                                  {product} {ergonomic}
    uintx ProfiledCodeHeapSize                     = 122912730                              {pd product} {ergonomic}
    uintx ReservedCodeCacheSize                    = 251658240                              {pd product} {ergonomic}
     bool SegmentedCodeCache                       = true                                      {product} {ergonomic}
   size_t SoftMaxHeapSize                          = 1073741824                             {manageable} {ergonomic}
     bool UseCompressedOops                        = true                           {product lp64_product} {ergonomic}
     bool UseLargePagesIndividualAllocation        = false                                  {pd product} {ergonomic}
     bool UseParallelGC                            = true                                      {product} {command line}

Logging:
Log output configuration:
 #0: stdout all=off uptime,level,tags foldmultilines=false
 #1: stderr all=off uptime,level,tags foldmultilines=false

Environment Variables:
PATH=C:\Program Files\Java\jdk-17\bin;C:\Program Files\Common Files\Oracle\Java\javapath;C:\Windows\system32;C:\Windows;C:\Windows\System32\Wbem;C:\Windows\System32\WindowsPowerShell\v1.0\;C:\Windows\System32\OpenSSH\;C:\Program Files\nodejs\;C:\Program Files\IVI Foundation\VISA\Win64\Bin\;C:\Program Files (x86)\IVI Foundation\VISA\WinNT\Bin\;C:\Program Files (x86)\IVI Foundation\VISA\WinNT\Bin;C:\Program Files\MATLAB\R2016a\runtime\win64;C:\Program Files\MATLAB\R2016a\bin;C:\Program Files\MATLAB\R2016a\polyspace\bin;C:\composer;C:\Program Files\Git\cmd;C:\Program Files\PostgreSQL\16\bin;C:\Program Files\PostgreSQL\16\data;C:\Program Files\Microsoft VS Code\bin;C:\Program Files\dotnet\;C:\platform-tools-latest-windows\platform-tools;C:\Program Files\MySQL\MySQL Server X.X\bin;C:\Program Files\Java\jdk-17\bin;C:\Server;C:\Program Files\Docker\Docker\resources\bin;C:\Cassandra\apache-cassandra-4.1.8\bin;C:\ProgramData\chocolatey\bin;C:\Program Files\BlueStacks_nxt;C:\Users\SERGE\AppData\Local\Programs\Python\Python311\Scripts\;C:\Users\SERGE\AppData\Local\Programs\Python\Python311\;C:\Users\SERGE\scoop\shims;C:\Users\SERGE\AppData\Local\Microsoft\WindowsApps;C:\Users\SERGE\AppData\Roaming\npm;C:\Program Files (x86);C:\Users\SERGE\AppData\Roaming\Composer\vendor\bin;C:\Users\SERGE\.dotnet\tools;C:\Program Files (x86)\Nmap
USERNAME=SERGE
OS=Windows_NT
PROCESSOR_IDENTIFIER=Intel64 Family 6 Model 60 Stepping 3, GenuineIntel
TMP=C:\Users\SERGE\AppData\Local\Temp
TEMP=C:\Users\SERGE\AppData\Local\Temp




Periodic native trim disabled

---------------  S Y S T E M  ---------------

OS:
 Windows 10 , 64 bit Build 19041 (10.0.19041.5438)
OS uptime: 0 days 4:04 hours
Hyper-V role detected

CPU: total 4 (initial active 4) (2 cores per cpu, 2 threads per core) family 6 model 60 stepping 3 microcode 0x27, cx8, cmov, fxsr, ht, mmx, sse, sse2, sse3, ssse3, sse4.1, sse4.2, popcnt, lzcnt, tsc, tscinvbit, avx, avx2, aes, erms, clmul, bmi1, bmi2, fma, vzeroupper, clflush, hv, rdtscp, f16c
Processor Information for the first 4 processors :
  Max Mhz: 2601, Current Mhz: 1300, Mhz Limit: 2601

Memory: 4k page, system-wide physical 8089M (859M free)
TotalPageFile size 10137M (AvailPageFile size 1M)
current process WorkingSet (physical memory assigned to process): 524M, peak: 524M
current process commit charge ("private bytes"): 475M, peak: 950M

vm_info: OpenJDK 64-Bit Server VM (21.0.6+7-LTS) for windows-amd64 JRE (21.0.6+7-LTS), built on 2025-01-21T00:00:00Z by "admin" with MS VC++ 17.7 (VS2022)

END.
