#
# There is insufficient memory for the Java Runtime Environment to continue.
# Native memory allocation (malloc) failed to allocate 586416 bytes. Error detail: Chunk::new
# Possible reasons:
#   The system is out of physical RAM or swap space
#   This process is running with CompressedOops enabled, and the Java Heap may be blocking the growth of the native heap
# Possible solutions:
#   Reduce memory load on the system
#   Increase physical memory or swap space
#   Check if swap backing store is full
#   Decrease Java heap size (-Xmx/-Xms)
#   Decrease number of Java threads
#   Decrease Java thread stack sizes (-Xss)
#   Set larger code cache with -XX:ReservedCodeCacheSize=
#   JVM is running with Unscaled Compressed Oops mode in which the Java heap is
#     placed in the first 4GB address space. The Java Heap base address is the
#     maximum limit for the native heap growth. Please use -XX:HeapBaseMinAddress
#     to set the Java Heap base and to place the Java Heap above 4GB virtual address.
# This output file may be truncated or incomplete.
#
#  Out of Memory Error (arena.cpp:168), pid=8884, tid=13748
#
# JRE version: OpenJDK Runtime Environment Temurin-21.0.7+6 (21.0.7+6) (build 21.0.7+6-LTS)
# Java VM: OpenJDK 64-Bit Server VM Temurin-21.0.7+6 (21.0.7+6-LTS, mixed mode, sharing, tiered, compressed oops, compressed class ptrs, parallel gc, windows-amd64)
# No core dump will be written. Minidumps are not enabled by default on client versions of Windows
#

---------------  S U M M A R Y ------------

Command Line: --add-modules=ALL-SYSTEM --add-opens=java.base/java.util=ALL-UNNAMED --add-opens=java.base/java.lang=ALL-UNNAMED --add-opens=java.base/sun.nio.fs=ALL-UNNAMED -Declipse.application=org.eclipse.jdt.ls.core.id1 -Dosgi.bundles.defaultStartLevel=4 -Declipse.product=org.eclipse.jdt.ls.core.product -Djava.import.generatesMetadataFilesAtProjectRoot=false -DDetectVMInstallationsJob.disabled=true -Dfile.encoding=utf8 -XX:+UseParallelGC -XX:GCTimeRatio=4 -XX:AdaptiveSizePolicyWeight=90 -Dsun.zip.disableMemoryMapping=true -Xmx1G -Xms100m -Xlog:disable -javaagent:c:\Users\SERGE\.vscode\extensions\redhat.java-1.42.0-win32-x64\lombok\lombok-1.18.36.jar -XX:+HeapDumpOnOutOfMemoryError -XX:HeapDumpPath=c:\Users\SERGE\AppData\Roaming\Code\User\workspaceStorage\a6951d4b4e5e0ad82c8566c0f5837605\redhat.java -Daether.dependencyCollector.impl=bf c:\Users\SERGE\.vscode\extensions\redhat.java-1.42.0-win32-x64\server\plugins\org.eclipse.equinox.launcher_1.7.0.v20250424-1814.jar -configuration c:\Users\SERGE\AppData\Roaming\Code\User\globalStorage\redhat.java\1.42.0\config_win -data c:\Users\SERGE\AppData\Roaming\Code\User\workspaceStorage\a6951d4b4e5e0ad82c8566c0f5837605\redhat.java\jdt_ws --pipe=\\.\pipe\lsp-5b4135805ceff7cd2e4dbb3cd1b5260f-sock

Host: Intel(R) Core(TM) i5-4300M CPU @ 2.60GHz, 4 cores, 7G,  Windows 10 , 64 bit Build 19041 (10.0.19041.5438)
Time: Sun May 18 21:42:29 2025 Paris, Madrid (heure duild 19041 (10.0.19041.5438) elapsed time: 44.266942 seconds (0d 0h 0m 44s)

---------------  T H R E A D  ---------------

Current thread (0x00000279e3288010):  JavaThread "C2 CompilerThread1" daemon [_thread_in_native, id=13748, stack(0x000000c99e400000,0x000000c99e500000) (1024K)]


Current CompileTask:
C2:44267 12311 %     4       org.eclipse.jdt.internal.core.search.indexing.BinaryIndexer::extractReferenceFromConstantPool @ 155 (358 bytes)

Stack: [0x000000c99e400000,0x000000c99e500000]
Native frames: (J=compiled Java code, j=interpreted, Vv=VM code, C=native code)
V  [jvm.dll+0x6ce119]
V  [jvm.dll+0x8a84a1]
V  [jvm.dll+0x8aa9ce]
V  [jvm.dll+0x8ab0b3]
V  [jvm.dll+0x27f8a6]
V  [jvm.dll+0xc507d]
V  [jvm.dll+0xc55b3]
V  [jvm.dll+0x2f2c6d]
V  [jvm.dll+0x5f6bca]
V  [jvm.dll+0x250cb2]
V  [jvm.dll+0x24947c]
V  [jvm.dll+0x246fc4]
V  [jvm.dll+0x1c760e]
V  [jvm.dll+0x25695a]
V  [jvm.dll+0x254efa]
V  [jvm.dll+0x3f03f6]
V  [jvm.dll+0x851f6b]
V  [jvm.dll+0x6cc7dd]
C  [ucrtbase.dll+0x21bb2]
C  [KERNEL32.DLL+0x17374]
C  [ntdll.dll+0x4cc91]


---------------  P R O C E S S  ---------------

Threads class SMR info:
_java_thread_list=0x00000279e0d8a910, length=44, elements={
0x00000279c4b71770, 0x00000279d8e9a3f0, 0x00000279d8e9bcf0, 0x00000279d8e9cc00,
0x00000279d8e9db10, 0x00000279d8ea02c0, 0x00000279d8ea0f10, 0x00000279d8eaeaa0,
0x00000279d8ed2af0, 0x00000279de024a20, 0x00000279de2a6d80, 0x00000279de517810,
0x00000279deb847c0, 0x00000279de9c5dd0, 0x00000279de51a070, 0x00000279df0f9cf0,
0x00000279df092460, 0x00000279defb9490, 0x00000279defbaed0, 0x00000279defba840,
0x00000279defbb560, 0x00000279defbc910, 0x00000279defbbbf0, 0x00000279defbc280,
0x00000279defb9b20, 0x00000279defba1b0, 0x00000279deb98ba0, 0x00000279deb99f50,
0x00000279deb95db0, 0x00000279deb95090, 0x00000279deb96ad0, 0x00000279deb9c6b0,
0x00000279deb9b300, 0x00000279deb9a5e0, 0x00000279deb95720, 0x00000279deb9ac70,
0x00000279deb998c0, 0x00000279deb97160, 0x00000279deb9b990, 0x00000279deb96440,
0x00000279deb977f0, 0x00000279deb9c020, 0x00000279e1ba6920, 0x00000279e3288010
}

Java Threads: ( => current thread )
  0x00000279c4b71770 JavaThread "main"                              [_thread_blocked, id=9684, stack(0x000000c99c700000,0x000000c99c800000) (1024K)]
  0x00000279d8e9a3f0 JavaThread "Reference Handler"          daemon [_thread_blocked, id=14116, stack(0x000000c99cb00000,0x000000c99cc00000) (1024K)]
  0x00000279d8e9bcf0 JavaThread "Finalizer"                  daemon [_thread_blocked, id=14996, stack(0x000000c99cc00000,0x000000c99cd00000) (1024K)]
  0x00000279d8e9cc00 JavaThread "Signal Dispatcher"          daemon [_thread_blocked, id=6824, stack(0x000000c99cd00000,0x000000c99ce00000) (1024K)]
  0x00000279d8e9db10 JavaThread "Attach Listener"            daemon [_thread_blocked, id=11740, stack(0x000000c99ce00000,0x000000c99cf00000) (1024K)]
  0x00000279d8ea02c0 JavaThread "Service Thread"             daemon [_thread_blocked, id=17076, stack(0x000000c99cf00000,0x000000c99d000000) (1024K)]
  0x00000279d8ea0f10 JavaThread "Monitor Deflation Thread"   daemon [_thread_blocked, id=1908, stack(0x000000c99d000000,0x000000c99d100000) (1024K)]
  0x00000279d8eaeaa0 JavaThread "C2 CompilerThread0"         daemon [_thread_blocked, id=14740, stack(0x000000c99d100000,0x000000c99d200000) (1024K)]
  0x00000279d8ed2af0 JavaThread "C1 CompilerThread0"         daemon [_thread_blocked, id=14468, stack(0x000000c99d200000,0x000000c99d300000) (1024K)]
  0x00000279de024a20 JavaThread "Common-Cleaner"             daemon [_thread_blocked, id=16172, stack(0x000000c99d300000,0x000000c99d400000) (1024K)]
  0x00000279de2a6d80 JavaThread "Notification Thread"        daemon [_thread_blocked, id=9128, stack(0x000000c99d600000,0x000000c99d700000) (1024K)]
  0x00000279de517810 JavaThread "Active Thread: Equinox Container: 6a40ad3a-3a3e-46bc-9ce8-eaf124ab7232"        [_thread_blocked, id=15584, stack(0x000000c99da00000,0x000000c99db00000) (1024K)]
  0x00000279deb847c0 JavaThread "Refresh Thread: Equinox Container: 6a40ad3a-3a3e-46bc-9ce8-eaf124ab7232" daemon [_thread_blocked, id=11956, stack(0x000000c99db00000,0x000000c99dc00000) (1024K)]
  0x00000279de9c5dd0 JavaThread "Framework Event Dispatcher: Equinox Container: 6a40ad3a-3a3e-46bc-9ce8-eaf124ab7232" daemon [_thread_blocked, id=16456, stack(0x000000c99dc00000,0x000000c99dd00000) (1024K)]
  0x00000279de51a070 JavaThread "Start Level: Equinox Container: 6a40ad3a-3a3e-46bc-9ce8-eaf124ab7232" daemon [_thread_blocked, id=6984, stack(0x000000c99dd00000,0x000000c99de00000) (1024K)]
  0x00000279df0f9cf0 JavaThread "Bundle File Closer"         daemon [_thread_blocked, id=16720, stack(0x000000c99de00000,0x000000c99df00000) (1024K)]
  0x00000279df092460 JavaThread "SCR Component Actor"        daemon [_thread_blocked, id=12036, stack(0x000000c99df00000,0x000000c99e000000) (1024K)]
  0x00000279defb9490 JavaThread "Worker-JM"                         [_thread_blocked, id=9032, stack(0x000000c99e100000,0x000000c99e200000) (1024K)]
  0x00000279defbaed0 JavaThread "JNA Cleaner"                daemon [_thread_blocked, id=3372, stack(0x000000c99d500000,0x000000c99d600000) (1024K)]
  0x00000279defba840 JavaThread "Worker-0"                          [_thread_blocked, id=536, stack(0x000000c99e200000,0x000000c99e300000) (1024K)]
  0x00000279defbb560 JavaThread "Worker-1"                          [_thread_blocked, id=8692, stack(0x000000c99e300000,0x000000c99e400000) (1024K)]
  0x00000279defbc910 JavaThread "Worker-2: Initialize workspace"        [_thread_blocked, id=5080, stack(0x000000c99e500000,0x000000c99e600000) (1024K)]
  0x00000279defbbbf0 JavaThread "Java indexing"              daemon [_thread_blocked, id=14892, stack(0x000000c99e600000,0x000000c99e700000) (1024K)]
  0x00000279defbc280 JavaThread "Worker-3: Initialize Workspace"        [_thread_blocked, id=10292, stack(0x000000c99e900000,0x000000c99ea00000) (1024K)]
  0x00000279defb9b20 JavaThread "Worker-4: Java indexing... "        [_thread_blocked, id=15456, stack(0x000000c99ea00000,0x000000c99eb00000) (1024K)]
  0x00000279defba1b0 JavaThread "Thread-2"                   daemon [_thread_in_native, id=14268, stack(0x000000c99eb00000,0x000000c99ec00000) (1024K)]
  0x00000279deb98ba0 JavaThread "Thread-3"                   daemon [_thread_in_native, id=2304, stack(0x000000c99ec00000,0x000000c99ed00000) (1024K)]
  0x00000279deb99f50 JavaThread "Thread-4"                   daemon [_thread_in_native, id=14092, stack(0x000000c99ed00000,0x000000c99ee00000) (1024K)]
  0x00000279deb95db0 JavaThread "Thread-5"                   daemon [_thread_in_native, id=17196, stack(0x000000c99ee00000,0x000000c99ef00000) (1024K)]
  0x00000279deb95090 JavaThread "Thread-6"                   daemon [_thread_in_native, id=2068, stack(0x000000c99ef00000,0x000000c99f000000) (1024K)]
  0x00000279deb96ad0 JavaThread "pool-2-thread-1"                   [_thread_blocked, id=11112, stack(0x000000c99f000000,0x000000c99f100000) (1024K)]
  0x00000279deb9c6b0 JavaThread "WorkspaceEventsHandler"            [_thread_blocked, id=9668, stack(0x000000c99f100000,0x000000c99f200000) (1024K)]
  0x00000279deb9b300 JavaThread "pool-1-thread-1"                   [_thread_blocked, id=12604, stack(0x000000c99f200000,0x000000c99f300000) (1024K)]
  0x00000279deb9a5e0 JavaThread "LocalFile Deleter"          daemon [_thread_blocked, id=5860, stack(0x000000c99e000000,0x000000c99e100000) (1024K)]
  0x00000279deb95720 JavaThread "LocalFile Deleter"          daemon [_thread_blocked, id=4952, stack(0x000000c99f300000,0x000000c99f400000) (1024K)]
  0x00000279deb9ac70 JavaThread "LocalFile Deleter"          daemon [_thread_blocked, id=15992, stack(0x000000c99f400000,0x000000c99f500000) (1024K)]
  0x00000279deb998c0 JavaThread "LocalFile Deleter"          daemon [_thread_blocked, id=10028, stack(0x000000c99f500000,0x000000c99f600000) (1024K)]
  0x00000279deb97160 JavaThread "Compiler Source File Reader" daemon [_thread_blocked, id=16668, stack(0x000000c99f600000,0x000000c99f700000) (1024K)]
  0x00000279deb9b990 JavaThread "Compiler Source File Reader" daemon [_thread_blocked, id=32, stack(0x000000c99f700000,0x000000c99f800000) (1024K)]
  0x00000279deb96440 
[error occurred during error reporting (printing all threads), id 0xc0000005, EXCEPTION_ACCESS_VIOLATION (0xc0000005) at pc=0x00007ffea5792c70]
VM state: at safepoint (normal execution)

VM Mutex/Monitor currently owned by a thread:  ([mutex/lock_event])
[0x00007ffea62fe308] Threads_lock - owner thread: 0x00000279c4c305f0
[0x00007ffea62fe408] Heap_lock - owner thread: 0x00000279defbbbf0

Heap address: 0x00000000c0000000, size: 1024 MB, Compressed Oops mode: 32-bit

CDS archive(s) mapped at: [0x0000027980000000-0x0000027980ba0000-0x0000027980ba0000), size 12189696, SharedBaseAddress: 0x0000027980000000, ArchiveRelocationMode: 1.
Compressed class space mapped at: 0x0000027981000000-0x00000279c1000000, reserved size: 1073741824
Narrow klass base: 0x0000027980000000, Narrow klass shift: 0, Narrow klass range: 0x100000000

GC Precious Log:
 CardTable entry size: 512
 CPUs: 4 total, 4 available
 Memory: 8089M
 Large Page Support: Disabled
 NUMA Support: Disabled
 Compressed Oops: Enabled (32-bit)
 Alignments: Space 512K, Generation 512K, Heap 2M
 Heap Min Capacity: 100M
 Heap Initial Capacity: 100M
 Heap Max Capacity: 1G
 Pre-touch: Disabled
 Parallel Workers: 4

Heap:
 PSYoungGen      total 1536K, used 1170K [0x00000000eab00000, 0x00000000ead80000, 0x0000000100000000)
  eden space 1024K, 99% used [0x00000000eab00000,0x00000000eabfdf40,0x00000000eac00000)
  from space 512K, 30% used [0x00000000ead00000,0x00000000ead26c08,0x00000000ead80000)
  to   space 512K, 37% used [0x00000000eac80000,0x00000000eacb0000,0x00000000ead00000)
 ParOldGen       total 376320K, used 376318K [0x00000000c0000000, 0x00000000d6f80000, 0x00000000eab00000)
  object space 376320K, 99% used [0x00000000c0000000,0x00000000d6f7f998,0x00000000d6f80000)
 Metaspace       used 64561K, committed 66112K, reserved 1114112K
  class space    used 6629K, committed 7296K, reserved 1048576K

Card table byte_map: [0x00000279c4520000,0x00000279c4730000] _byte_map_base: 0x00000279c3f20000

Marking Bits: (ParMarkBitMap*) 0x00007ffea63031f0
 Begin Bits: [0x00000279d6d70000, 0x00000279d7d70000)
 End Bits:   [0x00000279d7d70000, 0x00000279d8d70000)

Polling page: 0x00000279c2910000

Metaspace:

Usage:
  Non-class:     56.57 MB used.
      Class:      6.47 MB used.
       Both:     63.05 MB used.

Virtual space:
  Non-class space:       64.00 MB reserved,      57.44 MB ( 90%) committed,  1 nodes.
      Class space:        1.00 GB reserved,       7.12 MB ( <1%) committed,  1 nodes.
             Both:        1.06 GB reserved,      64.56 MB (  6%) committed. 

Chunk freelists:
   Non-Class:  6.16 MB
       Class:  8.91 MB
        Both:  15.07 MB

MaxMetaspaceSize: unlimited
CompressedClassSpaceSize: 1.00 GB
Initial GC threshold: 21.00 MB
Current GC threshold: 97.31 MB
CDS: on
 - commit_granule_bytes: 65536.
 - commit_granule_words: 8192.
 - virtual_space_node_default_size: 8388608.
 - enlarge_chunks_in_place: 1.
 - use_allocation_guard: 0.


Internal statistics:

num_allocs_failed_limit: 9.
num_arena_births: 1266.
num_arena_deaths: 14.
num_vsnodes_births: 2.
num_vsnodes_deaths: 0.
num_space_committed: 1033.
num_space_uncommitted: 0.
num_chunks_returned_to_freelist: 23.
num_chunks_taken_from_freelist: 4347.
num_chunk_merges: 12.
num_chunk_splits: 2669.
num_chunks_enlarged: 1487.
num_inconsistent_stats: 0.

CodeHeap 'non-profiled nmethods': size=120000Kb used=7950Kb max_used=8669Kb free=112049Kb
 bounds [0x00000279cf840000, 0x00000279d00c0000, 0x00000279d6d70000]
CodeHeap 'profiled nmethods': size=120000Kb used=23595Kb max_used=27221Kb free=96404Kb
 bounds [0x00000279c7d70000, 0x00000279c9810000, 0x00000279cf2a0000]
CodeHeap 'non-nmethods': size=5760Kb used=1433Kb max_used=1520Kb free=4326Kb
 bounds [0x00000279cf2a0000, 0x00000279cf510000, 0x00000279cf840000]
 total_blobs=11355 nmethods=10607 adapters=653
 compilation: enabled
              stopped_count=0, restarted_count=0
 full_count=0

Compilation events (20 events):
Event: 44.158 Thread 0x00000279d8ed2af0 12318       3       org.eclipse.jdt.internal.compiler.util.Util::isClassFileName (82 bytes)
Event: 44.159 Thread 0x00000279d8ed2af0 nmethod 12318 0x00000279c97f7390 code [0x00000279c97f75e0, 0x00000279c97f7ea8]
Event: 44.160 Thread 0x00000279d8ed2af0 12319       2       org.eclipse.jdt.internal.core.search.indexing.AbstractIndexer::addConstructorDeclaration (97 bytes)
Event: 44.161 Thread 0x00000279d8ed2af0 nmethod 12319 0x00000279c97f8290 code [0x00000279c97f84a0, 0x00000279c97f8918]
Event: 44.164 Thread 0x00000279d8ed2af0 12320       1       org.eclipse.jdt.internal.compiler.classfmt.ClassFileReader::getConstantPoolOffsets (5 bytes)
Event: 44.164 Thread 0x00000279d8ed2af0 nmethod 12320 0x00000279d00b0d10 code [0x00000279d00b0ea0, 0x00000279d00b0f68]
Event: 44.180 Thread 0x00000279d8eaeaa0 nmethod 12302 0x00000279d00b1010 code [0x00000279d00b1340, 0x00000279d00b2de8]
Event: 44.180 Thread 0x00000279d8eaeaa0 12306       4       org.eclipse.jdt.internal.core.search.indexing.AbstractIndexer::addIndexEntry (10 bytes)
Event: 44.184 Thread 0x00000279d8eaeaa0 nmethod 12306 0x00000279d00b3a10 code [0x00000279d00b3bc0, 0x00000279d00b3d68]
Event: 44.184 Thread 0x00000279d8eaeaa0 12310       4       org.eclipse.jdt.internal.core.search.indexing.AbstractIndexer::addNameReference (9 bytes)
Event: 44.193 Thread 0x00000279d8eaeaa0 nmethod 12310 0x00000279d00b3f10 code [0x00000279d00b40c0, 0x00000279d00b4260]
Event: 44.194 Thread 0x00000279d8eaeaa0 12308       4       org.eclipse.jdt.internal.core.search.indexing.AbstractIndexer::addFieldDeclaration (17 bytes)
Event: 44.238 Thread 0x00000279d8ed2af0 12324   !   3       org.eclipse.jdt.internal.compiler.parser.Scanner::getNextChar (71 bytes)
Event: 44.239 Thread 0x00000279d8ed2af0 nmethod 12324 0x00000279c97f8d10 code [0x00000279c97f8ee0, 0x00000279c97f92c8]
Event: 44.244 Thread 0x00000279d8eaeaa0 nmethod 12308 0x00000279d00b4490 code [0x00000279d00b46e0, 0x00000279d00b5388]
Event: 44.244 Thread 0x00000279d8eaeaa0 12305       4       org.eclipse.jdt.internal.core.search.indexing.BinaryIndexer::addTypeReference (92 bytes)
Event: 44.245 Thread 0x00000279d8ed2af0 12325       3       java.io.InputStream::readAllBytes (7 bytes)
Event: 44.245 Thread 0x00000279d8ed2af0 nmethod 12325 0x00000279c97f9490 code [0x00000279c97f9640, 0x00000279c97f9818]
Event: 44.245 Thread 0x00000279d8ed2af0 12326       3       java.io.InputStream::readNBytes (292 bytes)
Event: 44.249 Thread 0x00000279d8ed2af0 nmethod 12326 0x00000279c97f9890 code [0x00000279c97f9ce0, 0x00000279c97fc038]

GC Heap History (20 events):
Event: 41.880 GC heap before
{Heap before GC invocations=173 (full 3):
 PSYoungGen      total 2048K, used 1728K [0x00000000eab00000, 0x00000000eae00000, 0x0000000100000000)
  eden space 1024K, 100% used [0x00000000eab00000,0x00000000eac00000,0x00000000eac00000)
  from space 1024K, 68% used [0x00000000eac80000,0x00000000ead30000,0x00000000ead80000)
  to   space 512K, 0% used [0x00000000ead80000,0x00000000ead80000,0x00000000eae00000)
 ParOldGen       total 370688K, used 370305K [0x00000000c0000000, 0x00000000d6a00000, 0x00000000eab00000)
  object space 370688K, 99% used [0x00000000c0000000,0x00000000d69a07e8,0x00000000d6a00000)
 Metaspace       used 64545K, committed 66112K, reserved 1114112K
  class space    used 6627K, committed 7296K, reserved 1048576K
}
Event: 41.889 GC heap after
{Heap after GC invocations=173 (full 3):
 PSYoungGen      total 1536K, used 512K [0x00000000eab00000, 0x00000000eaf00000, 0x0000000100000000)
  eden space 1024K, 0% used [0x00000000eab00000,0x00000000eab00000,0x00000000eac00000)
  from space 512K, 100% used [0x00000000ead80000,0x00000000eae00000,0x00000000eae00000)
  to   space 1536K, 0% used [0x00000000eac00000,0x00000000eac00000,0x00000000ead80000)
 ParOldGen       total 371200K, used 371065K [0x00000000c0000000, 0x00000000d6a80000, 0x00000000eab00000)
  object space 371200K, 99% used [0x00000000c0000000,0x00000000d6a5e7e8,0x00000000d6a80000)
 Metaspace       used 64545K, committed 66112K, reserved 1114112K
  class space    used 6627K, committed 7296K, reserved 1048576K
}
Event: 41.981 GC heap before
{Heap before GC invocations=174 (full 3):
 PSYoungGen      total 1536K, used 1536K [0x00000000eab00000, 0x00000000eaf00000, 0x0000000100000000)
  eden space 1024K, 100% used [0x00000000eab00000,0x00000000eac00000,0x00000000eac00000)
  from space 512K, 100% used [0x00000000ead80000,0x00000000eae00000,0x00000000eae00000)
  to   space 1536K, 0% used [0x00000000eac00000,0x00000000eac00000,0x00000000ead80000)
 ParOldGen       total 371200K, used 371065K [0x00000000c0000000, 0x00000000d6a80000, 0x00000000eab00000)
  object space 371200K, 99% used [0x00000000c0000000,0x00000000d6a5e7e8,0x00000000d6a80000)
 Metaspace       used 64545K, committed 66112K, reserved 1114112K
  class space    used 6627K, committed 7296K, reserved 1048576K
}
Event: 41.990 GC heap after
{Heap after GC invocations=174 (full 3):
 PSYoungGen      total 2048K, used 640K [0x00000000eab00000, 0x00000000eae00000, 0x0000000100000000)
  eden space 1024K, 0% used [0x00000000eab00000,0x00000000eab00000,0x00000000eac00000)
  from space 1024K, 62% used [0x00000000eac00000,0x00000000eaca0000,0x00000000ead00000)
  to   space 1024K, 0% used [0x00000000ead00000,0x00000000ead00000,0x00000000eae00000)
 ParOldGen       total 371712K, used 371601K [0x00000000c0000000, 0x00000000d6b00000, 0x00000000eab00000)
  object space 371712K, 99% used [0x00000000c0000000,0x00000000d6ae47e8,0x00000000d6b00000)
 Metaspace       used 64545K, committed 66112K, reserved 1114112K
  class space    used 6627K, committed 7296K, reserved 1048576K
}
Event: 42.532 GC heap before
{Heap before GC invocations=175 (full 3):
 PSYoungGen      total 2048K, used 1664K [0x00000000eab00000, 0x00000000eae00000, 0x0000000100000000)
  eden space 1024K, 100% used [0x00000000eab00000,0x00000000eac00000,0x00000000eac00000)
  from space 1024K, 62% used [0x00000000eac00000,0x00000000eaca0000,0x00000000ead00000)
  to   space 1024K, 0% used [0x00000000ead00000,0x00000000ead00000,0x00000000eae00000)
 ParOldGen       total 371712K, used 371601K [0x00000000c0000000, 0x00000000d6b00000, 0x00000000eab00000)
  object space 371712K, 99% used [0x00000000c0000000,0x00000000d6ae47e8,0x00000000d6b00000)
 Metaspace       used 64545K, committed 66112K, reserved 1114112K
  class space    used 6627K, committed 7296K, reserved 1048576K
}
Event: 42.542 GC heap after
{Heap after GC invocations=175 (full 3):
 PSYoungGen      total 2048K, used 864K [0x00000000eab00000, 0x00000000eae00000, 0x0000000100000000)
  eden space 1024K, 0% used [0x00000000eab00000,0x00000000eab00000,0x00000000eac00000)
  from space 1024K, 84% used [0x00000000ead00000,0x00000000eadd8000,0x00000000eae00000)
  to   space 1024K, 0% used [0x00000000eac00000,0x00000000eac00000,0x00000000ead00000)
 ParOldGen       total 372224K, used 372193K [0x00000000c0000000, 0x00000000d6b80000, 0x00000000eab00000)
  object space 372224K, 99% used [0x00000000c0000000,0x00000000d6b787e8,0x00000000d6b80000)
 Metaspace       used 64545K, committed 66112K, reserved 1114112K
  class space    used 6627K, committed 7296K, reserved 1048576K
}
Event: 43.662 GC heap before
{Heap before GC invocations=176 (full 3):
 PSYoungGen      total 2048K, used 1887K [0x00000000eab00000, 0x00000000eae00000, 0x0000000100000000)
  eden space 1024K, 99% used [0x00000000eab00000,0x00000000eabfffd8,0x00000000eac00000)
  from space 1024K, 84% used [0x00000000ead00000,0x00000000eadd8000,0x00000000eae00000)
  to   space 1024K, 0% used [0x00000000eac00000,0x00000000eac00000,0x00000000ead00000)
 ParOldGen       total 372224K, used 372193K [0x00000000c0000000, 0x00000000d6b80000, 0x00000000eab00000)
  object space 372224K, 99% used [0x00000000c0000000,0x00000000d6b787e8,0x00000000d6b80000)
 Metaspace       used 64545K, committed 66112K, reserved 1114112K
  class space    used 6627K, committed 7296K, reserved 1048576K
}
Event: 43.666 GC heap after
{Heap after GC invocations=176 (full 3):
 PSYoungGen      total 2048K, used 832K [0x00000000eab00000, 0x00000000eae00000, 0x0000000100000000)
  eden space 1024K, 0% used [0x00000000eab00000,0x00000000eab00000,0x00000000eac00000)
  from space 1024K, 81% used [0x00000000eac00000,0x00000000eacd0000,0x00000000ead00000)
  to   space 1024K, 0% used [0x00000000ead00000,0x00000000ead00000,0x00000000eae00000)
 ParOldGen       total 373248K, used 373001K [0x00000000c0000000, 0x00000000d6c80000, 0x00000000eab00000)
  object space 373248K, 99% used [0x00000000c0000000,0x00000000d6c427e8,0x00000000d6c80000)
 Metaspace       used 64545K, committed 66112K, reserved 1114112K
  class space    used 6627K, committed 7296K, reserved 1048576K
}
Event: 43.816 GC heap before
{Heap before GC invocations=177 (full 3):
 PSYoungGen      total 2048K, used 1856K [0x00000000eab00000, 0x00000000eae00000, 0x0000000100000000)
  eden space 1024K, 100% used [0x00000000eab00000,0x00000000eac00000,0x00000000eac00000)
  from space 1024K, 81% used [0x00000000eac00000,0x00000000eacd0000,0x00000000ead00000)
  to   space 1024K, 0% used [0x00000000ead00000,0x00000000ead00000,0x00000000eae00000)
 ParOldGen       total 373248K, used 373001K [0x00000000c0000000, 0x00000000d6c80000, 0x00000000eab00000)
  object space 373248K, 99% used [0x00000000c0000000,0x00000000d6c427e8,0x00000000d6c80000)
 Metaspace       used 64545K, committed 66112K, reserved 1114112K
  class space    used 6627K, committed 7296K, reserved 1048576K
}
Event: 43.826 GC heap after
{Heap after GC invocations=177 (full 3):
 PSYoungGen      total 2048K, used 960K [0x00000000eab00000, 0x00000000eae00000, 0x0000000100000000)
  eden space 1024K, 0% used [0x00000000eab00000,0x00000000eab00000,0x00000000eac00000)
  from space 1024K, 93% used [0x00000000ead00000,0x00000000eadf0000,0x00000000eae00000)
  to   space 1024K, 0% used [0x00000000eac00000,0x00000000eac00000,0x00000000ead00000)
 ParOldGen       total 374272K, used 373785K [0x00000000c0000000, 0x00000000d6d80000, 0x00000000eab00000)
  object space 374272K, 99% used [0x00000000c0000000,0x00000000d6d067e8,0x00000000d6d80000)
 Metaspace       used 64545K, committed 66112K, reserved 1114112K
  class space    used 6627K, committed 7296K, reserved 1048576K
}
Event: 43.846 GC heap before
{Heap before GC invocations=178 (full 3):
 PSYoungGen      total 2048K, used 1984K [0x00000000eab00000, 0x00000000eae00000, 0x0000000100000000)
  eden space 1024K, 100% used [0x00000000eab00000,0x00000000eac00000,0x00000000eac00000)
  from space 1024K, 93% used [0x00000000ead00000,0x00000000eadf0000,0x00000000eae00000)
  to   space 1024K, 0% used [0x00000000eac00000,0x00000000eac00000,0x00000000ead00000)
 ParOldGen       total 374272K, used 373785K [0x00000000c0000000, 0x00000000d6d80000, 0x00000000eab00000)
  object space 374272K, 99% used [0x00000000c0000000,0x00000000d6d067e8,0x00000000d6d80000)
 Metaspace       used 64545K, committed 66112K, reserved 1114112K
  class space    used 6627K, committed 7296K, reserved 1048576K
}
Event: 43.853 GC heap after
{Heap after GC invocations=178 (full 3):
 PSYoungGen      total 2048K, used 832K [0x00000000eab00000, 0x00000000eae00000, 0x0000000100000000)
  eden space 1024K, 0% used [0x00000000eab00000,0x00000000eab00000,0x00000000eac00000)
  from space 1024K, 81% used [0x00000000eac00000,0x00000000eacd0000,0x00000000ead00000)
  to   space 1024K, 0% used [0x00000000ead00000,0x00000000ead00000,0x00000000eae00000)
 ParOldGen       total 374784K, used 374697K [0x00000000c0000000, 0x00000000d6e00000, 0x00000000eab00000)
  object space 374784K, 99% used [0x00000000c0000000,0x00000000d6dea7e8,0x00000000d6e00000)
 Metaspace       used 64545K, committed 66112K, reserved 1114112K
  class space    used 6627K, committed 7296K, reserved 1048576K
}
Event: 44.088 GC heap before
{Heap before GC invocations=179 (full 3):
 PSYoungGen      total 2048K, used 1855K [0x00000000eab00000, 0x00000000eae00000, 0x0000000100000000)
  eden space 1024K, 99% used [0x00000000eab00000,0x00000000eabfff98,0x00000000eac00000)
  from space 1024K, 81% used [0x00000000eac00000,0x00000000eacd0000,0x00000000ead00000)
  to   space 1024K, 0% used [0x00000000ead00000,0x00000000ead00000,0x00000000eae00000)
 ParOldGen       total 374784K, used 374697K [0x00000000c0000000, 0x00000000d6e00000, 0x00000000eab00000)
  object space 374784K, 99% used [0x00000000c0000000,0x00000000d6dea7e8,0x00000000d6e00000)
 Metaspace       used 64560K, committed 66112K, reserved 1114112K
  class space    used 6629K, committed 7296K, reserved 1048576K
}
Event: 44.094 GC heap after
{Heap after GC invocations=179 (full 3):
 PSYoungGen      total 2048K, used 384K [0x00000000eab00000, 0x00000000eae00000, 0x0000000100000000)
  eden space 1024K, 0% used [0x00000000eab00000,0x00000000eab00000,0x00000000eac00000)
  from space 1024K, 37% used [0x00000000ead00000,0x00000000ead60000,0x00000000eae00000)
  to   space 1024K, 0% used [0x00000000eac00000,0x00000000eac00000,0x00000000ead00000)
 ParOldGen       total 375808K, used 375505K [0x00000000c0000000, 0x00000000d6f00000, 0x00000000eab00000)
  object space 375808K, 99% used [0x00000000c0000000,0x00000000d6eb47e8,0x00000000d6f00000)
 Metaspace       used 64560K, committed 66112K, reserved 1114112K
  class space    used 6629K, committed 7296K, reserved 1048576K
}
Event: 44.149 GC heap before
{Heap before GC invocations=180 (full 3):
 PSYoungGen      total 2048K, used 1408K [0x00000000eab00000, 0x00000000eae00000, 0x0000000100000000)
  eden space 1024K, 100% used [0x00000000eab00000,0x00000000eac00000,0x00000000eac00000)
  from space 1024K, 37% used [0x00000000ead00000,0x00000000ead60000,0x00000000eae00000)
  to   space 1024K, 0% used [0x00000000eac00000,0x00000000eac00000,0x00000000ead00000)
 ParOldGen       total 375808K, used 375505K [0x00000000c0000000, 0x00000000d6f00000, 0x00000000eab00000)
  object space 375808K, 99% used [0x00000000c0000000,0x00000000d6eb47e8,0x00000000d6f00000)
 Metaspace       used 64561K, committed 66112K, reserved 1114112K
  class space    used 6629K, committed 7296K, reserved 1048576K
}
Event: 44.154 GC heap after
{Heap after GC invocations=180 (full 3):
 PSYoungGen      total 2048K, used 246K [0x00000000eab00000, 0x00000000ead80000, 0x0000000100000000)
  eden space 1024K, 0% used [0x00000000eab00000,0x00000000eab00000,0x00000000eac00000)
  from space 1024K, 24% used [0x00000000eac00000,0x00000000eac3dba8,0x00000000ead00000)
  to   space 512K, 0% used [0x00000000ead00000,0x00000000ead00000,0x00000000ead80000)
 ParOldGen       total 375808K, used 375801K [0x00000000c0000000, 0x00000000d6f00000, 0x00000000eab00000)
  object space 375808K, 99% used [0x00000000c0000000,0x00000000d6efe7e8,0x00000000d6f00000)
 Metaspace       used 64561K, committed 66112K, reserved 1114112K
  class space    used 6629K, committed 7296K, reserved 1048576K
}
Event: 44.174 GC heap before
{Heap before GC invocations=181 (full 3):
 PSYoungGen      total 2048K, used 1270K [0x00000000eab00000, 0x00000000ead80000, 0x0000000100000000)
  eden space 1024K, 99% used [0x00000000eab00000,0x00000000eabfff38,0x00000000eac00000)
  from space 1024K, 24% used [0x00000000eac00000,0x00000000eac3dba8,0x00000000ead00000)
  to   space 512K, 0% used [0x00000000ead00000,0x00000000ead00000,0x00000000ead80000)
 ParOldGen       total 375808K, used 375801K [0x00000000c0000000, 0x00000000d6f00000, 0x00000000eab00000)
  object space 375808K, 99% used [0x00000000c0000000,0x00000000d6efe7e8,0x00000000d6f00000)
 Metaspace       used 64561K, committed 66112K, reserved 1114112K
  class space    used 6629K, committed 7296K, reserved 1048576K
}
Event: 44.177 GC heap after
{Heap after GC invocations=181 (full 3):
 PSYoungGen      total 1536K, used 224K [0x00000000eab00000, 0x00000000ead80000, 0x0000000100000000)
  eden space 1024K, 0% used [0x00000000eab00000,0x00000000eab00000,0x00000000eac00000)
  from space 512K, 43% used [0x00000000ead00000,0x00000000ead38000,0x00000000ead80000)
  to   space 512K, 0% used [0x00000000eac80000,0x00000000eac80000,0x00000000ead00000)
 ParOldGen       total 376320K, used 375984K [0x00000000c0000000, 0x00000000d6f80000, 0x00000000eab00000)
  object space 376320K, 99% used [0x00000000c0000000,0x00000000d6f2c390,0x00000000d6f80000)
 Metaspace       used 64561K, committed 66112K, reserved 1114112K
  class space    used 6629K, committed 7296K, reserved 1048576K
}
Event: 44.242 GC heap before
{Heap before GC invocations=182 (full 3):
 PSYoungGen      total 1536K, used 1248K [0x00000000eab00000, 0x00000000ead80000, 0x0000000100000000)
  eden space 1024K, 100% used [0x00000000eab00000,0x00000000eac00000,0x00000000eac00000)
  from space 512K, 43% used [0x00000000ead00000,0x00000000ead38000,0x00000000ead80000)
  to   space 512K, 0% used [0x00000000eac80000,0x00000000eac80000,0x00000000ead00000)
 ParOldGen       total 376320K, used 375984K [0x00000000c0000000, 0x00000000d6f80000, 0x00000000eab00000)
  object space 376320K, 99% used [0x00000000c0000000,0x00000000d6f2c390,0x00000000d6f80000)
 Metaspace       used 64561K, committed 66112K, reserved 1114112K
  class space    used 6629K, committed 7296K, reserved 1048576K
}
Event: 44.244 GC heap after
{Heap after GC invocations=182 (full 3):
 PSYoungGen      total 1536K, used 160K [0x00000000eab00000, 0x00000000ead80000, 0x0000000100000000)
  eden space 1024K, 0% used [0x00000000eab00000,0x00000000eab00000,0x00000000eac00000)
  from space 512K, 31% used [0x00000000eac80000,0x00000000eaca8000,0x00000000ead00000)
  to   space 512K, 0% used [0x00000000ead00000,0x00000000ead00000,0x00000000ead80000)
 ParOldGen       total 376320K, used 376158K [0x00000000c0000000, 0x00000000d6f80000, 0x00000000eab00000)
  object space 376320K, 99% used [0x00000000c0000000,0x00000000d6f57998,0x00000000d6f80000)
 Metaspace       used 64561K, committed 66112K, reserved 1114112K
  class space    used 6629K, committed 7296K, reserved 1048576K
}

Dll operation events (10 events):
Event: 0.035 Loaded shared library c:\Users\SERGE\.vscode\extensions\redhat.java-1.42.0-win32-x64\jre\21.0.7-win32-x86_64\bin\java.dll
Event: 0.215 Loaded shared library c:\Users\SERGE\.vscode\extensions\redhat.java-1.42.0-win32-x64\jre\21.0.7-win32-x86_64\bin\zip.dll
Event: 0.262 Loaded shared library C:\Users\SERGE\.vscode\extensions\redhat.java-1.42.0-win32-x64\jre\21.0.7-win32-x86_64\bin\instrument.dll
Event: 0.271 Loaded shared library C:\Users\SERGE\.vscode\extensions\redhat.java-1.42.0-win32-x64\jre\21.0.7-win32-x86_64\bin\net.dll
Event: 0.275 Loaded shared library C:\Users\SERGE\.vscode\extensions\redhat.java-1.42.0-win32-x64\jre\21.0.7-win32-x86_64\bin\nio.dll
Event: 0.279 Loaded shared library C:\Users\SERGE\.vscode\extensions\redhat.java-1.42.0-win32-x64\jre\21.0.7-win32-x86_64\bin\zip.dll
Event: 0.304 Loaded shared library C:\Users\SERGE\.vscode\extensions\redhat.java-1.42.0-win32-x64\jre\21.0.7-win32-x86_64\bin\jimage.dll
Event: 0.436 Loaded shared library c:\Users\SERGE\.vscode\extensions\redhat.java-1.42.0-win32-x64\jre\21.0.7-win32-x86_64\bin\verify.dll
Event: 6.374 Loaded shared library C:\Users\SERGE\AppData\Roaming\Code\User\globalStorage\redhat.java\1.42.0\config_win\org.eclipse.equinox.launcher\org.eclipse.equinox.launcher.win32.win32.x86_64_1.2.1300.v20250331-1702\eclipse_11911.dll
Event: 9.729 Loaded shared library C:\Users\SERGE\AppData\Local\Temp\jna-78788894\jna13951093772408377304.dll

Deoptimization events (20 events):
Event: 44.020 Thread 0x00000279defbbbf0 Uncommon trap: trap_request=0xffffffc6 fr.pc=0x00000279cfb6da38 relative=0x0000000000000478
Event: 44.020 Thread 0x00000279defbbbf0 Uncommon trap: reason=bimorphic_or_optimized_type_check action=maybe_recompile pc=0x00000279cfb6da38 method=org.eclipse.jdt.internal.core.search.processing.JobManager$$Lambda/0x000002798145ed28.test(Ljava/lang/Object;)Z @ 8 c2
Event: 44.020 Thread 0x00000279defbbbf0 DEOPT PACKING pc=0x00000279cfb6da38 sp=0x000000c99e6fec50
Event: 44.020 Thread 0x00000279defbbbf0 DEOPT UNPACKING pc=0x00000279cf2f3aa2 sp=0x000000c99e6febe8 mode 2
Event: 44.031 Thread 0x00000279defbbbf0 Uncommon trap: trap_request=0xffffff45 fr.pc=0x00000279d0006728 relative=0x0000000000000868
Event: 44.031 Thread 0x00000279defbbbf0 Uncommon trap: reason=unstable_if action=reinterpret pc=0x00000279d0006728 method=org.eclipse.jdt.internal.core.search.JavaSearchParticipant.indexDocument(Lorg/eclipse/jdt/core/search/SearchDocument;Lorg/eclipse/core/runtime/IPath;)V @ 51 c2
Event: 44.031 Thread 0x00000279defbbbf0 DEOPT PACKING pc=0x00000279d0006728 sp=0x000000c99e6fee90
Event: 44.031 Thread 0x00000279defbbbf0 DEOPT UNPACKING pc=0x00000279cf2f3aa2 sp=0x000000c99e6fee68 mode 2
Event: 44.105 Thread 0x00000279defbbbf0 Uncommon trap: trap_request=0xffffff45 fr.pc=0x00000279cfac3098 relative=0x0000000000000158
Event: 44.105 Thread 0x00000279defbbbf0 Uncommon trap: reason=unstable_if action=reinterpret pc=0x00000279cfac3098 method=org.eclipse.jdt.internal.compiler.util.Util.isClassFileName(Ljava/lang/String;)Z @ 20 c2
Event: 44.105 Thread 0x00000279defbbbf0 DEOPT PACKING pc=0x00000279cfac3098 sp=0x000000c99e6fef30
Event: 44.105 Thread 0x00000279defbbbf0 DEOPT UNPACKING pc=0x00000279cf2f3aa2 sp=0x000000c99e6feeb0 mode 2
Event: 44.105 Thread 0x00000279defbbbf0 Uncommon trap: trap_request=0xffffff45 fr.pc=0x00000279d00051e8 relative=0x0000000000000b88
Event: 44.105 Thread 0x00000279defbbbf0 Uncommon trap: reason=unstable_if action=reinterpret pc=0x00000279d00051e8 method=org.eclipse.jdt.internal.core.search.indexing.BinaryContainer.isValidPackageNameForClassOrisModule(Ljava/lang/String;)Z @ 41 c2
Event: 44.105 Thread 0x00000279defbbbf0 DEOPT PACKING pc=0x00000279d00051e8 sp=0x000000c99e6feed0
Event: 44.105 Thread 0x00000279defbbbf0 DEOPT UNPACKING pc=0x00000279cf2f3aa2 sp=0x000000c99e6feec0 mode 2
Event: 44.146 Thread 0x00000279defbbbf0 DEOPT PACKING pc=0x00000279c8b07fba sp=0x000000c99e6fe9f0
Event: 44.146 Thread 0x00000279defbbbf0 DEOPT UNPACKING pc=0x00000279cf2f4242 sp=0x000000c99e6fde58 mode 0
Event: 44.241 Thread 0x00000279defbbbf0 DEOPT PACKING pc=0x00000279c8b07fba sp=0x000000c99e6fe980
Event: 44.241 Thread 0x00000279defbbbf0 DEOPT UNPACKING pc=0x00000279cf2f4242 sp=0x000000c99e6fdde8 mode 0

Classes loaded (20 events):
Event: 34.542 Loading class java/nio/charset/CharacterCodingException
Event: 34.542 Loading class java/nio/charset/CharacterCodingException done
Event: 34.542 Loading class java/io/SequenceInputStream
Event: 34.542 Loading class java/io/SequenceInputStream done
Event: 34.556 Loading class org/xml/sax/SAXNotRecognizedException
Event: 34.578 Loading class org/xml/sax/SAXNotRecognizedException done
Event: 34.578 Loading class org/xml/sax/SAXNotSupportedException
Event: 34.578 Loading class org/xml/sax/SAXNotSupportedException done
Event: 34.579 Loading class com/sun/org/apache/xerces/internal/util/URI
Event: 34.580 Loading class com/sun/org/apache/xerces/internal/util/URI done
Event: 34.583 Loading class com/sun/org/apache/xerces/internal/xni/XNIException
Event: 34.583 Loading class com/sun/org/apache/xerces/internal/xni/XNIException done
Event: 34.583 Loading class com/sun/org/apache/xerces/internal/xni/parser/XMLParseException
Event: 34.583 Loading class com/sun/org/apache/xerces/internal/xni/parser/XMLParseException done
Event: 35.854 Loading class sun/nio/cs/ISO_8859_1$Encoder
Event: 35.854 Loading class sun/nio/cs/ISO_8859_1$Encoder done
Event: 35.854 Loading class sun/nio/cs/Surrogate$Parser
Event: 35.855 Loading class sun/nio/cs/Surrogate$Parser done
Event: 35.855 Loading class sun/nio/cs/Surrogate
Event: 35.855 Loading class sun/nio/cs/Surrogate done

Classes unloaded (7 events):
Event: 10.922 Thread 0x00000279c4c305f0 Unloading class 0x00000279811a5400 'java/lang/invoke/LambdaForm$MH+0x00000279811a5400'
Event: 10.922 Thread 0x00000279c4c305f0 Unloading class 0x00000279811a5000 'java/lang/invoke/LambdaForm$MH+0x00000279811a5000'
Event: 10.923 Thread 0x00000279c4c305f0 Unloading class 0x00000279811a4c00 'java/lang/invoke/LambdaForm$MH+0x00000279811a4c00'
Event: 10.923 Thread 0x00000279c4c305f0 Unloading class 0x00000279811a4800 'java/lang/invoke/LambdaForm$MH+0x00000279811a4800'
Event: 10.923 Thread 0x00000279c4c305f0 Unloading class 0x00000279811a4400 'java/lang/invoke/LambdaForm$BMH+0x00000279811a4400'
Event: 10.923 Thread 0x00000279c4c305f0 Unloading class 0x00000279811a4000 'java/lang/invoke/LambdaForm$DMH+0x00000279811a4000'
Event: 10.923 Thread 0x00000279c4c305f0 Unloading class 0x00000279811a2c00 'java/lang/invoke/LambdaForm$DMH+0x00000279811a2c00'

Classes redefined (0 events):
No events

Internal exceptions (20 events):
Event: 31.933 Thread 0x00000279defbc280 Exception <a 'sun/nio/fs/WindowsException'{0x00000000eafc7508}> (0x00000000eafc7508) 
thrown [s\src\hotspot\share\prims\jni.cpp, line 520]
Event: 31.934 Thread 0x00000279defbc280 Exception <a 'sun/nio/fs/WindowsException'{0x00000000eafcaed0}> (0x00000000eafcaed0) 
thrown [s\src\hotspot\share\prims\jni.cpp, line 520]
Event: 31.935 Thread 0x00000279defbc280 Exception <a 'sun/nio/fs/WindowsException'{0x00000000eafce898}> (0x00000000eafce898) 
thrown [s\src\hotspot\share\prims\jni.cpp, line 520]
Event: 31.939 Thread 0x00000279defbc280 Exception <a 'sun/nio/fs/WindowsException'{0x00000000eafd2260}> (0x00000000eafd2260) 
thrown [s\src\hotspot\share\prims\jni.cpp, line 520]
Event: 31.940 Thread 0x00000279defbc280 Exception <a 'sun/nio/fs/WindowsException'{0x00000000eafd5c28}> (0x00000000eafd5c28) 
thrown [s\src\hotspot\share\prims\jni.cpp, line 520]
Event: 31.942 Thread 0x00000279defbc280 Exception <a 'sun/nio/fs/WindowsException'{0x00000000eafd95f8}> (0x00000000eafd95f8) 
thrown [s\src\hotspot\share\prims\jni.cpp, line 520]
Event: 31.943 Thread 0x00000279defbc280 Exception <a 'sun/nio/fs/WindowsException'{0x00000000eafdcd08}> (0x00000000eafdcd08) 
thrown [s\src\hotspot\share\prims\jni.cpp, line 520]
Event: 31.943 Thread 0x00000279defbc280 Exception <a 'sun/nio/fs/WindowsException'{0x00000000eafe0210}> (0x00000000eafe0210) 
thrown [s\src\hotspot\share\prims\jni.cpp, line 520]
Event: 31.944 Thread 0x00000279defbc280 Exception <a 'sun/nio/fs/WindowsException'{0x00000000eb002030}> (0x00000000eb002030) 
thrown [s\src\hotspot\share\prims\jni.cpp, line 520]
Event: 31.945 Thread 0x00000279defbc280 Exception <a 'sun/nio/fs/WindowsException'{0x00000000eb0056f8}> (0x00000000eb0056f8) 
thrown [s\src\hotspot\share\prims\jni.cpp, line 520]
Event: 31.946 Thread 0x00000279defbc280 Exception <a 'sun/nio/fs/WindowsException'{0x00000000eb008ac8}> (0x00000000eb008ac8) 
thrown [s\src\hotspot\share\prims\jni.cpp, line 520]
Event: 32.017 Thread 0x00000279deb9b300 Exception <a 'java/lang/IncompatibleClassChangeError'{0x00000000eb102ad0}: Found class java.lang.Object, but interface was expected> (0x00000000eb102ad0) 
thrown [s\src\hotspot\share\interpreter\linkResolver.cpp, line 840]
Event: 33.371 Thread 0x00000279defbbbf0 Implicit null exception at 0x00000279cff4f8ef to 0x00000279cff54b60
Event: 34.459 Thread 0x00000279defba840 Exception <a 'java/lang/NoSuchMethodError'{0x00000000eaf9b328}: 'java.lang.Object java.lang.invoke.DirectMethodHandle$Holder.invokeStatic(java.lang.Object, java.lang.Object, int, java.lang.Object)'> (0x00000000eaf9b328) 
thrown [s\src\hotspot\share\interpreter\linkResolver.cpp, line 773]
Event: 34.636 Thread 0x00000279defba840 Exception <a 'java/io/FileNotFoundException'{0x00000000eae4a748}> (0x00000000eae4a748) 
thrown [s\src\hotspot\share\prims\jni.cpp, line 520]
Event: 34.636 Thread 0x00000279defba840 Exception <a 'java/io/FileNotFoundException'{0x00000000eae4bb48}> (0x00000000eae4bb48) 
thrown [s\src\hotspot\share\prims\jni.cpp, line 520]
Event: 44.014 Thread 0x00000279defbbbf0 Exception <a 'sun/nio/fs/WindowsException'{0x00000000eaba2620}> (0x00000000eaba2620) 
thrown [s\src\hotspot\share\prims\jni.cpp, line 520]
Event: 44.046 Thread 0x00000279defbbbf0 Exception <a 'sun/nio/fs/WindowsException'{0x00000000eabd21e8}> (0x00000000eabd21e8) 
thrown [s\src\hotspot\share\prims\jni.cpp, line 520]
Event: 44.064 Thread 0x00000279defbbbf0 Exception <a 'sun/nio/fs/WindowsException'{0x00000000eabe89f0}> (0x00000000eabe89f0) 
thrown [s\src\hotspot\share\prims\jni.cpp, line 520]
Event: 44.083 Thread 0x00000279defbbbf0 Exception <a 'sun/nio/fs/WindowsException'{0x00000000eabfebc8}> (0x00000000eabfebc8) 
thrown [s\src\hotspot\share\prims\jni.cpp, line 520]

ZGC Phase Switch (0 events):
No events

VM Operations (20 events):
Event: 42.532 Executing VM operation: ParallelGCFailedAllocation (Allocation Failure)
Event: 42.542 Executing VM operation: ParallelGCFailedAllocation (Allocation Failure) done
Event: 43.662 Executing VM operation: ParallelGCFailedAllocation (Allocation Failure)
Event: 43.666 Executing VM operation: ParallelGCFailedAllocation (Allocation Failure) done
Event: 43.816 Executing VM operation: ParallelGCFailedAllocation (Allocation Failure)
Event: 43.826 Executing VM operation: ParallelGCFailedAllocation (Allocation Failure) done
Event: 43.846 Executing VM operation: ParallelGCFailedAllocation (Allocation Failure)
Event: 43.853 Executing VM operation: ParallelGCFailedAllocation (Allocation Failure) done
Event: 44.038 Executing VM operation: HandshakeAllThreads (Deoptimize)
Event: 44.038 Executing VM operation: HandshakeAllThreads (Deoptimize) done
Event: 44.041 Executing VM operation: HandshakeAllThreads (Deoptimize)
Event: 44.041 Executing VM operation: HandshakeAllThreads (Deoptimize) done
Event: 44.088 Executing VM operation: ParallelGCFailedAllocation (Allocation Failure)
Event: 44.094 Executing VM operation: ParallelGCFailedAllocation (Allocation Failure) done
Event: 44.149 Executing VM operation: ParallelGCFailedAllocation (Allocation Failure)
Event: 44.154 Executing VM operation: ParallelGCFailedAllocation (Allocation Failure) done
Event: 44.174 Executing VM operation: ParallelGCFailedAllocation (Allocation Failure)
Event: 44.178 Executing VM operation: ParallelGCFailedAllocation (Allocation Failure) done
Event: 44.242 Executing VM operation: ParallelGCFailedAllocation (Allocation Failure)
Event: 44.244 Executing VM operation: ParallelGCFailedAllocation (Allocation Failure) done

Memory protections (0 events):
No events

Nmethod flushes (20 events):
Event: 25.849 Thread 0x00000279c4c305f0 flushing  nmethod 0x00000279c86b6410
Event: 25.849 Thread 0x00000279c4c305f0 flushing  nmethod 0x00000279c86b7310
Event: 25.849 Thread 0x00000279c4c305f0 flushing  nmethod 0x00000279c86b7910
Event: 25.849 Thread 0x00000279c4c305f0 flushing  nmethod 0x00000279c86c1010
Event: 25.849 Thread 0x00000279c4c305f0 flushing  nmethod 0x00000279c86c1490
Event: 25.849 Thread 0x00000279c4c305f0 flushing  nmethod 0x00000279c86c8e10
Event: 25.849 Thread 0x00000279c4c305f0 flushing  nmethod 0x00000279c86d1e90
Event: 25.849 Thread 0x00000279c4c305f0 flushing  nmethod 0x00000279c86d2490
Event: 25.849 Thread 0x00000279c4c305f0 flushing  nmethod 0x00000279c86d4f10
Event: 25.849 Thread 0x00000279c4c305f0 flushing  nmethod 0x00000279c86d5290
Event: 25.849 Thread 0x00000279c4c305f0 flushing  nmethod 0x00000279c86e0d10
Event: 25.849 Thread 0x00000279c4c305f0 flushing  nmethod 0x00000279c8700690
Event: 25.849 Thread 0x00000279c4c305f0 flushing  nmethod 0x00000279c8700b90
Event: 25.849 Thread 0x00000279c4c305f0 flushing  nmethod 0x00000279c8701110
Event: 25.849 Thread 0x00000279c4c305f0 flushing  nmethod 0x00000279c871fb90
Event: 25.849 Thread 0x00000279c4c305f0 flushing  nmethod 0x00000279c8728e10
Event: 25.849 Thread 0x00000279c4c305f0 flushing  nmethod 0x00000279c872ab10
Event: 25.849 Thread 0x00000279c4c305f0 flushing  nmethod 0x00000279c872b110
Event: 25.849 Thread 0x00000279c4c305f0 flushing osr nmethod 0x00000279c872fa10
Event: 25.849 Thread 0x00000279c4c305f0 flushing osr nmethod 0x00000279c8738690

Events (20 events):
Event: 29.558 Thread 0x00000279e1ba6fb0 Thread exited: 0x00000279e1ba6fb0
Event: 30.458 Thread 0x00000279defbc280 Thread added: 0x00000279e1ba6920
Event: 30.459 Thread 0x00000279defbc280 Thread added: 0x00000279e1ba7cd0
Event: 30.459 Thread 0x00000279defbc280 Thread added: 0x00000279e1ba6fb0
Event: 30.459 Thread 0x00000279defbc280 Thread added: 0x00000279e1ba8360
Event: 30.460 Thread 0x00000279defbc280 Thread added: 0x00000279e1ba89f0
Event: 30.554 Thread 0x00000279e1ba89f0 Thread exited: 0x00000279e1ba89f0
Event: 30.555 Thread 0x00000279e1ba8360 Thread exited: 0x00000279e1ba8360
Event: 30.555 Thread 0x00000279e1ba6fb0 Thread exited: 0x00000279e1ba6fb0
Event: 30.555 Thread 0x00000279e1ba7cd0 Thread exited: 0x00000279e1ba7cd0
Event: 30.555 Thread 0x00000279e1ba6920 Thread exited: 0x00000279e1ba6920
Event: 34.446 Thread 0x00000279defbb560 Thread added: 0x00000279e1ba6920
Event: 36.551 Thread 0x00000279dff78030 Thread exited: 0x00000279dff78030
Event: 38.594 Thread 0x00000279d8ed2af0 Thread added: 0x00000279e1d967f0
Event: 38.816 Thread 0x00000279e1d967f0 Thread exited: 0x00000279e1d967f0
Event: 39.161 Thread 0x00000279d8ed2af0 Thread added: 0x00000279e12c8c40
Event: 40.982 Thread 0x00000279e12c8c40 Thread exited: 0x00000279e12c8c40
Event: 41.433 Thread 0x00000279d8ed2af0 Thread added: 0x00000279e3288010
Event: 42.011 Thread 0x00000279e3288010 Thread exited: 0x00000279e3288010
Event: 44.109 Thread 0x00000279d8ed2af0 Thread added: 0x00000279e3288010


Dynamic libraries:
0x00007ff7a3d30000 - 0x00007ff7a3d3e000 	c:\Users\SERGE\.vscode\extensions\redhat.java-1.42.0-win32-x64\jre\21.0.7-win32-x86_64\bin\java.exe
0x00007fff071d0000 - 0x00007fff073c8000 	C:\Windows\SYSTEM32\ntdll.dll
0x00007fff05440000 - 0x00007fff05502000 	C:\Windows\System32\KERNEL32.DLL
0x00007fff048c0000 - 0x00007fff04bbf000 	C:\Windows\System32\KERNELBASE.dll
0x00007fff04bf0000 - 0x00007fff04cf0000 	C:\Windows\System32\ucrtbase.dll
0x00007ffeff430000 - 0x00007ffeff448000 	c:\Users\SERGE\.vscode\extensions\redhat.java-1.42.0-win32-x64\jre\21.0.7-win32-x86_64\bin\jli.dll
0x00007fff05c60000 - 0x00007fff05dfd000 	C:\Windows\System32\USER32.dll
0x00007fff04bc0000 - 0x00007fff04be2000 	C:\Windows\System32\win32u.dll
0x00007fff070a0000 - 0x00007fff070cb000 	C:\Windows\System32\GDI32.dll
0x00007fff04ee0000 - 0x00007fff04ffa000 	C:\Windows\System32\gdi32full.dll
0x00007fff050e0000 - 0x00007fff0517d000 	C:\Windows\System32\msvcp_win.dll
0x00007ffeff370000 - 0x00007ffeff38e000 	c:\Users\SERGE\.vscode\extensions\redhat.java-1.42.0-win32-x64\jre\21.0.7-win32-x86_64\bin\VCRUNTIME140.dll
0x00007ffef6730000 - 0x00007ffef69ca000 	C:\Windows\WinSxS\amd64_microsoft.windows.common-controls_6595b64144ccf1df_6.0.19041.4355_none_60b8b9eb71f62e16\COMCTL32.dll
0x00007fff060f0000 - 0x00007fff0618e000 	C:\Windows\System32\msvcrt.dll
0x00007fff05b40000 - 0x00007fff05b6f000 	C:\Windows\System32\IMM32.DLL
0x00007ffeff420000 - 0x00007ffeff42c000 	c:\Users\SERGE\.vscode\extensions\redhat.java-1.42.0-win32-x64\jre\21.0.7-win32-x86_64\bin\vcruntime140_1.dll
0x00007ffeee2c0000 - 0x00007ffeee34d000 	c:\Users\SERGE\.vscode\extensions\redhat.java-1.42.0-win32-x64\jre\21.0.7-win32-x86_64\bin\msvcp140.dll
0x00007ffea5650000 - 0x00007ffea63e0000 	c:\Users\SERGE\.vscode\extensions\redhat.java-1.42.0-win32-x64\jre\21.0.7-win32-x86_64\bin\server\jvm.dll
0x00007fff05370000 - 0x00007fff0541f000 	C:\Windows\System32\ADVAPI32.dll
0x00007fff06190000 - 0x00007fff0622f000 	C:\Windows\System32\sechost.dll
0x00007fff05f20000 - 0x00007fff06043000 	C:\Windows\System32\RPCRT4.dll
0x00007fff050b0000 - 0x00007fff050d7000 	C:\Windows\System32\bcrypt.dll
0x00007fff05eb0000 - 0x00007fff05f1b000 	C:\Windows\System32\WS2_32.dll
0x00007fff03c90000 - 0x00007fff03cdb000 	C:\Windows\SYSTEM32\POWRPROF.dll
0x00007ffef5280000 - 0x00007ffef52a7000 	C:\Windows\SYSTEM32\WINMM.dll
0x00007ffef0ea0000 - 0x00007ffef0eaa000 	C:\Windows\SYSTEM32\VERSION.dll
0x00007fff03c30000 - 0x00007fff03c42000 	C:\Windows\SYSTEM32\UMPDC.dll
0x00007fff026b0000 - 0x00007fff026c2000 	C:\Windows\SYSTEM32\kernel.appcore.dll
0x00007ffeff360000 - 0x00007ffeff36a000 	c:\Users\SERGE\.vscode\extensions\redhat.java-1.42.0-win32-x64\jre\21.0.7-win32-x86_64\bin\jimage.dll
0x00007ffef6fe0000 - 0x00007ffef71c4000 	C:\Windows\SYSTEM32\DBGHELP.DLL
0x00007ffef7380000 - 0x00007ffef73b4000 	C:\Windows\SYSTEM32\dbgcore.DLL
0x00007fff04cf0000 - 0x00007fff04d72000 	C:\Windows\System32\bcryptPrimitives.dll
0x00007ffeff350000 - 0x00007ffeff35f000 	c:\Users\SERGE\.vscode\extensions\redhat.java-1.42.0-win32-x64\jre\21.0.7-win32-x86_64\bin\instrument.dll
0x00007ffeff330000 - 0x00007ffeff34f000 	c:\Users\SERGE\.vscode\extensions\redhat.java-1.42.0-win32-x64\jre\21.0.7-win32-x86_64\bin\java.dll
0x00007fff06570000 - 0x00007fff06cdd000 	C:\Windows\System32\SHELL32.dll
0x00007fff028b0000 - 0x00007fff03053000 	C:\Windows\SYSTEM32\windows.storage.dll
0x00007fff06ce0000 - 0x00007fff07035000 	C:\Windows\System32\combase.dll
0x00007fff041c0000 - 0x00007fff041eb000 	C:\Windows\SYSTEM32\Wldp.dll
0x00007fff063f0000 - 0x00007fff064bd000 	C:\Windows\System32\OLEAUT32.dll
0x00007fff064c0000 - 0x00007fff0656d000 	C:\Windows\System32\SHCORE.dll
0x00007fff070d0000 - 0x00007fff07125000 	C:\Windows\System32\shlwapi.dll
0x00007fff047a0000 - 0x00007fff047c5000 	C:\Windows\SYSTEM32\profapi.dll
0x00007ffefbad0000 - 0x00007ffefbae8000 	c:\Users\SERGE\.vscode\extensions\redhat.java-1.42.0-win32-x64\jre\21.0.7-win32-x86_64\bin\zip.dll
0x00007ffefec10000 - 0x00007ffefec20000 	C:\Users\SERGE\.vscode\extensions\redhat.java-1.42.0-win32-x64\jre\21.0.7-win32-x86_64\bin\net.dll
0x00007ffefb1f0000 - 0x00007ffefb2fa000 	C:\Windows\SYSTEM32\WINHTTP.dll
0x00007fff03fa0000 - 0x00007fff0400c000 	C:\Windows\system32\mswsock.dll
0x00007ffef5cc0000 - 0x00007ffef5cd6000 	C:\Users\SERGE\.vscode\extensions\redhat.java-1.42.0-win32-x64\jre\21.0.7-win32-x86_64\bin\nio.dll
0x00007ffefd6a0000 - 0x00007ffefd6b0000 	c:\Users\SERGE\.vscode\extensions\redhat.java-1.42.0-win32-x64\jre\21.0.7-win32-x86_64\bin\verify.dll
0x00007ffeee4c0000 - 0x00007ffeee505000 	C:\Users\SERGE\AppData\Roaming\Code\User\globalStorage\redhat.java\1.42.0\config_win\org.eclipse.equinox.launcher\org.eclipse.equinox.launcher.win32.win32.x86_64_1.2.1300.v20250331-1702\eclipse_11911.dll
0x00007fff062c0000 - 0x00007fff063eb000 	C:\Windows\System32\ole32.dll
0x00007fff04200000 - 0x00007fff04218000 	C:\Windows\SYSTEM32\CRYPTSP.dll
0x00007fff03870000 - 0x00007fff038a8000 	C:\Windows\system32\rsaenh.dll
0x00007fff04720000 - 0x00007fff0474e000 	C:\Windows\SYSTEM32\USERENV.dll
0x00007fff04130000 - 0x00007fff0413c000 	C:\Windows\SYSTEM32\CRYPTBASE.dll
0x00007fff03c50000 - 0x00007fff03c8b000 	C:\Windows\SYSTEM32\IPHLPAPI.DLL
0x00007fff05c50000 - 0x00007fff05c58000 	C:\Windows\System32\NSI.dll
0x00007ffeee3c0000 - 0x00007ffeee409000 	C:\Users\SERGE\AppData\Local\Temp\jna-78788894\jna13951093772408377304.dll
0x00007fff06230000 - 0x00007fff06238000 	C:\Windows\System32\PSAPI.DLL
0x00007ffef6b70000 - 0x00007ffef6b87000 	C:\Windows\SYSTEM32\dhcpcsvc6.DLL
0x00007ffef6b50000 - 0x00007ffef6b6d000 	C:\Windows\SYSTEM32\dhcpcsvc.DLL
0x00007fff03ac0000 - 0x00007fff03af3000 	C:\Windows\SYSTEM32\ntmarta.dll

dbghelp: loaded successfully - version: 4.0.5 - missing functions: none
symbol engine: initialized successfully - sym options: 0x614 - pdb path: .;c:\Users\SERGE\.vscode\extensions\redhat.java-1.42.0-win32-x64\jre\21.0.7-win32-x86_64\bin;C:\Windows\SYSTEM32;C:\Windows\WinSxS\amd64_microsoft.windows.common-controls_6595b64144ccf1df_6.0.19041.4355_none_60b8b9eb71f62e16;c:\Users\SERGE\.vscode\extensions\redhat.java-1.42.0-win32-x64\jre\21.0.7-win32-x86_64\bin\server;C:\Users\SERGE\AppData\Roaming\Code\User\globalStorage\redhat.java\1.42.0\config_win\org.eclipse.equinox.launcher\org.eclipse.equinox.launcher.win32.win32.x86_64_1.2.1300.v20250331-1702;C:\Users\SERGE\AppData\Local\Temp\jna-78788894

VM Arguments:
jvm_args: --add-modules=ALL-SYSTEM --add-opens=java.base/java.util=ALL-UNNAMED --add-opens=java.base/java.lang=ALL-UNNAMED --add-opens=java.base/sun.nio.fs=ALL-UNNAMED -Declipse.application=org.eclipse.jdt.ls.core.id1 -Dosgi.bundles.defaultStartLevel=4 -Declipse.product=org.eclipse.jdt.ls.core.product -Djava.import.generatesMetadataFilesAtProjectRoot=false -DDetectVMInstallationsJob.disabled=true -Dfile.encoding=utf8 -XX:+UseParallelGC -XX:GCTimeRatio=4 -XX:AdaptiveSizePolicyWeight=90 -Dsun.zip.disableMemoryMapping=true -Xmx1G -Xms100m -Xlog:disable -javaagent:c:\Users\SERGE\.vscode\extensions\redhat.java-1.42.0-win32-x64\lombok\lombok-1.18.36.jar -XX:+HeapDumpOnOutOfMemoryError -XX:HeapDumpPath=c:\Users\SERGE\AppData\Roaming\Code\User\workspaceStorage\a6951d4b4e5e0ad82c8566c0f5837605\redhat.java -Daether.dependencyCollector.impl=bf 
java_command: c:\Users\SERGE\.vscode\extensions\redhat.java-1.42.0-win32-x64\server\plugins\org.eclipse.equinox.launcher_1.7.0.v20250424-1814.jar -configuration c:\Users\SERGE\AppData\Roaming\Code\User\globalStorage\redhat.java\1.42.0\config_win -data c:\Users\SERGE\AppData\Roaming\Code\User\workspaceStorage\a6951d4b4e5e0ad82c8566c0f5837605\redhat.java\jdt_ws --pipe=\\.\pipe\lsp-5b4135805ceff7cd2e4dbb3cd1b5260f-sock
java_class_path (initial): c:\Users\SERGE\.vscode\extensions\redhat.java-1.42.0-win32-x64\server\plugins\org.eclipse.equinox.launcher_1.7.0.v20250424-1814.jar
Launcher Type: SUN_STANDARD

[Global flags]
    uintx AdaptiveSizePolicyWeight                 = 90                                        {product} {command line}
     intx CICompilerCount                          = 3                                         {product} {ergonomic}
    uintx GCTimeRatio                              = 4                                         {product} {command line}
     bool HeapDumpOnOutOfMemoryError               = true                                   {manageable} {command line}
    ccstr HeapDumpPath                             = c:\Users\SERGE\AppData\Roaming\Code\User\workspaceStorage\a6951d4b4e5e0ad82c8566c0f5837605\redhat.java         {manageable} {command line}
   size_t InitialHeapSize                          = 104857600                                 {product} {command line}
   size_t MaxHeapSize                              = 1073741824                                {product} {command line}
   size_t MaxNewSize                               = 357564416                                 {product} {ergonomic}
   size_t MinHeapDeltaBytes                        = 524288                                    {product} {ergonomic}
   size_t MinHeapSize                              = 104857600                                 {product} {command line}
   size_t NewSize                                  = 34603008                                  {product} {ergonomic}
    uintx NonNMethodCodeHeapSize                   = 5832780                                {pd product} {ergonomic}
    uintx NonProfiledCodeHeapSize                  = 122912730                              {pd product} {ergonomic}
   size_t OldSize                                  = 70254592                                  {product} {ergonomic}
    uintx ProfiledCodeHeapSize                     = 122912730                              {pd product} {ergonomic}
    uintx ReservedCodeCacheSize                    = 251658240                              {pd product} {ergonomic}
     bool SegmentedCodeCache                       = true                                      {product} {ergonomic}
   size_t SoftMaxHeapSize                          = 1073741824                             {manageable} {ergonomic}
     bool UseCompressedOops                        = true                           {product lp64_product} {ergonomic}
     bool UseLargePagesIndividualAllocation        = false                                  {pd product} {ergonomic}
     bool UseParallelGC                            = true                                      {product} {command line}

Logging:
Log output configuration:
 #0: stdout all=off uptime,level,tags foldmultilines=false
 #1: stderr all=off uptime,level,tags foldmultilines=false

Environment Variables:
PATH=C:\Program Files\Java\jdk-17\bin;C:\Program Files\Common Files\Oracle\Java\javapath;C:\Windows\system32;C:\Windows;C:\Windows\System32\Wbem;C:\Windows\System32\WindowsPowerShell\v1.0\;C:\Windows\System32\OpenSSH\;C:\Program Files\nodejs\;C:\Program Files\IVI Foundation\VISA\Win64\Bin\;C:\Program Files (x86)\IVI Foundation\VISA\WinNT\Bin\;C:\Program Files (x86)\IVI Foundation\VISA\WinNT\Bin;C:\Program Files\MATLAB\R2016a\runtime\win64;C:\Program Files\MATLAB\R2016a\bin;C:\Program Files\MATLAB\R2016a\polyspace\bin;C:\composer;C:\Program Files\Git\cmd;C:\Program Files\PostgreSQL\16\bin;C:\Program Files\PostgreSQL\16\data;C:\Program Files\Microsoft VS Code\bin;C:\Program Files\dotnet\;C:\platform-tools-latest-windows\platform-tools;C:\Program Files\MySQL\MySQL Server X.X\bin;C:\Program Files\Java\jdk-17\bin;C:\Server;C:\Program Files\Docker\Docker\resources\bin;C:\Cassandra\apache-cassandra-4.1.8\bin;C:\ProgramData\chocolatey\bin;C:\Program Files\BlueStacks_nxt;C:\Users\SERGE\AppData\Local\Programs\Python\Python311\Scripts\;C:\Users\SERGE\AppData\Local\Programs\Python\Python311\;C:\Users\SERGE\scoop\shims;C:\Users\SERGE\AppData\Local\Microsoft\WindowsApps;C:\Users\SERGE\AppData\Roaming\npm;C:\Program Files (x86);C:\Users\SERGE\AppData\Roaming\Composer\vendor\bin;C:\Users\SERGE\.dotnet\tools;C:\Program Files (x86)\Nmap
USERNAME=SERGE
OS=Windows_NT
PROCESSOR_IDENTIFIER=Intel64 Family 6 Model 60 Stepping 3, GenuineIntel
TMP=C:\Users\SERGE\AppData\Local\Temp
TEMP=C:\Users\SERGE\AppData\Local\Temp




Periodic native trim disabled

---------------  S Y S T E M  ---------------

OS:
 Windows 10 , 64 bit Build 19041 (10.0.19041.5438)
OS uptime: 0 days 3:29 hours
Hyper-V role detected

CPU: total 4 (initial active 4) (2 cores per cpu, 2 threads per core) family 6 model 60 stepping 3 microcode 0x27, cx8, cmov, fxsr, ht, mmx, sse, sse2, sse3, ssse3, sse4.1, sse4.2, popcnt, lzcnt, tsc, tscinvbit, avx, avx2, aes, erms, clmul, bmi1, bmi2, fma, vzeroupper, clflush, hv, rdtscp, f16c
Processor Information for the first 4 processors :
  Max Mhz: 2601, Current Mhz: 1800, Mhz Limit: 2574

Memory: 4k page, system-wide physical 8089M (1379M free)
TotalPageFile size 10137M (AvailPageFile size 4M)
current process WorkingSet (physical memory assigned to process): 698M, peak: 698M
current process commit charge ("private bytes"): 602M, peak: 917M

vm_info: OpenJDK 64-Bit Server VM (21.0.7+6-LTS) for windows-amd64 JRE (21.0.7+6-LTS), built on 2025-04-15T00:00:00Z by "admin" with MS VC++ 17.7 (VS2022)

END.
