#
# There is insufficient memory for the Java Runtime Environment to continue.
# Native memory allocation (malloc) failed to allocate 55632 bytes. Error detail: Chunk::new
# Possible reasons:
#   The system is out of physical RAM or swap space
#   This process is running with CompressedOops enabled, and the Java Heap may be blocking the growth of the native heap
# Possible solutions:
#   Reduce memory load on the system
#   Increase physical memory or swap space
#   Check if swap backing store is full
#   Decrease Java heap size (-Xmx/-Xms)
#   Decrease number of Java threads
#   Decrease Java thread stack sizes (-Xss)
#   Set larger code cache with -XX:ReservedCodeCacheSize=
#   JVM is running with Unscaled Compressed Oops mode in which the Java heap is
#     placed in the first 4GB address space. The Java Heap base address is the
#     maximum limit for the native heap growth. Please use -XX:HeapBaseMinAddress
#     to set the Java Heap base and to place the Java Heap above 4GB virtual address.
# This output file may be truncated or incomplete.
#
#  Out of Memory Error (arena.cpp:168), pid=15496, tid=2056
#
# JRE version: OpenJDK Runtime Environment Temurin-21.0.7+6 (21.0.7+6) (build 21.0.7+6-LTS)
# Java VM: OpenJDK 64-Bit Server VM Temurin-21.0.7+6 (21.0.7+6-LTS, mixed mode, sharing, tiered, compressed oops, compressed class ptrs, parallel gc, windows-amd64)
# No core dump will be written. Minidumps are not enabled by default on client versions of Windows
#

---------------  S U M M A R Y ------------

Command Line: --add-modules=ALL-SYSTEM --add-opens=java.base/java.util=ALL-UNNAMED --add-opens=java.base/java.lang=ALL-UNNAMED --add-opens=java.base/sun.nio.fs=ALL-UNNAMED -Declipse.application=org.eclipse.jdt.ls.core.id1 -Dosgi.bundles.defaultStartLevel=4 -Declipse.product=org.eclipse.jdt.ls.core.product -Djava.import.generatesMetadataFilesAtProjectRoot=false -DDetectVMInstallationsJob.disabled=true -Dfile.encoding=utf8 -XX:+UseParallelGC -XX:GCTimeRatio=4 -XX:AdaptiveSizePolicyWeight=90 -Dsun.zip.disableMemoryMapping=true -Xmx1G -Xms100m -Xlog:disable -javaagent:c:\Users\SERGE\.vscode\extensions\redhat.java-1.42.0-win32-x64\lombok\lombok-1.18.36.jar -XX:+HeapDumpOnOutOfMemoryError -XX:HeapDumpPath=c:\Users\SERGE\AppData\Roaming\Code\User\workspaceStorage\a6951d4b4e5e0ad82c8566c0f5837605\redhat.java -Daether.dependencyCollector.impl=bf c:\Users\SERGE\.vscode\extensions\redhat.java-1.42.0-win32-x64\server\plugins\org.eclipse.equinox.launcher_1.7.0.v20250424-1814.jar -configuration c:\Users\SERGE\AppData\Roaming\Code\User\globalStorage\redhat.java\1.42.0\config_win -data c:\Users\SERGE\AppData\Roaming\Code\User\workspaceStorage\a6951d4b4e5e0ad82c8566c0f5837605\redhat.java\jdt_ws --pipe=\\.\pipe\lsp-f782af24bafec813e76de85f50696c0a-sock

Host: Intel(R) Core(TM) i5-4300M CPU @ 2.60GHz, 4 cores, 7G,  Windows 10 , 64 bit Build 19041 (10.0.19041.5438)
Time: Mon May 19 12:47:58 2025 Paris, Madrid (heure duild 19041 (10.0.19041.5438) elapsed time: 20.840599 seconds (0d 0h 0m 20s)

---------------  T H R E A D  ---------------

Current thread (0x000001d87b4165f0):  JavaThread "C2 CompilerThread0" daemon [_thread_in_native, id=2056, stack(0x0000006965300000,0x0000006965400000) (1024K)]


Current CompileTask:
C2:20840 2317       4       java.util.regex.Pattern$BmpCharPropertyGreedy::match (89 bytes)

Stack: [0x0000006965300000,0x0000006965400000]
Native frames: (J=compiled Java code, j=interpreted, Vv=VM code, C=native code)
V  [jvm.dll+0x6ce119]
V  [jvm.dll+0x8a84a1]
V  [jvm.dll+0x8aa9ce]
V  [jvm.dll+0x8ab0b3]
V  [jvm.dll+0x27f8a6]
V  [jvm.dll+0xc507d]
V  [jvm.dll+0xc55b3]
V  [jvm.dll+0x3b692c]
V  [jvm.dll+0x382aa5]
V  [jvm.dll+0x381f0a]
V  [jvm.dll+0x247af0]
V  [jvm.dll+0x2470cf]
V  [jvm.dll+0x1c760e]
V  [jvm.dll+0x25695a]
V  [jvm.dll+0x254efa]
V  [jvm.dll+0x3f03f6]
V  [jvm.dll+0x851f6b]
V  [jvm.dll+0x6cc7dd]
C  [ucrtbase.dll+0x21bb2]
C  [KERNEL32.DLL+0x17374]
C  [ntdll.dll+0x4cc91]


---------------  P R O C E S S  ---------------

Threads class SMR info:
_java_thread_list=0x000001d87ccca950, length=16, elements={
0x000001d873cffbe0, 0x000001d876199ed0, 0x000001d87619b7d0, 0x000001d87619d0d0,
0x000001d87619e000, 0x000001d87b415160, 0x000001d87b4157c0, 0x000001d87b4165f0,
0x000001d87b485640, 0x000001d87614c360, 0x000001d87c43d7f0, 0x000001d87cb2f010,
0x000001d87ccb67f0, 0x000001d87ce055a0, 0x000001d87ccdce10, 0x000001d87c54a5a0
}

Java Threads: ( => current thread )
  0x000001d873cffbe0 JavaThread "main"                              [_thread_blocked, id=10516, stack(0x0000006964900000,0x0000006964a00000) (1024K)]
  0x000001d876199ed0 JavaThread "Reference Handler"          daemon [_thread_blocked, id=12456, stack(0x0000006964d00000,0x0000006964e00000) (1024K)]
  0x000001d87619b7d0 JavaThread "Finalizer"                  daemon [_thread_blocked, id=6956, stack(0x0000006964e00000,0x0000006964f00000) (1024K)]
  0x000001d87619d0d0 JavaThread "Signal Dispatcher"          daemon [_thread_blocked, id=17052, stack(0x0000006964f00000,0x0000006965000000) (1024K)]
  0x000001d87619e000 JavaThread "Attach Listener"            daemon [_thread_blocked, id=17428, stack(0x0000006965000000,0x0000006965100000) (1024K)]
  0x000001d87b415160 JavaThread "Service Thread"             daemon [_thread_blocked, id=9632, stack(0x0000006965100000,0x0000006965200000) (1024K)]
  0x000001d87b4157c0 JavaThread "Monitor Deflation Thread"   daemon [_thread_blocked, id=5532, stack(0x0000006965200000,0x0000006965300000) (1024K)]
=>0x000001d87b4165f0 JavaThread "C2 CompilerThread0"         daemon [_thread_in_native, id=2056, stack(0x0000006965300000,0x0000006965400000) (1024K)]
  0x000001d87b485640 JavaThread "C1 CompilerThread0"         daemon [_thread_in_vm, id=9388, stack(0x0000006965400000,0x0000006965500000) (1024K)]
  0x000001d87614c360 JavaThread "Common-Cleaner"             daemon [_thread_blocked, id=3908, stack(0x0000006965500000,0x0000006965600000) (1024K)]
  0x000001d87c43d7f0 JavaThread "Notification Thread"        daemon [_thread_blocked, id=11084, stack(0x0000006965600000,0x0000006965700000) (1024K)]
  0x000001d87cb2f010 JavaThread "Active Thread: Equinox Container: 1a281c3d-a99d-468a-abb9-15667924ba12"        [_thread_blocked, id=2020, stack(0x0000006965b00000,0x0000006965c00000) (1024K)]
  0x000001d87ccb67f0 JavaThread "Refresh Thread: Equinox Container: 1a281c3d-a99d-468a-abb9-15667924ba12" daemon [_thread_blocked, id=10108, stack(0x0000006965700000,0x0000006965800000) (1024K)]
  0x000001d87ce055a0 JavaThread "Framework Event Dispatcher: Equinox Container: 1a281c3d-a99d-468a-abb9-15667924ba12" daemon [_thread_in_vm, id=19272, stack(0x0000006965c00000,0x0000006965d00000) (1024K)]
  0x000001d87ccdce10 JavaThread "Start Level: Equinox Container: 1a281c3d-a99d-468a-abb9-15667924ba12" daemon [_thread_in_vm, id=7664, stack(0x0000006965d00000,0x0000006965e00000) (1024K)]
  0x000001d87c54a5a0 JavaThread "Bundle File Closer"         daemon [_thread_blocked, id=16512, stack(0x0000006965e00000,0x0000006965f00000) (1024K)]
Total: 16

Other Threads:
  0x000001d87617e340 VMThread "VM Thread"                           [id=18964, stack(0x0000006964c00000,0x0000006964d00000) (1024K)] _threads_hazard_ptr=0x000001d87ccca950
  0x000001d87614b160 WatcherThread "VM Periodic Task Thread"        [id=18728, stack(0x0000006964b00000,0x0000006964c00000) (1024K)]
  0x000001d8760ff070 WorkerThread "GC Thread#0"                     [id=18684, stack(0x0000006964a00000,0x0000006964b00000) (1024K)]
  0x000001d87c4ba750 WorkerThread "GC Thread#1"                     [id=2088, stack(0x0000006965800000,0x0000006965900000) (1024K)]
  0x000001d87c4baaf0 WorkerThread "GC Thread#2"                     [id=9032, stack(0x0000006965900000,0x0000006965a00000) (1024K)]
  0x000001d87c4bae90 WorkerThread "GC Thread#3"                     [id=18476, stack(0x0000006965a00000,0x0000006965b00000) (1024K)]
Total: 6

Threads with active compile tasks:
C2 CompilerThread0  21636 2317       4       java.util.regex.Pattern$BmpCharPropertyGreedy::match (89 bytes)
C1 CompilerThread0  21636 2375       3       java.util.Locale::forLanguageTag (74 bytes)
Total: 2

VM state: synchronizing (normal execution)

VM Mutex/Monitor currently owned by a thread:  ([mutex/lock_event])
[0x00007ffecba0c308] Metaspace_lock - owner thread: 0x000001d87ce055a0
[0x00007ffecba0e308] Threads_lock - owner thread: 0x000001d87617e340

OutOfMemory and StackOverflow Exception counts:
OutOfMemoryError java_heap_errors=1
LinkageErrors=35

Heap address: 0x00000000c0000000, size: 1024 MB, Compressed Oops mode: 32-bit

CDS archive(s) mapped at: [0x000001d80f000000-0x000001d80fba0000-0x000001d80fba0000), size 12189696, SharedBaseAddress: 0x000001d80f000000, ArchiveRelocationMode: 1.
Compressed class space mapped at: 0x000001d810000000-0x000001d850000000, reserved size: 1073741824
Narrow klass base: 0x000001d80f000000, Narrow klass shift: 0, Narrow klass range: 0x100000000

GC Precious Log:
 CardTable entry size: 512
 CPUs: 4 total, 4 available
 Memory: 8089M
 Large Page Support: Disabled
 NUMA Support: Disabled
 Compressed Oops: Enabled (32-bit)
 Alignments: Space 512K, Generation 512K, Heap 2M
 Heap Min Capacity: 100M
 Heap Initial Capacity: 100M
 Heap Max Capacity: 1G
 Pre-touch: Disabled
 Parallel Workers: 4

Heap:
 PSYoungGen      total 29696K, used 9426K [0x00000000eab00000, 0x00000000ecc00000, 0x0000000100000000)
  eden space 25600K, 20% used [0x00000000eab00000,0x00000000eb03c0f0,0x00000000ec400000)
  from space 4096K, 99% used [0x00000000ec400000,0x00000000ec7f8888,0x00000000ec800000)
  to   space 4096K, 0% used [0x00000000ec800000,0x00000000ec800000,0x00000000ecc00000)
 ParOldGen       total 68608K, used 5190K [0x00000000c0000000, 0x00000000c4300000, 0x00000000eab00000)
  object space 68608K, 7% used [0x00000000c0000000,0x00000000c0511b28,0x00000000c4300000)
 Metaspace       used 9783K, committed 10176K, reserved 1114112K
  class space    used 1001K, committed 1216K, reserved 1048576K

Card table byte_map: [0x000001d875a80000,0x000001d875c90000] _byte_map_base: 0x000001d875480000

Marking Bits: (ParMarkBitMap*) 0x00007ffecba131f0
 Begin Bits: [0x000001d8792d0000, 0x000001d87a2d0000)
 End Bits:   [0x000001d87a2d0000, 0x000001d87b2d0000)

Polling page: 0x000001d873f10000

Metaspace:

Usage:
  Non-class:      8.58 MB used.
      Class:   1001.66 KB used.
       Both:      9.55 MB used.

Virtual space:
  Non-class space:       64.00 MB reserved,       8.75 MB ( 14%) committed,  1 nodes.
      Class space:        1.00 GB reserved,       1.19 MB ( <1%) committed,  1 nodes.
             Both:        1.06 GB reserved,       9.94 MB ( <1%) committed. 

Chunk freelists:
   Non-Class:  6.28 MB
       Class:  14.75 MB
        Both:  21.03 MB

MaxMetaspaceSize: unlimited
CompressedClassSpaceSize: 1.00 GB
Initial GC threshold: 21.00 MB
Current GC threshold: 21.00 MB
CDS: on
 - commit_granule_bytes: 65536.
 - commit_granule_words: 8192.
 - virtual_space_node_default_size: 8388608.
 - enlarge_chunks_in_place: 1.
 - use_allocation_guard: 0.


Internal statistics:

num_allocs_failed_limit: 0.
num_arena_births: 294.
num_arena_deaths: 0.
num_vsnodes_births: 2.
num_vsnodes_deaths: 0.
num_space_committed: 159.
num_space_uncommitted: 0.
num_chunks_returned_to_freelist: 0.
num_chunks_taken_from_freelist: 540.
num_chunk_merges: 0.
num_chunk_splits: 357.
num_chunks_enlarged: 238.
num_inconsistent_stats: 0.

CodeHeap 'non-profiled nmethods': size=120000Kb used=1135Kb max_used=1135Kb free=118864Kb
 bounds [0x000001d807ad0000, 0x000001d807d40000, 0x000001d80f000000]
CodeHeap 'profiled nmethods': size=120000Kb used=4395Kb max_used=4395Kb free=115604Kb
 bounds [0x000001d800000000, 0x000001d800450000, 0x000001d807530000]
CodeHeap 'non-nmethods': size=5760Kb used=1236Kb max_used=1261Kb free=4523Kb
 bounds [0x000001d807530000, 0x000001d8077a0000, 0x000001d807ad0000]
 total_blobs=2873 nmethods=2371 adapters=408
 compilation: enabled
              stopped_count=0, restarted_count=0
 full_count=0

Compilation events (20 events):
Event: 20.779 Thread 0x000001d87b485640 nmethod 2351 0x000001d80043aa10 code [0x000001d80043ac00, 0x000001d80043b000]
Event: 20.779 Thread 0x000001d87b485640 2355       3       sun.util.locale.LocaleObjectCache::get (126 bytes)
Event: 20.782 Thread 0x000001d87b485640 nmethod 2355 0x000001d80043b190 code [0x000001d80043b460, 0x000001d80043c540]
Event: 20.782 Thread 0x000001d87b485640 2357       3       sun.util.locale.LocaleObjectCache::cleanStaleEntries (34 bytes)
Event: 20.783 Thread 0x000001d87b485640 nmethod 2357 0x000001d80043ca10 code [0x000001d80043cbe0, 0x000001d80043d058]
Event: 20.783 Thread 0x000001d87b485640 2354       3       sun.util.locale.BaseLocale$Key::<init> (76 bytes)
Event: 20.784 Thread 0x000001d87b485640 nmethod 2354 0x000001d80043d210 code [0x000001d80043d400, 0x000001d80043d988]
Event: 20.785 Thread 0x000001d87b485640 2352       3       java.lang.ref.SoftReference::<init> (14 bytes)
Event: 20.786 Thread 0x000001d87b485640 nmethod 2352 0x000001d80043db90 code [0x000001d80043dd40, 0x000001d80043dfa0]
Event: 20.786 Thread 0x000001d87b485640 2348       3       java.lang.AbstractStringBuilder::append (60 bytes)
Event: 20.787 Thread 0x000001d87b485640 nmethod 2348 0x000001d80043e090 code [0x000001d80043e280, 0x000001d80043e5c8]
Event: 20.787 Thread 0x000001d87b485640 2347       3       java.lang.StringBuilder::append (8 bytes)
Event: 20.788 Thread 0x000001d87b485640 nmethod 2347 0x000001d80043e710 code [0x000001d80043e8c0, 0x000001d80043ea10]
Event: 20.788 Thread 0x000001d87b485640 2358       1       org.eclipse.osgi.internal.hookregistry.ClassLoaderHook::processClass (2 bytes)
Event: 20.788 Thread 0x000001d87b485640 nmethod 2358 0x000001d807beb990 code [0x000001d807bebb20, 0x000001d807bebbf0]
Event: 20.794 Thread 0x000001d87b485640 2359       3       sun.util.locale.LanguageTag::isRegion (36 bytes)
Event: 20.800 Thread 0x000001d87b485640 nmethod 2359 0x000001d80043ea90 code [0x000001d80043eda0, 0x000001d800440070]
Event: 20.800 Thread 0x000001d87b485640 2360       3       sun.util.locale.BaseLocale::convertOldISOCodes (238 bytes)
Event: 20.802 Thread 0x000001d87b485640 nmethod 2360 0x000001d800440710 code [0x000001d800440940, 0x000001d800440fd8]
Event: 20.802 Thread 0x000001d87b485640 2363       3       sun.util.locale.BaseLocale$Key::hashCode (178 bytes)

GC Heap History (6 events):
Event: 3.529 GC heap before
{Heap before GC invocations=1 (full 0):
 PSYoungGen      total 29696K, used 25600K [0x00000000eab00000, 0x00000000ecc00000, 0x0000000100000000)
  eden space 25600K, 100% used [0x00000000eab00000,0x00000000ec400000,0x00000000ec400000)
  from space 4096K, 0% used [0x00000000ec800000,0x00000000ec800000,0x00000000ecc00000)
  to   space 4096K, 0% used [0x00000000ec400000,0x00000000ec400000,0x00000000ec800000)
 ParOldGen       total 68608K, used 0K [0x00000000c0000000, 0x00000000c4300000, 0x00000000eab00000)
  object space 68608K, 0% used [0x00000000c0000000,0x00000000c0000000,0x00000000c4300000)
 Metaspace       used 4353K, committed 4544K, reserved 1114112K
  class space    used 461K, committed 576K, reserved 1048576K
}
Event: 3.561 GC heap after
{Heap after GC invocations=1 (full 0):
 PSYoungGen      total 29696K, used 3238K [0x00000000eab00000, 0x00000000ecc00000, 0x0000000100000000)
  eden space 25600K, 0% used [0x00000000eab00000,0x00000000eab00000,0x00000000ec400000)
  from space 4096K, 79% used [0x00000000ec400000,0x00000000ec729870,0x00000000ec800000)
  to   space 4096K, 0% used [0x00000000ec800000,0x00000000ec800000,0x00000000ecc00000)
 ParOldGen       total 68608K, used 0K [0x00000000c0000000, 0x00000000c4300000, 0x00000000eab00000)
  object space 68608K, 0% used [0x00000000c0000000,0x00000000c0000000,0x00000000c4300000)
 Metaspace       used 4353K, committed 4544K, reserved 1114112K
  class space    used 461K, committed 576K, reserved 1048576K
}
Event: 6.061 GC heap before
{Heap before GC invocations=2 (full 0):
 PSYoungGen      total 29696K, used 28838K [0x00000000eab00000, 0x00000000ecc00000, 0x0000000100000000)
  eden space 25600K, 100% used [0x00000000eab00000,0x00000000ec400000,0x00000000ec400000)
  from space 4096K, 79% used [0x00000000ec400000,0x00000000ec729870,0x00000000ec800000)
  to   space 4096K, 0% used [0x00000000ec800000,0x00000000ec800000,0x00000000ecc00000)
 ParOldGen       total 68608K, used 0K [0x00000000c0000000, 0x00000000c4300000, 0x00000000eab00000)
  object space 68608K, 0% used [0x00000000c0000000,0x00000000c0000000,0x00000000c4300000)
 Metaspace       used 8081K, committed 8384K, reserved 1114112K
  class space    used 815K, committed 960K, reserved 1048576K
}
Event: 6.068 GC heap after
{Heap after GC invocations=2 (full 0):
 PSYoungGen      total 29696K, used 4084K [0x00000000eab00000, 0x00000000ecc00000, 0x0000000100000000)
  eden space 25600K, 0% used [0x00000000eab00000,0x00000000eab00000,0x00000000ec400000)
  from space 4096K, 99% used [0x00000000ec800000,0x00000000ecbfd1e8,0x00000000ecc00000)
  to   space 4096K, 0% used [0x00000000ec400000,0x00000000ec400000,0x00000000ec800000)
 ParOldGen       total 68608K, used 1743K [0x00000000c0000000, 0x00000000c4300000, 0x00000000eab00000)
  object space 68608K, 2% used [0x00000000c0000000,0x00000000c01b3eb8,0x00000000c4300000)
 Metaspace       used 8081K, committed 8384K, reserved 1114112K
  class space    used 815K, committed 960K, reserved 1048576K
}
Event: 17.105 GC heap before
{Heap before GC invocations=3 (full 0):
 PSYoungGen      total 29696K, used 29684K [0x00000000eab00000, 0x00000000ecc00000, 0x0000000100000000)
  eden space 25600K, 100% used [0x00000000eab00000,0x00000000ec400000,0x00000000ec400000)
  from space 4096K, 99% used [0x00000000ec800000,0x00000000ecbfd1e8,0x00000000ecc00000)
  to   space 4096K, 0% used [0x00000000ec400000,0x00000000ec400000,0x00000000ec800000)
 ParOldGen       total 68608K, used 1743K [0x00000000c0000000, 0x00000000c4300000, 0x00000000eab00000)
  object space 68608K, 2% used [0x00000000c0000000,0x00000000c01b3eb8,0x00000000c4300000)
 Metaspace       used 9452K, committed 9856K, reserved 1114112K
  class space    used 972K, committed 1152K, reserved 1048576K
}
Event: 17.122 GC heap after
{Heap after GC invocations=3 (full 0):
 PSYoungGen      total 29696K, used 4066K [0x00000000eab00000, 0x00000000ecc00000, 0x0000000100000000)
  eden space 25600K, 0% used [0x00000000eab00000,0x00000000eab00000,0x00000000ec400000)
  from space 4096K, 99% used [0x00000000ec400000,0x00000000ec7f8888,0x00000000ec800000)
  to   space 4096K, 0% used [0x00000000ec800000,0x00000000ec800000,0x00000000ecc00000)
 ParOldGen       total 68608K, used 5190K [0x00000000c0000000, 0x00000000c4300000, 0x00000000eab00000)
  object space 68608K, 7% used [0x00000000c0000000,0x00000000c0511b28,0x00000000c4300000)
 Metaspace       used 9452K, committed 9856K, reserved 1114112K
  class space    used 972K, committed 1152K, reserved 1048576K
}

Dll operation events (9 events):
Event: 0.307 Loaded shared library c:\Users\SERGE\.vscode\extensions\redhat.java-1.42.0-win32-x64\jre\21.0.7-win32-x86_64\bin\java.dll
Event: 0.812 Loaded shared library c:\Users\SERGE\.vscode\extensions\redhat.java-1.42.0-win32-x64\jre\21.0.7-win32-x86_64\bin\zip.dll
Event: 0.918 Loaded shared library C:\Users\SERGE\.vscode\extensions\redhat.java-1.42.0-win32-x64\jre\21.0.7-win32-x86_64\bin\instrument.dll
Event: 0.949 Loaded shared library C:\Users\SERGE\.vscode\extensions\redhat.java-1.42.0-win32-x64\jre\21.0.7-win32-x86_64\bin\net.dll
Event: 0.956 Loaded shared library C:\Users\SERGE\.vscode\extensions\redhat.java-1.42.0-win32-x64\jre\21.0.7-win32-x86_64\bin\nio.dll
Event: 0.964 Loaded shared library C:\Users\SERGE\.vscode\extensions\redhat.java-1.42.0-win32-x64\jre\21.0.7-win32-x86_64\bin\zip.dll
Event: 1.057 Loaded shared library C:\Users\SERGE\.vscode\extensions\redhat.java-1.42.0-win32-x64\jre\21.0.7-win32-x86_64\bin\jimage.dll
Event: 1.378 Loaded shared library c:\Users\SERGE\.vscode\extensions\redhat.java-1.42.0-win32-x64\jre\21.0.7-win32-x86_64\bin\verify.dll
Event: 6.054 Loaded shared library C:\Users\SERGE\AppData\Roaming\Code\User\globalStorage\redhat.java\1.42.0\config_win\org.eclipse.equinox.launcher\org.eclipse.equinox.launcher.win32.win32.x86_64_1.2.1300.v20250331-1702\eclipse_11911.dll

Deoptimization events (20 events):
Event: 19.974 Thread 0x000001d87ccdce10 Uncommon trap: trap_request=0xffffff45 fr.pc=0x000001d807bd11b0 relative=0x0000000000000df0
Event: 19.974 Thread 0x000001d87ccdce10 Uncommon trap: reason=unstable_if action=reinterpret pc=0x000001d807bd11b0 method=java.lang.String.<init>(Ljava/nio/charset/Charset;[BII)V @ 56 c2
Event: 19.974 Thread 0x000001d87ccdce10 DEOPT PACKING pc=0x000001d807bd11b0 sp=0x0000006965dfe160
Event: 19.974 Thread 0x000001d87ccdce10 DEOPT UNPACKING pc=0x000001d807583aa2 sp=0x0000006965dfe0f0 mode 2
Event: 19.974 Thread 0x000001d87ccdce10 Uncommon trap: trap_request=0xffffff45 fr.pc=0x000001d807af34e0 relative=0x00000000000001c0
Event: 19.974 Thread 0x000001d87ccdce10 Uncommon trap: reason=unstable_if action=reinterpret pc=0x000001d807af34e0 method=java.lang.String.isLatin1()Z @ 10 c2
Event: 19.974 Thread 0x000001d87ccdce10 DEOPT PACKING pc=0x000001d807af34e0 sp=0x0000006965dfe250
Event: 19.974 Thread 0x000001d87ccdce10 DEOPT UNPACKING pc=0x000001d807583aa2 sp=0x0000006965dfe120 mode 2
Event: 19.974 Thread 0x000001d87ccdce10 Uncommon trap: trap_request=0xffffff45 fr.pc=0x000001d807b2880c relative=0x000000000000052c
Event: 19.974 Thread 0x000001d87ccdce10 Uncommon trap: reason=unstable_if action=reinterpret pc=0x000001d807b2880c method=java.lang.String.substring(II)Ljava/lang/String; @ 31 c2
Event: 19.974 Thread 0x000001d87ccdce10 DEOPT PACKING pc=0x000001d807b2880c sp=0x0000006965dfe200
Event: 19.974 Thread 0x000001d87ccdce10 DEOPT UNPACKING pc=0x000001d807583aa2 sp=0x0000006965dfe1d0 mode 2
Event: 19.974 Thread 0x000001d87ccdce10 Uncommon trap: trap_request=0xffffff45 fr.pc=0x000001d807ada70c relative=0x000000000000006c
Event: 19.974 Thread 0x000001d87ccdce10 Uncommon trap: reason=unstable_if action=reinterpret pc=0x000001d807ada70c method=java.lang.String.isLatin1()Z @ 10 c2
Event: 19.974 Thread 0x000001d87ccdce10 DEOPT PACKING pc=0x000001d807ada70c sp=0x0000006965dfe170
Event: 19.974 Thread 0x000001d87ccdce10 DEOPT UNPACKING pc=0x000001d807583aa2 sp=0x0000006965dfe100 mode 2
Event: 20.522 Thread 0x000001d87ccdce10 Uncommon trap: trap_request=0xffffff45 fr.pc=0x000001d807be4584 relative=0x0000000000001164
Event: 20.522 Thread 0x000001d87ccdce10 Uncommon trap: reason=unstable_if action=reinterpret pc=0x000001d807be4584 method=java.util.Properties.loadConvert([CIILjava/lang/StringBuilder;)Ljava/lang/String; @ 491 c2
Event: 20.522 Thread 0x000001d87ccdce10 DEOPT PACKING pc=0x000001d807be4584 sp=0x0000006965dfdfb0
Event: 20.522 Thread 0x000001d87ccdce10 DEOPT UNPACKING pc=0x000001d807583aa2 sp=0x0000006965dfdfa0 mode 2

Classes loaded (20 events):
Event: 9.040 Loading class jdk/internal/module/ModulePatcher$PatchedModuleReader
Event: 9.062 Loading class jdk/internal/module/ModulePatcher$PatchedModuleReader done
Event: 9.155 Loading class sun/util/resources/LocaleData$CommonResourceBundleProvider
Event: 9.155 Loading class sun/util/resources/LocaleData$LocaleDataResourceBundleProvider
Event: 9.155 Loading class java/util/spi/ResourceBundleProvider
Event: 9.155 Loading class java/util/spi/ResourceBundleProvider done
Event: 9.155 Loading class sun/util/resources/LocaleData$LocaleDataResourceBundleProvider done
Event: 9.155 Loading class sun/util/resources/LocaleData$CommonResourceBundleProvider done
Event: 9.242 Loading class sun/util/resources/Bundles$2
Event: 9.242 Loading class sun/util/resources/Bundles$2 done
Event: 20.405 Loading class java/util/zip/DataFormatException
Event: 20.406 Loading class java/util/zip/DataFormatException done
Event: 20.598 Loading class java/lang/StackTraceElement$HashedModules
Event: 20.598 Loading class java/lang/StackTraceElement$HashedModules done
Event: 20.608 Loading class sun/nio/cs/UTF_8$Encoder
Event: 20.609 Loading class sun/nio/cs/UTF_8$Encoder done
Event: 20.740 Loading class java/lang/IllegalAccessError
Event: 20.740 Loading class java/lang/IllegalAccessError done
Event: 20.785 Loading class java/util/TimerTask
Event: 20.785 Loading class java/util/TimerTask done

Classes unloaded (0 events):
No events

Classes redefined (0 events):
No events

Internal exceptions (20 events):
Event: 3.642 Thread 0x000001d873cffbe0 Implicit null exception at 0x000001d807b34c1a to 0x000001d807b34e24
Event: 3.642 Thread 0x000001d873cffbe0 Implicit null exception at 0x000001d807b32abd to 0x000001d807b32b41
Event: 3.777 Thread 0x000001d873cffbe0 Exception <a 'java/lang/NoSuchMethodError'{0x00000000eae911f0}: 'long java.lang.invoke.DirectMethodHandle$Holder.invokeStatic(java.lang.Object, java.lang.Object, int)'> (0x00000000eae911f0) 
thrown [s\src\hotspot\share\interpreter\linkResolver.cpp, line 773]
Event: 3.780 Thread 0x000001d873cffbe0 Exception <a 'java/lang/NoSuchMethodError'{0x00000000eae98be0}: 'java.lang.Object java.lang.invoke.DirectMethodHandle$Holder.invokeSpecial(java.lang.Object, java.lang.Object, java.lang.Object, java.lang.Object, long)'> (0x00000000eae98be0) 
thrown [s\src\hotspot\share\interpreter\linkResolver.cpp, line 773]
Event: 3.782 Thread 0x000001d873cffbe0 Exception <a 'java/lang/NoSuchMethodError'{0x00000000eaea65d8}: 'java.lang.Object java.lang.invoke.DirectMethodHandle$Holder.invokeSpecial(java.lang.Object, java.lang.Object, java.lang.Object, int, java.lang.Object)'> (0x00000000eaea65d8) 
thrown [s\src\hotspot\share\interpreter\linkResolver.cpp, line 773]
Event: 3.794 Thread 0x000001d873cffbe0 Exception <a 'java/lang/NoSuchMethodError'{0x00000000eaecfe60}: 'int java.lang.invoke.DirectMethodHandle$Holder.invokeStaticInit(java.lang.Object, java.lang.Object, java.lang.Object, java.lang.Object)'> (0x00000000eaecfe60) 
thrown [s\src\hotspot\share\interpreter\linkResolver.cpp, line 773]
Event: 3.796 Thread 0x000001d873cffbe0 Exception <a 'java/lang/IncompatibleClassChangeError'{0x00000000eaed8360}: Found class java.lang.Object, but interface was expected> (0x00000000eaed8360) 
thrown [s\src\hotspot\share\interpreter\linkResolver.cpp, line 840]
Event: 3.796 Thread 0x000001d873cffbe0 Exception <a 'java/lang/NoSuchMethodError'{0x00000000eaedc500}: 'void java.lang.invoke.DirectMethodHandle$Holder.invokeStaticInit(java.lang.Object, java.lang.Object)'> (0x00000000eaedc500) 
thrown [s\src\hotspot\share\interpreter\linkResolver.cpp, line 773]
Event: 3.798 Thread 0x000001d873cffbe0 Exception <a 'java/lang/NoSuchMethodError'{0x00000000eaee33d8}: 'int java.lang.invoke.DirectMethodHandle$Holder.invokeStaticInit(java.lang.Object, java.lang.Object)'> (0x00000000eaee33d8) 
thrown [s\src\hotspot\share\interpreter\linkResolver.cpp, line 773]
Event: 3.889 Thread 0x000001d873cffbe0 Exception <a 'java/lang/NoSuchMethodError'{0x00000000eb045370}: 'void java.lang.invoke.DirectMethodHandle$Holder.invokeSpecial(java.lang.Object, java.lang.Object, java.lang.Object)'> (0x00000000eb045370) 
thrown [s\src\hotspot\share\interpreter\linkResolver.cpp, line 773]
Event: 4.694 Thread 0x000001d873cffbe0 Exception <a 'java/lang/NoSuchMethodError'{0x00000000eba3cd28}: 'int java.lang.invoke.DirectMethodHandle$Holder.invokeVirtual(java.lang.Object, java.lang.Object)'> (0x00000000eba3cd28) 
thrown [s\src\hotspot\share\interpreter\linkResolver.cpp, line 773]
Event: 4.958 Thread 0x000001d873cffbe0 Exception <a 'java/lang/NoSuchMethodError'{0x00000000ebda39a0}: 'java.lang.Object java.lang.invoke.DirectMethodHandle$Holder.newInvokeSpecial(java.lang.Object, int, java.lang.Object)'> (0x00000000ebda39a0) 
thrown [s\src\hotspot\share\interpreter\linkResolver.cpp, line 773]
Event: 5.004 Thread 0x000001d873cffbe0 Exception <a 'java/lang/NoSuchMethodError'{0x00000000ebf242e8}: 'java.lang.Object java.lang.invoke.DirectMethodHandle$Holder.newInvokeSpecial(java.lang.Object, java.lang.Object, java.lang.Object, java.lang.Object, int, java.lang.Object)'> (0x00000000ebf242e8) 
thrown [s\src\hotspot\share\interpreter\linkResolver.cpp, line 773]
Event: 5.762 Thread 0x000001d873cffbe0 Exception <a 'java/lang/UnsatisfiedLinkError'{0x00000000ec3c0568}: 'void org.eclipse.equinox.launcher.JNIBridge._update_splash()'> (0x00000000ec3c0568) 
thrown [s\src\hotspot\share\prims\nativeLookup.cpp, line 415]
Event: 7.483 Thread 0x000001d87ccdce10 Exception <a 'java/lang/NoSuchMethodError'{0x00000000eb119b20}: 'java.lang.Object java.lang.invoke.DirectMethodHandle$Holder.newInvokeSpecial(java.lang.Object, java.lang.Object, int, java.lang.Object)'> (0x00000000eb119b20) 
thrown [s\src\hotspot\share\interpreter\linkResolver.cpp, line 773]
Event: 7.526 Thread 0x000001d87ccdce10 Exception <a 'java/lang/NoClassDefFoundError'{0x00000000eb1b9a68}: jakarta/servlet/ServletContainerInitializer> (0x00000000eb1b9a68) 
thrown [s\src\hotspot\share\classfile\systemDictionary.cpp, line 301]
Event: 8.176 Thread 0x000001d87ccdce10 Exception <a 'java/lang/NoSuchMethodError'{0x00000000eb2dd9d0}: 'java.lang.Object java.lang.invoke.DirectMethodHandle$Holder.invokeStatic(java.lang.Object, int, java.lang.Object)'> (0x00000000eb2dd9d0) 
thrown [s\src\hotspot\share\interpreter\linkResolver.cpp, line 773]
Event: 8.505 Thread 0x000001d87ccdce10 Exception <a 'java/lang/ClassNotFoundException'{0x00000000eb344f88}: sun/util/logging/resources/spi/loggingProvider> (0x00000000eb344f88) 
thrown [s\src\hotspot\share\classfile\systemDictionary.cpp, line 312]
Event: 20.405 Thread 0x000001d87ccdce10 Exception <a 'java/lang/OutOfMemoryError'{0x00000000eadae6c8}> (0x00000000eadae6c8) 
thrown [s\src\hotspot\share\prims\jni.cpp, line 539]
Event: 20.530 Thread 0x000001d87ccdce10 Exception <a 'java/lang/NoSuchMethodError'{0x00000000eadf7a38}: 'void java.lang.invoke.Invokers$Holder.invokeExact_MT(java.lang.Object, java.lang.Object, java.lang.Object)'> (0x00000000eadf7a38) 
thrown [s\src\hotspot\share\interpreter\linkResolver.cpp, line 773]

ZGC Phase Switch (0 events):
No events

VM Operations (20 events):
Event: 9.501 Executing VM operation: HandshakeAllThreads (Deoptimize)
Event: 9.501 Executing VM operation: HandshakeAllThreads (Deoptimize) done
Event: 9.653 Executing VM operation: HandshakeAllThreads (Deoptimize)
Event: 9.653 Executing VM operation: HandshakeAllThreads (Deoptimize) done
Event: 10.659 Executing VM operation: Cleanup
Event: 10.659 Executing VM operation: Cleanup done
Event: 11.673 Executing VM operation: Cleanup
Event: 11.673 Executing VM operation: Cleanup done
Event: 15.710 Executing VM operation: Cleanup
Event: 15.710 Executing VM operation: Cleanup done
Event: 16.710 Executing VM operation: Cleanup
Event: 16.711 Executing VM operation: Cleanup done
Event: 17.105 Executing VM operation: ParallelGCFailedAllocation (Allocation Failure)
Event: 17.122 Executing VM operation: ParallelGCFailedAllocation (Allocation Failure) done
Event: 18.133 Executing VM operation: Cleanup
Event: 18.133 Executing VM operation: Cleanup done
Event: 19.139 Executing VM operation: Cleanup
Event: 19.140 Executing VM operation: Cleanup done
Event: 20.142 Executing VM operation: Cleanup
Event: 20.142 Executing VM operation: Cleanup done

Memory protections (0 events):
No events

Nmethod flushes (0 events):
No events

Events (20 events):
Event: 0.524 Thread 0x000001d873cffbe0 Thread added: 0x000001d87619e000
Event: 0.524 Thread 0x000001d873cffbe0 Thread added: 0x000001d87b415160
Event: 0.525 Thread 0x000001d873cffbe0 Thread added: 0x000001d87b4157c0
Event: 0.525 Thread 0x000001d873cffbe0 Thread added: 0x000001d87b4165f0
Event: 0.548 Thread 0x000001d873cffbe0 Thread added: 0x000001d87b485640
Event: 0.735 Thread 0x000001d873cffbe0 Thread added: 0x000001d87614c360
Event: 1.685 Thread 0x000001d873cffbe0 Thread added: 0x000001d87c43d7f0
Event: 1.694 Thread 0x000001d87b485640 Thread added: 0x000001d87c348570
Event: 2.883 Thread 0x000001d87c348570 Thread exited: 0x000001d87c348570
Event: 3.342 Thread 0x000001d87b485640 Thread added: 0x000001d87c726a80
Event: 3.750 Thread 0x000001d87c726a80 Thread exited: 0x000001d87c726a80
Event: 3.881 Thread 0x000001d87b485640 Thread added: 0x000001d87ca92110
Event: 4.841 Thread 0x000001d873cffbe0 Thread added: 0x000001d87cb2f010
Event: 4.943 Thread 0x000001d87ca92110 Thread exited: 0x000001d87ca92110
Event: 5.759 Thread 0x000001d873cffbe0 Thread added: 0x000001d87ccb67f0
Event: 6.582 Thread 0x000001d87ccb67f0 Thread added: 0x000001d87ce055a0
Event: 6.595 Thread 0x000001d873cffbe0 Thread added: 0x000001d87ccdce10
Event: 10.096 Thread 0x000001d87b4165f0 Thread added: 0x000001d87c345b10
Event: 10.206 Thread 0x000001d87c345b10 Thread exited: 0x000001d87c345b10
Event: 19.123 Thread 0x000001d87ccdce10 Thread added: 0x000001d87c54a5a0


Dynamic libraries:
0x00007ff76d880000 - 0x00007ff76d88e000 	c:\Users\SERGE\.vscode\extensions\redhat.java-1.42.0-win32-x64\jre\21.0.7-win32-x86_64\bin\java.exe
0x00007fff071d0000 - 0x00007fff073c8000 	C:\Windows\SYSTEM32\ntdll.dll
0x00007fff05440000 - 0x00007fff05502000 	C:\Windows\System32\KERNEL32.DLL
0x00007fff048c0000 - 0x00007fff04bbf000 	C:\Windows\System32\KERNELBASE.dll
0x00007fff01cc0000 - 0x00007fff01d54000 	C:\Windows\SYSTEM32\apphelp.dll
0x00007fff04bf0000 - 0x00007fff04cf0000 	C:\Windows\System32\ucrtbase.dll
0x00007ffefd6a0000 - 0x00007ffefd6be000 	c:\Users\SERGE\.vscode\extensions\redhat.java-1.42.0-win32-x64\jre\21.0.7-win32-x86_64\bin\VCRUNTIME140.dll
0x00007ffefeaa0000 - 0x00007ffefeab8000 	c:\Users\SERGE\.vscode\extensions\redhat.java-1.42.0-win32-x64\jre\21.0.7-win32-x86_64\bin\jli.dll
0x00007fff05c60000 - 0x00007fff05dfd000 	C:\Windows\System32\USER32.dll
0x00007fff04bc0000 - 0x00007fff04be2000 	C:\Windows\System32\win32u.dll
0x00007fff070a0000 - 0x00007fff070cb000 	C:\Windows\System32\GDI32.dll
0x00007fff04ee0000 - 0x00007fff04ffa000 	C:\Windows\System32\gdi32full.dll
0x00007fff050e0000 - 0x00007fff0517d000 	C:\Windows\System32\msvcp_win.dll
0x00007ffef6730000 - 0x00007ffef69ca000 	C:\Windows\WinSxS\amd64_microsoft.windows.common-controls_6595b64144ccf1df_6.0.19041.4355_none_60b8b9eb71f62e16\COMCTL32.dll
0x00007fff060f0000 - 0x00007fff0618e000 	C:\Windows\System32\msvcrt.dll
0x00007fff05b40000 - 0x00007fff05b6f000 	C:\Windows\System32\IMM32.DLL
0x00007ffeff3e0000 - 0x00007ffeff3ec000 	c:\Users\SERGE\.vscode\extensions\redhat.java-1.42.0-win32-x64\jre\21.0.7-win32-x86_64\bin\vcruntime140_1.dll
0x00007ffeeb850000 - 0x00007ffeeb8dd000 	c:\Users\SERGE\.vscode\extensions\redhat.java-1.42.0-win32-x64\jre\21.0.7-win32-x86_64\bin\msvcp140.dll
0x00007ffecad60000 - 0x00007ffecbaf0000 	c:\Users\SERGE\.vscode\extensions\redhat.java-1.42.0-win32-x64\jre\21.0.7-win32-x86_64\bin\server\jvm.dll
0x00007fff05370000 - 0x00007fff0541f000 	C:\Windows\System32\ADVAPI32.dll
0x00007fff06190000 - 0x00007fff0622f000 	C:\Windows\System32\sechost.dll
0x00007fff05f20000 - 0x00007fff06043000 	C:\Windows\System32\RPCRT4.dll
0x00007fff050b0000 - 0x00007fff050d7000 	C:\Windows\System32\bcrypt.dll
0x00007fff05eb0000 - 0x00007fff05f1b000 	C:\Windows\System32\WS2_32.dll
0x00007fff03c90000 - 0x00007fff03cdb000 	C:\Windows\SYSTEM32\POWRPROF.dll
0x00007ffef5280000 - 0x00007ffef52a7000 	C:\Windows\SYSTEM32\WINMM.dll
0x00007ffef0ea0000 - 0x00007ffef0eaa000 	C:\Windows\SYSTEM32\VERSION.dll
0x00007fff03c30000 - 0x00007fff03c42000 	C:\Windows\SYSTEM32\UMPDC.dll
0x00007fff026b0000 - 0x00007fff026c2000 	C:\Windows\SYSTEM32\kernel.appcore.dll
0x00007ffeff410000 - 0x00007ffeff41a000 	c:\Users\SERGE\.vscode\extensions\redhat.java-1.42.0-win32-x64\jre\21.0.7-win32-x86_64\bin\jimage.dll
0x00007ffef6fe0000 - 0x00007ffef71c4000 	C:\Windows\SYSTEM32\DBGHELP.DLL
0x00007ffef7380000 - 0x00007ffef73b4000 	C:\Windows\SYSTEM32\dbgcore.DLL
0x00007fff04cf0000 - 0x00007fff04d72000 	C:\Windows\System32\bcryptPrimitives.dll
0x00007ffeff430000 - 0x00007ffeff43f000 	c:\Users\SERGE\.vscode\extensions\redhat.java-1.42.0-win32-x64\jre\21.0.7-win32-x86_64\bin\instrument.dll
0x00007ffeff360000 - 0x00007ffeff37f000 	c:\Users\SERGE\.vscode\extensions\redhat.java-1.42.0-win32-x64\jre\21.0.7-win32-x86_64\bin\java.dll
0x00007fff06570000 - 0x00007fff06cdd000 	C:\Windows\System32\SHELL32.dll
0x00007fff028b0000 - 0x00007fff03053000 	C:\Windows\SYSTEM32\windows.storage.dll
0x00007fff06ce0000 - 0x00007fff07035000 	C:\Windows\System32\combase.dll
0x00007fff041c0000 - 0x00007fff041eb000 	C:\Windows\SYSTEM32\Wldp.dll
0x00007fff063f0000 - 0x00007fff064bd000 	C:\Windows\System32\OLEAUT32.dll
0x00007fff064c0000 - 0x00007fff0656d000 	C:\Windows\System32\SHCORE.dll
0x00007fff070d0000 - 0x00007fff07125000 	C:\Windows\System32\shlwapi.dll
0x00007fff047a0000 - 0x00007fff047c5000 	C:\Windows\SYSTEM32\profapi.dll
0x00007ffefaa70000 - 0x00007ffefaa88000 	c:\Users\SERGE\.vscode\extensions\redhat.java-1.42.0-win32-x64\jre\21.0.7-win32-x86_64\bin\zip.dll
0x00007ffeff420000 - 0x00007ffeff430000 	C:\Users\SERGE\.vscode\extensions\redhat.java-1.42.0-win32-x64\jre\21.0.7-win32-x86_64\bin\net.dll
0x00007ffefb1f0000 - 0x00007ffefb2fa000 	C:\Windows\SYSTEM32\WINHTTP.dll
0x00007fff03fa0000 - 0x00007fff0400c000 	C:\Windows\system32\mswsock.dll
0x00007ffef5cc0000 - 0x00007ffef5cd6000 	C:\Users\SERGE\.vscode\extensions\redhat.java-1.42.0-win32-x64\jre\21.0.7-win32-x86_64\bin\nio.dll
0x00007ffeff3c0000 - 0x00007ffeff3d0000 	c:\Users\SERGE\.vscode\extensions\redhat.java-1.42.0-win32-x64\jre\21.0.7-win32-x86_64\bin\verify.dll
0x00007ffef0bb0000 - 0x00007ffef0bf5000 	C:\Users\SERGE\AppData\Roaming\Code\User\globalStorage\redhat.java\1.42.0\config_win\org.eclipse.equinox.launcher\org.eclipse.equinox.launcher.win32.win32.x86_64_1.2.1300.v20250331-1702\eclipse_11911.dll
0x00007fff062c0000 - 0x00007fff063eb000 	C:\Windows\System32\ole32.dll

dbghelp: loaded successfully - version: 4.0.5 - missing functions: none
symbol engine: initialized successfully - sym options: 0x614 - pdb path: .;c:\Users\SERGE\.vscode\extensions\redhat.java-1.42.0-win32-x64\jre\21.0.7-win32-x86_64\bin;C:\Windows\SYSTEM32;C:\Windows\WinSxS\amd64_microsoft.windows.common-controls_6595b64144ccf1df_6.0.19041.4355_none_60b8b9eb71f62e16;c:\Users\SERGE\.vscode\extensions\redhat.java-1.42.0-win32-x64\jre\21.0.7-win32-x86_64\bin\server;C:\Users\SERGE\AppData\Roaming\Code\User\globalStorage\redhat.java\1.42.0\config_win\org.eclipse.equinox.launcher\org.eclipse.equinox.launcher.win32.win32.x86_64_1.2.1300.v20250331-1702

VM Arguments:
jvm_args: --add-modules=ALL-SYSTEM --add-opens=java.base/java.util=ALL-UNNAMED --add-opens=java.base/java.lang=ALL-UNNAMED --add-opens=java.base/sun.nio.fs=ALL-UNNAMED -Declipse.application=org.eclipse.jdt.ls.core.id1 -Dosgi.bundles.defaultStartLevel=4 -Declipse.product=org.eclipse.jdt.ls.core.product -Djava.import.generatesMetadataFilesAtProjectRoot=false -DDetectVMInstallationsJob.disabled=true -Dfile.encoding=utf8 -XX:+UseParallelGC -XX:GCTimeRatio=4 -XX:AdaptiveSizePolicyWeight=90 -Dsun.zip.disableMemoryMapping=true -Xmx1G -Xms100m -Xlog:disable -javaagent:c:\Users\SERGE\.vscode\extensions\redhat.java-1.42.0-win32-x64\lombok\lombok-1.18.36.jar -XX:+HeapDumpOnOutOfMemoryError -XX:HeapDumpPath=c:\Users\SERGE\AppData\Roaming\Code\User\workspaceStorage\a6951d4b4e5e0ad82c8566c0f5837605\redhat.java -Daether.dependencyCollector.impl=bf 
java_command: c:\Users\SERGE\.vscode\extensions\redhat.java-1.42.0-win32-x64\server\plugins\org.eclipse.equinox.launcher_1.7.0.v20250424-1814.jar -configuration c:\Users\SERGE\AppData\Roaming\Code\User\globalStorage\redhat.java\1.42.0\config_win -data c:\Users\SERGE\AppData\Roaming\Code\User\workspaceStorage\a6951d4b4e5e0ad82c8566c0f5837605\redhat.java\jdt_ws --pipe=\\.\pipe\lsp-f782af24bafec813e76de85f50696c0a-sock
java_class_path (initial): c:\Users\SERGE\.vscode\extensions\redhat.java-1.42.0-win32-x64\server\plugins\org.eclipse.equinox.launcher_1.7.0.v20250424-1814.jar
Launcher Type: SUN_STANDARD

[Global flags]
    uintx AdaptiveSizePolicyWeight                 = 90                                        {product} {command line}
     intx CICompilerCount                          = 3                                         {product} {ergonomic}
    uintx GCTimeRatio                              = 4                                         {product} {command line}
     bool HeapDumpOnOutOfMemoryError               = true                                   {manageable} {command line}
    ccstr HeapDumpPath                             = c:\Users\SERGE\AppData\Roaming\Code\User\workspaceStorage\a6951d4b4e5e0ad82c8566c0f5837605\redhat.java         {manageable} {command line}
   size_t InitialHeapSize                          = 104857600                                 {product} {command line}
   size_t MaxHeapSize                              = 1073741824                                {product} {command line}
   size_t MaxNewSize                               = 357564416                                 {product} {ergonomic}
   size_t MinHeapDeltaBytes                        = 524288                                    {product} {ergonomic}
   size_t MinHeapSize                              = 104857600                                 {product} {command line}
   size_t NewSize                                  = 34603008                                  {product} {ergonomic}
    uintx NonNMethodCodeHeapSize                   = 5832780                                {pd product} {ergonomic}
    uintx NonProfiledCodeHeapSize                  = 122912730                              {pd product} {ergonomic}
   size_t OldSize                                  = 70254592                                  {product} {ergonomic}
    uintx ProfiledCodeHeapSize                     = 122912730                              {pd product} {ergonomic}
    uintx ReservedCodeCacheSize                    = 251658240                              {pd product} {ergonomic}
     bool SegmentedCodeCache                       = true                                      {product} {ergonomic}
   size_t SoftMaxHeapSize                          = 1073741824                             {manageable} {ergonomic}
     bool UseCompressedOops                        = true                           {product lp64_product} {ergonomic}
     bool UseLargePagesIndividualAllocation        = false                                  {pd product} {ergonomic}
     bool UseParallelGC                            = true                                      {product} {command line}

Logging:
Log output configuration:
 #0: stdout all=off uptime,level,tags foldmultilines=false
 #1: stderr all=off uptime,level,tags foldmultilines=false

Environment Variables:
PATH=C:\Program Files\Java\jdk-17\bin;C:\Program Files\Common Files\Oracle\Java\javapath;C:\Windows\system32;C:\Windows;C:\Windows\System32\Wbem;C:\Windows\System32\WindowsPowerShell\v1.0\;C:\Windows\System32\OpenSSH\;C:\Program Files\nodejs\;C:\Program Files\IVI Foundation\VISA\Win64\Bin\;C:\Program Files (x86)\IVI Foundation\VISA\WinNT\Bin\;C:\Program Files (x86)\IVI Foundation\VISA\WinNT\Bin;C:\Program Files\MATLAB\R2016a\runtime\win64;C:\Program Files\MATLAB\R2016a\bin;C:\Program Files\MATLAB\R2016a\polyspace\bin;C:\composer;C:\Program Files\Git\cmd;C:\Program Files\PostgreSQL\16\bin;C:\Program Files\PostgreSQL\16\data;C:\Program Files\Microsoft VS Code\bin;C:\Program Files\dotnet\;C:\platform-tools-latest-windows\platform-tools;C:\Program Files\MySQL\MySQL Server X.X\bin;C:\Program Files\Java\jdk-17\bin;C:\Server;C:\Program Files\Docker\Docker\resources\bin;C:\Cassandra\apache-cassandra-4.1.8\bin;C:\ProgramData\chocolatey\bin;C:\Program Files\BlueStacks_nxt;C:\Users\SERGE\AppData\Local\Programs\Python\Python311\Scripts\;C:\Users\SERGE\AppData\Local\Programs\Python\Python311\;C:\Users\SERGE\scoop\shims;C:\Users\SERGE\AppData\Local\Microsoft\WindowsApps;C:\Users\SERGE\AppData\Roaming\npm;C:\Program Files (x86);C:\Users\SERGE\AppData\Roaming\Composer\vendor\bin;C:\Users\SERGE\.dotnet\tools;C:\Program Files (x86)\Nmap;C:\Users\SERGE\AppData\Local\Programs\Microsoft VS Code\bin
USERNAME=SERGE
OS=Windows_NT
PROCESSOR_IDENTIFIER=Intel64 Family 6 Model 60 Stepping 3, GenuineIntel
TMP=C:\Users\SERGE\AppData\Local\Temp
TEMP=C:\Users\SERGE\AppData\Local\Temp




Periodic native trim disabled

---------------  S Y S T E M  ---------------

OS:
 Windows 10 , 64 bit Build 19041 (10.0.19041.5438)
OS uptime: 0 days 18:34 hours
Hyper-V role detected

CPU: total 4 (initial active 4) (2 cores per cpu, 2 threads per core) family 6 model 60 stepping 3 microcode 0x27, cx8, cmov, fxsr, ht, mmx, sse, sse2, sse3, ssse3, sse4.1, sse4.2, popcnt, lzcnt, tsc, tscinvbit, avx, avx2, aes, erms, clmul, bmi1, bmi2, fma, vzeroupper, clflush, hv, rdtscp, f16c
Processor Information for the first 4 processors :
  Max Mhz: 2601, Current Mhz: 900, Mhz Limit: 2601

Memory: 4k page, system-wide physical 8089M (1824M free)
TotalPageFile size 10137M (AvailPageFile size 18M)
current process WorkingSet (physical memory assigned to process): 103M, peak: 103M
current process commit charge ("private bytes"): 198M, peak: 200M

vm_info: OpenJDK 64-Bit Server VM (21.0.7+6-LTS) for windows-amd64 JRE (21.0.7+6-LTS), built on 2025-04-15T00:00:00Z by "admin" with MS VC++ 17.7 (VS2022)

END.
