#
# There is insufficient memory for the Java Runtime Environment to continue.
# Native memory allocation (malloc) failed to allocate 1317456 bytes. Error detail: Chunk::new
# Possible reasons:
#   The system is out of physical RAM or swap space
#   This process is running with CompressedOops enabled, and the Java Heap may be blocking the growth of the native heap
# Possible solutions:
#   Reduce memory load on the system
#   Increase physical memory or swap space
#   Check if swap backing store is full
#   Decrease Java heap size (-Xmx/-Xms)
#   Decrease number of Java threads
#   Decrease Java thread stack sizes (-Xss)
#   Set larger code cache with -XX:ReservedCodeCacheSize=
#   JVM is running with Unscaled Compressed Oops mode in which the Java heap is
#     placed in the first 4GB address space. The Java Heap base address is the
#     maximum limit for the native heap growth. Please use -XX:HeapBaseMinAddress
#     to set the Java Heap base and to place the Java Heap above 4GB virtual address.
# This output file may be truncated or incomplete.
#
#  Out of Memory Error (arena.cpp:168), pid=16504, tid=8536
#
# JRE version: OpenJDK Runtime Environment Temurin-21.0.7+6 (21.0.7+6) (build 21.0.7+6-LTS)
# Java VM: OpenJDK 64-Bit Server VM Temurin-21.0.7+6 (21.0.7+6-LTS, mixed mode, sharing, tiered, compressed oops, compressed class ptrs, parallel gc, windows-amd64)
# No core dump will be written. Minidumps are not enabled by default on client versions of Windows
#

---------------  S U M M A R Y ------------

Command Line: --add-modules=ALL-SYSTEM --add-opens=java.base/java.util=ALL-UNNAMED --add-opens=java.base/java.lang=ALL-UNNAMED --add-opens=java.base/sun.nio.fs=ALL-UNNAMED -Declipse.application=org.eclipse.jdt.ls.core.id1 -Dosgi.bundles.defaultStartLevel=4 -Declipse.product=org.eclipse.jdt.ls.core.product -Djava.import.generatesMetadataFilesAtProjectRoot=false -DDetectVMInstallationsJob.disabled=true -Dfile.encoding=utf8 -XX:+UseParallelGC -XX:GCTimeRatio=4 -XX:AdaptiveSizePolicyWeight=90 -Dsun.zip.disableMemoryMapping=true -Xmx1G -Xms100m -Xlog:disable -javaagent:c:\Users\SERGE\.vscode\extensions\redhat.java-1.42.0-win32-x64\lombok\lombok-1.18.36.jar -XX:+HeapDumpOnOutOfMemoryError -XX:HeapDumpPath=c:\Users\SERGE\AppData\Roaming\Code\User\workspaceStorage\a6951d4b4e5e0ad82c8566c0f5837605\redhat.java -Daether.dependencyCollector.impl=bf c:\Users\SERGE\.vscode\extensions\redhat.java-1.42.0-win32-x64\server\plugins\org.eclipse.equinox.launcher_1.7.0.v20250424-1814.jar -configuration c:\Users\SERGE\AppData\Roaming\Code\User\globalStorage\redhat.java\1.42.0\config_win -data c:\Users\SERGE\AppData\Roaming\Code\User\workspaceStorage\a6951d4b4e5e0ad82c8566c0f5837605\redhat.java\jdt_ws --pipe=\\.\pipe\lsp-09fcc5dba753075a96c075f9c2be3acb-sock

Host: Intel(R) Core(TM) i5-4300M CPU @ 2.60GHz, 4 cores, 7G,  Windows 10 , 64 bit Build 19041 (10.0.19041.5438)
Time: Sun May 18 23:16:35 2025 Paris, Madrid (heure duild 19041 (10.0.19041.5438) elapsed time: 11.907172 seconds (0d 0h 0m 11s)

---------------  T H R E A D  ---------------

Current thread (0x0000011c7857ae90):  JavaThread "C2 CompilerThread1" daemon [_thread_in_native, id=8536, stack(0x0000001711000000,0x0000001711100000) (1024K)]


Current CompileTask:
C2:11907 4913       4       org.eclipse.osgi.internal.loader.BundleLoader::addExportedProvidersFor (167 bytes)

Stack: [0x0000001711000000,0x0000001711100000]
Native frames: (J=compiled Java code, j=interpreted, Vv=VM code, C=native code)
V  [jvm.dll+0x6ce119]
V  [jvm.dll+0x8a84a1]
V  [jvm.dll+0x8aa9ce]
V  [jvm.dll+0x8ab0b3]
V  [jvm.dll+0x27f8a6]
V  [jvm.dll+0xc507d]
V  [jvm.dll+0xc55b3]
V  [jvm.dll+0x3b68f2]
V  [jvm.dll+0x1dfe33]
V  [jvm.dll+0x247c42]
V  [jvm.dll+0x2470cf]
V  [jvm.dll+0x1c760e]
V  [jvm.dll+0x25695a]
V  [jvm.dll+0x254efa]
V  [jvm.dll+0x3f03f6]
V  [jvm.dll+0x851f6b]
V  [jvm.dll+0x6cc7dd]
C  [ucrtbase.dll+0x21bb2]
C  [KERNEL32.DLL+0x17374]
C  [ntdll.dll+0x4cc91]


---------------  P R O C E S S  ---------------

Threads class SMR info:
_java_thread_list=0x0000011c73ac7400, length=33, elements={
0x0000011c5e6a1610, 0x0000011c729c8700, 0x0000011c729ca000, 0x0000011c729caf10,
0x0000011c729cbe20, 0x0000011c729ccd30, 0x0000011c729cf130, 0x0000011c729cff60,
0x0000011c72a492c0, 0x0000011c737c7c60, 0x0000011c73a04bb0, 0x0000011c78483950,
0x0000011c787dafd0, 0x0000011c787f58f0, 0x0000011c787f5f50, 0x0000011c78d62f80,
0x0000011c78e5c7c0, 0x0000011c78b305d0, 0x0000011c78e66580, 0x0000011c78e67fc0,
0x0000011c78e66c10, 0x0000011c78e68650, 0x0000011c78e651d0, 0x0000011c78e65860,
0x0000011c7857ae90, 0x0000011c78e65ef0, 0x0000011c78e672a0, 0x0000011c79d899c0,
0x0000011c79d8a050, 0x0000011c79d88ca0, 0x0000011c79d902c0, 0x0000011c79d8a6e0,
0x0000011c79d89330
}

Java Threads: ( => current thread )
  0x0000011c5e6a1610 JavaThread "main"                              [_thread_in_Java, id=1304, stack(0x000000170f400000,0x000000170f500000) (1024K)]
  0x0000011c729c8700 JavaThread "Reference Handler"          daemon [_thread_blocked, id=10620, stack(0x000000170f800000,0x000000170f900000) (1024K)]
  0x0000011c729ca000 JavaThread "Finalizer"                  daemon [_thread_blocked, id=14620, stack(0x000000170f900000,0x000000170fa00000) (1024K)]
  0x0000011c729caf10 JavaThread "Signal Dispatcher"          daemon [_thread_blocked, id=656, stack(0x000000170fa00000,0x000000170fb00000) (1024K)]
  0x0000011c729cbe20 JavaThread "Attach Listener"            daemon [_thread_blocked, id=11612, stack(0x000000170fb00000,0x000000170fc00000) (1024K)]
  0x0000011c729ccd30 JavaThread "Service Thread"             daemon [_thread_blocked, id=10984, stack(0x000000170fc00000,0x000000170fd00000) (1024K)]
  0x0000011c729cf130 JavaThread "Monitor Deflation Thread"   daemon [_thread_blocked, id=3812, stack(0x000000170fd00000,0x000000170fe00000) (1024K)]
  0x0000011c729cff60 JavaThread "C2 CompilerThread0"         daemon [_thread_in_native, id=10644, stack(0x000000170fe00000,0x000000170ff00000) (1024K)]
  0x0000011c72a492c0 JavaThread "C1 CompilerThread0"         daemon [_thread_blocked, id=256, stack(0x000000170ff00000,0x0000001710000000) (1024K)]
  0x0000011c737c7c60 JavaThread "Common-Cleaner"             daemon [_thread_blocked, id=11100, stack(0x0000001710000000,0x0000001710100000) (1024K)]
  0x0000011c73a04bb0 JavaThread "Notification Thread"        daemon [_thread_blocked, id=8956, stack(0x0000001710200000,0x0000001710300000) (1024K)]
  0x0000011c78483950 JavaThread "Active Thread: Equinox Container: ec067709-cdfb-4dd1-b12f-92b3e0f4fc6e"        [_thread_blocked, id=11484, stack(0x0000001710600000,0x0000001710700000) (1024K)]
  0x0000011c787dafd0 JavaThread "Refresh Thread: Equinox Container: ec067709-cdfb-4dd1-b12f-92b3e0f4fc6e" daemon [_thread_blocked, id=10524, stack(0x0000001710700000,0x0000001710800000) (1024K)]
  0x0000011c787f58f0 JavaThread "Framework Event Dispatcher: Equinox Container: ec067709-cdfb-4dd1-b12f-92b3e0f4fc6e" daemon [_thread_blocked, id=14700, stack(0x0000001710800000,0x0000001710900000) (1024K)]
  0x0000011c787f5f50 JavaThread "Start Level: Equinox Container: ec067709-cdfb-4dd1-b12f-92b3e0f4fc6e" daemon [_thread_blocked, id=4956, stack(0x0000001710900000,0x0000001710a00000) (1024K)]
  0x0000011c78d62f80 JavaThread "Bundle File Closer"         daemon [_thread_blocked, id=7832, stack(0x0000001710a00000,0x0000001710b00000) (1024K)]
  0x0000011c78e5c7c0 JavaThread "SCR Component Actor"        daemon [_thread_blocked, id=16036, stack(0x0000001710b00000,0x0000001710c00000) (1024K)]
  0x0000011c78b305d0 JavaThread "SCR Component Registry"     daemon [_thread_blocked, id=10424, stack(0x0000001710c00000,0x0000001710d00000) (1024K)]
  0x0000011c78e66580 JavaThread "Worker-JM"                         [_thread_blocked, id=11468, stack(0x0000001710d00000,0x0000001710e00000) (1024K)]
  0x0000011c78e67fc0 JavaThread "JNA Cleaner"                daemon [_thread_blocked, id=17180, stack(0x0000001710e00000,0x0000001710f00000) (1024K)]
  0x0000011c78e66c10 JavaThread "Worker-0: Repository registry initialization"        [_thread_in_vm, id=12764, stack(0x0000001710f00000,0x0000001711000000) (1024K)]
  0x0000011c78e68650 JavaThread "Worker-1: Initialize After Load"        [_thread_in_vm, id=9360, stack(0x0000001710100000,0x0000001710200000) (1024K)]
  0x0000011c78e651d0 JavaThread "Worker-2"                          [_thread_blocked, id=16856, stack(0x0000001711100000,0x0000001711200000) (1024K)]
  0x0000011c78e65860 JavaThread "Java indexing"              daemon [_thread_blocked, id=16576, stack(0x0000001711200000,0x0000001711300000) (1024K)]
=>0x0000011c7857ae90 JavaThread "C2 CompilerThread1"         daemon [_thread_in_native, id=8536, stack(0x0000001711000000,0x0000001711100000) (1024K)]
  0x0000011c78e65ef0 JavaThread "Worker-3"                          [_thread_blocked, id=16096, stack(0x0000001711500000,0x0000001711600000) (1024K)]
  0x0000011c78e672a0 JavaThread "Worker-4"                          [_thread_blocked, id=12956, stack(0x0000001711600000,0x0000001711700000) (1024K)]
  0x0000011c79d899c0 JavaThread "Thread-2"                   daemon [_thread_in_native, id=15648, stack(0x0000001711700000,0x0000001711800000) (1024K)]
  0x0000011c79d8a050 JavaThread "Thread-3"                   daemon [_thread_in_native, id=11784, stack(0x0000001711800000,0x0000001711900000) (1024K)]
  0x0000011c79d88ca0 JavaThread "Thread-4"                   daemon [_thread_in_native, id=8672, stack(0x0000001711900000,0x0000001711a00000) (1024K)]
  0x0000011c79d902c0 JavaThread "Thread-5"                   daemon [_thread_in_native, id=1884, stack(0x0000001711a00000,0x0000001711b00000) (1024K)]
  0x0000011c79d8a6e0 JavaThread "Thread-6"                   daemon [_thread_in_native, id=8776, stack(0x0000001711b00000,0x0000001711c00000) (1024K)]
  0x0000011c79d89330 JavaThread "pool-2-thread-1"                   [_thread_blocked, id=13068, stack(0x0000001711c00000,0x0000001711d00000) (1024K)]
Total: 33

Other Threads:
  0x0000011c5e75e8c0 VMThread "VM Thread"                           [id=4560, stack(0x000000170f700000,0x000000170f800000) (1024K)]
  0x0000011c5e70a7f0 WatcherThread "VM Periodic Task Thread"        [id=732, stack(0x000000170f600000,0x000000170f700000) (1024K)]
  0x0000011c5e6bf710 WorkerThread "GC Thread#0"                     [id=14124, stack(0x000000170f500000,0x000000170f600000) (1024K)]
  0x0000011c7861dfb0 WorkerThread "GC Thread#1"                     [id=16852, stack(0x0000001710300000,0x0000001710400000) (1024K)]
  0x0000011c7860b010 WorkerThread "GC Thread#2"                     [id=16236, stack(0x0000001710400000,0x0000001710500000) (1024K)]
  0x0000011c7860b3b0 WorkerThread "GC Thread#3"                     [id=12088, stack(0x0000001710500000,0x0000001710600000) (1024K)]
Total: 6

Threads with active compile tasks:
C2 CompilerThread0  11955 5075       4       org.eclipse.osgi.internal.loader.ModuleClassLoader::toString (80 bytes)
C2 CompilerThread1  11955 4913       4       org.eclipse.osgi.internal.loader.BundleLoader::addExportedProvidersFor (167 bytes)
Total: 2

VM state: not at safepoint (normal execution)

VM Mutex/Monitor currently owned by a thread: None

Heap address: 0x00000000c0000000, size: 1024 MB, Compressed Oops mode: 32-bit

CDS archive(s) mapped at: [0x0000011c00000000-0x0000011c00ba0000-0x0000011c00ba0000), size 12189696, SharedBaseAddress: 0x0000011c00000000, ArchiveRelocationMode: 1.
Compressed class space mapped at: 0x0000011c01000000-0x0000011c41000000, reserved size: 1073741824
Narrow klass base: 0x0000011c00000000, Narrow klass shift: 0, Narrow klass range: 0x100000000

GC Precious Log:
 CardTable entry size: 512
 CPUs: 4 total, 4 available
 Memory: 8089M
 Large Page Support: Disabled
 NUMA Support: Disabled
 Compressed Oops: Enabled (32-bit)
 Alignments: Space 512K, Generation 512K, Heap 2M
 Heap Min Capacity: 100M
 Heap Initial Capacity: 100M
 Heap Max Capacity: 1G
 Pre-touch: Disabled
 Parallel Workers: 4

Heap:
 PSYoungGen      total 23040K, used 3017K [0x00000000eab00000, 0x00000000ec600000, 0x0000000100000000)
  eden space 22016K, 9% used [0x00000000eab00000,0x00000000eacf8e78,0x00000000ec080000)
  from space 1024K, 97% used [0x00000000ec500000,0x00000000ec5f95e0,0x00000000ec600000)
  to   space 2048K, 0% used [0x00000000ec200000,0x00000000ec200000,0x00000000ec400000)
 ParOldGen       total 68608K, used 19120K [0x00000000c0000000, 0x00000000c4300000, 0x00000000eab00000)
  object space 68608K, 27% used [0x00000000c0000000,0x00000000c12ac118,0x00000000c4300000)
 Metaspace       used 37650K, committed 38848K, reserved 1114112K
  class space    used 3867K, committed 4352K, reserved 1048576K

Card table byte_map: [0x0000011c5e050000,0x0000011c5e260000] _byte_map_base: 0x0000011c5da50000

Marking Bits: (ParMarkBitMap*) 0x00007ffeb5be31f0
 Begin Bits: [0x0000011c708a0000, 0x0000011c718a0000)
 End Bits:   [0x0000011c718a0000, 0x0000011c728a0000)

Polling page: 0x0000011c5c400000

Metaspace:

Usage:
  Non-class:     32.99 MB used.
      Class:      3.78 MB used.
       Both:     36.77 MB used.

Virtual space:
  Non-class space:       64.00 MB reserved,      33.69 MB ( 53%) committed,  1 nodes.
      Class space:        1.00 GB reserved,       4.25 MB ( <1%) committed,  1 nodes.
             Both:        1.06 GB reserved,      37.94 MB (  3%) committed. 

Chunk freelists:
   Non-Class:  13.84 MB
       Class:  11.73 MB
        Both:  25.58 MB

MaxMetaspaceSize: unlimited
CompressedClassSpaceSize: 1.00 GB
Initial GC threshold: 21.00 MB
Current GC threshold: 58.38 MB
CDS: on
 - commit_granule_bytes: 65536.
 - commit_granule_words: 8192.
 - virtual_space_node_default_size: 8388608.
 - enlarge_chunks_in_place: 1.
 - use_allocation_guard: 0.


Internal statistics:

num_allocs_failed_limit: 6.
num_arena_births: 886.
num_arena_deaths: 14.
num_vsnodes_births: 2.
num_vsnodes_deaths: 0.
num_space_committed: 607.
num_space_uncommitted: 0.
num_chunks_returned_to_freelist: 20.
num_chunks_taken_from_freelist: 2502.
num_chunk_merges: 12.
num_chunk_splits: 1593.
num_chunks_enlarged: 927.
num_inconsistent_stats: 0.

CodeHeap 'non-profiled nmethods': size=120000Kb used=2254Kb max_used=2588Kb free=117745Kb
 bounds [0x0000011c69370000, 0x0000011c69610000, 0x0000011c708a0000]
CodeHeap 'profiled nmethods': size=120000Kb used=9431Kb max_used=10612Kb free=110568Kb
 bounds [0x0000011c618a0000, 0x0000011c62310000, 0x0000011c68dd0000]
CodeHeap 'non-nmethods': size=5760Kb used=1355Kb max_used=1403Kb free=4404Kb
 bounds [0x0000011c68dd0000, 0x0000011c69040000, 0x0000011c69370000]
 total_blobs=5128 nmethods=4475 adapters=559
 compilation: enabled
              stopped_count=0, restarted_count=0
 full_count=0

Compilation events (20 events):
Event: 11.801 Thread 0x0000011c72a492c0 5076       3       org.eclipse.core.runtime.Path::computeFlags (143 bytes)
Event: 11.804 Thread 0x0000011c72a492c0 nmethod 5076 0x0000011c618b0e10 code [0x0000011c618b1160, 0x0000011c618b2820]
Event: 11.804 Thread 0x0000011c72a492c0 5077       3       org.eclipse.core.runtime.Path::canonicalize (62 bytes)
Event: 11.805 Thread 0x0000011c72a492c0 nmethod 5077 0x0000011c61aaab90 code [0x0000011c61aaade0, 0x0000011c61aab5d8]
Event: 11.808 Thread 0x0000011c72a492c0 5078       3       java.net.URLStreamHandler::parseURL (1124 bytes)
Event: 11.838 Thread 0x0000011c72a492c0 nmethod 5078 0x0000011c622fd010 code [0x0000011c622fe3a0, 0x0000011c6230a5d8]
Event: 11.839 Thread 0x0000011c72a492c0 5080       3       org.codehaus.plexus.classworlds.realm.ClassRealm::loadClass (7 bytes)
Event: 11.839 Thread 0x0000011c72a492c0 nmethod 5080 0x0000011c61c70890 code [0x0000011c61c70a40, 0x0000011c61c70c08]
Event: 11.839 Thread 0x0000011c72a492c0 5079   !   3       org.eclipse.sisu.space.URLClassSpace::loadClass (31 bytes)
Event: 11.839 Thread 0x0000011c72a492c0 nmethod 5079 0x0000011c61b38f10 code [0x0000011c61b39100, 0x0000011c61b394f0]
Event: 11.847 Thread 0x0000011c729cff60 nmethod 5046% 0x0000011c694d9910 code [0x0000011c694d9bc0, 0x0000011c694db908]
Event: 11.847 Thread 0x0000011c729cff60 5064       4       java.io.WinNTFileSystem::normalize (143 bytes)
Event: 11.849 Thread 0x0000011c72a492c0 5084       3       java.lang.reflect.Proxy::getProxyConstructor (92 bytes)
Event: 11.850 Thread 0x0000011c72a492c0 nmethod 5084 0x0000011c61a1a110 code [0x0000011c61a1a400, 0x0000011c61a1b878]
Event: 11.850 Thread 0x0000011c72a492c0 5086       3       java.lang.reflect.Proxy$ProxyBuilder::addElementTypes (33 bytes)
Event: 11.851 Thread 0x0000011c72a492c0 nmethod 5086 0x0000011c61a7d510 code [0x0000011c61a7d720, 0x0000011c61a7dc78]
Event: 11.851 Thread 0x0000011c72a492c0 5085   !   3       java.lang.reflect.Proxy::newProxyInstance (75 bytes)
Event: 11.852 Thread 0x0000011c72a492c0 nmethod 5085 0x0000011c618f6910 code [0x0000011c618f6b80, 0x0000011c618f7678]
Event: 11.855 Thread 0x0000011c72a492c0 5088       3       java.util.LinkedHashMap$LinkedValues::toArray (20 bytes)
Event: 11.855 Thread 0x0000011c72a492c0 nmethod 5088 0x0000011c61d27890 code [0x0000011c61d27a40, 0x0000011c61d27be0]

GC Heap History (20 events):
Event: 7.190 GC heap before
{Heap before GC invocations=7 (full 0):
 PSYoungGen      total 29696K, used 24171K [0x00000000eab00000, 0x00000000ece00000, 0x0000000100000000)
  eden space 24576K, 78% used [0x00000000eab00000,0x00000000ebdc27b0,0x00000000ec300000)
  from space 5120K, 96% used [0x00000000ec900000,0x00000000ecdd8540,0x00000000ece00000)
  to   space 5120K, 0% used [0x00000000ec400000,0x00000000ec400000,0x00000000ec900000)
 ParOldGen       total 68608K, used 8214K [0x00000000c0000000, 0x00000000c4300000, 0x00000000eab00000)
  object space 68608K, 11% used [0x00000000c0000000,0x00000000c08058a0,0x00000000c4300000)
 Metaspace       used 20607K, committed 21504K, reserved 1114112K
  class space    used 2120K, committed 2496K, reserved 1048576K
}
Event: 7.197 GC heap after
{Heap after GC invocations=7 (full 0):
 PSYoungGen      total 29184K, used 4252K [0x00000000eab00000, 0x00000000ecc00000, 0x0000000100000000)
  eden space 24576K, 0% used [0x00000000eab00000,0x00000000eab00000,0x00000000ec300000)
  from space 4608K, 92% used [0x00000000ec400000,0x00000000ec8273f0,0x00000000ec880000)
  to   space 3584K, 0% used [0x00000000ec880000,0x00000000ec880000,0x00000000ecc00000)
 ParOldGen       total 68608K, used 9390K [0x00000000c0000000, 0x00000000c4300000, 0x00000000eab00000)
  object space 68608K, 13% used [0x00000000c0000000,0x00000000c092ba58,0x00000000c4300000)
 Metaspace       used 20607K, committed 21504K, reserved 1114112K
  class space    used 2120K, committed 2496K, reserved 1048576K
}
Event: 7.197 GC heap before
{Heap before GC invocations=8 (full 1):
 PSYoungGen      total 29184K, used 4252K [0x00000000eab00000, 0x00000000ecc00000, 0x0000000100000000)
  eden space 24576K, 0% used [0x00000000eab00000,0x00000000eab00000,0x00000000ec300000)
  from space 4608K, 92% used [0x00000000ec400000,0x00000000ec8273f0,0x00000000ec880000)
  to   space 3584K, 0% used [0x00000000ec880000,0x00000000ec880000,0x00000000ecc00000)
 ParOldGen       total 68608K, used 9390K [0x00000000c0000000, 0x00000000c4300000, 0x00000000eab00000)
  object space 68608K, 13% used [0x00000000c0000000,0x00000000c092ba58,0x00000000c4300000)
 Metaspace       used 20607K, committed 21504K, reserved 1114112K
  class space    used 2120K, committed 2496K, reserved 1048576K
}
Event: 7.247 GC heap after
{Heap after GC invocations=8 (full 1):
 PSYoungGen      total 29184K, used 0K [0x00000000eab00000, 0x00000000ecc00000, 0x0000000100000000)
  eden space 24576K, 0% used [0x00000000eab00000,0x00000000eab00000,0x00000000ec300000)
  from space 4608K, 0% used [0x00000000ec400000,0x00000000ec400000,0x00000000ec880000)
  to   space 3584K, 0% used [0x00000000ec880000,0x00000000ec880000,0x00000000ecc00000)
 ParOldGen       total 68608K, used 12745K [0x00000000c0000000, 0x00000000c4300000, 0x00000000eab00000)
  object space 68608K, 18% used [0x00000000c0000000,0x00000000c0c72748,0x00000000c4300000)
 Metaspace       used 20594K, committed 21504K, reserved 1114112K
  class space    used 2117K, committed 2496K, reserved 1048576K
}
Event: 7.796 GC heap before
{Heap before GC invocations=9 (full 1):
 PSYoungGen      total 29184K, used 24576K [0x00000000eab00000, 0x00000000ecc00000, 0x0000000100000000)
  eden space 24576K, 100% used [0x00000000eab00000,0x00000000ec300000,0x00000000ec300000)
  from space 4608K, 0% used [0x00000000ec400000,0x00000000ec400000,0x00000000ec880000)
  to   space 3584K, 0% used [0x00000000ec880000,0x00000000ec880000,0x00000000ecc00000)
 ParOldGen       total 68608K, used 12745K [0x00000000c0000000, 0x00000000c4300000, 0x00000000eab00000)
  object space 68608K, 18% used [0x00000000c0000000,0x00000000c0c72748,0x00000000c4300000)
 Metaspace       used 22517K, committed 23552K, reserved 1114112K
  class space    used 2287K, committed 2688K, reserved 1048576K
}
Event: 7.798 GC heap after
{Heap after GC invocations=9 (full 1):
 PSYoungGen      total 27136K, used 2709K [0x00000000eab00000, 0x00000000ecb80000, 0x0000000100000000)
  eden space 24064K, 0% used [0x00000000eab00000,0x00000000eab00000,0x00000000ec280000)
  from space 3072K, 88% used [0x00000000ec880000,0x00000000ecb25570,0x00000000ecb80000)
  to   space 3584K, 0% used [0x00000000ec480000,0x00000000ec480000,0x00000000ec800000)
 ParOldGen       total 68608K, used 12753K [0x00000000c0000000, 0x00000000c4300000, 0x00000000eab00000)
  object space 68608K, 18% used [0x00000000c0000000,0x00000000c0c74748,0x00000000c4300000)
 Metaspace       used 22517K, committed 23552K, reserved 1114112K
  class space    used 2287K, committed 2688K, reserved 1048576K
}
Event: 8.160 GC heap before
{Heap before GC invocations=10 (full 1):
 PSYoungGen      total 27136K, used 26773K [0x00000000eab00000, 0x00000000ecb80000, 0x0000000100000000)
  eden space 24064K, 100% used [0x00000000eab00000,0x00000000ec280000,0x00000000ec280000)
  from space 3072K, 88% used [0x00000000ec880000,0x00000000ecb25570,0x00000000ecb80000)
  to   space 3584K, 0% used [0x00000000ec480000,0x00000000ec480000,0x00000000ec800000)
 ParOldGen       total 68608K, used 12753K [0x00000000c0000000, 0x00000000c4300000, 0x00000000eab00000)
  object space 68608K, 18% used [0x00000000c0000000,0x00000000c0c74748,0x00000000c4300000)
 Metaspace       used 26378K, committed 27392K, reserved 1114112K
  class space    used 2570K, committed 3008K, reserved 1048576K
}
Event: 8.162 GC heap after
{Heap after GC invocations=10 (full 1):
 PSYoungGen      total 25088K, used 1334K [0x00000000eab00000, 0x00000000ec900000, 0x0000000100000000)
  eden space 23552K, 0% used [0x00000000eab00000,0x00000000eab00000,0x00000000ec200000)
  from space 1536K, 86% used [0x00000000ec480000,0x00000000ec5cd990,0x00000000ec600000)
  to   space 2048K, 0% used [0x00000000ec700000,0x00000000ec700000,0x00000000ec900000)
 ParOldGen       total 68608K, used 12761K [0x00000000c0000000, 0x00000000c4300000, 0x00000000eab00000)
  object space 68608K, 18% used [0x00000000c0000000,0x00000000c0c76748,0x00000000c4300000)
 Metaspace       used 26378K, committed 27392K, reserved 1114112K
  class space    used 2570K, committed 3008K, reserved 1048576K
}
Event: 8.696 GC heap before
{Heap before GC invocations=11 (full 1):
 PSYoungGen      total 25088K, used 24886K [0x00000000eab00000, 0x00000000ec900000, 0x0000000100000000)
  eden space 23552K, 100% used [0x00000000eab00000,0x00000000ec200000,0x00000000ec200000)
  from space 1536K, 86% used [0x00000000ec480000,0x00000000ec5cd990,0x00000000ec600000)
  to   space 2048K, 0% used [0x00000000ec700000,0x00000000ec700000,0x00000000ec900000)
 ParOldGen       total 68608K, used 12761K [0x00000000c0000000, 0x00000000c4300000, 0x00000000eab00000)
  object space 68608K, 18% used [0x00000000c0000000,0x00000000c0c76748,0x00000000c4300000)
 Metaspace       used 27792K, committed 28800K, reserved 1114112K
  class space    used 2673K, committed 3072K, reserved 1048576K
}
Event: 8.700 GC heap after
{Heap after GC invocations=11 (full 1):
 PSYoungGen      total 25088K, used 2041K [0x00000000eab00000, 0x00000000ec900000, 0x0000000100000000)
  eden space 23040K, 0% used [0x00000000eab00000,0x00000000eab00000,0x00000000ec180000)
  from space 2048K, 99% used [0x00000000ec700000,0x00000000ec8fe638,0x00000000ec900000)
  to   space 3584K, 0% used [0x00000000ec200000,0x00000000ec200000,0x00000000ec580000)
 ParOldGen       total 68608K, used 13757K [0x00000000c0000000, 0x00000000c4300000, 0x00000000eab00000)
  object space 68608K, 20% used [0x00000000c0000000,0x00000000c0d6f468,0x00000000c4300000)
 Metaspace       used 27792K, committed 28800K, reserved 1114112K
  class space    used 2673K, committed 3072K, reserved 1048576K
}
Event: 9.681 GC heap before
{Heap before GC invocations=12 (full 1):
 PSYoungGen      total 25088K, used 25081K [0x00000000eab00000, 0x00000000ec900000, 0x0000000100000000)
  eden space 23040K, 100% used [0x00000000eab00000,0x00000000ec180000,0x00000000ec180000)
  from space 2048K, 99% used [0x00000000ec700000,0x00000000ec8fe638,0x00000000ec900000)
  to   space 3584K, 0% used [0x00000000ec200000,0x00000000ec200000,0x00000000ec580000)
 ParOldGen       total 68608K, used 13757K [0x00000000c0000000, 0x00000000c4300000, 0x00000000eab00000)
  object space 68608K, 20% used [0x00000000c0000000,0x00000000c0d6f468,0x00000000c4300000)
 Metaspace       used 31005K, committed 32000K, reserved 1114112K
  class space    used 3072K, committed 3456K, reserved 1048576K
}
Event: 9.686 GC heap after
{Heap after GC invocations=12 (full 1):
 PSYoungGen      total 26112K, used 1406K [0x00000000eab00000, 0x00000000ec780000, 0x0000000100000000)
  eden space 22528K, 0% used [0x00000000eab00000,0x00000000eab00000,0x00000000ec100000)
  from space 3584K, 39% used [0x00000000ec200000,0x00000000ec35fb38,0x00000000ec580000)
  to   space 2048K, 0% used [0x00000000ec580000,0x00000000ec580000,0x00000000ec780000)
 ParOldGen       total 68608K, used 15747K [0x00000000c0000000, 0x00000000c4300000, 0x00000000eab00000)
  object space 68608K, 22% used [0x00000000c0000000,0x00000000c0f60f60,0x00000000c4300000)
 Metaspace       used 31005K, committed 32000K, reserved 1114112K
  class space    used 3072K, committed 3456K, reserved 1048576K
}
Event: 10.355 GC heap before
{Heap before GC invocations=13 (full 1):
 PSYoungGen      total 26112K, used 23934K [0x00000000eab00000, 0x00000000ec780000, 0x0000000100000000)
  eden space 22528K, 100% used [0x00000000eab00000,0x00000000ec100000,0x00000000ec100000)
  from space 3584K, 39% used [0x00000000ec200000,0x00000000ec35fb38,0x00000000ec580000)
  to   space 2048K, 0% used [0x00000000ec580000,0x00000000ec580000,0x00000000ec780000)
 ParOldGen       total 68608K, used 15747K [0x00000000c0000000, 0x00000000c4300000, 0x00000000eab00000)
  object space 68608K, 22% used [0x00000000c0000000,0x00000000c0f60f60,0x00000000c4300000)
 Metaspace       used 33099K, committed 34112K, reserved 1114112K
  class space    used 3327K, committed 3712K, reserved 1048576K
}
Event: 10.358 GC heap after
{Heap after GC invocations=13 (full 1):
 PSYoungGen      total 23040K, used 928K [0x00000000eab00000, 0x00000000ec680000, 0x0000000100000000)
  eden space 22016K, 0% used [0x00000000eab00000,0x00000000eab00000,0x00000000ec080000)
  from space 1024K, 90% used [0x00000000ec580000,0x00000000ec668000,0x00000000ec680000)
  to   space 1536K, 0% used [0x00000000ec380000,0x00000000ec380000,0x00000000ec500000)
 ParOldGen       total 68608K, used 16823K [0x00000000c0000000, 0x00000000c4300000, 0x00000000eab00000)
  object space 68608K, 24% used [0x00000000c0000000,0x00000000c106dee8,0x00000000c4300000)
 Metaspace       used 33099K, committed 34112K, reserved 1114112K
  class space    used 3327K, committed 3712K, reserved 1048576K
}
Event: 11.111 GC heap before
{Heap before GC invocations=14 (full 1):
 PSYoungGen      total 23040K, used 17928K [0x00000000eab00000, 0x00000000ec680000, 0x0000000100000000)
  eden space 22016K, 77% used [0x00000000eab00000,0x00000000ebb9a3a0,0x00000000ec080000)
  from space 1024K, 90% used [0x00000000ec580000,0x00000000ec668000,0x00000000ec680000)
  to   space 1536K, 0% used [0x00000000ec380000,0x00000000ec380000,0x00000000ec500000)
 ParOldGen       total 68608K, used 16823K [0x00000000c0000000, 0x00000000c4300000, 0x00000000eab00000)
  object space 68608K, 24% used [0x00000000c0000000,0x00000000c106dee8,0x00000000c4300000)
 Metaspace       used 34766K, committed 35840K, reserved 1114112K
  class space    used 3518K, committed 3968K, reserved 1048576K
}
Event: 11.115 GC heap after
{Heap after GC invocations=14 (full 1):
 PSYoungGen      total 23552K, used 1447K [0x00000000eab00000, 0x00000000ec600000, 0x0000000100000000)
  eden space 22016K, 0% used [0x00000000eab00000,0x00000000eab00000,0x00000000ec080000)
  from space 1536K, 94% used [0x00000000ec380000,0x00000000ec4e9f20,0x00000000ec500000)
  to   space 1024K, 0% used [0x00000000ec500000,0x00000000ec500000,0x00000000ec600000)
 ParOldGen       total 68608K, used 17626K [0x00000000c0000000, 0x00000000c4300000, 0x00000000eab00000)
  object space 68608K, 25% used [0x00000000c0000000,0x00000000c11369e0,0x00000000c4300000)
 Metaspace       used 34766K, committed 35840K, reserved 1114112K
  class space    used 3518K, committed 3968K, reserved 1048576K
}
Event: 11.115 GC heap before
{Heap before GC invocations=15 (full 2):
 PSYoungGen      total 23552K, used 1447K [0x00000000eab00000, 0x00000000ec600000, 0x0000000100000000)
  eden space 22016K, 0% used [0x00000000eab00000,0x00000000eab00000,0x00000000ec080000)
  from space 1536K, 94% used [0x00000000ec380000,0x00000000ec4e9f20,0x00000000ec500000)
  to   space 1024K, 0% used [0x00000000ec500000,0x00000000ec500000,0x00000000ec600000)
 ParOldGen       total 68608K, used 17626K [0x00000000c0000000, 0x00000000c4300000, 0x00000000eab00000)
  object space 68608K, 25% used [0x00000000c0000000,0x00000000c11369e0,0x00000000c4300000)
 Metaspace       used 34766K, committed 35840K, reserved 1114112K
  class space    used 3518K, committed 3968K, reserved 1048576K
}
Event: 11.167 GC heap after
{Heap after GC invocations=15 (full 2):
 PSYoungGen      total 23552K, used 0K [0x00000000eab00000, 0x00000000ec600000, 0x0000000100000000)
  eden space 22016K, 0% used [0x00000000eab00000,0x00000000eab00000,0x00000000ec080000)
  from space 1536K, 0% used [0x00000000ec380000,0x00000000ec380000,0x00000000ec500000)
  to   space 1024K, 0% used [0x00000000ec500000,0x00000000ec500000,0x00000000ec600000)
 ParOldGen       total 68608K, used 18448K [0x00000000c0000000, 0x00000000c4300000, 0x00000000eab00000)
  object space 68608K, 26% used [0x00000000c0000000,0x00000000c1204118,0x00000000c4300000)
 Metaspace       used 34766K, committed 35840K, reserved 1114112K
  class space    used 3518K, committed 3968K, reserved 1048576K
}
Event: 11.765 GC heap before
{Heap before GC invocations=16 (full 2):
 PSYoungGen      total 23552K, used 22016K [0x00000000eab00000, 0x00000000ec600000, 0x0000000100000000)
  eden space 22016K, 100% used [0x00000000eab00000,0x00000000ec080000,0x00000000ec080000)
  from space 1536K, 0% used [0x00000000ec380000,0x00000000ec380000,0x00000000ec500000)
  to   space 1024K, 0% used [0x00000000ec500000,0x00000000ec500000,0x00000000ec600000)
 ParOldGen       total 68608K, used 18448K [0x00000000c0000000, 0x00000000c4300000, 0x00000000eab00000)
  object space 68608K, 26% used [0x00000000c0000000,0x00000000c1204118,0x00000000c4300000)
 Metaspace       used 37403K, committed 38592K, reserved 1114112K
  class space    used 3837K, committed 4288K, reserved 1048576K
}
Event: 11.770 GC heap after
{Heap after GC invocations=16 (full 2):
 PSYoungGen      total 23040K, used 997K [0x00000000eab00000, 0x00000000ec600000, 0x0000000100000000)
  eden space 22016K, 0% used [0x00000000eab00000,0x00000000eab00000,0x00000000ec080000)
  from space 1024K, 97% used [0x00000000ec500000,0x00000000ec5f95e0,0x00000000ec600000)
  to   space 2048K, 0% used [0x00000000ec200000,0x00000000ec200000,0x00000000ec400000)
 ParOldGen       total 68608K, used 19120K [0x00000000c0000000, 0x00000000c4300000, 0x00000000eab00000)
  object space 68608K, 27% used [0x00000000c0000000,0x00000000c12ac118,0x00000000c4300000)
 Metaspace       used 37403K, committed 38592K, reserved 1114112K
  class space    used 3837K, committed 4288K, reserved 1048576K
}

Dll operation events (10 events):
Event: 0.026 Loaded shared library c:\Users\SERGE\.vscode\extensions\redhat.java-1.42.0-win32-x64\jre\21.0.7-win32-x86_64\bin\java.dll
Event: 0.336 Loaded shared library c:\Users\SERGE\.vscode\extensions\redhat.java-1.42.0-win32-x64\jre\21.0.7-win32-x86_64\bin\zip.dll
Event: 0.393 Loaded shared library C:\Users\SERGE\.vscode\extensions\redhat.java-1.42.0-win32-x64\jre\21.0.7-win32-x86_64\bin\instrument.dll
Event: 0.404 Loaded shared library C:\Users\SERGE\.vscode\extensions\redhat.java-1.42.0-win32-x64\jre\21.0.7-win32-x86_64\bin\net.dll
Event: 0.409 Loaded shared library C:\Users\SERGE\.vscode\extensions\redhat.java-1.42.0-win32-x64\jre\21.0.7-win32-x86_64\bin\nio.dll
Event: 0.417 Loaded shared library C:\Users\SERGE\.vscode\extensions\redhat.java-1.42.0-win32-x64\jre\21.0.7-win32-x86_64\bin\zip.dll
Event: 0.483 Loaded shared library C:\Users\SERGE\.vscode\extensions\redhat.java-1.42.0-win32-x64\jre\21.0.7-win32-x86_64\bin\jimage.dll
Event: 0.695 Loaded shared library c:\Users\SERGE\.vscode\extensions\redhat.java-1.42.0-win32-x64\jre\21.0.7-win32-x86_64\bin\verify.dll
Event: 3.559 Loaded shared library C:\Users\SERGE\AppData\Roaming\Code\User\globalStorage\redhat.java\1.42.0\config_win\org.eclipse.equinox.launcher\org.eclipse.equinox.launcher.win32.win32.x86_64_1.2.1300.v20250331-1702\eclipse_11911.dll
Event: 6.261 Loaded shared library C:\Users\SERGE\AppData\Local\Temp\jna-78788894\jna13893553460202412249.dll

Deoptimization events (20 events):
Event: 11.520 Thread 0x0000011c78e68650 DEOPT PACKING pc=0x0000011c6950dbe8 sp=0x00000017101fd860
Event: 11.520 Thread 0x0000011c78e68650 DEOPT UNPACKING pc=0x0000011c68e23aa2 sp=0x00000017101fd7e0 mode 2
Event: 11.716 Thread 0x0000011c79d8a6e0 Uncommon trap: trap_request=0xffffffc6 fr.pc=0x0000011c695aa03c relative=0x000000000000023c
Event: 11.716 Thread 0x0000011c79d8a050 Uncommon trap: trap_request=0xffffffc6 fr.pc=0x0000011c695aa03c relative=0x000000000000023c
Event: 11.716 Thread 0x0000011c79d902c0 Uncommon trap: trap_request=0xffffffc6 fr.pc=0x0000011c695aa03c relative=0x000000000000023c
Event: 11.716 Thread 0x0000011c79d88ca0 Uncommon trap: trap_request=0xffffffc6 fr.pc=0x0000011c695aa03c relative=0x000000000000023c
Event: 11.716 Thread 0x0000011c79d8a6e0 Uncommon trap: reason=bimorphic_or_optimized_type_check action=maybe_recompile pc=0x0000011c695aa03c method=java.lang.ThreadLocal.set(Ljava/lang/Thread;Ljava/lang/Object;)V @ 2 c2
Event: 11.716 Thread 0x0000011c79d8a050 Uncommon trap: reason=bimorphic_or_optimized_type_check action=maybe_recompile pc=0x0000011c695aa03c method=java.lang.ThreadLocal.set(Ljava/lang/Thread;Ljava/lang/Object;)V @ 2 c2
Event: 11.716 Thread 0x0000011c79d902c0 Uncommon trap: reason=bimorphic_or_optimized_type_check action=maybe_recompile pc=0x0000011c695aa03c method=java.lang.ThreadLocal.set(Ljava/lang/Thread;Ljava/lang/Object;)V @ 2 c2
Event: 11.716 Thread 0x0000011c79d88ca0 Uncommon trap: reason=bimorphic_or_optimized_type_check action=maybe_recompile pc=0x0000011c695aa03c method=java.lang.ThreadLocal.set(Ljava/lang/Thread;Ljava/lang/Object;)V @ 2 c2
Event: 11.716 Thread 0x0000011c79d8a6e0 DEOPT PACKING pc=0x0000011c695aa03c sp=0x0000001711bff2e0
Event: 11.716 Thread 0x0000011c79d8a6e0 DEOPT UNPACKING pc=0x0000011c68e23aa2 sp=0x0000001711bff220 mode 2
Event: 11.716 Thread 0x0000011c79d8a050 DEOPT PACKING pc=0x0000011c695aa03c sp=0x00000017118ff2e0
Event: 11.716 Thread 0x0000011c79d8a050 DEOPT UNPACKING pc=0x0000011c68e23aa2 sp=0x00000017118ff220 mode 2
Event: 11.717 Thread 0x0000011c79d902c0 DEOPT PACKING pc=0x0000011c695aa03c sp=0x0000001711aff4e0
Event: 11.717 Thread 0x0000011c79d902c0 DEOPT UNPACKING pc=0x0000011c68e23aa2 sp=0x0000001711aff420 mode 2
Event: 11.717 Thread 0x0000011c79d88ca0 DEOPT PACKING pc=0x0000011c695aa03c sp=0x00000017119fede0
Event: 11.717 Thread 0x0000011c79d88ca0 DEOPT UNPACKING pc=0x0000011c68e23aa2 sp=0x00000017119fed20 mode 2
Event: 11.774 Thread 0x0000011c78e68650 DEOPT PACKING pc=0x0000011c61d3f51f sp=0x00000017101fe0e0
Event: 11.774 Thread 0x0000011c78e68650 DEOPT UNPACKING pc=0x0000011c68e24242 sp=0x00000017101fd5b8 mode 0

Classes loaded (20 events):
Event: 11.716 Loading class sun/nio/ch/Invoker$GroupAndInvokeCount
Event: 11.716 Loading class sun/nio/ch/Invoker$GroupAndInvokeCount done
Event: 11.740 Loading class java/lang/reflect/Executable$ParameterData
Event: 11.741 Loading class java/lang/reflect/Executable$ParameterData done
Event: 11.742 Loading class sun/reflect/generics/scope/MethodScope
Event: 11.742 Loading class sun/reflect/generics/scope/MethodScope done
Event: 11.742 Loading class sun/reflect/generics/repository/MethodRepository
Event: 11.742 Loading class sun/reflect/generics/repository/ConstructorRepository
Event: 11.742 Loading class sun/reflect/generics/repository/ConstructorRepository done
Event: 11.742 Loading class sun/reflect/generics/repository/MethodRepository done
Event: 11.742 Loading class sun/reflect/generics/tree/MethodTypeSignature
Event: 11.743 Loading class sun/reflect/generics/tree/MethodTypeSignature done
Event: 11.761 Loading class jdk/internal/vm/annotation/IntrinsicCandidate
Event: 11.761 Loading class jdk/internal/vm/annotation/IntrinsicCandidate done
Event: 11.773 Loading class sun/nio/fs/WindowsException
Event: 11.773 Loading class sun/nio/fs/WindowsException done
Event: 11.782 Loading class sun/net/www/protocol/https/Handler
Event: 11.784 Loading class sun/net/www/protocol/http/Handler
Event: 11.784 Loading class sun/net/www/protocol/http/Handler done
Event: 11.784 Loading class sun/net/www/protocol/https/Handler done

Classes unloaded (7 events):
Event: 7.207 Thread 0x0000011c5e75e8c0 Unloading class 0x0000011c011a4c00 'java/lang/invoke/LambdaForm$MH+0x0000011c011a4c00'
Event: 7.207 Thread 0x0000011c5e75e8c0 Unloading class 0x0000011c011a4800 'java/lang/invoke/LambdaForm$MH+0x0000011c011a4800'
Event: 7.207 Thread 0x0000011c5e75e8c0 Unloading class 0x0000011c011a4400 'java/lang/invoke/LambdaForm$MH+0x0000011c011a4400'
Event: 7.207 Thread 0x0000011c5e75e8c0 Unloading class 0x0000011c011a4000 'java/lang/invoke/LambdaForm$MH+0x0000011c011a4000'
Event: 7.207 Thread 0x0000011c5e75e8c0 Unloading class 0x0000011c011a3c00 'java/lang/invoke/LambdaForm$BMH+0x0000011c011a3c00'
Event: 7.207 Thread 0x0000011c5e75e8c0 Unloading class 0x0000011c011a3800 'java/lang/invoke/LambdaForm$DMH+0x0000011c011a3800'
Event: 7.207 Thread 0x0000011c5e75e8c0 Unloading class 0x0000011c011a2400 'java/lang/invoke/LambdaForm$DMH+0x0000011c011a2400'

Classes redefined (0 events):
No events

Internal exceptions (20 events):
Event: 10.897 Thread 0x0000011c78e68650 Implicit null exception at 0x0000011c695d77ac to 0x0000011c695d7895
Event: 10.981 Thread 0x0000011c78e651d0 Exception <a 'java/lang/NoSuchMethodError'{0x00000000eb745460}: 'void java.lang.invoke.DirectMethodHandle$Holder.invokeStaticInit(java.lang.Object, java.lang.Object, java.lang.Object, java.lang.Object)'> (0x00000000eb745460) 
thrown [s\src\hotspot\share\interpreter\linkResolver.cpp, line 773]
Event: 11.384 Thread 0x0000011c5e6a1610 Exception <a 'java/lang/NoSuchMethodError'{0x00000000eb669b08}: 'java.lang.Object java.lang.invoke.DirectMethodHandle$Holder.invokeStatic(java.lang.Object, long, java.lang.Object)'> (0x00000000eb669b08) 
thrown [s\src\hotspot\share\interpreter\linkResolver.cpp, line 773]
Event: 11.388 Thread 0x0000011c5e6a1610 Exception <a 'java/lang/NoSuchMethodError'{0x00000000eb6811b8}: 'java.lang.Object java.lang.invoke.DirectMethodHandle$Holder.invokeStaticInit(java.lang.Object, long, java.lang.Object)'> (0x00000000eb6811b8) 
thrown [s\src\hotspot\share\interpreter\linkResolver.cpp, line 773]
Event: 11.389 Thread 0x0000011c5e6a1610 Exception <a 'java/lang/NoSuchMethodError'{0x00000000eb68bb00}: 'java.lang.Object java.lang.invoke.DirectMethodHandle$Holder.newInvokeSpecial(java.lang.Object, long)'> (0x00000000eb68bb00) 
thrown [s\src\hotspot\share\interpreter\linkResolver.cpp, line 773]
Event: 11.773 Thread 0x0000011c78e68650 Exception <a 'sun/nio/fs/WindowsException'{0x00000000eab0a600}> (0x00000000eab0a600) 
thrown [s\src\hotspot\share\prims\jni.cpp, line 520]
Event: 11.774 Thread 0x0000011c78e68650 Exception <a 'sun/nio/fs/WindowsException'{0x00000000eab0af28}> (0x00000000eab0af28) 
thrown [s\src\hotspot\share\prims\jni.cpp, line 520]
Event: 11.774 Thread 0x0000011c78e68650 Exception <a 'sun/nio/fs/WindowsException'{0x00000000eab0b9f8}> (0x00000000eab0b9f8) 
thrown [s\src\hotspot\share\prims\jni.cpp, line 520]
Event: 11.774 Thread 0x0000011c78e68650 Exception <a 'sun/nio/fs/WindowsException'{0x00000000eab0c0a8}> (0x00000000eab0c0a8) 
thrown [s\src\hotspot\share\prims\jni.cpp, line 520]
Event: 11.781 Thread 0x0000011c78e68650 Exception <a 'sun/nio/fs/WindowsException'{0x00000000eab7dfb0}> (0x00000000eab7dfb0) 
thrown [s\src\hotspot\share\prims\jni.cpp, line 520]
Event: 11.781 Thread 0x0000011c78e68650 Exception <a 'sun/nio/fs/WindowsException'{0x00000000eab7e660}> (0x00000000eab7e660) 
thrown [s\src\hotspot\share\prims\jni.cpp, line 520]
Event: 11.806 Thread 0x0000011c78e68650 Exception <a 'sun/nio/fs/WindowsException'{0x00000000eabd4ef0}> (0x00000000eabd4ef0) 
thrown [s\src\hotspot\share\prims\jni.cpp, line 520]
Event: 11.807 Thread 0x0000011c78e68650 Exception <a 'sun/nio/fs/WindowsException'{0x00000000eabd5520}> (0x00000000eabd5520) 
thrown [s\src\hotspot\share\prims\jni.cpp, line 520]
Event: 11.807 Thread 0x0000011c78e68650 Exception <a 'sun/nio/fs/WindowsException'{0x00000000eabd5e40}> (0x00000000eabd5e40) 
thrown [s\src\hotspot\share\prims\jni.cpp, line 520]
Event: 11.807 Thread 0x0000011c78e68650 Exception <a 'sun/nio/fs/WindowsException'{0x00000000eabd6470}> (0x00000000eabd6470) 
thrown [s\src\hotspot\share\prims\jni.cpp, line 520]
Event: 11.807 Thread 0x0000011c78e68650 Exception <a 'sun/nio/fs/WindowsException'{0x00000000eabd6df0}> (0x00000000eabd6df0) 
thrown [s\src\hotspot\share\prims\jni.cpp, line 520]
Event: 11.808 Thread 0x0000011c78e68650 Exception <a 'sun/nio/fs/WindowsException'{0x00000000eabd7420}> (0x00000000eabd7420) 
thrown [s\src\hotspot\share\prims\jni.cpp, line 520]
Event: 11.809 Thread 0x0000011c78e68650 Exception <a 'sun/nio/fs/WindowsException'{0x00000000eabd8940}> (0x00000000eabd8940) 
thrown [s\src\hotspot\share\prims\jni.cpp, line 520]
Event: 11.809 Thread 0x0000011c78e68650 Exception <a 'sun/nio/fs/WindowsException'{0x00000000eabd8f70}> (0x00000000eabd8f70) 
thrown [s\src\hotspot\share\prims\jni.cpp, line 520]
Event: 11.839 Thread 0x0000011c78e68650 Exception <a 'java/lang/NoSuchMethodError'{0x00000000eabedc40}: 'void java.lang.invoke.DirectMethodHandle$Holder.invokeVirtual(java.lang.Object, java.lang.Object, java.lang.Object, java.lang.Object)'> (0x00000000eabedc40) 
thrown [s\src\hotspot\share\interpreter\linkResolver.cpp, line 773]

ZGC Phase Switch (0 events):
No events

VM Operations (20 events):
Event: 9.618 Executing VM operation: HandshakeAllThreads (Deoptimize)
Event: 9.627 Executing VM operation: HandshakeAllThreads (Deoptimize) done
Event: 9.677 Executing VM operation: ParallelGCFailedAllocation (Allocation Failure)
Event: 9.686 Executing VM operation: ParallelGCFailedAllocation (Allocation Failure) done
Event: 10.082 Executing VM operation: HandshakeAllThreads (Deoptimize)
Event: 10.082 Executing VM operation: HandshakeAllThreads (Deoptimize) done
Event: 10.087 Executing VM operation: HandshakeAllThreads (Deoptimize)
Event: 10.087 Executing VM operation: HandshakeAllThreads (Deoptimize) done
Event: 10.166 Executing VM operation: HandshakeAllThreads (Deoptimize)
Event: 10.166 Executing VM operation: HandshakeAllThreads (Deoptimize) done
Event: 10.355 Executing VM operation: ParallelGCFailedAllocation (Allocation Failure)
Event: 10.358 Executing VM operation: ParallelGCFailedAllocation (Allocation Failure) done
Event: 10.540 Executing VM operation: HandshakeAllThreads (Deoptimize)
Event: 10.540 Executing VM operation: HandshakeAllThreads (Deoptimize) done
Event: 11.108 Executing VM operation: CollectForMetadataAllocation (Metadata GC Threshold)
Event: 11.167 Executing VM operation: CollectForMetadataAllocation (Metadata GC Threshold) done
Event: 11.735 Executing VM operation: HandshakeAllThreads (Deoptimize)
Event: 11.748 Executing VM operation: HandshakeAllThreads (Deoptimize) done
Event: 11.764 Executing VM operation: ParallelGCFailedAllocation (Allocation Failure)
Event: 11.770 Executing VM operation: ParallelGCFailedAllocation (Allocation Failure) done

Memory protections (0 events):
No events

Nmethod flushes (20 events):
Event: 11.140 Thread 0x0000011c5e75e8c0 flushing  nmethod 0x0000011c61f40090
Event: 11.140 Thread 0x0000011c5e75e8c0 flushing  nmethod 0x0000011c61f43510
Event: 11.140 Thread 0x0000011c5e75e8c0 flushing  nmethod 0x0000011c61f43c90
Event: 11.140 Thread 0x0000011c5e75e8c0 flushing  nmethod 0x0000011c61f45210
Event: 11.140 Thread 0x0000011c5e75e8c0 flushing  nmethod 0x0000011c61f46290
Event: 11.140 Thread 0x0000011c5e75e8c0 flushing  nmethod 0x0000011c61f46f10
Event: 11.140 Thread 0x0000011c5e75e8c0 flushing  nmethod 0x0000011c61f48010
Event: 11.140 Thread 0x0000011c5e75e8c0 flushing  nmethod 0x0000011c61f52890
Event: 11.140 Thread 0x0000011c5e75e8c0 flushing  nmethod 0x0000011c61f52d90
Event: 11.140 Thread 0x0000011c5e75e8c0 flushing  nmethod 0x0000011c61f66810
Event: 11.140 Thread 0x0000011c5e75e8c0 flushing  nmethod 0x0000011c61f6ea90
Event: 11.140 Thread 0x0000011c5e75e8c0 flushing  nmethod 0x0000011c61f7ab10
Event: 11.140 Thread 0x0000011c5e75e8c0 flushing  nmethod 0x0000011c61f7c810
Event: 11.140 Thread 0x0000011c5e75e8c0 flushing  nmethod 0x0000011c61fd5310
Event: 11.140 Thread 0x0000011c5e75e8c0 flushing  nmethod 0x0000011c61fd7c10
Event: 11.140 Thread 0x0000011c5e75e8c0 flushing  nmethod 0x0000011c62014910
Event: 11.140 Thread 0x0000011c5e75e8c0 flushing  nmethod 0x0000011c62044b90
Event: 11.140 Thread 0x0000011c5e75e8c0 flushing  nmethod 0x0000011c62059910
Event: 11.140 Thread 0x0000011c5e75e8c0 flushing  nmethod 0x0000011c62059d90
Event: 11.140 Thread 0x0000011c5e75e8c0 flushing  nmethod 0x0000011c62074610

Events (20 events):
Event: 4.389 Thread 0x0000011c787f5f50 Thread added: 0x0000011c78e5c7c0
Event: 4.544 Thread 0x0000011c787f5f50 Thread added: 0x0000011c78b305d0
Event: 5.402 Thread 0x0000011c787f5f50 Thread added: 0x0000011c78e66580
Event: 6.304 Thread 0x0000011c787f5f50 Thread added: 0x0000011c78e67fc0
Event: 6.382 Thread 0x0000011c787f5f50 Thread added: 0x0000011c78e66c10
Event: 6.504 Thread 0x0000011c786c9870 Thread exited: 0x0000011c786c9870
Event: 6.510 Thread 0x0000011c787f5f50 Thread added: 0x0000011c78e68650
Event: 7.116 Thread 0x0000011c72a492c0 Thread added: 0x0000011c7857ae90
Event: 8.746 Thread 0x0000011c78e68650 Thread added: 0x0000011c78e651d0
Event: 8.874 Thread 0x0000011c787f5f50 Thread added: 0x0000011c78e65860
Event: 9.618 Thread 0x0000011c7857ae90 Thread exited: 0x0000011c7857ae90
Event: 9.672 Thread 0x0000011c72a492c0 Thread added: 0x0000011c7857ae90
Event: 10.929 Thread 0x0000011c78e651d0 Thread added: 0x0000011c78e65ef0
Event: 11.353 Thread 0x0000011c78e65ef0 Thread added: 0x0000011c78e672a0
Event: 11.479 Thread 0x0000011c5e6a1610 Thread added: 0x0000011c79d899c0
Event: 11.479 Thread 0x0000011c5e6a1610 Thread added: 0x0000011c79d8a050
Event: 11.480 Thread 0x0000011c5e6a1610 Thread added: 0x0000011c79d88ca0
Event: 11.480 Thread 0x0000011c5e6a1610 Thread added: 0x0000011c79d902c0
Event: 11.480 Thread 0x0000011c5e6a1610 Thread added: 0x0000011c79d8a6e0
Event: 11.510 Thread 0x0000011c5e6a1610 Thread added: 0x0000011c79d89330


Dynamic libraries:
0x00007ff7a3d30000 - 0x00007ff7a3d3e000 	c:\Users\SERGE\.vscode\extensions\redhat.java-1.42.0-win32-x64\jre\21.0.7-win32-x86_64\bin\java.exe
0x00007fff071d0000 - 0x00007fff073c8000 	C:\Windows\SYSTEM32\ntdll.dll
0x00007fff05440000 - 0x00007fff05502000 	C:\Windows\System32\KERNEL32.DLL
0x00007fff048c0000 - 0x00007fff04bbf000 	C:\Windows\System32\KERNELBASE.dll
0x00007fff04bf0000 - 0x00007fff04cf0000 	C:\Windows\System32\ucrtbase.dll
0x00007ffeff430000 - 0x00007ffeff448000 	c:\Users\SERGE\.vscode\extensions\redhat.java-1.42.0-win32-x64\jre\21.0.7-win32-x86_64\bin\jli.dll
0x00007fff05c60000 - 0x00007fff05dfd000 	C:\Windows\System32\USER32.dll
0x00007fff04bc0000 - 0x00007fff04be2000 	C:\Windows\System32\win32u.dll
0x00007fff070a0000 - 0x00007fff070cb000 	C:\Windows\System32\GDI32.dll
0x00007fff04ee0000 - 0x00007fff04ffa000 	C:\Windows\System32\gdi32full.dll
0x00007fff050e0000 - 0x00007fff0517d000 	C:\Windows\System32\msvcp_win.dll
0x00007ffef59e0000 - 0x00007ffef59fe000 	c:\Users\SERGE\.vscode\extensions\redhat.java-1.42.0-win32-x64\jre\21.0.7-win32-x86_64\bin\VCRUNTIME140.dll
0x00007ffef6730000 - 0x00007ffef69ca000 	C:\Windows\WinSxS\amd64_microsoft.windows.common-controls_6595b64144ccf1df_6.0.19041.4355_none_60b8b9eb71f62e16\COMCTL32.dll
0x00007fff060f0000 - 0x00007fff0618e000 	C:\Windows\System32\msvcrt.dll
0x00007fff05b40000 - 0x00007fff05b6f000 	C:\Windows\System32\IMM32.DLL
0x00007ffeff320000 - 0x00007ffeff32c000 	c:\Users\SERGE\.vscode\extensions\redhat.java-1.42.0-win32-x64\jre\21.0.7-win32-x86_64\bin\vcruntime140_1.dll
0x00007ffee9bf0000 - 0x00007ffee9c7d000 	c:\Users\SERGE\.vscode\extensions\redhat.java-1.42.0-win32-x64\jre\21.0.7-win32-x86_64\bin\msvcp140.dll
0x00007ffeb4f30000 - 0x00007ffeb5cc0000 	c:\Users\SERGE\.vscode\extensions\redhat.java-1.42.0-win32-x64\jre\21.0.7-win32-x86_64\bin\server\jvm.dll
0x00007fff05370000 - 0x00007fff0541f000 	C:\Windows\System32\ADVAPI32.dll
0x00007fff06190000 - 0x00007fff0622f000 	C:\Windows\System32\sechost.dll
0x00007fff05f20000 - 0x00007fff06043000 	C:\Windows\System32\RPCRT4.dll
0x00007fff050b0000 - 0x00007fff050d7000 	C:\Windows\System32\bcrypt.dll
0x00007fff05eb0000 - 0x00007fff05f1b000 	C:\Windows\System32\WS2_32.dll
0x00007fff03c90000 - 0x00007fff03cdb000 	C:\Windows\SYSTEM32\POWRPROF.dll
0x00007ffef5280000 - 0x00007ffef52a7000 	C:\Windows\SYSTEM32\WINMM.dll
0x00007ffef0ea0000 - 0x00007ffef0eaa000 	C:\Windows\SYSTEM32\VERSION.dll
0x00007fff03c30000 - 0x00007fff03c42000 	C:\Windows\SYSTEM32\UMPDC.dll
0x00007fff026b0000 - 0x00007fff026c2000 	C:\Windows\SYSTEM32\kernel.appcore.dll
0x00007ffefec10000 - 0x00007ffefec1a000 	c:\Users\SERGE\.vscode\extensions\redhat.java-1.42.0-win32-x64\jre\21.0.7-win32-x86_64\bin\jimage.dll
0x00007ffef6fe0000 - 0x00007ffef71c4000 	C:\Windows\SYSTEM32\DBGHELP.DLL
0x00007ffef7380000 - 0x00007ffef73b4000 	C:\Windows\SYSTEM32\dbgcore.DLL
0x00007fff04cf0000 - 0x00007fff04d72000 	C:\Windows\System32\bcryptPrimitives.dll
0x00007ffefe090000 - 0x00007ffefe09f000 	c:\Users\SERGE\.vscode\extensions\redhat.java-1.42.0-win32-x64\jre\21.0.7-win32-x86_64\bin\instrument.dll
0x00007ffef57a0000 - 0x00007ffef57bf000 	c:\Users\SERGE\.vscode\extensions\redhat.java-1.42.0-win32-x64\jre\21.0.7-win32-x86_64\bin\java.dll
0x00007fff06570000 - 0x00007fff06cdd000 	C:\Windows\System32\SHELL32.dll
0x00007fff028b0000 - 0x00007fff03053000 	C:\Windows\SYSTEM32\windows.storage.dll
0x00007fff06ce0000 - 0x00007fff07035000 	C:\Windows\System32\combase.dll
0x00007fff041c0000 - 0x00007fff041eb000 	C:\Windows\SYSTEM32\Wldp.dll
0x00007fff063f0000 - 0x00007fff064bd000 	C:\Windows\System32\OLEAUT32.dll
0x00007fff064c0000 - 0x00007fff0656d000 	C:\Windows\System32\SHCORE.dll
0x00007fff070d0000 - 0x00007fff07125000 	C:\Windows\System32\shlwapi.dll
0x00007fff047a0000 - 0x00007fff047c5000 	C:\Windows\SYSTEM32\profapi.dll
0x00007ffef0bb0000 - 0x00007ffef0bc8000 	c:\Users\SERGE\.vscode\extensions\redhat.java-1.42.0-win32-x64\jre\21.0.7-win32-x86_64\bin\zip.dll
0x00007ffefd6a0000 - 0x00007ffefd6b0000 	C:\Users\SERGE\.vscode\extensions\redhat.java-1.42.0-win32-x64\jre\21.0.7-win32-x86_64\bin\net.dll
0x00007ffefb1f0000 - 0x00007ffefb2fa000 	C:\Windows\SYSTEM32\WINHTTP.dll
0x00007fff03fa0000 - 0x00007fff0400c000 	C:\Windows\system32\mswsock.dll
0x00007ffef1c30000 - 0x00007ffef1c46000 	C:\Users\SERGE\.vscode\extensions\redhat.java-1.42.0-win32-x64\jre\21.0.7-win32-x86_64\bin\nio.dll
0x00007ffefc750000 - 0x00007ffefc760000 	c:\Users\SERGE\.vscode\extensions\redhat.java-1.42.0-win32-x64\jre\21.0.7-win32-x86_64\bin\verify.dll
0x00007ffef5aa0000 - 0x00007ffef5ae5000 	C:\Users\SERGE\AppData\Roaming\Code\User\globalStorage\redhat.java\1.42.0\config_win\org.eclipse.equinox.launcher\org.eclipse.equinox.launcher.win32.win32.x86_64_1.2.1300.v20250331-1702\eclipse_11911.dll
0x00007fff062c0000 - 0x00007fff063eb000 	C:\Windows\System32\ole32.dll
0x00007fff04200000 - 0x00007fff04218000 	C:\Windows\SYSTEM32\CRYPTSP.dll
0x00007fff03870000 - 0x00007fff038a8000 	C:\Windows\system32\rsaenh.dll
0x00007fff04720000 - 0x00007fff0474e000 	C:\Windows\SYSTEM32\USERENV.dll
0x00007fff04130000 - 0x00007fff0413c000 	C:\Windows\SYSTEM32\CRYPTBASE.dll
0x00007fff03c50000 - 0x00007fff03c8b000 	C:\Windows\SYSTEM32\IPHLPAPI.DLL
0x00007fff05c50000 - 0x00007fff05c58000 	C:\Windows\System32\NSI.dll
0x00007ffef5a10000 - 0x00007ffef5a59000 	C:\Users\SERGE\AppData\Local\Temp\jna-78788894\jna13893553460202412249.dll
0x00007fff06230000 - 0x00007fff06238000 	C:\Windows\System32\PSAPI.DLL
0x00007ffef6b70000 - 0x00007ffef6b87000 	C:\Windows\SYSTEM32\dhcpcsvc6.DLL
0x00007ffef6b50000 - 0x00007ffef6b6d000 	C:\Windows\SYSTEM32\dhcpcsvc.DLL

dbghelp: loaded successfully - version: 4.0.5 - missing functions: none
symbol engine: initialized successfully - sym options: 0x614 - pdb path: .;c:\Users\SERGE\.vscode\extensions\redhat.java-1.42.0-win32-x64\jre\21.0.7-win32-x86_64\bin;C:\Windows\SYSTEM32;C:\Windows\WinSxS\amd64_microsoft.windows.common-controls_6595b64144ccf1df_6.0.19041.4355_none_60b8b9eb71f62e16;c:\Users\SERGE\.vscode\extensions\redhat.java-1.42.0-win32-x64\jre\21.0.7-win32-x86_64\bin\server;C:\Users\SERGE\AppData\Roaming\Code\User\globalStorage\redhat.java\1.42.0\config_win\org.eclipse.equinox.launcher\org.eclipse.equinox.launcher.win32.win32.x86_64_1.2.1300.v20250331-1702;C:\Users\SERGE\AppData\Local\Temp\jna-78788894

VM Arguments:
jvm_args: --add-modules=ALL-SYSTEM --add-opens=java.base/java.util=ALL-UNNAMED --add-opens=java.base/java.lang=ALL-UNNAMED --add-opens=java.base/sun.nio.fs=ALL-UNNAMED -Declipse.application=org.eclipse.jdt.ls.core.id1 -Dosgi.bundles.defaultStartLevel=4 -Declipse.product=org.eclipse.jdt.ls.core.product -Djava.import.generatesMetadataFilesAtProjectRoot=false -DDetectVMInstallationsJob.disabled=true -Dfile.encoding=utf8 -XX:+UseParallelGC -XX:GCTimeRatio=4 -XX:AdaptiveSizePolicyWeight=90 -Dsun.zip.disableMemoryMapping=true -Xmx1G -Xms100m -Xlog:disable -javaagent:c:\Users\SERGE\.vscode\extensions\redhat.java-1.42.0-win32-x64\lombok\lombok-1.18.36.jar -XX:+HeapDumpOnOutOfMemoryError -XX:HeapDumpPath=c:\Users\SERGE\AppData\Roaming\Code\User\workspaceStorage\a6951d4b4e5e0ad82c8566c0f5837605\redhat.java -Daether.dependencyCollector.impl=bf 
java_command: c:\Users\SERGE\.vscode\extensions\redhat.java-1.42.0-win32-x64\server\plugins\org.eclipse.equinox.launcher_1.7.0.v20250424-1814.jar -configuration c:\Users\SERGE\AppData\Roaming\Code\User\globalStorage\redhat.java\1.42.0\config_win -data c:\Users\SERGE\AppData\Roaming\Code\User\workspaceStorage\a6951d4b4e5e0ad82c8566c0f5837605\redhat.java\jdt_ws --pipe=\\.\pipe\lsp-09fcc5dba753075a96c075f9c2be3acb-sock
java_class_path (initial): c:\Users\SERGE\.vscode\extensions\redhat.java-1.42.0-win32-x64\server\plugins\org.eclipse.equinox.launcher_1.7.0.v20250424-1814.jar
Launcher Type: SUN_STANDARD

[Global flags]
    uintx AdaptiveSizePolicyWeight                 = 90                                        {product} {command line}
     intx CICompilerCount                          = 3                                         {product} {ergonomic}
    uintx GCTimeRatio                              = 4                                         {product} {command line}
     bool HeapDumpOnOutOfMemoryError               = true                                   {manageable} {command line}
    ccstr HeapDumpPath                             = c:\Users\SERGE\AppData\Roaming\Code\User\workspaceStorage\a6951d4b4e5e0ad82c8566c0f5837605\redhat.java         {manageable} {command line}
   size_t InitialHeapSize                          = 104857600                                 {product} {command line}
   size_t MaxHeapSize                              = 1073741824                                {product} {command line}
   size_t MaxNewSize                               = 357564416                                 {product} {ergonomic}
   size_t MinHeapDeltaBytes                        = 524288                                    {product} {ergonomic}
   size_t MinHeapSize                              = 104857600                                 {product} {command line}
   size_t NewSize                                  = 34603008                                  {product} {ergonomic}
    uintx NonNMethodCodeHeapSize                   = 5832780                                {pd product} {ergonomic}
    uintx NonProfiledCodeHeapSize                  = 122912730                              {pd product} {ergonomic}
   size_t OldSize                                  = 70254592                                  {product} {ergonomic}
    uintx ProfiledCodeHeapSize                     = 122912730                              {pd product} {ergonomic}
    uintx ReservedCodeCacheSize                    = 251658240                              {pd product} {ergonomic}
     bool SegmentedCodeCache                       = true                                      {product} {ergonomic}
   size_t SoftMaxHeapSize                          = 1073741824                             {manageable} {ergonomic}
     bool UseCompressedOops                        = true                           {product lp64_product} {ergonomic}
     bool UseLargePagesIndividualAllocation        = false                                  {pd product} {ergonomic}
     bool UseParallelGC                            = true                                      {product} {command line}

Logging:
Log output configuration:
 #0: stdout all=off uptime,level,tags foldmultilines=false
 #1: stderr all=off uptime,level,tags foldmultilines=false

Environment Variables:
PATH=C:\Program Files\Java\jdk-17\bin;C:\Program Files\Common Files\Oracle\Java\javapath;C:\Windows\system32;C:\Windows;C:\Windows\System32\Wbem;C:\Windows\System32\WindowsPowerShell\v1.0\;C:\Windows\System32\OpenSSH\;C:\Program Files\nodejs\;C:\Program Files\IVI Foundation\VISA\Win64\Bin\;C:\Program Files (x86)\IVI Foundation\VISA\WinNT\Bin\;C:\Program Files (x86)\IVI Foundation\VISA\WinNT\Bin;C:\Program Files\MATLAB\R2016a\runtime\win64;C:\Program Files\MATLAB\R2016a\bin;C:\Program Files\MATLAB\R2016a\polyspace\bin;C:\composer;C:\Program Files\Git\cmd;C:\Program Files\PostgreSQL\16\bin;C:\Program Files\PostgreSQL\16\data;C:\Program Files\Microsoft VS Code\bin;C:\Program Files\dotnet\;C:\platform-tools-latest-windows\platform-tools;C:\Program Files\MySQL\MySQL Server X.X\bin;C:\Program Files\Java\jdk-17\bin;C:\Server;C:\Program Files\Docker\Docker\resources\bin;C:\Cassandra\apache-cassandra-4.1.8\bin;C:\ProgramData\chocolatey\bin;C:\Program Files\BlueStacks_nxt;C:\Users\SERGE\AppData\Local\Programs\Python\Python311\Scripts\;C:\Users\SERGE\AppData\Local\Programs\Python\Python311\;C:\Users\SERGE\scoop\shims;C:\Users\SERGE\AppData\Local\Microsoft\WindowsApps;C:\Users\SERGE\AppData\Roaming\npm;C:\Program Files (x86);C:\Users\SERGE\AppData\Roaming\Composer\vendor\bin;C:\Users\SERGE\.dotnet\tools;C:\Program Files (x86)\Nmap
USERNAME=SERGE
OS=Windows_NT
PROCESSOR_IDENTIFIER=Intel64 Family 6 Model 60 Stepping 3, GenuineIntel
TMP=C:\Users\SERGE\AppData\Local\Temp
TEMP=C:\Users\SERGE\AppData\Local\Temp




Periodic native trim disabled

---------------  S Y S T E M  ---------------

OS:
 Windows 10 , 64 bit Build 19041 (10.0.19041.5438)
OS uptime: 0 days 5:03 hours
Hyper-V role detected

CPU: total 4 (initial active 4) (2 cores per cpu, 2 threads per core) family 6 model 60 stepping 3 microcode 0x27, cx8, cmov, fxsr, ht, mmx, sse, sse2, sse3, ssse3, sse4.1, sse4.2, popcnt, lzcnt, tsc, tscinvbit, avx, avx2, aes, erms, clmul, bmi1, bmi2, fma, vzeroupper, clflush, hv, rdtscp, f16c
Processor Information for the first 4 processors :
  Max Mhz: 2601, Current Mhz: 2601, Mhz Limit: 2601

Memory: 4k page, system-wide physical 8089M (1689M free)
TotalPageFile size 10137M (AvailPageFile size 5M)
current process WorkingSet (physical memory assigned to process): 194M, peak: 194M
current process commit charge ("private bytes"): 271M, peak: 274M

vm_info: OpenJDK 64-Bit Server VM (21.0.7+6-LTS) for windows-amd64 JRE (21.0.7+6-LTS), built on 2025-04-15T00:00:00Z by "admin" with MS VC++ 17.7 (VS2022)

END.
