#
# There is insufficient memory for the Java Runtime Environment to continue.
# Native memory allocation (malloc) failed to allocate 1890432 bytes. Error detail: Chunk::new
# Possible reasons:
#   The system is out of physical RAM or swap space
#   This process is running with CompressedOops enabled, and the Java Heap may be blocking the growth of the native heap
# Possible solutions:
#   Reduce memory load on the system
#   Increase physical memory or swap space
#   Check if swap backing store is full
#   Decrease Java heap size (-Xmx/-Xms)
#   Decrease number of Java threads
#   Decrease Java thread stack sizes (-Xss)
#   Set larger code cache with -XX:ReservedCodeCacheSize=
#   JVM is running with Unscaled Compressed Oops mode in which the Java heap is
#     placed in the first 4GB address space. The Java Heap base address is the
#     maximum limit for the native heap growth. Please use -XX:HeapBaseMinAddress
#     to set the Java Heap base and to place the Java Heap above 4GB virtual address.
# This output file may be truncated or incomplete.
#
#  Out of Memory Error (arena.cpp:168), pid=11072, tid=2280
#
# JRE version: OpenJDK Runtime Environment Temurin-21.0.7+6 (21.0.7+6) (build 21.0.7+6-LTS)
# Java VM: OpenJDK 64-Bit Server VM Temurin-21.0.7+6 (21.0.7+6-LTS, mixed mode, sharing, tiered, compressed oops, compressed class ptrs, parallel gc, windows-amd64)
# No core dump will be written. Minidumps are not enabled by default on client versions of Windows
#

---------------  S U M M A R Y ------------

Command Line: --add-modules=ALL-SYSTEM --add-opens=java.base/java.util=ALL-UNNAMED --add-opens=java.base/java.lang=ALL-UNNAMED --add-opens=java.base/sun.nio.fs=ALL-UNNAMED -Declipse.application=org.eclipse.jdt.ls.core.id1 -Dosgi.bundles.defaultStartLevel=4 -Declipse.product=org.eclipse.jdt.ls.core.product -Djava.import.generatesMetadataFilesAtProjectRoot=false -DDetectVMInstallationsJob.disabled=true -Dfile.encoding=utf8 -XX:+UseParallelGC -XX:GCTimeRatio=4 -XX:AdaptiveSizePolicyWeight=90 -Dsun.zip.disableMemoryMapping=true -Xmx1G -Xms100m -Xlog:disable -javaagent:c:\Users\SERGE\.vscode\extensions\redhat.java-1.42.0-win32-x64\lombok\lombok-1.18.36.jar -XX:+HeapDumpOnOutOfMemoryError -XX:HeapDumpPath=c:\Users\SERGE\AppData\Roaming\Code\User\workspaceStorage\a6951d4b4e5e0ad82c8566c0f5837605\redhat.java -Daether.dependencyCollector.impl=bf c:\Users\SERGE\.vscode\extensions\redhat.java-1.42.0-win32-x64\server\plugins\org.eclipse.equinox.launcher_1.7.0.v20250424-1814.jar -configuration c:\Users\SERGE\AppData\Roaming\Code\User\globalStorage\redhat.java\1.42.0\config_win -data c:\Users\SERGE\AppData\Roaming\Code\User\workspaceStorage\a6951d4b4e5e0ad82c8566c0f5837605\redhat.java\jdt_ws --pipe=\\.\pipe\lsp-aa9015a5efa30090333ed43a1f0e808c-sock

Host: Intel(R) Core(TM) i5-4300M CPU @ 2.60GHz, 4 cores, 7G,  Windows 10 , 64 bit Build 19041 (10.0.19041.5438)
Time: Sun May 18 20:16:01 2025 Paris, Madrid (heure duild 19041 (10.0.19041.5438) elapsed time: 45.134088 seconds (0d 0h 0m 45s)

---------------  T H R E A D  ---------------

Current thread (0x000001c0f0753190):  JavaThread "C2 CompilerThread1" daemon [_thread_in_native, id=2280, stack(0x00000039b5b00000,0x00000039b5c00000) (1024K)]


Current CompileTask:
C2:45134 11323 %     4       java.util.Properties::load0 @ 29 (249 bytes)

Stack: [0x00000039b5b00000,0x00000039b5c00000]
Native frames: (J=compiled Java code, j=interpreted, Vv=VM code, C=native code)
V  [jvm.dll+0x6ce119]
V  [jvm.dll+0x8a84a1]
V  [jvm.dll+0x8aa9ce]
V  [jvm.dll+0x8ab0b3]
V  [jvm.dll+0x27f8a6]
V  [jvm.dll+0xc507d]
V  [jvm.dll+0xc55b3]
V  [jvm.dll+0x3b692c]
V  [jvm.dll+0x1dfe33]
V  [jvm.dll+0x247c42]
V  [jvm.dll+0x2470cf]
V  [jvm.dll+0x1c760e]
V  [jvm.dll+0x25695a]
V  [jvm.dll+0x254efa]
V  [jvm.dll+0x3f03f6]
V  [jvm.dll+0x851f6b]
V  [jvm.dll+0x6cc7dd]
C  [ucrtbase.dll+0x21bb2]
C  [KERNEL32.DLL+0x17374]
C  [ntdll.dll+0x4cc91]


---------------  P R O C E S S  ---------------

Threads class SMR info:
_java_thread_list=0x000001c0f0763010, length=43, elements={
0x000001c0d9225080, 0x000001c0ef73a270, 0x000001c0ef73bb70, 0x000001c0ef73d470,
0x000001c0ef73e600, 0x000001c0ef741610, 0x000001c0ef745f00, 0x000001c0ef74ed10,
0x000001c0ef757640, 0x000001c0db47d840, 0x000001c0f0709280, 0x000001c0f5595370,
0x000001c0f57fddf0, 0x000001c0f5960400, 0x000001c0f591afe0, 0x000001c0f574f9a0,
0x000001c0f5dc0f90, 0x000001c0f59b9c40, 0x000001c0f59b6e50, 0x000001c0f59b74e0,
0x000001c0f59b8200, 0x000001c0f59b8f20, 0x000001c0f59b95b0, 0x000001c0f59b7b70,
0x000001c0f59b8890, 0x000001c0f9740df0, 0x000001c0f9743550, 0x000001c0f973d2e0,
0x000001c0f97400d0, 0x000001c0f973e690, 0x000001c0f9741480, 0x000001c0f9743be0,
0x000001c0f9744270, 0x000001c0f9740760, 0x000001c0f973e000, 0x000001c0f973ed20,
0x000001c0f973f3b0, 0x000001c0f973fa40, 0x000001c0f9742830, 0x000001c0f611f750,
0x000001c0f611bc40, 0x000001c0f611dd10, 0x000001c0f0753190
}

Java Threads: ( => current thread )
  0x000001c0d9225080 JavaThread "main"                              [_thread_blocked, id=16004, stack(0x00000039b2900000,0x00000039b2a00000) (1024K)]
  0x000001c0ef73a270 JavaThread "Reference Handler"          daemon [_thread_blocked, id=11508, stack(0x00000039b2d00000,0x00000039b2e00000) (1024K)]
  0x000001c0ef73bb70 JavaThread "Finalizer"                  daemon [_thread_blocked, id=10600, stack(0x00000039b2e00000,0x00000039b2f00000) (1024K)]
  0x000001c0ef73d470 JavaThread "Signal Dispatcher"          daemon [_thread_blocked, id=11208, stack(0x00000039b2f00000,0x00000039b3000000) (1024K)]
  0x000001c0ef73e600 JavaThread "Attach Listener"            daemon [_thread_blocked, id=15916, stack(0x00000039b3000000,0x00000039b3100000) (1024K)]
  0x000001c0ef741610 JavaThread "Service Thread"             daemon [_thread_blocked, id=9560, stack(0x00000039b3100000,0x00000039b3200000) (1024K)]
  0x000001c0ef745f00 JavaThread "Monitor Deflation Thread"   daemon [_thread_blocked, id=420, stack(0x00000039b3200000,0x00000039b3300000) (1024K)]
  0x000001c0ef74ed10 JavaThread "C2 CompilerThread0"         daemon [_thread_blocked, id=13960, stack(0x00000039b3300000,0x00000039b3400000) (1024K)]
  0x000001c0ef757640 JavaThread "C1 CompilerThread0"         daemon [_thread_blocked, id=8852, stack(0x00000039b3400000,0x00000039b3500000) (1024K)]
  0x000001c0db47d840 JavaThread "Common-Cleaner"             daemon [_thread_blocked, id=15252, stack(0x00000039b3500000,0x00000039b3600000) (1024K)]
  0x000001c0f0709280 JavaThread "Notification Thread"        daemon [_thread_blocked, id=14412, stack(0x00000039b3600000,0x00000039b3700000) (1024K)]
  0x000001c0f5595370 JavaThread "Active Thread: Equinox Container: d0a8da22-bcb4-4bdb-bfc5-6f0861ddbe0d"        [_thread_blocked, id=11288, stack(0x00000039b3700000,0x00000039b3800000) (1024K)]
  0x000001c0f57fddf0 JavaThread "Refresh Thread: Equinox Container: d0a8da22-bcb4-4bdb-bfc5-6f0861ddbe0d" daemon [_thread_blocked, id=16200, stack(0x00000039b3c00000,0x00000039b3d00000) (1024K)]
  0x000001c0f5960400 JavaThread "Framework Event Dispatcher: Equinox Container: d0a8da22-bcb4-4bdb-bfc5-6f0861ddbe0d" daemon [_thread_blocked, id=11292, stack(0x00000039b3d00000,0x00000039b3e00000) (1024K)]
  0x000001c0f591afe0 JavaThread "Start Level: Equinox Container: d0a8da22-bcb4-4bdb-bfc5-6f0861ddbe0d" daemon [_thread_blocked, id=13828, stack(0x00000039b3e00000,0x00000039b3f00000) (1024K)]
  0x000001c0f574f9a0 JavaThread "Bundle File Closer"         daemon [_thread_blocked, id=8228, stack(0x00000039b3f00000,0x00000039b4000000) (1024K)]
  0x000001c0f5dc0f90 JavaThread "SCR Component Actor"        daemon [_thread_blocked, id=7840, stack(0x00000039b4000000,0x00000039b4100000) (1024K)]
  0x000001c0f59b9c40 JavaThread "Worker-JM"                         [_thread_blocked, id=15256, stack(0x00000039b4100000,0x00000039b4200000) (1024K)]
  0x000001c0f59b6e50 JavaThread "JNA Cleaner"                daemon [_thread_blocked, id=7340, stack(0x00000039b4200000,0x00000039b4300000) (1024K)]
  0x000001c0f59b74e0 JavaThread "Worker-0"                          [_thread_blocked, id=14440, stack(0x00000039b4300000,0x00000039b4400000) (1024K)]
  0x000001c0f59b8200 JavaThread "Worker-1"                          [_thread_blocked, id=13748, stack(0x00000039b4400000,0x00000039b4500000) (1024K)]
  0x000001c0f59b8f20 JavaThread "Worker-2"                          [_thread_blocked, id=14312, stack(0x00000039b4500000,0x00000039b4600000) (1024K)]
  0x000001c0f59b95b0 JavaThread "Java indexing"              daemon [_thread_blocked, id=8552, stack(0x00000039b4700000,0x00000039b4800000) (1024K)]
  0x000001c0f59b7b70 JavaThread "Worker-3: Building"                [_thread_in_native, id=6312, stack(0x00000039b4900000,0x00000039b4a00000) (1024K)]
  0x000001c0f59b8890 JavaThread "Worker-4: Java indexing... "        [_thread_blocked, id=2060, stack(0x00000039b4a00000,0x00000039b4b00000) (1024K)]
  0x000001c0f9740df0 JavaThread "Thread-2"                   daemon [_thread_in_native, id=5080, stack(0x00000039b4b00000,0x00000039b4c00000) (1024K)]
  0x000001c0f9743550 JavaThread "Thread-3"                   daemon [_thread_in_native, id=2196, stack(0x00000039b4c00000,0x00000039b4d00000) (1024K)]
  0x000001c0f973d2e0 JavaThread "Thread-4"                   daemon [_thread_in_native, id=12724, stack(0x00000039b4d00000,0x00000039b4e00000) (1024K)]
  0x000001c0f97400d0 JavaThread "Thread-5"                   daemon [_thread_in_native, id=1172, stack(0x00000039b4e00000,0x00000039b4f00000) (1024K)]
  0x000001c0f973e690 JavaThread "Thread-6"                   daemon [_thread_in_native, id=12532, stack(0x00000039b4f00000,0x00000039b5000000) (1024K)]
  0x000001c0f9741480 JavaThread "pool-2-thread-1"                   [_thread_blocked, id=1300, stack(0x00000039b5000000,0x00000039b5100000) (1024K)]
  0x000001c0f9743be0 JavaThread "WorkspaceEventsHandler"            [_thread_blocked, id=14300, stack(0x00000039b5100000,0x00000039b5200000) (1024K)]
  0x000001c0f9744270 JavaThread "pool-1-thread-1"                   [_thread_blocked, id=12604, stack(0x00000039b5200000,0x00000039b5300000) (1024K)]
  0x000001c0f9740760 JavaThread "LocalFile Deleter"          daemon [_thread_blocked, id=14688, stack(0x00000039b5300000,0x00000039b5400000) (1024K)]
  0x000001c0f973e000 JavaThread "LocalFile Deleter"          daemon [_thread_blocked, id=15536, stack(0x00000039b5400000,0x00000039b5500000) (1024K)]
  0x000001c0f973ed20 JavaThread "LocalFile Deleter"          daemon [_thread_blocked, id=15444, stack(0x00000039b5500000,0x00000039b5600000) (1024K)]
  0x000001c0f973f3b0 JavaThread "LocalFile Deleter"          daemon [_thread_blocked, id=7728, stack(0x00000039b5600000,0x00000039b5700000) (1024K)]
  0x000001c0f973fa40 JavaThread "Compiler Source File Reader" daemon [_thread_blocked, id=4052, stack(0x00000039b4600000,0x00000039b4700000) (1024K)]
  0x000001c0f9742830 JavaThread "Compiler Source File Reader" daemon [_thread_blocked, id=4948, stack(0x00000039b5700000,0x00000039b5800000) (1024K)]
  0x000001c0f611f750 JavaThread "Compiler Processing Task"   daemon [_thread_blocked, id=10692, stack(0x00000039b5900000,0x00000039b5a00000) (1024K)]
  0x000001c0f611bc40 JavaThread "Compiler Class File Writer" daemon [_thread_blocked, id=13592, stack(0x00000039b5800000,0x00000039b5900000) (1024K)]
  0x000001c0f611dd10 JavaThread "Compiler Class File Writer" daemon [_thread_blocked, id=11956, stack(0x00000039b5a00000,0x00000039b5b00000) (1024K)]
=>0x000001c0f0753190 JavaThread "C2 CompilerThread1"         daemon [_thread_in_native, id=2280, stack(0x00000039b5b00000,0x00000039b5c00000) (1024K)]
Total: 43

Other Threads:
  0x000001c0db4d04d0 VMThread "VM Thread"                           [id=11196, stack(0x00000039b2c00000,0x00000039b2d00000) (1024K)]
  0x000001c0db47c430 WatcherThread "VM Periodic Task Thread"        [id=7684, stack(0x00000039b2b00000,0x00000039b2c00000) (1024K)]
  0x000001c0db42f6f0 WorkerThread "GC Thread#0"                     [id=13136, stack(0x00000039b2a00000,0x00000039b2b00000) (1024K)]
  0x000001c0f5607d10 WorkerThread "GC Thread#1"                     [id=8804, stack(0x00000039b3800000,0x00000039b3900000) (1024K)]
  0x000001c0f5887140 WorkerThread "GC Thread#2"                     [id=2184, stack(0x00000039b3900000,0x00000039b3a00000) (1024K)]
  0x000001c0f58874e0 WorkerThread "GC Thread#3"                     [id=12944, stack(0x00000039b3a00000,0x00000039b3b00000) (1024K)]
Total: 6

Threads with active compile tasks:
C2 CompilerThread1  45390 11323 %     4       java.util.Properties::load0 @ 29 (249 bytes)
Total: 1

VM state: at safepoint (normal execution)

VM Mutex/Monitor currently owned by a thread:  ([mutex/lock_event])
[0x00007ffed627e308] Threads_lock - owner thread: 0x000001c0db4d04d0
[0x00007ffed627e408] Heap_lock - owner thread: 0x000001c0f59b95b0

Heap address: 0x00000000c0000000, size: 1024 MB, Compressed Oops mode: 32-bit

CDS archive(s) mapped at: [0x000001c080000000-0x000001c080ba0000-0x000001c080ba0000), size 12189696, SharedBaseAddress: 0x000001c080000000, ArchiveRelocationMode: 1.
Compressed class space mapped at: 0x000001c081000000-0x000001c0c1000000, reserved size: 1073741824
Narrow klass base: 0x000001c080000000, Narrow klass shift: 0, Narrow klass range: 0x100000000

GC Precious Log:
 CardTable entry size: 512
 CPUs: 4 total, 4 available
 Memory: 8089M
 Large Page Support: Disabled
 NUMA Support: Disabled
 Compressed Oops: Enabled (32-bit)
 Alignments: Space 512K, Generation 512K, Heap 2M
 Heap Min Capacity: 100M
 Heap Initial Capacity: 100M
 Heap Max Capacity: 1G
 Pre-touch: Disabled
 Parallel Workers: 4

Heap:
 PSYoungGen      total 12800K, used 12790K [0x00000000eab00000, 0x00000000ebb80000, 0x0000000100000000)
  eden space 9216K, 100% used [0x00000000eab00000,0x00000000eb400000,0x00000000eb400000)
  from space 3584K, 99% used [0x00000000eb480000,0x00000000eb7fd9e8,0x00000000eb800000)
  to   space 3584K, 97% used [0x00000000eb800000,0x00000000ebb6bfa8,0x00000000ebb80000)
 ParOldGen       total 206336K, used 206328K [0x00000000c0000000, 0x00000000cc980000, 0x00000000eab00000)
  object space 206336K, 99% used [0x00000000c0000000,0x00000000cc97e0c8,0x00000000cc980000)
 Metaspace       used 61227K, committed 62656K, reserved 1114112K
  class space    used 6246K, committed 6848K, reserved 1048576K

Card table byte_map: [0x000001c0dadd0000,0x000001c0dafe0000] _byte_map_base: 0x000001c0da7d0000

Marking Bits: (ParMarkBitMap*) 0x00007ffed62831f0
 Begin Bits: [0x000001c0ed610000, 0x000001c0ee610000)
 End Bits:   [0x000001c0ee610000, 0x000001c0ef610000)

Polling page: 0x000001c0d91e0000

Metaspace:

Usage:
  Non-class:     53.69 MB used.
      Class:      6.10 MB used.
       Both:     59.79 MB used.

Virtual space:
  Non-class space:       64.00 MB reserved,      54.50 MB ( 85%) committed,  1 nodes.
      Class space:        1.00 GB reserved,       6.69 MB ( <1%) committed,  1 nodes.
             Both:        1.06 GB reserved,      61.19 MB (  6%) committed. 

Chunk freelists:
   Non-Class:  9.27 MB
       Class:  9.35 MB
        Both:  18.61 MB

MaxMetaspaceSize: unlimited
CompressedClassSpaceSize: 1.00 GB
Initial GC threshold: 21.00 MB
Current GC threshold: 101.19 MB
CDS: on
 - commit_granule_bytes: 65536.
 - commit_granule_words: 8192.
 - virtual_space_node_default_size: 8388608.
 - enlarge_chunks_in_place: 1.
 - use_allocation_guard: 0.


Internal statistics:

num_allocs_failed_limit: 9.
num_arena_births: 1182.
num_arena_deaths: 16.
num_vsnodes_births: 2.
num_vsnodes_deaths: 0.
num_space_committed: 979.
num_space_uncommitted: 0.
num_chunks_returned_to_freelist: 25.
num_chunks_taken_from_freelist: 4024.
num_chunk_merges: 16.
num_chunk_splits: 2495.
num_chunks_enlarged: 1439.
num_inconsistent_stats: 0.

CodeHeap 'non-profiled nmethods': size=120000Kb used=6456Kb max_used=7323Kb free=113543Kb
 bounds [0x000001c0e60e0000, 0x000001c0e6810000, 0x000001c0ed610000]
CodeHeap 'profiled nmethods': size=120000Kb used=20140Kb max_used=23553Kb free=99859Kb
 bounds [0x000001c0de610000, 0x000001c0dfd20000, 0x000001c0e5b40000]
CodeHeap 'non-nmethods': size=5760Kb used=1416Kb max_used=1472Kb free=4343Kb
 bounds [0x000001c0e5b40000, 0x000001c0e5db0000, 0x000001c0e60e0000]
 total_blobs=10151 nmethods=9424 adapters=632
 compilation: enabled
              stopped_count=0, restarted_count=0
 full_count=0

Compilation events (20 events):
Event: 45.012 Thread 0x000001c0ef757640 nmethod 11438 0x000001c0deac2f10 code [0x000001c0deac3100, 0x000001c0deac3630]
Event: 45.012 Thread 0x000001c0ef757640 11439       3       org.apache.maven.model.merge.ModelMerger::mergeRepository (28 bytes)
Event: 45.012 Thread 0x000001c0ef757640 nmethod 11439 0x000001c0df80c610 code [0x000001c0df80c7e0, 0x000001c0df80cb78]
Event: 45.013 Thread 0x000001c0ef74ed10 11441       4       java.util.LinkedHashMap::valuesToArray (80 bytes)
Event: 45.013 Thread 0x000001c0ef757640 11440       3       org.apache.maven.model.merge.ModelMerger::mergeRepository_Releases (49 bytes)
Event: 45.013 Thread 0x000001c0ef757640 nmethod 11440 0x000001c0dedb6210 code [0x000001c0dedb63e0, 0x000001c0dedb6940]
Event: 45.025 Thread 0x000001c0ef74ed10 nmethod 11441 0x000001c0e6516390 code [0x000001c0e6516520, 0x000001c0e6516728]
Event: 45.026 Thread 0x000001c0ef757640 11442       3       org.codehaus.plexus.configuration.DefaultPlexusConfiguration::setAttribute (36 bytes)
Event: 45.028 Thread 0x000001c0ef757640 nmethod 11442 0x000001c0df22f110 code [0x000001c0df22f300, 0x000001c0df22f7b0]
Event: 45.028 Thread 0x000001c0ef757640 11443       3       org.apache.maven.plugin.descriptor.Parameter::<init> (10 bytes)
Event: 45.028 Thread 0x000001c0ef757640 nmethod 11443 0x000001c0dee90810 code [0x000001c0dee909c0, 0x000001c0dee90b28]
Event: 45.028 Thread 0x000001c0ef757640 11444       3       org.apache.maven.plugin.descriptor.MojoDescriptor::addParameter (75 bytes)
Event: 45.031 Thread 0x000001c0ef757640 nmethod 11444 0x000001c0de650510 code [0x000001c0de650820, 0x000001c0de651838]
Event: 45.041 Thread 0x000001c0ef757640 11445       3       java.util.ArrayList$ListItr::previous (59 bytes)
Event: 45.041 Thread 0x000001c0ef74ed10 11447       4       java.util.HashMap::keysToArray (81 bytes)
Event: 45.042 Thread 0x000001c0ef757640 nmethod 11445 0x000001c0df05f710 code [0x000001c0df05f900, 0x000001c0df05fdc0]
Event: 45.042 Thread 0x000001c0ef757640 11446       3       java.util.ArrayList$ListItr::hasPrevious (13 bytes)
Event: 45.042 Thread 0x000001c0ef757640 nmethod 11446 0x000001c0dec5b210 code [0x000001c0dec5b3a0, 0x000001c0dec5b500]
Event: 45.053 Thread 0x000001c0ef74ed10 nmethod 11447 0x000001c0e6515c10 code [0x000001c0e6515da0, 0x000001c0e6515fa0]
Event: 45.053 Thread 0x000001c0ef74ed10 11448   !   4       org.eclipse.osgi.internal.weaving.WovenClassImpl::callHooks (410 bytes)

GC Heap History (20 events):
Event: 42.204 GC heap before
{Heap before GC invocations=310 (full 4):
 PSYoungGen      total 10752K, used 10725K [0x00000000eab00000, 0x00000000eb780000, 0x0000000100000000)
  eden space 8704K, 100% used [0x00000000eab00000,0x00000000eb380000,0x00000000eb380000)
  from space 2048K, 98% used [0x00000000eb400000,0x00000000eb5f97e8,0x00000000eb600000)
  to   space 1536K, 0% used [0x00000000eb600000,0x00000000eb600000,0x00000000eb780000)
 ParOldGen       total 200192K, used 199928K [0x00000000c0000000, 0x00000000cc380000, 0x00000000eab00000)
  object space 200192K, 99% used [0x00000000c0000000,0x00000000cc33e3c0,0x00000000cc380000)
 Metaspace       used 60672K, committed 62144K, reserved 1114112K
  class space    used 6178K, committed 6784K, reserved 1048576K
}
Event: 42.208 GC heap after
{Heap after GC invocations=310 (full 4):
 PSYoungGen      total 10240K, used 1517K [0x00000000eab00000, 0x00000000eb780000, 0x0000000100000000)
  eden space 8704K, 0% used [0x00000000eab00000,0x00000000eab00000,0x00000000eb380000)
  from space 1536K, 98% used [0x00000000eb600000,0x00000000eb77b650,0x00000000eb780000)
  to   space 2048K, 0% used [0x00000000eb400000,0x00000000eb400000,0x00000000eb600000)
 ParOldGen       total 202752K, used 202240K [0x00000000c0000000, 0x00000000cc600000, 0x00000000eab00000)
  object space 202752K, 99% used [0x00000000c0000000,0x00000000cc580290,0x00000000cc600000)
 Metaspace       used 60672K, committed 62144K, reserved 1114112K
  class space    used 6178K, committed 6784K, reserved 1048576K
}
Event: 42.236 GC heap before
{Heap before GC invocations=311 (full 4):
 PSYoungGen      total 10240K, used 10221K [0x00000000eab00000, 0x00000000eb780000, 0x0000000100000000)
  eden space 8704K, 100% used [0x00000000eab00000,0x00000000eb380000,0x00000000eb380000)
  from space 1536K, 98% used [0x00000000eb600000,0x00000000eb77b650,0x00000000eb780000)
  to   space 2048K, 0% used [0x00000000eb400000,0x00000000eb400000,0x00000000eb600000)
 ParOldGen       total 202752K, used 202240K [0x00000000c0000000, 0x00000000cc600000, 0x00000000eab00000)
  object space 202752K, 99% used [0x00000000c0000000,0x00000000cc580290,0x00000000cc600000)
 Metaspace       used 60680K, committed 62144K, reserved 1114112K
  class space    used 6178K, committed 6784K, reserved 1048576K
}
Event: 42.239 GC heap after
{Heap after GC invocations=311 (full 4):
 PSYoungGen      total 10752K, used 2048K [0x00000000eab00000, 0x00000000eb780000, 0x0000000100000000)
  eden space 8704K, 0% used [0x00000000eab00000,0x00000000eab00000,0x00000000eb380000)
  from space 2048K, 100% used [0x00000000eb400000,0x00000000eb600000,0x00000000eb600000)
  to   space 1536K, 0% used [0x00000000eb600000,0x00000000eb600000,0x00000000eb780000)
 ParOldGen       total 203776K, used 203766K [0x00000000c0000000, 0x00000000cc700000, 0x00000000eab00000)
  object space 203776K, 99% used [0x00000000c0000000,0x00000000cc6fd890,0x00000000cc700000)
 Metaspace       used 60680K, committed 62144K, reserved 1114112K
  class space    used 6178K, committed 6784K, reserved 1048576K
}
Event: 42.258 GC heap before
{Heap before GC invocations=312 (full 4):
 PSYoungGen      total 10752K, used 10752K [0x00000000eab00000, 0x00000000eb780000, 0x0000000100000000)
  eden space 8704K, 100% used [0x00000000eab00000,0x00000000eb380000,0x00000000eb380000)
  from space 2048K, 100% used [0x00000000eb400000,0x00000000eb600000,0x00000000eb600000)
  to   space 1536K, 0% used [0x00000000eb600000,0x00000000eb600000,0x00000000eb780000)
 ParOldGen       total 203776K, used 203766K [0x00000000c0000000, 0x00000000cc700000, 0x00000000eab00000)
  object space 203776K, 99% used [0x00000000c0000000,0x00000000cc6fd890,0x00000000cc700000)
 Metaspace       used 60680K, committed 62144K, reserved 1114112K
  class space    used 6178K, committed 6784K, reserved 1048576K
}
Event: 42.262 GC heap after
{Heap after GC invocations=312 (full 4):
 PSYoungGen      total 10752K, used 10752K [0x00000000eab00000, 0x00000000eb780000, 0x0000000100000000)
  eden space 8704K, 100% used [0x00000000eab00000,0x00000000eb380000,0x00000000eb380000)
  from space 2048K, 100% used [0x00000000eb400000,0x00000000eb600000,0x00000000eb600000)
  to   space 1536K, 100% used [0x00000000eb600000,0x00000000eb780000,0x00000000eb780000)
 ParOldGen       total 205312K, used 205309K [0x00000000c0000000, 0x00000000cc880000, 0x00000000eab00000)
  object space 205312K, 99% used [0x00000000c0000000,0x00000000cc87f628,0x00000000cc880000)
 Metaspace       used 60680K, committed 62144K, reserved 1114112K
  class space    used 6178K, committed 6784K, reserved 1048576K
}
Event: 42.262 GC heap before
{Heap before GC invocations=313 (full 5):
 PSYoungGen      total 10752K, used 10752K [0x00000000eab00000, 0x00000000eb780000, 0x0000000100000000)
  eden space 8704K, 100% used [0x00000000eab00000,0x00000000eb380000,0x00000000eb380000)
  from space 2048K, 100% used [0x00000000eb400000,0x00000000eb600000,0x00000000eb600000)
  to   space 1536K, 100% used [0x00000000eb600000,0x00000000eb780000,0x00000000eb780000)
 ParOldGen       total 205312K, used 205309K [0x00000000c0000000, 0x00000000cc880000, 0x00000000eab00000)
  object space 205312K, 99% used [0x00000000c0000000,0x00000000cc87f628,0x00000000cc880000)
 Metaspace       used 60680K, committed 62144K, reserved 1114112K
  class space    used 6178K, committed 6784K, reserved 1048576K
}
Event: 43.126 GC heap after
{Heap after GC invocations=313 (full 5):
 PSYoungGen      total 8704K, used 0K [0x00000000eab00000, 0x00000000ebc80000, 0x0000000100000000)
  eden space 7168K, 0% used [0x00000000eab00000,0x00000000eab00000,0x00000000eb200000)
  from space 1536K, 0% used [0x00000000eb600000,0x00000000eb600000,0x00000000eb780000)
  to   space 4096K, 0% used [0x00000000eb200000,0x00000000eb200000,0x00000000eb600000)
 ParOldGen       total 205312K, used 198551K [0x00000000c0000000, 0x00000000cc880000, 0x00000000eab00000)
  object space 205312K, 96% used [0x00000000c0000000,0x00000000cc1e5e60,0x00000000cc880000)
 Metaspace       used 60680K, committed 62144K, reserved 1114112K
  class space    used 6178K, committed 6784K, reserved 1048576K
}
Event: 43.270 GC heap before
{Heap before GC invocations=314 (full 5):
 PSYoungGen      total 8704K, used 7168K [0x00000000eab00000, 0x00000000ebc80000, 0x0000000100000000)
  eden space 7168K, 100% used [0x00000000eab00000,0x00000000eb200000,0x00000000eb200000)
  from space 1536K, 0% used [0x00000000eb600000,0x00000000eb600000,0x00000000eb780000)
  to   space 4096K, 0% used [0x00000000eb200000,0x00000000eb200000,0x00000000eb600000)
 ParOldGen       total 205312K, used 198551K [0x00000000c0000000, 0x00000000cc880000, 0x00000000eab00000)
  object space 205312K, 96% used [0x00000000c0000000,0x00000000cc1e5e60,0x00000000cc880000)
 Metaspace       used 60683K, committed 62144K, reserved 1114112K
  class space    used 6178K, committed 6784K, reserved 1048576K
}
Event: 43.277 GC heap after
{Heap after GC invocations=314 (full 5):
 PSYoungGen      total 9216K, used 1705K [0x00000000eab00000, 0x00000000eb780000, 0x0000000100000000)
  eden space 7168K, 0% used [0x00000000eab00000,0x00000000eab00000,0x00000000eb200000)
  from space 2048K, 83% used [0x00000000eb200000,0x00000000eb3aa418,0x00000000eb400000)
  to   space 2560K, 0% used [0x00000000eb500000,0x00000000eb500000,0x00000000eb780000)
 ParOldGen       total 205312K, used 198551K [0x00000000c0000000, 0x00000000cc880000, 0x00000000eab00000)
  object space 205312K, 96% used [0x00000000c0000000,0x00000000cc1e5e60,0x00000000cc880000)
 Metaspace       used 60683K, committed 62144K, reserved 1114112K
  class space    used 6178K, committed 6784K, reserved 1048576K
}
Event: 43.611 GC heap before
{Heap before GC invocations=315 (full 5):
 PSYoungGen      total 9216K, used 8873K [0x00000000eab00000, 0x00000000eb780000, 0x0000000100000000)
  eden space 7168K, 100% used [0x00000000eab00000,0x00000000eb200000,0x00000000eb200000)
  from space 2048K, 83% used [0x00000000eb200000,0x00000000eb3aa418,0x00000000eb400000)
  to   space 2560K, 0% used [0x00000000eb500000,0x00000000eb500000,0x00000000eb780000)
 ParOldGen       total 205312K, used 198551K [0x00000000c0000000, 0x00000000cc880000, 0x00000000eab00000)
  object space 205312K, 96% used [0x00000000c0000000,0x00000000cc1e5e60,0x00000000cc880000)
 Metaspace       used 60742K, committed 62208K, reserved 1114112K
  class space    used 6181K, committed 6784K, reserved 1048576K
}
Event: 43.619 GC heap after
{Heap after GC invocations=315 (full 5):
 PSYoungGen      total 10240K, used 2395K [0x00000000eab00000, 0x00000000eb780000, 0x0000000100000000)
  eden space 7680K, 0% used [0x00000000eab00000,0x00000000eab00000,0x00000000eb280000)
  from space 2560K, 93% used [0x00000000eb500000,0x00000000eb756e38,0x00000000eb780000)
  to   space 2560K, 0% used [0x00000000eb280000,0x00000000eb280000,0x00000000eb500000)
 ParOldGen       total 205312K, used 198559K [0x00000000c0000000, 0x00000000cc880000, 0x00000000eab00000)
  object space 205312K, 96% used [0x00000000c0000000,0x00000000cc1e7e60,0x00000000cc880000)
 Metaspace       used 60742K, committed 62208K, reserved 1114112K
  class space    used 6181K, committed 6784K, reserved 1048576K
}
Event: 44.386 GC heap before
{Heap before GC invocations=316 (full 5):
 PSYoungGen      total 10240K, used 10075K [0x00000000eab00000, 0x00000000eb780000, 0x0000000100000000)
  eden space 7680K, 99% used [0x00000000eab00000,0x00000000eb27fff8,0x00000000eb280000)
  from space 2560K, 93% used [0x00000000eb500000,0x00000000eb756e38,0x00000000eb780000)
  to   space 2560K, 0% used [0x00000000eb280000,0x00000000eb280000,0x00000000eb500000)
 ParOldGen       total 205312K, used 198559K [0x00000000c0000000, 0x00000000cc880000, 0x00000000eab00000)
  object space 205312K, 96% used [0x00000000c0000000,0x00000000cc1e7e60,0x00000000cc880000)
 Metaspace       used 60760K, committed 62208K, reserved 1114112K
  class space    used 6181K, committed 6784K, reserved 1048576K
}
Event: 44.394 GC heap after
{Heap after GC invocations=316 (full 5):
 PSYoungGen      total 10240K, used 2557K [0x00000000eab00000, 0x00000000ebb00000, 0x0000000100000000)
  eden space 7680K, 0% used [0x00000000eab00000,0x00000000eab00000,0x00000000eb280000)
  from space 2560K, 99% used [0x00000000eb280000,0x00000000eb4ff5b8,0x00000000eb500000)
  to   space 4096K, 0% used [0x00000000eb700000,0x00000000eb700000,0x00000000ebb00000)
 ParOldGen       total 205312K, used 199660K [0x00000000c0000000, 0x00000000cc880000, 0x00000000eab00000)
  object space 205312K, 97% used [0x00000000c0000000,0x00000000cc2fb358,0x00000000cc880000)
 Metaspace       used 60760K, committed 62208K, reserved 1114112K
  class space    used 6181K, committed 6784K, reserved 1048576K
}
Event: 44.665 GC heap before
{Heap before GC invocations=317 (full 5):
 PSYoungGen      total 10240K, used 10221K [0x00000000eab00000, 0x00000000ebb00000, 0x0000000100000000)
  eden space 7680K, 99% used [0x00000000eab00000,0x00000000eb27c240,0x00000000eb280000)
  from space 2560K, 99% used [0x00000000eb280000,0x00000000eb4ff5b8,0x00000000eb500000)
  to   space 4096K, 0% used [0x00000000eb700000,0x00000000eb700000,0x00000000ebb00000)
 ParOldGen       total 205312K, used 199660K [0x00000000c0000000, 0x00000000cc880000, 0x00000000eab00000)
  object space 205312K, 97% used [0x00000000c0000000,0x00000000cc2fb358,0x00000000cc880000)
 Metaspace       used 61100K, committed 62592K, reserved 1114112K
  class space    used 6222K, committed 6848K, reserved 1048576K
}
Event: 44.676 GC heap after
{Heap after GC invocations=317 (full 5):
 PSYoungGen      total 10752K, used 2528K [0x00000000eab00000, 0x00000000eb980000, 0x0000000100000000)
  eden space 8192K, 0% used [0x00000000eab00000,0x00000000eab00000,0x00000000eb300000)
  from space 2560K, 98% used [0x00000000eb700000,0x00000000eb978020,0x00000000eb980000)
  to   space 3072K, 0% used [0x00000000eb380000,0x00000000eb380000,0x00000000eb680000)
 ParOldGen       total 205312K, used 201323K [0x00000000c0000000, 0x00000000cc880000, 0x00000000eab00000)
  object space 205312K, 98% used [0x00000000c0000000,0x00000000cc49ade0,0x00000000cc880000)
 Metaspace       used 61100K, committed 62592K, reserved 1114112K
  class space    used 6222K, committed 6848K, reserved 1048576K
}
Event: 44.862 GC heap before
{Heap before GC invocations=318 (full 5):
 PSYoungGen      total 10752K, used 10720K [0x00000000eab00000, 0x00000000eb980000, 0x0000000100000000)
  eden space 8192K, 100% used [0x00000000eab00000,0x00000000eb300000,0x00000000eb300000)
  from space 2560K, 98% used [0x00000000eb700000,0x00000000eb978020,0x00000000eb980000)
  to   space 3072K, 0% used [0x00000000eb380000,0x00000000eb380000,0x00000000eb680000)
 ParOldGen       total 205312K, used 201323K [0x00000000c0000000, 0x00000000cc880000, 0x00000000eab00000)
  object space 205312K, 98% used [0x00000000c0000000,0x00000000cc49ade0,0x00000000cc880000)
 Metaspace       used 61184K, committed 62592K, reserved 1114112K
  class space    used 6239K, committed 6848K, reserved 1048576K
}
Event: 44.873 GC heap after
{Heap after GC invocations=318 (full 5):
 PSYoungGen      total 11776K, used 3050K [0x00000000eab00000, 0x00000000ebc80000, 0x0000000100000000)
  eden space 8704K, 0% used [0x00000000eab00000,0x00000000eab00000,0x00000000eb380000)
  from space 3072K, 99% used [0x00000000eb380000,0x00000000eb67aab8,0x00000000eb680000)
  to   space 4608K, 0% used [0x00000000eb800000,0x00000000eb800000,0x00000000ebc80000)
 ParOldGen       total 205312K, used 202289K [0x00000000c0000000, 0x00000000cc880000, 0x00000000eab00000)
  object space 205312K, 98% used [0x00000000c0000000,0x00000000cc58c420,0x00000000cc880000)
 Metaspace       used 61184K, committed 62592K, reserved 1114112K
  class space    used 6239K, committed 6848K, reserved 1048576K
}
Event: 44.997 GC heap before
{Heap before GC invocations=319 (full 5):
 PSYoungGen      total 11776K, used 11754K [0x00000000eab00000, 0x00000000ebc80000, 0x0000000100000000)
  eden space 8704K, 100% used [0x00000000eab00000,0x00000000eb380000,0x00000000eb380000)
  from space 3072K, 99% used [0x00000000eb380000,0x00000000eb67aab8,0x00000000eb680000)
  to   space 4608K, 0% used [0x00000000eb800000,0x00000000eb800000,0x00000000ebc80000)
 ParOldGen       total 205312K, used 202289K [0x00000000c0000000, 0x00000000cc880000, 0x00000000eab00000)
  object space 205312K, 98% used [0x00000000c0000000,0x00000000cc58c420,0x00000000cc880000)
 Metaspace       used 61194K, committed 62656K, reserved 1114112K
  class space    used 6240K, committed 6848K, reserved 1048576K
}
Event: 45.007 GC heap after
{Heap after GC invocations=319 (full 5):
 PSYoungGen      total 12800K, used 3286K [0x00000000eab00000, 0x00000000ebb80000, 0x0000000100000000)
  eden space 9216K, 0% used [0x00000000eab00000,0x00000000eab00000,0x00000000eb400000)
  from space 3584K, 91% used [0x00000000eb800000,0x00000000ebb35a08,0x00000000ebb80000)
  to   space 3584K, 0% used [0x00000000eb480000,0x00000000eb480000,0x00000000eb800000)
 ParOldGen       total 205312K, used 204126K [0x00000000c0000000, 0x00000000cc880000, 0x00000000eab00000)
  object space 205312K, 99% used [0x00000000c0000000,0x00000000cc7578f8,0x00000000cc880000)
 Metaspace       used 61194K, committed 62656K, reserved 1114112K
  class space    used 6240K, committed 6848K, reserved 1048576K
}

Dll operation events (10 events):
Event: 0.036 Loaded shared library c:\Users\SERGE\.vscode\extensions\redhat.java-1.42.0-win32-x64\jre\21.0.7-win32-x86_64\bin\java.dll
Event: 0.514 Loaded shared library c:\Users\SERGE\.vscode\extensions\redhat.java-1.42.0-win32-x64\jre\21.0.7-win32-x86_64\bin\zip.dll
Event: 0.619 Loaded shared library C:\Users\SERGE\.vscode\extensions\redhat.java-1.42.0-win32-x64\jre\21.0.7-win32-x86_64\bin\instrument.dll
Event: 0.643 Loaded shared library C:\Users\SERGE\.vscode\extensions\redhat.java-1.42.0-win32-x64\jre\21.0.7-win32-x86_64\bin\net.dll
Event: 0.652 Loaded shared library C:\Users\SERGE\.vscode\extensions\redhat.java-1.42.0-win32-x64\jre\21.0.7-win32-x86_64\bin\nio.dll
Event: 0.667 Loaded shared library C:\Users\SERGE\.vscode\extensions\redhat.java-1.42.0-win32-x64\jre\21.0.7-win32-x86_64\bin\zip.dll
Event: 0.819 Loaded shared library C:\Users\SERGE\.vscode\extensions\redhat.java-1.42.0-win32-x64\jre\21.0.7-win32-x86_64\bin\jimage.dll
Event: 1.291 Loaded shared library c:\Users\SERGE\.vscode\extensions\redhat.java-1.42.0-win32-x64\jre\21.0.7-win32-x86_64\bin\verify.dll
Event: 6.299 Loaded shared library C:\Users\SERGE\AppData\Roaming\Code\User\globalStorage\redhat.java\1.42.0\config_win\org.eclipse.equinox.launcher\org.eclipse.equinox.launcher.win32.win32.x86_64_1.2.1300.v20250331-1702\eclipse_11911.dll
Event: 12.105 Loaded shared library C:\Users\SERGE\AppData\Local\Temp\jna-78788894\jna3493016040908068859.dll

Deoptimization events (20 events):
Event: 45.016 Thread 0x000001c0f59b7b70 Uncommon trap: trap_request=0xffffffc6 fr.pc=0x000001c0e6735f40 relative=0x0000000000000520
Event: 45.016 Thread 0x000001c0f59b7b70 Uncommon trap: reason=bimorphic_or_optimized_type_check action=maybe_recompile pc=0x000001c0e6735f40 method=java.util.Collections$UnmodifiableCollection.contains(Ljava/lang/Object;)Z @ 5 c2
Event: 45.016 Thread 0x000001c0f59b7b70 DEOPT PACKING pc=0x000001c0e6735f40 sp=0x00000039b49fd9e0
Event: 45.016 Thread 0x000001c0f59b7b70 DEOPT UNPACKING pc=0x000001c0e5b93aa2 sp=0x00000039b49fd988 mode 2
Event: 45.016 Thread 0x000001c0f59b7b70 Uncommon trap: trap_request=0xffffffc6 fr.pc=0x000001c0e6735f40 relative=0x0000000000000520
Event: 45.016 Thread 0x000001c0f59b7b70 Uncommon trap: reason=bimorphic_or_optimized_type_check action=maybe_recompile pc=0x000001c0e6735f40 method=java.util.Collections$UnmodifiableCollection.contains(Ljava/lang/Object;)Z @ 5 c2
Event: 45.016 Thread 0x000001c0f59b7b70 DEOPT PACKING pc=0x000001c0e6735f40 sp=0x00000039b49fd9e0
Event: 45.016 Thread 0x000001c0f59b7b70 DEOPT UNPACKING pc=0x000001c0e5b93aa2 sp=0x00000039b49fd988 mode 2
Event: 45.016 Thread 0x000001c0f59b7b70 Uncommon trap: trap_request=0xffffffc6 fr.pc=0x000001c0e6735f40 relative=0x0000000000000520
Event: 45.016 Thread 0x000001c0f59b7b70 Uncommon trap: reason=bimorphic_or_optimized_type_check action=maybe_recompile pc=0x000001c0e6735f40 method=java.util.Collections$UnmodifiableCollection.contains(Ljava/lang/Object;)Z @ 5 c2
Event: 45.016 Thread 0x000001c0f59b7b70 DEOPT PACKING pc=0x000001c0e6735f40 sp=0x00000039b49fd9e0
Event: 45.016 Thread 0x000001c0f59b7b70 DEOPT UNPACKING pc=0x000001c0e5b93aa2 sp=0x00000039b49fd988 mode 2
Event: 45.016 Thread 0x000001c0f59b7b70 Uncommon trap: trap_request=0xffffffc6 fr.pc=0x000001c0e6735f40 relative=0x0000000000000520
Event: 45.016 Thread 0x000001c0f59b7b70 Uncommon trap: reason=bimorphic_or_optimized_type_check action=maybe_recompile pc=0x000001c0e6735f40 method=java.util.Collections$UnmodifiableCollection.contains(Ljava/lang/Object;)Z @ 5 c2
Event: 45.016 Thread 0x000001c0f59b7b70 DEOPT PACKING pc=0x000001c0e6735f40 sp=0x00000039b49fd9e0
Event: 45.016 Thread 0x000001c0f59b7b70 DEOPT UNPACKING pc=0x000001c0e5b93aa2 sp=0x00000039b49fd988 mode 2
Event: 45.030 Thread 0x000001c0f59b7b70 Uncommon trap: trap_request=0xffffff76 fr.pc=0x000001c0e651668c relative=0x000000000000016c
Event: 45.030 Thread 0x000001c0f59b7b70 Uncommon trap: reason=predicate action=maybe_recompile pc=0x000001c0e651668c method=java.util.LinkedHashMap.valuesToArray([Ljava/lang/Object;Z)[Ljava/lang/Object; @ 53 c2
Event: 45.030 Thread 0x000001c0f59b7b70 DEOPT PACKING pc=0x000001c0e651668c sp=0x00000039b49fd380
Event: 45.030 Thread 0x000001c0f59b7b70 DEOPT UNPACKING pc=0x000001c0e5b93aa2 sp=0x00000039b49fd310 mode 2

Classes loaded (20 events):
Event: 31.806 Loading class java/util/stream/Nodes$IntArrayNode done
Event: 31.807 Loading class java/util/stream/Nodes$IntFixedNodeBuilder done
Event: 31.807 Loading class java/util/stream/ReferencePipeline$4$1
Event: 31.807 Loading class java/util/stream/ReferencePipeline$4$1 done
Event: 32.434 Loading class jdk/internal/module/IllegalAccessLogger
Event: 32.434 Loading class jdk/internal/module/IllegalAccessLogger done
Event: 38.975 Loading class sun/nio/cs/ISO_8859_1$Encoder
Event: 38.976 Loading class sun/nio/cs/ISO_8859_1$Encoder done
Event: 38.976 Loading class sun/nio/cs/Surrogate$Parser
Event: 38.976 Loading class sun/nio/cs/Surrogate$Parser done
Event: 38.976 Loading class sun/nio/cs/Surrogate
Event: 38.976 Loading class sun/nio/cs/Surrogate done
Event: 44.415 Loading class java/util/stream/DistinctOps
Event: 44.415 Loading class java/util/stream/DistinctOps done
Event: 44.415 Loading class java/util/stream/DistinctOps$1
Event: 44.416 Loading class java/util/stream/DistinctOps$1 done
Event: 44.416 Loading class java/util/stream/DistinctOps$1$2
Event: 44.417 Loading class java/util/stream/DistinctOps$1$2 done
Event: 44.429 Loading class java/util/Collections$2
Event: 44.430 Loading class java/util/Collections$2 done

Classes unloaded (8 events):
Event: 13.760 Thread 0x000001c0db4d04d0 Unloading class 0x000001c0811a5400 'java/lang/invoke/LambdaForm$MH+0x000001c0811a5400'
Event: 13.760 Thread 0x000001c0db4d04d0 Unloading class 0x000001c0811a5000 'java/lang/invoke/LambdaForm$MH+0x000001c0811a5000'
Event: 13.760 Thread 0x000001c0db4d04d0 Unloading class 0x000001c0811a4c00 'java/lang/invoke/LambdaForm$MH+0x000001c0811a4c00'
Event: 13.760 Thread 0x000001c0db4d04d0 Unloading class 0x000001c0811a4800 'java/lang/invoke/LambdaForm$MH+0x000001c0811a4800'
Event: 13.760 Thread 0x000001c0db4d04d0 Unloading class 0x000001c0811a4400 'java/lang/invoke/LambdaForm$BMH+0x000001c0811a4400'
Event: 13.760 Thread 0x000001c0db4d04d0 Unloading class 0x000001c0811a4000 'java/lang/invoke/LambdaForm$DMH+0x000001c0811a4000'
Event: 13.760 Thread 0x000001c0db4d04d0 Unloading class 0x000001c0811a2c00 'java/lang/invoke/LambdaForm$DMH+0x000001c0811a2c00'
Event: 40.824 Thread 0x000001c0db4d04d0 Unloading class 0x000001c081694800 'java/lang/invoke/LambdaForm$DMH+0x000001c081694800'

Classes redefined (0 events):
No events

Internal exceptions (20 events):
Event: 30.705 Thread 0x000001c0f611f750 Exception <a 'java/lang/NoSuchMethodError'{0x00000000eb90aa90}: 'void java.lang.invoke.DirectMethodHandle$Holder.invokeStatic(java.lang.Object, int, java.lang.Object)'> (0x00000000eb90aa90) 
thrown [s\src\hotspot\share\interpreter\linkResolver.cpp, line 773]
Event: 30.790 Thread 0x000001c0f59b7b70 Exception <a 'java/lang/NoSuchMethodError'{0x00000000eba00210}: 'java.lang.Object java.lang.invoke.DirectMethodHandle$Holder.newInvokeSpecial(java.lang.Object, java.lang.Object, int, int, java.lang.Object)'> (0x00000000eba00210) 
thrown [s\src\hotspot\share\interpreter\linkResolver.cpp, line 773]
Event: 31.625 Thread 0x000001c0f611f750 Implicit null exception at 0x000001c0e65594a5 to 0x000001c0e6559814
Event: 31.628 Thread 0x000001c0f611f750 Implicit null exception at 0x000001c0e65528a6 to 0x000001c0e6552efc
Event: 32.203 Thread 0x000001c0f59b7b70 Exception <a 'sun/nio/fs/WindowsException'{0x00000000eab043d8}> (0x00000000eab043d8) 
thrown [s\src\hotspot\share\prims\jni.cpp, line 520]
Event: 32.204 Thread 0x000001c0f9740760 Exception <a 'sun/nio/fs/WindowsException'{0x00000000eab1e4c0}> (0x00000000eab1e4c0) 
thrown [s\src\hotspot\share\prims\jni.cpp, line 520]
Event: 32.204 Thread 0x000001c0f9740760 Exception <a 'sun/nio/fs/WindowsException'{0x00000000eab1f428}> (0x00000000eab1f428) 
thrown [s\src\hotspot\share\prims\jni.cpp, line 520]
Event: 32.512 Thread 0x000001c0f59b7b70 Exception <a 'sun/nio/fs/WindowsException'{0x00000000eab6c518}> (0x00000000eab6c518) 
thrown [s\src\hotspot\share\prims\jni.cpp, line 520]
Event: 32.512 Thread 0x000001c0f59b7b70 Exception <a 'sun/nio/fs/WindowsException'{0x00000000eab6cb48}> (0x00000000eab6cb48) 
thrown [s\src\hotspot\share\prims\jni.cpp, line 520]
Event: 33.603 Thread 0x000001c0f59b7b70 Exception <a 'java/lang/NoSuchMethodError'{0x00000000eb1b1150}: 'void java.lang.invoke.DirectMethodHandle$Holder.invokeStatic(java.lang.Object, java.lang.Object, java.lang.Object, int)'> (0x00000000eb1b1150) 
thrown [s\src\hotspot\share\interpreter\linkResolver.cpp, line 773]
Event: 33.616 Thread 0x000001c0f59b7b70 Exception <a 'java/lang/NoSuchMethodError'{0x00000000eab08b98}: 'void java.lang.invoke.DirectMethodHandle$Holder.invokeVirtual(java.lang.Object, java.lang.Object, int)'> (0x00000000eab08b98) 
thrown [s\src\hotspot\share\interpreter\linkResolver.cpp, line 773]
Event: 34.391 Thread 0x000001c0f59b95b0 Implicit null exception at 0x000001c0e66884b7 to 0x000001c0e668c60c
Event: 36.397 Thread 0x000001c0f59b7b70 Exception <a 'java/lang/NoSuchMethodError'{0x00000000eabe04d0}: 'void java.lang.invoke.DirectMethodHandle$Holder.invokeInterface(java.lang.Object, java.lang.Object)'> (0x00000000eabe04d0) 
thrown [s\src\hotspot\share\interpreter\linkResolver.cpp, line 773]
Event: 36.421 Thread 0x000001c0f611af20 Exception <a 'java/lang/NoSuchMethodError'{0x00000000eaba7880}: 'void java.lang.invoke.DirectMethodHandle$Holder.invokeSpecial(java.lang.Object, java.lang.Object, java.lang.Object, java.lang.Object, java.lang.Object, java.lang.Object, java.lang.Object, java.lang.Object)'> (0x00000000eaba7880) 
thrown [s\src\hotspot\share\interpreter\linkResolver.cpp, line 773]
Event: 37.233 Thread 0x000001c0f611f0c0 Implicit null exception at 0x000001c0e671f96b to 0x000001c0e671fd7c
Event: 44.423 Thread 0x000001c0f59b7b70 Exception <a 'java/lang/NoSuchMethodError'{0x00000000eacc9230}: 'java.lang.Object java.lang.invoke.DirectMethodHandle$Holder.newInvokeSpecial(java.lang.Object, java.lang.Object, int, java.lang.Object, java.lang.Object)'> (0x00000000eacc9230) 
thrown [s\src\hotspot\share\interpreter\linkResolver.cpp, line 773]
Event: 44.446 Thread 0x000001c0f59b7b70 Exception <a 'java/lang/NoSuchMethodError'{0x00000000eadc3fd0}: 'java.lang.Object java.lang.invoke.DirectMethodHandle$Holder.invokeSpecial(java.lang.Object, java.lang.Object, java.lang.Object, int, java.lang.Object, java.lang.Object, java.lang.Object)'> (0x00000000eadc3fd0) 
thrown [s\src\hotspot\share\interpreter\linkResolver.cpp, line 773]
Event: 44.559 Thread 0x000001c0f59b7b70 Exception <a 'java/lang/NoSuchMethodError'{0x00000000eb144000}: 'java.lang.Object java.lang.invoke.DirectMethodHandle$Holder.invokeStatic(java.lang.Object, java.lang.Object, int, java.lang.Object, java.lang.Object)'> (0x00000000eb144000) 
thrown [s\src\hotspot\share\interpreter\linkResolver.cpp, line 773]
Event: 44.561 Thread 0x000001c0f59b7b70 Exception <a 'java/lang/NoSuchMethodError'{0x00000000eb1d3a60}: 'java.lang.Object java.lang.invoke.DirectMethodHandle$Holder.newInvokeSpecial(java.lang.Object, java.lang.Object, int)'> (0x00000000eb1d3a60) 
thrown [s\src\hotspot\share\interpreter\linkResolver.cpp, line 773]
Event: 44.641 Thread 0x000001c0f59b7b70 Exception <a 'java/lang/NoSuchMethodError'{0x00000000eb254830}: 'void java.lang.invoke.DirectMethodHandle$Holder.invokeStatic(java.lang.Object, int)'> (0x00000000eb254830) 
thrown [s\src\hotspot\share\interpreter\linkResolver.cpp, line 773]

ZGC Phase Switch (0 events):
No events

VM Operations (20 events):
Event: 42.169 Executing VM operation: ParallelGCFailedAllocation (Allocation Failure)
Event: 42.173 Executing VM operation: ParallelGCFailedAllocation (Allocation Failure) done
Event: 42.204 Executing VM operation: ParallelGCFailedAllocation (Allocation Failure)
Event: 42.208 Executing VM operation: ParallelGCFailedAllocation (Allocation Failure) done
Event: 42.236 Executing VM operation: ParallelGCFailedAllocation (Allocation Failure)
Event: 42.239 Executing VM operation: ParallelGCFailedAllocation (Allocation Failure) done
Event: 42.258 Executing VM operation: ParallelGCFailedAllocation (Allocation Failure)
Event: 43.126 Executing VM operation: ParallelGCFailedAllocation (Allocation Failure) done
Event: 43.269 Executing VM operation: ParallelGCFailedAllocation (Allocation Failure)
Event: 43.277 Executing VM operation: ParallelGCFailedAllocation (Allocation Failure) done
Event: 43.597 Executing VM operation: ParallelGCFailedAllocation (Allocation Failure)
Event: 43.620 Executing VM operation: ParallelGCFailedAllocation (Allocation Failure) done
Event: 44.380 Executing VM operation: ParallelGCFailedAllocation (Allocation Failure)
Event: 44.394 Executing VM operation: ParallelGCFailedAllocation (Allocation Failure) done
Event: 44.664 Executing VM operation: ParallelGCFailedAllocation (Allocation Failure)
Event: 44.676 Executing VM operation: ParallelGCFailedAllocation (Allocation Failure) done
Event: 44.862 Executing VM operation: ParallelGCFailedAllocation (Allocation Failure)
Event: 44.873 Executing VM operation: ParallelGCFailedAllocation (Allocation Failure) done
Event: 44.997 Executing VM operation: ParallelGCFailedAllocation (Allocation Failure)
Event: 45.007 Executing VM operation: ParallelGCFailedAllocation (Allocation Failure) done

Memory protections (0 events):
No events

Nmethod flushes (20 events):
Event: 42.369 Thread 0x000001c0db4d04d0 flushing  nmethod 0x000001c0dfb12610
Event: 42.369 Thread 0x000001c0db4d04d0 flushing  nmethod 0x000001c0dfb12a90
Event: 42.369 Thread 0x000001c0db4d04d0 flushing  nmethod 0x000001c0dfb1aa10
Event: 42.369 Thread 0x000001c0db4d04d0 flushing  nmethod 0x000001c0dfb1d610
Event: 42.369 Thread 0x000001c0db4d04d0 flushing  nmethod 0x000001c0dfb1f590
Event: 42.369 Thread 0x000001c0db4d04d0 flushing  nmethod 0x000001c0dfb22410
Event: 42.369 Thread 0x000001c0db4d04d0 flushing  nmethod 0x000001c0dfb60e10
Event: 42.369 Thread 0x000001c0db4d04d0 flushing  nmethod 0x000001c0dfba9090
Event: 42.369 Thread 0x000001c0db4d04d0 flushing  nmethod 0x000001c0dfbac690
Event: 42.369 Thread 0x000001c0db4d04d0 flushing  nmethod 0x000001c0dfbb4e90
Event: 42.369 Thread 0x000001c0db4d04d0 flushing  nmethod 0x000001c0dfbb6810
Event: 42.369 Thread 0x000001c0db4d04d0 flushing  nmethod 0x000001c0dfbb7690
Event: 42.369 Thread 0x000001c0db4d04d0 flushing  nmethod 0x000001c0dfbba890
Event: 42.369 Thread 0x000001c0db4d04d0 flushing  nmethod 0x000001c0dfbc1e90
Event: 42.369 Thread 0x000001c0db4d04d0 flushing  nmethod 0x000001c0dfbd7d90
Event: 42.369 Thread 0x000001c0db4d04d0 flushing  nmethod 0x000001c0dfbd8290
Event: 42.369 Thread 0x000001c0db4d04d0 flushing  nmethod 0x000001c0dfc3ce10
Event: 42.369 Thread 0x000001c0db4d04d0 flushing  nmethod 0x000001c0dfc6b890
Event: 42.369 Thread 0x000001c0db4d04d0 flushing  nmethod 0x000001c0dfc99490
Event: 42.369 Thread 0x000001c0db4d04d0 flushing  nmethod 0x000001c0dfcee390

Events (20 events):
Event: 30.797 Thread 0x000001c0f59b7b70 Thread added: 0x000001c0f611dd10
Event: 30.927 Thread 0x000001c0ef757640 Thread added: 0x000001c0f802b240
Event: 33.348 Thread 0x000001c0f802b240 Thread exited: 0x000001c0f802b240
Event: 33.376 Thread 0x000001c0ef757640 Thread added: 0x000001c0f802b240
Event: 36.415 Thread 0x000001c0f59b7b70 Thread added: 0x000001c0f611e3a0
Event: 36.415 Thread 0x000001c0f59b7b70 Thread added: 0x000001c0f6120470
Event: 36.415 Thread 0x000001c0f59b7b70 Thread added: 0x000001c0f611af20
Event: 36.415 Thread 0x000001c0f59b7b70 Thread added: 0x000001c0f611ea30
Event: 36.416 Thread 0x000001c0f59b7b70 Thread added: 0x000001c0f611f0c0
Event: 37.982 Thread 0x000001c0f802b240 Thread exited: 0x000001c0f802b240
Event: 38.565 Thread 0x000001c0ef74ed10 Thread added: 0x000001c0f0754cd0
Event: 39.141 Thread 0x000001c0f0754cd0 Thread exited: 0x000001c0f0754cd0
Event: 41.422 Thread 0x000001c0ef757640 Thread added: 0x000001c0f07553a0
Event: 42.086 Thread 0x000001c0f07553a0 Thread exited: 0x000001c0f07553a0
Event: 43.332 Thread 0x000001c0f611e3a0 Thread exited: 0x000001c0f611e3a0
Event: 43.333 Thread 0x000001c0f611f0c0 Thread exited: 0x000001c0f611f0c0
Event: 43.334 Thread 0x000001c0f6120470 Thread exited: 0x000001c0f6120470
Event: 43.336 Thread 0x000001c0f611ea30 Thread exited: 0x000001c0f611ea30
Event: 43.339 Thread 0x000001c0f611af20 Thread exited: 0x000001c0f611af20
Event: 43.407 Thread 0x000001c0ef757640 Thread added: 0x000001c0f0753190


Dynamic libraries:
0x00007ff7a3d30000 - 0x00007ff7a3d3e000 	c:\Users\SERGE\.vscode\extensions\redhat.java-1.42.0-win32-x64\jre\21.0.7-win32-x86_64\bin\java.exe
0x00007fff071d0000 - 0x00007fff073c8000 	C:\Windows\SYSTEM32\ntdll.dll
0x00007fff05440000 - 0x00007fff05502000 	C:\Windows\System32\KERNEL32.DLL
0x00007fff048c0000 - 0x00007fff04bbf000 	C:\Windows\System32\KERNELBASE.dll
0x00007fff04bf0000 - 0x00007fff04cf0000 	C:\Windows\System32\ucrtbase.dll
0x00007ffefe090000 - 0x00007ffefe0a8000 	c:\Users\SERGE\.vscode\extensions\redhat.java-1.42.0-win32-x64\jre\21.0.7-win32-x86_64\bin\jli.dll
0x00007fff05c60000 - 0x00007fff05dfd000 	C:\Windows\System32\USER32.dll
0x00007fff04bc0000 - 0x00007fff04be2000 	C:\Windows\System32\win32u.dll
0x00007fff070a0000 - 0x00007fff070cb000 	C:\Windows\System32\GDI32.dll
0x00007fff04ee0000 - 0x00007fff04ffa000 	C:\Windows\System32\gdi32full.dll
0x00007fff050e0000 - 0x00007fff0517d000 	C:\Windows\System32\msvcp_win.dll
0x00007ffef5cc0000 - 0x00007ffef5cde000 	c:\Users\SERGE\.vscode\extensions\redhat.java-1.42.0-win32-x64\jre\21.0.7-win32-x86_64\bin\VCRUNTIME140.dll
0x00007ffef6730000 - 0x00007ffef69ca000 	C:\Windows\WinSxS\amd64_microsoft.windows.common-controls_6595b64144ccf1df_6.0.19041.4355_none_60b8b9eb71f62e16\COMCTL32.dll
0x00007fff060f0000 - 0x00007fff0618e000 	C:\Windows\System32\msvcrt.dll
0x00007fff05b40000 - 0x00007fff05b6f000 	C:\Windows\System32\IMM32.DLL
0x00007ffeff350000 - 0x00007ffeff35c000 	c:\Users\SERGE\.vscode\extensions\redhat.java-1.42.0-win32-x64\jre\21.0.7-win32-x86_64\bin\vcruntime140_1.dll
0x00007ffee9b40000 - 0x00007ffee9bcd000 	c:\Users\SERGE\.vscode\extensions\redhat.java-1.42.0-win32-x64\jre\21.0.7-win32-x86_64\bin\msvcp140.dll
0x00007ffed55d0000 - 0x00007ffed6360000 	c:\Users\SERGE\.vscode\extensions\redhat.java-1.42.0-win32-x64\jre\21.0.7-win32-x86_64\bin\server\jvm.dll
0x00007fff05370000 - 0x00007fff0541f000 	C:\Windows\System32\ADVAPI32.dll
0x00007fff06190000 - 0x00007fff0622f000 	C:\Windows\System32\sechost.dll
0x00007fff05f20000 - 0x00007fff06043000 	C:\Windows\System32\RPCRT4.dll
0x00007fff050b0000 - 0x00007fff050d7000 	C:\Windows\System32\bcrypt.dll
0x00007fff05eb0000 - 0x00007fff05f1b000 	C:\Windows\System32\WS2_32.dll
0x00007fff03c90000 - 0x00007fff03cdb000 	C:\Windows\SYSTEM32\POWRPROF.dll
0x00007ffef5280000 - 0x00007ffef52a7000 	C:\Windows\SYSTEM32\WINMM.dll
0x00007ffef0ea0000 - 0x00007ffef0eaa000 	C:\Windows\SYSTEM32\VERSION.dll
0x00007fff03c30000 - 0x00007fff03c42000 	C:\Windows\SYSTEM32\UMPDC.dll
0x00007fff026b0000 - 0x00007fff026c2000 	C:\Windows\SYSTEM32\kernel.appcore.dll
0x00007ffeff340000 - 0x00007ffeff34a000 	c:\Users\SERGE\.vscode\extensions\redhat.java-1.42.0-win32-x64\jre\21.0.7-win32-x86_64\bin\jimage.dll
0x00007ffef6fe0000 - 0x00007ffef71c4000 	C:\Windows\SYSTEM32\DBGHELP.DLL
0x00007ffef7380000 - 0x00007ffef73b4000 	C:\Windows\SYSTEM32\dbgcore.DLL
0x00007fff04cf0000 - 0x00007fff04d72000 	C:\Windows\System32\bcryptPrimitives.dll
0x00007ffeff330000 - 0x00007ffeff33f000 	c:\Users\SERGE\.vscode\extensions\redhat.java-1.42.0-win32-x64\jre\21.0.7-win32-x86_64\bin\instrument.dll
0x00007ffefeaa0000 - 0x00007ffefeabf000 	c:\Users\SERGE\.vscode\extensions\redhat.java-1.42.0-win32-x64\jre\21.0.7-win32-x86_64\bin\java.dll
0x00007fff06570000 - 0x00007fff06cdd000 	C:\Windows\System32\SHELL32.dll
0x00007fff028b0000 - 0x00007fff03053000 	C:\Windows\SYSTEM32\windows.storage.dll
0x00007fff06ce0000 - 0x00007fff07035000 	C:\Windows\System32\combase.dll
0x00007fff041c0000 - 0x00007fff041eb000 	C:\Windows\SYSTEM32\Wldp.dll
0x00007fff063f0000 - 0x00007fff064bd000 	C:\Windows\System32\OLEAUT32.dll
0x00007fff064c0000 - 0x00007fff0656d000 	C:\Windows\System32\SHCORE.dll
0x00007fff070d0000 - 0x00007fff07125000 	C:\Windows\System32\shlwapi.dll
0x00007fff047a0000 - 0x00007fff047c5000 	C:\Windows\SYSTEM32\profapi.dll
0x00007ffee99f0000 - 0x00007ffee9a08000 	c:\Users\SERGE\.vscode\extensions\redhat.java-1.42.0-win32-x64\jre\21.0.7-win32-x86_64\bin\zip.dll
0x00007ffeff320000 - 0x00007ffeff330000 	C:\Users\SERGE\.vscode\extensions\redhat.java-1.42.0-win32-x64\jre\21.0.7-win32-x86_64\bin\net.dll
0x00007ffefb1f0000 - 0x00007ffefb2fa000 	C:\Windows\SYSTEM32\WINHTTP.dll
0x00007fff03fa0000 - 0x00007fff0400c000 	C:\Windows\system32\mswsock.dll
0x00007ffeedae0000 - 0x00007ffeedaf6000 	C:\Users\SERGE\.vscode\extensions\redhat.java-1.42.0-win32-x64\jre\21.0.7-win32-x86_64\bin\nio.dll
0x00007ffefd6a0000 - 0x00007ffefd6b0000 	c:\Users\SERGE\.vscode\extensions\redhat.java-1.42.0-win32-x64\jre\21.0.7-win32-x86_64\bin\verify.dll
0x00007ffee9fd0000 - 0x00007ffeea015000 	C:\Users\SERGE\AppData\Roaming\Code\User\globalStorage\redhat.java\1.42.0\config_win\org.eclipse.equinox.launcher\org.eclipse.equinox.launcher.win32.win32.x86_64_1.2.1300.v20250331-1702\eclipse_11911.dll
0x00007fff062c0000 - 0x00007fff063eb000 	C:\Windows\System32\ole32.dll
0x00007fff04200000 - 0x00007fff04218000 	C:\Windows\SYSTEM32\CRYPTSP.dll
0x00007fff03870000 - 0x00007fff038a8000 	C:\Windows\system32\rsaenh.dll
0x00007fff04720000 - 0x00007fff0474e000 	C:\Windows\SYSTEM32\USERENV.dll
0x00007fff04130000 - 0x00007fff0413c000 	C:\Windows\SYSTEM32\CRYPTBASE.dll
0x00007fff03c50000 - 0x00007fff03c8b000 	C:\Windows\SYSTEM32\IPHLPAPI.DLL
0x00007fff05c50000 - 0x00007fff05c58000 	C:\Windows\System32\NSI.dll
0x00007ffee9ce0000 - 0x00007ffee9d29000 	C:\Users\SERGE\AppData\Local\Temp\jna-78788894\jna3493016040908068859.dll
0x00007fff06230000 - 0x00007fff06238000 	C:\Windows\System32\PSAPI.DLL
0x00007ffef6b70000 - 0x00007ffef6b87000 	C:\Windows\SYSTEM32\dhcpcsvc6.DLL
0x00007ffef6b50000 - 0x00007ffef6b6d000 	C:\Windows\SYSTEM32\dhcpcsvc.DLL

dbghelp: loaded successfully - version: 4.0.5 - missing functions: none
symbol engine: initialized successfully - sym options: 0x614 - pdb path: .;c:\Users\SERGE\.vscode\extensions\redhat.java-1.42.0-win32-x64\jre\21.0.7-win32-x86_64\bin;C:\Windows\SYSTEM32;C:\Windows\WinSxS\amd64_microsoft.windows.common-controls_6595b64144ccf1df_6.0.19041.4355_none_60b8b9eb71f62e16;c:\Users\SERGE\.vscode\extensions\redhat.java-1.42.0-win32-x64\jre\21.0.7-win32-x86_64\bin\server;C:\Users\SERGE\AppData\Roaming\Code\User\globalStorage\redhat.java\1.42.0\config_win\org.eclipse.equinox.launcher\org.eclipse.equinox.launcher.win32.win32.x86_64_1.2.1300.v20250331-1702;C:\Users\SERGE\AppData\Local\Temp\jna-78788894

VM Arguments:
jvm_args: --add-modules=ALL-SYSTEM --add-opens=java.base/java.util=ALL-UNNAMED --add-opens=java.base/java.lang=ALL-UNNAMED --add-opens=java.base/sun.nio.fs=ALL-UNNAMED -Declipse.application=org.eclipse.jdt.ls.core.id1 -Dosgi.bundles.defaultStartLevel=4 -Declipse.product=org.eclipse.jdt.ls.core.product -Djava.import.generatesMetadataFilesAtProjectRoot=false -DDetectVMInstallationsJob.disabled=true -Dfile.encoding=utf8 -XX:+UseParallelGC -XX:GCTimeRatio=4 -XX:AdaptiveSizePolicyWeight=90 -Dsun.zip.disableMemoryMapping=true -Xmx1G -Xms100m -Xlog:disable -javaagent:c:\Users\SERGE\.vscode\extensions\redhat.java-1.42.0-win32-x64\lombok\lombok-1.18.36.jar -XX:+HeapDumpOnOutOfMemoryError -XX:HeapDumpPath=c:\Users\SERGE\AppData\Roaming\Code\User\workspaceStorage\a6951d4b4e5e0ad82c8566c0f5837605\redhat.java -Daether.dependencyCollector.impl=bf 
java_command: c:\Users\SERGE\.vscode\extensions\redhat.java-1.42.0-win32-x64\server\plugins\org.eclipse.equinox.launcher_1.7.0.v20250424-1814.jar -configuration c:\Users\SERGE\AppData\Roaming\Code\User\globalStorage\redhat.java\1.42.0\config_win -data c:\Users\SERGE\AppData\Roaming\Code\User\workspaceStorage\a6951d4b4e5e0ad82c8566c0f5837605\redhat.java\jdt_ws --pipe=\\.\pipe\lsp-aa9015a5efa30090333ed43a1f0e808c-sock
java_class_path (initial): c:\Users\SERGE\.vscode\extensions\redhat.java-1.42.0-win32-x64\server\plugins\org.eclipse.equinox.launcher_1.7.0.v20250424-1814.jar
Launcher Type: SUN_STANDARD

[Global flags]
    uintx AdaptiveSizePolicyWeight                 = 90                                        {product} {command line}
     intx CICompilerCount                          = 3                                         {product} {ergonomic}
    uintx GCTimeRatio                              = 4                                         {product} {command line}
     bool HeapDumpOnOutOfMemoryError               = true                                   {manageable} {command line}
    ccstr HeapDumpPath                             = c:\Users\SERGE\AppData\Roaming\Code\User\workspaceStorage\a6951d4b4e5e0ad82c8566c0f5837605\redhat.java         {manageable} {command line}
   size_t InitialHeapSize                          = 104857600                                 {product} {command line}
   size_t MaxHeapSize                              = 1073741824                                {product} {command line}
   size_t MaxNewSize                               = 357564416                                 {product} {ergonomic}
   size_t MinHeapDeltaBytes                        = 524288                                    {product} {ergonomic}
   size_t MinHeapSize                              = 104857600                                 {product} {command line}
   size_t NewSize                                  = 34603008                                  {product} {ergonomic}
    uintx NonNMethodCodeHeapSize                   = 5832780                                {pd product} {ergonomic}
    uintx NonProfiledCodeHeapSize                  = 122912730                              {pd product} {ergonomic}
   size_t OldSize                                  = 70254592                                  {product} {ergonomic}
    uintx ProfiledCodeHeapSize                     = 122912730                              {pd product} {ergonomic}
    uintx ReservedCodeCacheSize                    = 251658240                              {pd product} {ergonomic}
     bool SegmentedCodeCache                       = true                                      {product} {ergonomic}
   size_t SoftMaxHeapSize                          = 1073741824                             {manageable} {ergonomic}
     bool UseCompressedOops                        = true                           {product lp64_product} {ergonomic}
     bool UseLargePagesIndividualAllocation        = false                                  {pd product} {ergonomic}
     bool UseParallelGC                            = true                                      {product} {command line}

Logging:
Log output configuration:
 #0: stdout all=off uptime,level,tags foldmultilines=false
 #1: stderr all=off uptime,level,tags foldmultilines=false

Environment Variables:
PATH=C:\Program Files\Java\jdk-17\bin;C:\Program Files\Common Files\Oracle\Java\javapath;C:\Windows\system32;C:\Windows;C:\Windows\System32\Wbem;C:\Windows\System32\WindowsPowerShell\v1.0\;C:\Windows\System32\OpenSSH\;C:\Program Files\nodejs\;C:\Program Files\IVI Foundation\VISA\Win64\Bin\;C:\Program Files (x86)\IVI Foundation\VISA\WinNT\Bin\;C:\Program Files (x86)\IVI Foundation\VISA\WinNT\Bin;C:\Program Files\MATLAB\R2016a\runtime\win64;C:\Program Files\MATLAB\R2016a\bin;C:\Program Files\MATLAB\R2016a\polyspace\bin;C:\composer;C:\Program Files\Git\cmd;C:\Program Files\PostgreSQL\16\bin;C:\Program Files\PostgreSQL\16\data;C:\Program Files\Microsoft VS Code\bin;C:\Program Files\dotnet\;C:\platform-tools-latest-windows\platform-tools;C:\Program Files\MySQL\MySQL Server X.X\bin;C:\Program Files\Java\jdk-17\bin;C:\Server;C:\Program Files\Docker\Docker\resources\bin;C:\Cassandra\apache-cassandra-4.1.8\bin;C:\ProgramData\chocolatey\bin;C:\Program Files\BlueStacks_nxt;C:\Users\SERGE\AppData\Local\Programs\Python\Python311\Scripts\;C:\Users\SERGE\AppData\Local\Programs\Python\Python311\;C:\Users\SERGE\scoop\shims;C:\Users\SERGE\AppData\Local\Microsoft\WindowsApps;C:\Users\SERGE\AppData\Roaming\npm;C:\Program Files (x86);C:\Users\SERGE\AppData\Roaming\Composer\vendor\bin;C:\Users\SERGE\.dotnet\tools;C:\Program Files (x86)\Nmap
USERNAME=SERGE
OS=Windows_NT
PROCESSOR_IDENTIFIER=Intel64 Family 6 Model 60 Stepping 3, GenuineIntel
TMP=C:\Users\SERGE\AppData\Local\Temp
TEMP=C:\Users\SERGE\AppData\Local\Temp




Periodic native trim disabled

---------------  S Y S T E M  ---------------

OS:
 Windows 10 , 64 bit Build 19041 (10.0.19041.5438)
OS uptime: 0 days 2:02 hours
Hyper-V role detected

CPU: total 4 (initial active 4) (2 cores per cpu, 2 threads per core) family 6 model 60 stepping 3 microcode 0x27, cx8, cmov, fxsr, ht, mmx, sse, sse2, sse3, ssse3, sse4.1, sse4.2, popcnt, lzcnt, tsc, tscinvbit, avx, avx2, aes, erms, clmul, bmi1, bmi2, fma, vzeroupper, clflush, hv, rdtscp, f16c
Processor Information for the first 4 processors :
  Max Mhz: 2601, Current Mhz: 1300, Mhz Limit: 2601

Memory: 4k page, system-wide physical 8089M (1239M free)
TotalPageFile size 10137M (AvailPageFile size 5M)
current process WorkingSet (physical memory assigned to process): 501M, peak: 501M
current process commit charge ("private bytes"): 453M, peak: 935M

vm_info: OpenJDK 64-Bit Server VM (21.0.7+6-LTS) for windows-amd64 JRE (21.0.7+6-LTS), built on 2025-04-15T00:00:00Z by "admin" with MS VC++ 17.7 (VS2022)

END.
