#
# There is insufficient memory for the Java Runtime Environment to continue.
# Native memory allocation (malloc) failed to allocate 2098096 bytes. Error detail: Chunk::new
# Possible reasons:
#   The system is out of physical RAM or swap space
#   This process is running with CompressedOops enabled, and the Java Heap may be blocking the growth of the native heap
# Possible solutions:
#   Reduce memory load on the system
#   Increase physical memory or swap space
#   Check if swap backing store is full
#   Decrease Java heap size (-Xmx/-Xms)
#   Decrease number of Java threads
#   Decrease Java thread stack sizes (-Xss)
#   Set larger code cache with -XX:ReservedCodeCacheSize=
#   JVM is running with Unscaled Compressed Oops mode in which the Java heap is
#     placed in the first 4GB address space. The Java Heap base address is the
#     maximum limit for the native heap growth. Please use -XX:HeapBaseMinAddress
#     to set the Java Heap base and to place the Java Heap above 4GB virtual address.
# This output file may be truncated or incomplete.
#
#  Out of Memory Error (arena.cpp:168), pid=7784, tid=14728
#
# JRE version: OpenJDK Runtime Environment Temurin-21.0.6+7 (21.0.6+7) (build 21.0.6+7-LTS)
# Java VM: OpenJDK 64-Bit Server VM Temurin-21.0.6+7 (21.0.6+7-LTS, mixed mode, sharing, tiered, compressed oops, compressed class ptrs, parallel gc, windows-amd64)
# No core dump will be written. Minidumps are not enabled by default on client versions of Windows
#

---------------  S U M M A R Y ------------

Command Line: --add-modules=ALL-SYSTEM --add-opens=java.base/java.util=ALL-UNNAMED --add-opens=java.base/java.lang=ALL-UNNAMED --add-opens=java.base/sun.nio.fs=ALL-UNNAMED -Declipse.application=org.eclipse.jdt.ls.core.id1 -Dosgi.bundles.defaultStartLevel=4 -Declipse.product=org.eclipse.jdt.ls.core.product -Djava.import.generatesMetadataFilesAtProjectRoot=false -DDetectVMInstallationsJob.disabled=true -Dfile.encoding=utf8 -XX:+UseParallelGC -XX:GCTimeRatio=4 -XX:AdaptiveSizePolicyWeight=90 -Dsun.zip.disableMemoryMapping=true -Xmx1G -Xms100m -Xlog:disable -javaagent:c:\Users\SERGE\.vscode\extensions\redhat.java-1.41.1-win32-x64\lombok\lombok-1.18.36.jar -XX:+HeapDumpOnOutOfMemoryError -XX:HeapDumpPath=c:\Users\SERGE\AppData\Roaming\Code\User\workspaceStorage\a6951d4b4e5e0ad82c8566c0f5837605\redhat.java -Daether.dependencyCollector.impl=bf c:\Users\SERGE\.vscode\extensions\redhat.java-1.41.1-win32-x64\server\plugins\org.eclipse.equinox.launcher_1.7.0.v20250331-1702.jar -configuration c:\Users\SERGE\AppData\Roaming\Code\User\globalStorage\redhat.java\1.41.1\config_win -data c:\Users\SERGE\AppData\Roaming\Code\User\workspaceStorage\a6951d4b4e5e0ad82c8566c0f5837605\redhat.java\jdt_ws --pipe=\\.\pipe\lsp-019a5cff331978aaca46ca724f82d381-sock

Host: Intel(R) Core(TM) i5-4300M CPU @ 2.60GHz, 4 cores, 7G,  Windows 10 , 64 bit Build 19041 (10.0.19041.5438)
Time: Sat May 10 18:31:03 2025 Paris, Madrid (heure duild 19041 (10.0.19041.5438) elapsed time: 63.660561 seconds (0d 0h 1m 3s)

---------------  T H R E A D  ---------------

Current thread (0x0000017af99232c0):  JavaThread "C2 CompilerThread0" daemon [_thread_in_native, id=14728, stack(0x00000051f4500000,0x00000051f4600000) (1024K)]


Current CompileTask:
C2:63660 11000   !   4       org.eclipse.jdt.internal.core.search.indexing.BinaryIndexer::indexDocument (1204 bytes)

Stack: [0x00000051f4500000,0x00000051f4600000]
Native frames: (J=compiled Java code, j=interpreted, Vv=VM code, C=native code)
V  [jvm.dll+0x6cdee9]
V  [jvm.dll+0x8a83d1]
V  [jvm.dll+0x8aa8fe]
V  [jvm.dll+0x8aafe3]
V  [jvm.dll+0x27f706]
V  [jvm.dll+0xc500d]
V  [jvm.dll+0xc5543]
V  [jvm.dll+0x3b6752]
V  [jvm.dll+0x1dfe13]
V  [jvm.dll+0x247b42]
V  [jvm.dll+0x246fcf]
V  [jvm.dll+0x1c75ee]
V  [jvm.dll+0x25685a]
V  [jvm.dll+0x254dfa]
V  [jvm.dll+0x3f0256]
V  [jvm.dll+0x851f8b]
V  [jvm.dll+0x6cc5ed]
C  [ucrtbase.dll+0x21bb2]
C  [KERNEL32.DLL+0x17374]
C  [ntdll.dll+0x4cc91]


---------------  P R O C E S S  ---------------

Threads class SMR info:
_java_thread_list=0x0000017afa7903d0, length=49, elements={
0x0000017ae55f16b0, 0x0000017af9919780, 0x0000017af991b080, 0x0000017af991cc00,
0x0000017af991db10, 0x0000017af991ea20, 0x0000017af9922490, 0x0000017af99232c0,
0x0000017af999a2a0, 0x0000017afa6dc0d0, 0x0000017afa912be0, 0x0000017aff1f7f30,
0x0000017aff651b40, 0x0000017aff6fdd70, 0x0000017aff6fe7a0, 0x0000017ac111aa80,
0x0000017ac10cb1b0, 0x0000017ac1051b90, 0x0000017ac10507e0, 0x0000017ac1050e70,
0x0000017ac10535d0, 0x0000017ac1051500, 0x0000017ac10528b0, 0x0000017ac1052f40,
0x0000017ac1aa49f0, 0x0000017ac1aa98b0, 0x0000017ac1aa6ac0, 0x0000017ac1aa9220,
0x0000017ac1aa7150, 0x0000017ac1aa2fb0, 0x0000017ac1aa3640, 0x0000017ac1aa4360,
0x0000017ac1aa9f40, 0x0000017ac1aa5080, 0x0000017ac1aaa5d0, 0x0000017ac1aa3cd0,
0x0000017ac1aa7e70, 0x0000017ac1aa8500, 0x0000017ac1050150, 0x0000017ac314ada0,
0x0000017ac314a710, 0x0000017ac314b430, 0x0000017ac3148640, 0x0000017ac314c7e0,
0x0000017ac314bac0, 0x0000017ac314c150, 0x0000017ac314db90, 0x0000017ac314e220,
0x0000017ac3f418a0
}

Java Threads: ( => current thread )
  0x0000017ae55f16b0 JavaThread "main"                              [_thread_blocked, id=7904, stack(0x00000051f3b00000,0x00000051f3c00000) (1024K)]
  0x0000017af9919780 JavaThread "Reference Handler"          daemon [_thread_blocked, id=5352, stack(0x00000051f3f00000,0x00000051f4000000) (1024K)]
  0x0000017af991b080 JavaThread "Finalizer"                  daemon [_thread_blocked, id=19312, stack(0x00000051f4000000,0x00000051f4100000) (1024K)]
  0x0000017af991cc00 JavaThread "Signal Dispatcher"          daemon [_thread_blocked, id=13844, stack(0x00000051f4100000,0x00000051f4200000) (1024K)]
  0x0000017af991db10 JavaThread "Attach Listener"            daemon [_thread_blocked, id=800, stack(0x00000051f4200000,0x00000051f4300000) (1024K)]
  0x0000017af991ea20 JavaThread "Service Thread"             daemon [_thread_blocked, id=9472, stack(0x00000051f4300000,0x00000051f4400000) (1024K)]
  0x0000017af9922490 JavaThread "Monitor Deflation Thread"   daemon [_thread_blocked, id=1384, stack(0x00000051f4400000,0x00000051f4500000) (1024K)]
=>0x0000017af99232c0 JavaThread "C2 CompilerThread0"         daemon [_thread_in_native, id=14728, stack(0x00000051f4500000,0x00000051f4600000) (1024K)]
  0x0000017af999a2a0 JavaThread "C1 CompilerThread0"         daemon [_thread_blocked, id=10636, stack(0x00000051f4600000,0x00000051f4700000) (1024K)]
  0x0000017afa6dc0d0 JavaThread "Common-Cleaner"             daemon [_thread_blocked, id=4188, stack(0x00000051f4700000,0x00000051f4800000) (1024K)]
  0x0000017afa912be0 JavaThread "Notification Thread"        daemon [_thread_blocked, id=1136, stack(0x00000051f4800000,0x00000051f4900000) (1024K)]
  0x0000017aff1f7f30 JavaThread "Active Thread: Equinox Container: f9d7a2ea-5a03-4983-981f-c9181e182a19"        [_thread_blocked, id=1464, stack(0x00000051f4900000,0x00000051f4a00000) (1024K)]
  0x0000017aff651b40 JavaThread "Refresh Thread: Equinox Container: f9d7a2ea-5a03-4983-981f-c9181e182a19" daemon [_thread_blocked, id=11276, stack(0x00000051f4e00000,0x00000051f4f00000) (1024K)]
  0x0000017aff6fdd70 JavaThread "Framework Event Dispatcher: Equinox Container: f9d7a2ea-5a03-4983-981f-c9181e182a19" daemon [_thread_blocked, id=12464, stack(0x00000051f4d00000,0x00000051f4e00000) (1024K)]
  0x0000017aff6fe7a0 JavaThread "Start Level: Equinox Container: f9d7a2ea-5a03-4983-981f-c9181e182a19" daemon [_thread_blocked, id=8924, stack(0x00000051f4f00000,0x00000051f5000000) (1024K)]
  0x0000017ac111aa80 JavaThread "Bundle File Closer"         daemon [_thread_blocked, id=15452, stack(0x00000051f5000000,0x00000051f5100000) (1024K)]
  0x0000017ac10cb1b0 JavaThread "SCR Component Actor"        daemon [_thread_blocked, id=16756, stack(0x00000051f5100000,0x00000051f5200000) (1024K)]
  0x0000017ac1051b90 JavaThread "Worker-JM"                         [_thread_blocked, id=15764, stack(0x00000051f5300000,0x00000051f5400000) (1024K)]
  0x0000017ac10507e0 JavaThread "JNA Cleaner"                daemon [_thread_blocked, id=13144, stack(0x00000051f5200000,0x00000051f5300000) (1024K)]
  0x0000017ac1050e70 JavaThread "Worker-0"                          [_thread_blocked, id=16300, stack(0x00000051f5400000,0x00000051f5500000) (1024K)]
  0x0000017ac10535d0 JavaThread "Worker-1"                          [_thread_blocked, id=3600, stack(0x00000051f5500000,0x00000051f5600000) (1024K)]
  0x0000017ac1051500 
[error occurred during error reporting (printing all threads), id 0xc0000005, EXCEPTION_ACCESS_VIOLATION (0xc0000005) at pc=0x00007ffa47490fc2]
VM state: at safepoint (normal execution)

VM Mutex/Monitor currently owned by a thread:  ([mutex/lock_event])
[0x00007ffa47d5e380] Threads_lock - owner thread: 0x0000017ae56adf10
[0x00007ffa47d5e480] Heap_lock - owner thread: 0x0000017ac10528b0

Heap address: 0x00000000c0000000, size: 1024 MB, Compressed Oops mode: 32-bit

CDS archive(s) mapped at: [0x0000017a80000000-0x0000017a80ba0000-0x0000017a80ba0000), size 12189696, SharedBaseAddress: 0x0000017a80000000, ArchiveRelocationMode: 1.
Compressed class space mapped at: 0x0000017a81000000-0x0000017ac1000000, reserved size: 1073741824
Narrow klass base: 0x0000017a80000000, Narrow klass shift: 0, Narrow klass range: 0x100000000

GC Precious Log:
 CardTable entry size: 512
 CPUs: 4 total, 4 available
 Memory: 8089M
 Large Page Support: Disabled
 NUMA Support: Disabled
 Compressed Oops: Enabled (32-bit)
 Alignments: Space 512K, Generation 512K, Heap 2M
 Heap Min Capacity: 100M
 Heap Initial Capacity: 100M
 Heap Max Capacity: 1G
 Pre-touch: Disabled
 Parallel Workers: 4

Heap:
 PSYoungGen      total 8704K, used 8676K [0x00000000eab00000, 0x00000000eb680000, 0x0000000100000000)
  eden space 5632K, 100% used [0x00000000eab00000,0x00000000eb080000,0x00000000eb080000)
  from space 3072K, 99% used [0x00000000eb380000,0x00000000eb679040,0x00000000eb680000)
  to   space 1024K, 99% used [0x00000000eb080000,0x00000000eb17e600,0x00000000eb180000)
 ParOldGen       total 406528K, used 406526K [0x00000000c0000000, 0x00000000d8d00000, 0x00000000eab00000)
  object space 406528K, 99% used [0x00000000c0000000,0x00000000d8cff9e0,0x00000000d8d00000)
 Metaspace       used 60850K, committed 62336K, reserved 1114112K
  class space    used 6325K, committed 6976K, reserved 1048576K

Card table byte_map: [0x0000017ae4fd0000,0x0000017ae51e0000] _byte_map_base: 0x0000017ae49d0000

Marking Bits: (ParMarkBitMap*) 0x00007ffa47d63260
 Begin Bits: [0x0000017af77f0000, 0x0000017af87f0000)
 End Bits:   [0x0000017af87f0000, 0x0000017af97f0000)

Polling page: 0x0000017ae4dc0000

Metaspace:

Usage:
  Non-class:     53.25 MB used.
      Class:      6.18 MB used.
       Both:     59.42 MB used.

Virtual space:
  Non-class space:       64.00 MB reserved,      54.06 MB ( 84%) committed,  1 nodes.
      Class space:        1.00 GB reserved,       6.81 MB ( <1%) committed,  1 nodes.
             Both:        1.06 GB reserved,      60.88 MB (  6%) committed. 

Chunk freelists:
   Non-Class:  9.17 MB
       Class:  9.21 MB
        Both:  18.38 MB

MaxMetaspaceSize: unlimited
CompressedClassSpaceSize: 1.00 GB
Initial GC threshold: 21.00 MB
Current GC threshold: 101.38 MB
CDS: on
 - commit_granule_bytes: 65536.
 - commit_granule_words: 8192.
 - virtual_space_node_default_size: 8388608.
 - enlarge_chunks_in_place: 1.
 - use_allocation_guard: 0.


Internal statistics:

num_allocs_failed_limit: 9.
num_arena_births: 1178.
num_arena_deaths: 14.
num_vsnodes_births: 2.
num_vsnodes_deaths: 0.
num_space_committed: 974.
num_space_uncommitted: 0.
num_chunks_returned_to_freelist: 23.
num_chunks_taken_from_freelist: 4131.
num_chunk_merges: 15.
num_chunk_splits: 2490.
num_chunks_enlarged: 1322.
num_inconsistent_stats: 0.

CodeHeap 'non-profiled nmethods': size=120000Kb used=6405Kb max_used=7194Kb free=113595Kb
 bounds [0x0000017af02c0000, 0x0000017af09e0000, 0x0000017af77f0000]
CodeHeap 'profiled nmethods': size=120000Kb used=18155Kb max_used=22124Kb free=101844Kb
 bounds [0x0000017ae87f0000, 0x0000017ae9d90000, 0x0000017aefd20000]
CodeHeap 'non-nmethods': size=5760Kb used=1430Kb max_used=1502Kb free=4329Kb
 bounds [0x0000017aefd20000, 0x0000017aeff90000, 0x0000017af02c0000]
 total_blobs=9609 nmethods=8865 adapters=650
 compilation: enabled
              stopped_count=0, restarted_count=0
 full_count=0

Compilation events (20 events):
Event: 62.684 Thread 0x0000017ac3f418a0 10996   !   4       org.eclipse.jdt.internal.compiler.util.Util::getZipEntryByteContent (84 bytes)
Event: 62.694 Thread 0x0000017ac3f418a0 nmethod 10996 0x0000017af0632290 code [0x0000017af0632500, 0x0000017af0632e10]
Event: 62.704 Thread 0x0000017ac3f418a0 10997       4       org.eclipse.jdt.core.Signature::encodeQualifiedName (207 bytes)
Event: 62.731 Thread 0x0000017ac3f418a0 nmethod 10997 0x0000017af0577690 code [0x0000017af05778e0, 0x0000017af05787a0]
Event: 62.806 Thread 0x0000017af99232c0 nmethod 10988% 0x0000017af0520910 code [0x0000017af0521160, 0x0000017af0529b40]
Event: 62.847 Thread 0x0000017af999a2a0 10998       3       org.eclipse.jdt.internal.compiler.parser.Scanner::internalScanIdentifierOrKeyword (5081 bytes)
Event: 62.862 Thread 0x0000017af999a2a0 nmethod 10998 0x0000017ae9693a10 code [0x0000017ae96949c0, 0x0000017ae969fde8]
Event: 62.901 Thread 0x0000017af999a2a0 10999       3       org.eclipse.jdt.internal.compiler.classfmt.AnnotationInfo::scanAnnotation (330 bytes)
Event: 62.902 Thread 0x0000017af999a2a0 nmethod 10999 0x0000017ae9b11510 code [0x0000017ae9b11820, 0x0000017ae9b128a8]
Event: 62.923 Thread 0x0000017af99232c0 11000   !   4       org.eclipse.jdt.internal.core.search.indexing.BinaryIndexer::indexDocument (1204 bytes)
Event: 63.272 Thread 0x0000017af999a2a0 11002   !   2       java.util.jar.Attributes::read (494 bytes)
Event: 63.275 Thread 0x0000017af999a2a0 nmethod 11002 0x0000017ae9012a10 code [0x0000017ae9012f60, 0x0000017ae9014b00]
Event: 63.275 Thread 0x0000017ac3f418a0 11001       4       org.eclipse.jdt.internal.compiler.parser.Scanner::internalScanIdentifierOrKeyword (5081 bytes)
Event: 63.369 Thread 0x0000017ac3f418a0 nmethod 11001 0x0000017af051d110 code [0x0000017af051d680, 0x0000017af051fd08]
Event: 63.369 Thread 0x0000017ac3f418a0 11003       4       java.util.jar.Manifest$FastInputStream::peek (38 bytes)
Event: 63.371 Thread 0x0000017ac3f418a0 nmethod 11003 0x0000017af08aab90 code [0x0000017af08aad20, 0x0000017af08aae40]
Event: 63.371 Thread 0x0000017ac3f418a0 11005       4       org.eclipse.jdt.internal.core.index.DiskIndex::computeDocumentNames (607 bytes)
Event: 63.488 Thread 0x0000017ac3f418a0 nmethod 11005 0x0000017af073aa10 code [0x0000017af073ae00, 0x0000017af073cef8]
Event: 63.488 Thread 0x0000017ac3f418a0 11004  s    4       java.io.ByteArrayOutputStream::write (43 bytes)
Event: 63.508 Thread 0x0000017ac3f418a0 nmethod 11004 0x0000017af0323310 code [0x0000017af03234e0, 0x0000017af0323d48]

GC Heap History (20 events):
Event: 63.125 GC heap after
{Heap after GC invocations=427 (full 4):
 PSYoungGen      total 6656K, used 704K [0x00000000eab00000, 0x00000000eb280000, 0x0000000100000000)
  eden space 5632K, 0% used [0x00000000eab00000,0x00000000eab00000,0x00000000eb080000)
  from space 1024K, 68% used [0x00000000eb180000,0x00000000eb230000,0x00000000eb280000)
  to   space 1024K, 0% used [0x00000000eb080000,0x00000000eb080000,0x00000000eb180000)
 ParOldGen       total 394240K, used 393920K [0x00000000c0000000, 0x00000000d8100000, 0x00000000eab00000)
  object space 394240K, 99% used [0x00000000c0000000,0x00000000d80b0110,0x00000000d8100000)
 Metaspace       used 60850K, committed 62336K, reserved 1114112K
  class space    used 6325K, committed 6976K, reserved 1048576K
}
Event: 63.149 GC heap before
{Heap before GC invocations=428 (full 4):
 PSYoungGen      total 6656K, used 6335K [0x00000000eab00000, 0x00000000eb280000, 0x0000000100000000)
  eden space 5632K, 99% used [0x00000000eab00000,0x00000000eb07ff48,0x00000000eb080000)
  from space 1024K, 68% used [0x00000000eb180000,0x00000000eb230000,0x00000000eb280000)
  to   space 1024K, 0% used [0x00000000eb080000,0x00000000eb080000,0x00000000eb180000)
 ParOldGen       total 394240K, used 393920K [0x00000000c0000000, 0x00000000d8100000, 0x00000000eab00000)
  object space 394240K, 99% used [0x00000000c0000000,0x00000000d80b0110,0x00000000d8100000)
 Metaspace       used 60850K, committed 62336K, reserved 1114112K
  class space    used 6325K, committed 6976K, reserved 1048576K
}
Event: 63.151 GC heap after
{Heap after GC invocations=428 (full 4):
 PSYoungGen      total 6656K, used 672K [0x00000000eab00000, 0x00000000eb280000, 0x0000000100000000)
  eden space 5632K, 0% used [0x00000000eab00000,0x00000000eab00000,0x00000000eb080000)
  from space 1024K, 65% used [0x00000000eb080000,0x00000000eb128000,0x00000000eb180000)
  to   space 1024K, 0% used [0x00000000eb180000,0x00000000eb180000,0x00000000eb280000)
 ParOldGen       total 394752K, used 394560K [0x00000000c0000000, 0x00000000d8180000, 0x00000000eab00000)
  object space 394752K, 99% used [0x00000000c0000000,0x00000000d8150110,0x00000000d8180000)
 Metaspace       used 60850K, committed 62336K, reserved 1114112K
  class space    used 6325K, committed 6976K, reserved 1048576K
}
Event: 63.174 GC heap before
{Heap before GC invocations=429 (full 4):
 PSYoungGen      total 6656K, used 6304K [0x00000000eab00000, 0x00000000eb280000, 0x0000000100000000)
  eden space 5632K, 100% used [0x00000000eab00000,0x00000000eb080000,0x00000000eb080000)
  from space 1024K, 65% used [0x00000000eb080000,0x00000000eb128000,0x00000000eb180000)
  to   space 1024K, 0% used [0x00000000eb180000,0x00000000eb180000,0x00000000eb280000)
 ParOldGen       total 394752K, used 394560K [0x00000000c0000000, 0x00000000d8180000, 0x00000000eab00000)
  object space 394752K, 99% used [0x00000000c0000000,0x00000000d8150110,0x00000000d8180000)
 Metaspace       used 60850K, committed 62336K, reserved 1114112K
  class space    used 6325K, committed 6976K, reserved 1048576K
}
Event: 63.176 GC heap after
{Heap after GC invocations=429 (full 4):
 PSYoungGen      total 6656K, used 672K [0x00000000eab00000, 0x00000000eb280000, 0x0000000100000000)
  eden space 5632K, 0% used [0x00000000eab00000,0x00000000eab00000,0x00000000eb080000)
  from space 1024K, 65% used [0x00000000eb180000,0x00000000eb228000,0x00000000eb280000)
  to   space 1024K, 0% used [0x00000000eb080000,0x00000000eb080000,0x00000000eb180000)
 ParOldGen       total 395264K, used 395160K [0x00000000c0000000, 0x00000000d8200000, 0x00000000eab00000)
  object space 395264K, 99% used [0x00000000c0000000,0x00000000d81e6110,0x00000000d8200000)
 Metaspace       used 60850K, committed 62336K, reserved 1114112K
  class space    used 6325K, committed 6976K, reserved 1048576K
}
Event: 63.198 GC heap before
{Heap before GC invocations=430 (full 4):
 PSYoungGen      total 6656K, used 6304K [0x00000000eab00000, 0x00000000eb280000, 0x0000000100000000)
  eden space 5632K, 100% used [0x00000000eab00000,0x00000000eb080000,0x00000000eb080000)
  from space 1024K, 65% used [0x00000000eb180000,0x00000000eb228000,0x00000000eb280000)
  to   space 1024K, 0% used [0x00000000eb080000,0x00000000eb080000,0x00000000eb180000)
 ParOldGen       total 395264K, used 395160K [0x00000000c0000000, 0x00000000d8200000, 0x00000000eab00000)
  object space 395264K, 99% used [0x00000000c0000000,0x00000000d81e6110,0x00000000d8200000)
 Metaspace       used 60850K, committed 62336K, reserved 1114112K
  class space    used 6325K, committed 6976K, reserved 1048576K
}
Event: 63.201 GC heap after
{Heap after GC invocations=430 (full 4):
 PSYoungGen      total 6656K, used 736K [0x00000000eab00000, 0x00000000eb280000, 0x0000000100000000)
  eden space 5632K, 0% used [0x00000000eab00000,0x00000000eab00000,0x00000000eb080000)
  from space 1024K, 71% used [0x00000000eb080000,0x00000000eb138000,0x00000000eb180000)
  to   space 1024K, 0% used [0x00000000eb180000,0x00000000eb180000,0x00000000eb280000)
 ParOldGen       total 396288K, used 395784K [0x00000000c0000000, 0x00000000d8300000, 0x00000000eab00000)
  object space 396288K, 99% used [0x00000000c0000000,0x00000000d8282110,0x00000000d8300000)
 Metaspace       used 60850K, committed 62336K, reserved 1114112K
  class space    used 6325K, committed 6976K, reserved 1048576K
}
Event: 63.221 GC heap before
{Heap before GC invocations=431 (full 4):
 PSYoungGen      total 6656K, used 6368K [0x00000000eab00000, 0x00000000eb280000, 0x0000000100000000)
  eden space 5632K, 100% used [0x00000000eab00000,0x00000000eb080000,0x00000000eb080000)
  from space 1024K, 71% used [0x00000000eb080000,0x00000000eb138000,0x00000000eb180000)
  to   space 1024K, 0% used [0x00000000eb180000,0x00000000eb180000,0x00000000eb280000)
 ParOldGen       total 396288K, used 395784K [0x00000000c0000000, 0x00000000d8300000, 0x00000000eab00000)
  object space 396288K, 99% used [0x00000000c0000000,0x00000000d8282110,0x00000000d8300000)
 Metaspace       used 60850K, committed 62336K, reserved 1114112K
  class space    used 6325K, committed 6976K, reserved 1048576K
}
Event: 63.223 GC heap after
{Heap after GC invocations=431 (full 4):
 PSYoungGen      total 6656K, used 704K [0x00000000eab00000, 0x00000000eb280000, 0x0000000100000000)
  eden space 5632K, 0% used [0x00000000eab00000,0x00000000eab00000,0x00000000eb080000)
  from space 1024K, 68% used [0x00000000eb180000,0x00000000eb230000,0x00000000eb280000)
  to   space 1024K, 0% used [0x00000000eb080000,0x00000000eb080000,0x00000000eb180000)
 ParOldGen       total 396800K, used 396432K [0x00000000c0000000, 0x00000000d8380000, 0x00000000eab00000)
  object space 396800K, 99% used [0x00000000c0000000,0x00000000d8324110,0x00000000d8380000)
 Metaspace       used 60850K, committed 62336K, reserved 1114112K
  class space    used 6325K, committed 6976K, reserved 1048576K
}
Event: 63.239 GC heap before
{Heap before GC invocations=432 (full 4):
 PSYoungGen      total 6656K, used 6335K [0x00000000eab00000, 0x00000000eb280000, 0x0000000100000000)
  eden space 5632K, 99% used [0x00000000eab00000,0x00000000eb07fc50,0x00000000eb080000)
  from space 1024K, 68% used [0x00000000eb180000,0x00000000eb230000,0x00000000eb280000)
  to   space 1024K, 0% used [0x00000000eb080000,0x00000000eb080000,0x00000000eb180000)
 ParOldGen       total 396800K, used 396432K [0x00000000c0000000, 0x00000000d8380000, 0x00000000eab00000)
  object space 396800K, 99% used [0x00000000c0000000,0x00000000d8324110,0x00000000d8380000)
 Metaspace       used 60850K, committed 62336K, reserved 1114112K
  class space    used 6325K, committed 6976K, reserved 1048576K
}
Event: 63.241 GC heap after
{Heap after GC invocations=432 (full 4):
 PSYoungGen      total 6656K, used 544K [0x00000000eab00000, 0x00000000eb280000, 0x0000000100000000)
  eden space 5632K, 0% used [0x00000000eab00000,0x00000000eab00000,0x00000000eb080000)
  from space 1024K, 53% used [0x00000000eb080000,0x00000000eb108000,0x00000000eb180000)
  to   space 1024K, 0% used [0x00000000eb180000,0x00000000eb180000,0x00000000eb280000)
 ParOldGen       total 397312K, used 397048K [0x00000000c0000000, 0x00000000d8400000, 0x00000000eab00000)
  object space 397312K, 99% used [0x00000000c0000000,0x00000000d83be110,0x00000000d8400000)
 Metaspace       used 60850K, committed 62336K, reserved 1114112K
  class space    used 6325K, committed 6976K, reserved 1048576K
}
Event: 63.267 GC heap before
{Heap before GC invocations=433 (full 4):
 PSYoungGen      total 6656K, used 6176K [0x00000000eab00000, 0x00000000eb280000, 0x0000000100000000)
  eden space 5632K, 100% used [0x00000000eab00000,0x00000000eb080000,0x00000000eb080000)
  from space 1024K, 53% used [0x00000000eb080000,0x00000000eb108000,0x00000000eb180000)
  to   space 1024K, 0% used [0x00000000eb180000,0x00000000eb180000,0x00000000eb280000)
 ParOldGen       total 397312K, used 397048K [0x00000000c0000000, 0x00000000d8400000, 0x00000000eab00000)
  object space 397312K, 99% used [0x00000000c0000000,0x00000000d83be110,0x00000000d8400000)
 Metaspace       used 60850K, committed 62336K, reserved 1114112K
  class space    used 6325K, committed 6976K, reserved 1048576K
}
Event: 63.270 GC heap after
{Heap after GC invocations=433 (full 4):
 PSYoungGen      total 6656K, used 640K [0x00000000eab00000, 0x00000000eb280000, 0x0000000100000000)
  eden space 5632K, 0% used [0x00000000eab00000,0x00000000eab00000,0x00000000eb080000)
  from space 1024K, 62% used [0x00000000eb180000,0x00000000eb220000,0x00000000eb280000)
  to   space 1024K, 0% used [0x00000000eb080000,0x00000000eb080000,0x00000000eb180000)
 ParOldGen       total 397824K, used 397480K [0x00000000c0000000, 0x00000000d8480000, 0x00000000eab00000)
  object space 397824K, 99% used [0x00000000c0000000,0x00000000d842a110,0x00000000d8480000)
 Metaspace       used 60850K, committed 62336K, reserved 1114112K
  class space    used 6325K, committed 6976K, reserved 1048576K
}
Event: 63.334 GC heap before
{Heap before GC invocations=434 (full 4):
 PSYoungGen      total 6656K, used 6261K [0x00000000eab00000, 0x00000000eb280000, 0x0000000100000000)
  eden space 5632K, 99% used [0x00000000eab00000,0x00000000eb07d448,0x00000000eb080000)
  from space 1024K, 62% used [0x00000000eb180000,0x00000000eb220000,0x00000000eb280000)
  to   space 1024K, 0% used [0x00000000eb080000,0x00000000eb080000,0x00000000eb180000)
 ParOldGen       total 397824K, used 397480K [0x00000000c0000000, 0x00000000d8480000, 0x00000000eab00000)
  object space 397824K, 99% used [0x00000000c0000000,0x00000000d842a110,0x00000000d8480000)
 Metaspace       used 60850K, committed 62336K, reserved 1114112K
  class space    used 6325K, committed 6976K, reserved 1048576K
}
Event: 63.339 GC heap after
{Heap after GC invocations=434 (full 4):
 PSYoungGen      total 6656K, used 1007K [0x00000000eab00000, 0x00000000eb680000, 0x0000000100000000)
  eden space 5632K, 0% used [0x00000000eab00000,0x00000000eab00000,0x00000000eb080000)
  from space 1024K, 98% used [0x00000000eb080000,0x00000000eb17bd10,0x00000000eb180000)
  to   space 3072K, 0% used [0x00000000eb380000,0x00000000eb380000,0x00000000eb680000)
 ParOldGen       total 399360K, used 399127K [0x00000000c0000000, 0x00000000d8600000, 0x00000000eab00000)
  object space 399360K, 99% used [0x00000000c0000000,0x00000000d85c5f08,0x00000000d8600000)
 Metaspace       used 60850K, committed 62336K, reserved 1114112K
  class space    used 6325K, committed 6976K, reserved 1048576K
}
Event: 63.491 GC heap before
{Heap before GC invocations=435 (full 4):
 PSYoungGen      total 6656K, used 6639K [0x00000000eab00000, 0x00000000eb680000, 0x0000000100000000)
  eden space 5632K, 100% used [0x00000000eab00000,0x00000000eb080000,0x00000000eb080000)
  from space 1024K, 98% used [0x00000000eb080000,0x00000000eb17bd10,0x00000000eb180000)
  to   space 3072K, 0% used [0x00000000eb380000,0x00000000eb380000,0x00000000eb680000)
 ParOldGen       total 399360K, used 399127K [0x00000000c0000000, 0x00000000d8600000, 0x00000000eab00000)
  object space 399360K, 99% used [0x00000000c0000000,0x00000000d85c5f08,0x00000000d8600000)
 Metaspace       used 60850K, committed 62336K, reserved 1114112K
  class space    used 6325K, committed 6976K, reserved 1048576K
}
Event: 63.507 GC heap after
{Heap after GC invocations=435 (full 4):
 PSYoungGen      total 8704K, used 3044K [0x00000000eab00000, 0x00000000eb680000, 0x0000000100000000)
  eden space 5632K, 0% used [0x00000000eab00000,0x00000000eab00000,0x00000000eb080000)
  from space 3072K, 99% used [0x00000000eb380000,0x00000000eb679040,0x00000000eb680000)
  to   space 1024K, 0% used [0x00000000eb080000,0x00000000eb080000,0x00000000eb180000)
 ParOldGen       total 401920K, used 401486K [0x00000000c0000000, 0x00000000d8880000, 0x00000000eab00000)
  object space 401920K, 99% used [0x00000000c0000000,0x00000000d8813aa0,0x00000000d8880000)
 Metaspace       used 60850K, committed 62336K, reserved 1114112K
  class space    used 6325K, committed 6976K, reserved 1048576K
}
Event: 63.594 GC heap before
{Heap before GC invocations=436 (full 4):
 PSYoungGen      total 8704K, used 8676K [0x00000000eab00000, 0x00000000eb680000, 0x0000000100000000)
  eden space 5632K, 100% used [0x00000000eab00000,0x00000000eb080000,0x00000000eb080000)
  from space 3072K, 99% used [0x00000000eb380000,0x00000000eb679040,0x00000000eb680000)
  to   space 1024K, 0% used [0x00000000eb080000,0x00000000eb080000,0x00000000eb180000)
 ParOldGen       total 401920K, used 401486K [0x00000000c0000000, 0x00000000d8880000, 0x00000000eab00000)
  object space 401920K, 99% used [0x00000000c0000000,0x00000000d8813aa0,0x00000000d8880000)
 Metaspace       used 60850K, committed 62336K, reserved 1114112K
  class space    used 6325K, committed 6976K, reserved 1048576K
}
Event: 63.604 GC heap after
{Heap after GC invocations=436 (full 4):
 PSYoungGen      total 8704K, used 8676K [0x00000000eab00000, 0x00000000eb680000, 0x0000000100000000)
  eden space 5632K, 100% used [0x00000000eab00000,0x00000000eb080000,0x00000000eb080000)
  from space 3072K, 99% used [0x00000000eb380000,0x00000000eb679040,0x00000000eb680000)
  to   space 1024K, 99% used [0x00000000eb080000,0x00000000eb17e600,0x00000000eb180000)
 ParOldGen       total 406528K, used 406526K [0x00000000c0000000, 0x00000000d8d00000, 0x00000000eab00000)
  object space 406528K, 99% used [0x00000000c0000000,0x00000000d8cff9e0,0x00000000d8d00000)
 Metaspace       used 60850K, committed 62336K, reserved 1114112K
  class space    used 6325K, committed 6976K, reserved 1048576K
}
Event: 63.604 GC heap before
{Heap before GC invocations=437 (full 5):
 PSYoungGen      total 8704K, used 8676K [0x00000000eab00000, 0x00000000eb680000, 0x0000000100000000)
  eden space 5632K, 100% used [0x00000000eab00000,0x00000000eb080000,0x00000000eb080000)
  from space 3072K, 99% used [0x00000000eb380000,0x00000000eb679040,0x00000000eb680000)
  to   space 1024K, 99% used [0x00000000eb080000,0x00000000eb17e600,0x00000000eb180000)
 ParOldGen       total 406528K, used 406526K [0x00000000c0000000, 0x00000000d8d00000, 0x00000000eab00000)
  object space 406528K, 99% used [0x00000000c0000000,0x00000000d8cff9e0,0x00000000d8d00000)
 Metaspace       used 60850K, committed 62336K, reserved 1114112K
  class space    used 6325K, committed 6976K, reserved 1048576K
}

Dll operation events (10 events):
Event: 0.072 Loaded shared library c:\Users\SERGE\.vscode\extensions\redhat.java-1.41.1-win32-x64\jre\21.0.6-win32-x86_64\bin\java.dll
Event: 0.246 Loaded shared library c:\Users\SERGE\.vscode\extensions\redhat.java-1.41.1-win32-x64\jre\21.0.6-win32-x86_64\bin\zip.dll
Event: 0.285 Loaded shared library C:\Users\SERGE\.vscode\extensions\redhat.java-1.41.1-win32-x64\jre\21.0.6-win32-x86_64\bin\instrument.dll
Event: 0.291 Loaded shared library C:\Users\SERGE\.vscode\extensions\redhat.java-1.41.1-win32-x64\jre\21.0.6-win32-x86_64\bin\net.dll
Event: 0.294 Loaded shared library C:\Users\SERGE\.vscode\extensions\redhat.java-1.41.1-win32-x64\jre\21.0.6-win32-x86_64\bin\nio.dll
Event: 0.308 Loaded shared library C:\Users\SERGE\.vscode\extensions\redhat.java-1.41.1-win32-x64\jre\21.0.6-win32-x86_64\bin\zip.dll
Event: 0.337 Loaded shared library C:\Users\SERGE\.vscode\extensions\redhat.java-1.41.1-win32-x64\jre\21.0.6-win32-x86_64\bin\jimage.dll
Event: 0.552 Loaded shared library c:\Users\SERGE\.vscode\extensions\redhat.java-1.41.1-win32-x64\jre\21.0.6-win32-x86_64\bin\verify.dll
Event: 5.465 Loaded shared library C:\Users\SERGE\AppData\Roaming\Code\User\globalStorage\redhat.java\1.41.1\config_win\org.eclipse.equinox.launcher\org.eclipse.equinox.launcher.win32.win32.x86_64_1.2.1300.v20250331-1702\eclipse_11911.dll
Event: 29.243 Loaded shared library C:\Users\SERGE\AppData\Local\Temp\jna-78788894\jna7232103808445529475.dll

Deoptimization events (20 events):
Event: 61.942 Thread 0x0000017ac10528b0 DEOPT PACKING pc=0x0000017af04a71f0 sp=0x00000051f59fec70
Event: 61.942 Thread 0x0000017ac10528b0 DEOPT UNPACKING pc=0x0000017aefd73aa2 sp=0x00000051f59fec08 mode 2
Event: 61.987 Thread 0x0000017ac10528b0 Uncommon trap: trap_request=0xffffff45 fr.pc=0x0000017af087ce64 relative=0x0000000000002004
Event: 61.987 Thread 0x0000017ac10528b0 Uncommon trap: reason=unstable_if action=reinterpret pc=0x0000017af087ce64 method=org.eclipse.jdt.internal.compiler.classfmt.MethodInfo.createMethod([B[IIJ)Lorg/eclipse/jdt/internal/compiler/classfmt/MethodInfo; @ 357 c2
Event: 61.987 Thread 0x0000017ac10528b0 DEOPT PACKING pc=0x0000017af087ce64 sp=0x00000051f59fe900
Event: 61.987 Thread 0x0000017ac10528b0 DEOPT UNPACKING pc=0x0000017aefd73aa2 sp=0x00000051f59fe880 mode 2
Event: 62.274 Thread 0x0000017ac10528b0 DEOPT PACKING pc=0x0000017ae90f212c sp=0x00000051f59fe750
Event: 62.274 Thread 0x0000017ac10528b0 DEOPT UNPACKING pc=0x0000017aefd74242 sp=0x00000051f59fdbb8 mode 0
Event: 62.823 Thread 0x0000017ac10528b0 Uncommon trap: trap_request=0xffffff45 fr.pc=0x0000017af0964734 relative=0x0000000000000d94
Event: 62.823 Thread 0x0000017ac10528b0 Uncommon trap: reason=unstable_if action=reinterpret pc=0x0000017af0964734 method=org.eclipse.jdt.internal.compiler.classfmt.AnnotationInfo.scanAnnotation(IZZ)I @ 188 c2
Event: 62.823 Thread 0x0000017ac10528b0 DEOPT PACKING pc=0x0000017af0964734 sp=0x00000051f59fe7c0
Event: 62.823 Thread 0x0000017ac10528b0 DEOPT UNPACKING pc=0x0000017aefd73aa2 sp=0x00000051f59fe758 mode 2
Event: 62.844 Thread 0x0000017ac10528b0 Uncommon trap: trap_request=0xffffff45 fr.pc=0x0000017af0682ce0 relative=0x0000000000000e00
Event: 62.844 Thread 0x0000017ac10528b0 Uncommon trap: reason=unstable_if action=reinterpret pc=0x0000017af0682ce0 method=org.eclipse.jdt.internal.compiler.parser.Scanner.internalScanIdentifierOrKeyword(II[C)Lorg/eclipse/jdt/internal/compiler/parser/TerminalToken; @ 943 c2
Event: 62.844 Thread 0x0000017ac10528b0 DEOPT PACKING pc=0x0000017af0682ce0 sp=0x00000051f59fece0
Event: 62.844 Thread 0x0000017ac10528b0 DEOPT UNPACKING pc=0x0000017aefd73aa2 sp=0x00000051f59fec70 mode 2
Event: 62.923 Thread 0x0000017ac10528b0 DEOPT PACKING pc=0x0000017ae9763238 sp=0x00000051f59feaa0
Event: 62.923 Thread 0x0000017ac10528b0 DEOPT UNPACKING pc=0x0000017aefd74242 sp=0x00000051f59fe098 mode 0
Event: 63.274 Thread 0x0000017ac10528b0 DEOPT PACKING pc=0x0000017ae9886259 sp=0x00000051f59fe9a0
Event: 63.274 Thread 0x0000017ac10528b0 DEOPT UNPACKING pc=0x0000017aefd74242 sp=0x00000051f59fde98 mode 0

Classes loaded (20 events):
Event: 51.101 Loading class java/util/regex/Pattern$SliceU
Event: 51.101 Loading class java/util/regex/Pattern$SliceU done
Event: 51.101 Loading class sun/nio/fs/WindowsFileSystem$2
Event: 51.101 Loading class java/nio/file/PathMatcher
Event: 51.101 Loading class java/nio/file/PathMatcher done
Event: 51.101 Loading class sun/nio/fs/WindowsFileSystem$2 done
Event: 51.293 Loading class java/util/Collections$SynchronizedRandomAccessList
Event: 51.294 Loading class java/util/Collections$SynchronizedList
Event: 51.294 Loading class java/util/Collections$SynchronizedList done
Event: 51.294 Loading class java/util/Collections$SynchronizedRandomAccessList done
Event: 51.299 Loading class java/util/concurrent/CompletableFuture$Signaller
Event: 51.300 Loading class java/util/concurrent/CompletableFuture$Signaller done
Event: 51.335 Loading class java/util/concurrent/CompletableFuture$UniApply
Event: 51.335 Loading class java/util/concurrent/CompletableFuture$UniApply done
Event: 51.341 Loading class java/util/concurrent/CompletableFuture$UniExceptionally
Event: 51.341 Loading class java/util/concurrent/CompletableFuture$UniExceptionally done
Event: 52.309 Loading class jdk/internal/module/IllegalAccessLogger
Event: 52.309 Loading class jdk/internal/module/IllegalAccessLogger done
Event: 57.035 Loading class sun/nio/fs/WindowsFileCopy
Event: 57.036 Loading class sun/nio/fs/WindowsFileCopy done

Classes unloaded (7 events):
Event: 32.353 Thread 0x0000017ae56adf10 Unloading class 0x0000017a81195400 'java/lang/invoke/LambdaForm$MH+0x0000017a81195400'
Event: 32.353 Thread 0x0000017ae56adf10 Unloading class 0x0000017a81195000 'java/lang/invoke/LambdaForm$MH+0x0000017a81195000'
Event: 32.353 Thread 0x0000017ae56adf10 Unloading class 0x0000017a81194c00 'java/lang/invoke/LambdaForm$MH+0x0000017a81194c00'
Event: 32.353 Thread 0x0000017ae56adf10 Unloading class 0x0000017a81194800 'java/lang/invoke/LambdaForm$MH+0x0000017a81194800'
Event: 32.353 Thread 0x0000017ae56adf10 Unloading class 0x0000017a81194400 'java/lang/invoke/LambdaForm$BMH+0x0000017a81194400'
Event: 32.353 Thread 0x0000017ae56adf10 Unloading class 0x0000017a81194000 'java/lang/invoke/LambdaForm$DMH+0x0000017a81194000'
Event: 32.353 Thread 0x0000017ae56adf10 Unloading class 0x0000017a81192c00 'java/lang/invoke/LambdaForm$DMH+0x0000017a81192c00'

Classes redefined (0 events):
No events

Internal exceptions (20 events):
Event: 51.338 Thread 0x0000017ac1aa3cd0 Exception <a 'java/lang/IncompatibleClassChangeError'{0x00000000ead4b060}: Found class java.lang.Object, but interface was expected> (0x00000000ead4b060) 
thrown [s\src\hotspot\share\interpreter\linkResolver.cpp, line 840]
Event: 51.342 Thread 0x0000017ac1aa3cd0 Exception <a 'java/lang/IncompatibleClassChangeError'{0x00000000ead6cb00}: Found class java.lang.Object, but interface was expected> (0x00000000ead6cb00) 
thrown [s\src\hotspot\share\interpreter\linkResolver.cpp, line 840]
Event: 51.707 Thread 0x0000017ac314e220 Exception <a 'java/lang/NoSuchMethodError'{0x00000000eadea610}: 'java.lang.Object java.lang.invoke.DirectMethodHandle$Holder.newInvokeSpecial(java.lang.Object, java.lang.Object, java.lang.Object, java.lang.Object, int)'> (0x00000000eadea610) 
thrown [s\src\hotspot\share\interpreter\linkResolver.cpp, line 773]
Event: 51.708 Thread 0x0000017ac314e220 Exception <a 'java/lang/NoSuchMethodError'{0x00000000eadee970}: 'java.lang.Object java.lang.invoke.DirectMethodHandle$Holder.invokeSpecial(java.lang.Object, java.lang.Object, java.lang.Object, java.lang.Object, java.lang.Object, int)'> (0x00000000eadee970) 
thrown [s\src\hotspot\share\interpreter\linkResolver.cpp, line 773]
Event: 51.708 Thread 0x0000017ac314e220 Exception <a 'java/lang/NoSuchMethodError'{0x00000000eadf2390}: 'java.lang.Object java.lang.invoke.Invokers$Holder.linkToTargetMethod(java.lang.Object, java.lang.Object, java.lang.Object, int, java.lang.Object)'> (0x00000000eadf2390) 
thrown [s\src\hotspot\share\interpreter\linkResolver.cpp, line 773]
Event: 52.233 Thread 0x0000017ac1052f40 Exception <a 'java/lang/NoSuchMethodError'{0x00000000ead9e260}: 'java.lang.Object java.lang.invoke.DirectMethodHandle$Holder.invokeSpecial(java.lang.Object, java.lang.Object, int, long)'> (0x00000000ead9e260) 
thrown [s\src\hotspot\share\interpreter\linkResolver.cpp, line 773]
Event: 57.037 Thread 0x0000017ac10528b0 Exception <a 'sun/nio/fs/WindowsException'{0x00000000eac8d558}> (0x00000000eac8d558) 
thrown [s\src\hotspot\share\prims\jni.cpp, line 520]
Event: 57.107 Thread 0x0000017ac10528b0 Exception <a 'sun/nio/fs/WindowsException'{0x00000000eacbca40}> (0x00000000eacbca40) 
thrown [s\src\hotspot\share\prims\jni.cpp, line 520]
Event: 57.172 Thread 0x0000017ac10528b0 Exception <a 'sun/nio/fs/WindowsException'{0x00000000eacd34d8}> (0x00000000eacd34d8) 
thrown [s\src\hotspot\share\prims\jni.cpp, line 520]
Event: 57.232 Thread 0x0000017ac10528b0 Exception <a 'sun/nio/fs/WindowsException'{0x00000000eacea658}> (0x00000000eacea658) 
thrown [s\src\hotspot\share\prims\jni.cpp, line 520]
Event: 57.794 Thread 0x0000017ac10528b0 Exception <a 'sun/nio/fs/WindowsException'{0x00000000ead3f718}> (0x00000000ead3f718) 
thrown [s\src\hotspot\share\prims\jni.cpp, line 520]
Event: 58.341 Thread 0x0000017ac10528b0 Exception <a 'sun/nio/fs/WindowsException'{0x00000000ead1b4f0}> (0x00000000ead1b4f0) 
thrown [s\src\hotspot\share\prims\jni.cpp, line 520]
Event: 58.411 Thread 0x0000017ac10528b0 Exception <a 'sun/nio/fs/WindowsException'{0x00000000eadbe088}> (0x00000000eadbe088) 
thrown [s\src\hotspot\share\prims\jni.cpp, line 520]
Event: 58.769 Thread 0x0000017ac10528b0 Exception <a 'sun/nio/fs/WindowsException'{0x00000000eabcf158}> (0x00000000eabcf158) 
thrown [s\src\hotspot\share\prims\jni.cpp, line 520]
Event: 58.792 Thread 0x0000017ac10528b0 Exception <a 'sun/nio/fs/WindowsException'{0x00000000eabf9748}> (0x00000000eabf9748) 
thrown [s\src\hotspot\share\prims\jni.cpp, line 520]
Event: 58.846 Thread 0x0000017ac10528b0 Exception <a 'sun/nio/fs/WindowsException'{0x00000000eac94a70}> (0x00000000eac94a70) 
thrown [s\src\hotspot\share\prims\jni.cpp, line 520]
Event: 59.048 Thread 0x0000017ac10528b0 Exception <a 'sun/nio/fs/WindowsException'{0x00000000eab92840}> (0x00000000eab92840) 
thrown [s\src\hotspot\share\prims\jni.cpp, line 520]
Event: 59.099 Thread 0x0000017ac10528b0 Exception <a 'sun/nio/fs/WindowsException'{0x00000000eaba0ca8}> (0x00000000eaba0ca8) 
thrown [s\src\hotspot\share\prims\jni.cpp, line 520]
Event: 59.231 Thread 0x0000017ac10528b0 Exception <a 'sun/nio/fs/WindowsException'{0x00000000eab81a90}> (0x00000000eab81a90) 
thrown [s\src\hotspot\share\prims\jni.cpp, line 520]
Event: 59.462 Thread 0x0000017ac10528b0 Exception <a 'sun/nio/fs/WindowsException'{0x00000000eac9a608}> (0x00000000eac9a608) 
thrown [s\src\hotspot\share\prims\jni.cpp, line 520]

ZGC Phase Switch (0 events):
No events

VM Operations (20 events):
Event: 63.105 Executing VM operation: ParallelGCFailedAllocation (Allocation Failure) done
Event: 63.123 Executing VM operation: ParallelGCFailedAllocation (Allocation Failure)
Event: 63.125 Executing VM operation: ParallelGCFailedAllocation (Allocation Failure) done
Event: 63.149 Executing VM operation: ParallelGCFailedAllocation (Allocation Failure)
Event: 63.151 Executing VM operation: ParallelGCFailedAllocation (Allocation Failure) done
Event: 63.174 Executing VM operation: ParallelGCFailedAllocation (Allocation Failure)
Event: 63.176 Executing VM operation: ParallelGCFailedAllocation (Allocation Failure) done
Event: 63.198 Executing VM operation: ParallelGCFailedAllocation (Allocation Failure)
Event: 63.201 Executing VM operation: ParallelGCFailedAllocation (Allocation Failure) done
Event: 63.221 Executing VM operation: ParallelGCFailedAllocation (Allocation Failure)
Event: 63.223 Executing VM operation: ParallelGCFailedAllocation (Allocation Failure) done
Event: 63.239 Executing VM operation: ParallelGCFailedAllocation (Allocation Failure)
Event: 63.241 Executing VM operation: ParallelGCFailedAllocation (Allocation Failure) done
Event: 63.267 Executing VM operation: ParallelGCFailedAllocation (Allocation Failure)
Event: 63.270 Executing VM operation: ParallelGCFailedAllocation (Allocation Failure) done
Event: 63.334 Executing VM operation: ParallelGCFailedAllocation (Allocation Failure)
Event: 63.339 Executing VM operation: ParallelGCFailedAllocation (Allocation Failure) done
Event: 63.491 Executing VM operation: ParallelGCFailedAllocation (Allocation Failure)
Event: 63.507 Executing VM operation: ParallelGCFailedAllocation (Allocation Failure) done
Event: 63.594 Executing VM operation: ParallelGCFailedAllocation (Allocation Failure)

Memory protections (0 events):
No events

Nmethod flushes (20 events):
Event: 54.521 Thread 0x0000017ae56adf10 flushing  nmethod 0x0000017ae9abf510
Event: 54.521 Thread 0x0000017ae56adf10 flushing  nmethod 0x0000017ae9ace710
Event: 54.521 Thread 0x0000017ae56adf10 flushing  nmethod 0x0000017ae9adb190
Event: 54.521 Thread 0x0000017ae56adf10 flushing  nmethod 0x0000017ae9adb690
Event: 54.521 Thread 0x0000017ae56adf10 flushing  nmethod 0x0000017ae9afa810
Event: 54.521 Thread 0x0000017ae56adf10 flushing  nmethod 0x0000017ae9b08a10
Event: 54.521 Thread 0x0000017ae56adf10 flushing  nmethod 0x0000017ae9b11510
Event: 54.521 Thread 0x0000017ae56adf10 flushing  nmethod 0x0000017ae9b1c110
Event: 54.521 Thread 0x0000017ae56adf10 flushing  nmethod 0x0000017ae9b20a10
Event: 54.521 Thread 0x0000017ae56adf10 flushing  nmethod 0x0000017ae9b91190
Event: 54.521 Thread 0x0000017ae56adf10 flushing  nmethod 0x0000017ae9b95090
Event: 54.521 Thread 0x0000017ae56adf10 flushing  nmethod 0x0000017ae9ba5510
Event: 54.521 Thread 0x0000017ae56adf10 flushing  nmethod 0x0000017ae9bddc90
Event: 54.521 Thread 0x0000017ae56adf10 flushing  nmethod 0x0000017ae9be3910
Event: 54.521 Thread 0x0000017ae56adf10 flushing  nmethod 0x0000017ae9c1c790
Event: 54.521 Thread 0x0000017ae56adf10 flushing  nmethod 0x0000017ae9c23690
Event: 54.521 Thread 0x0000017ae56adf10 flushing  nmethod 0x0000017ae9c41290
Event: 54.521 Thread 0x0000017ae56adf10 flushing  nmethod 0x0000017ae9c42790
Event: 54.521 Thread 0x0000017ae56adf10 flushing  nmethod 0x0000017ae9c8d590
Event: 54.521 Thread 0x0000017ae56adf10 flushing  nmethod 0x0000017ae9c8fa10

Events (20 events):
Event: 50.021 Thread 0x0000017ac1051500 Thread added: 0x0000017ac314db90
Event: 50.021 Thread 0x0000017ac1051500 Thread added: 0x0000017ac314ef40
Event: 50.025 Thread 0x0000017ac1051500 Thread added: 0x0000017ac31499f0
Event: 50.025 Thread 0x0000017ac1051500 Thread added: 0x0000017ac3147fb0
Event: 50.025 Thread 0x0000017ac1051500 Thread added: 0x0000017ac314ce70
Event: 50.256 Thread 0x0000017ac314ce70 Thread exited: 0x0000017ac314ce70
Event: 50.256 Thread 0x0000017ac31499f0 Thread exited: 0x0000017ac31499f0
Event: 50.256 Thread 0x0000017ac314ef40 Thread exited: 0x0000017ac314ef40
Event: 50.257 Thread 0x0000017ac314db90 Thread exited: 0x0000017ac314db90
Event: 50.257 Thread 0x0000017ac3147fb0 Thread exited: 0x0000017ac3147fb0
Event: 51.336 Thread 0x0000017ac1aa3cd0 Thread added: 0x0000017ac314db90
Event: 51.388 Thread 0x0000017ac314db90 Thread added: 0x0000017ac314e220
Event: 55.131 Thread 0x0000017ac12ac1d0 Thread exited: 0x0000017ac12ac1d0
Event: 55.180 Thread 0x0000017af99232c0 Thread added: 0x0000017ac4377c70
Event: 55.373 Thread 0x0000017ac4377c70 Thread exited: 0x0000017ac4377c70
Event: 57.266 Thread 0x0000017af99232c0 Thread added: 0x0000017ac3f418a0
Event: 61.948 Thread 0x0000017ac3f418a0 Thread exited: 0x0000017ac3f418a0
Event: 62.152 Thread 0x0000017af99232c0 Thread added: 0x0000017ac3f418a0
Event: 62.847 Thread 0x0000017ac3f418a0 Thread exited: 0x0000017ac3f418a0
Event: 63.275 Thread 0x0000017af999a2a0 Thread added: 0x0000017ac3f418a0


Dynamic libraries:
0x00007ff748b00000 - 0x00007ff748b0e000 	c:\Users\SERGE\.vscode\extensions\redhat.java-1.41.1-win32-x64\jre\21.0.6-win32-x86_64\bin\java.exe
0x00007ffa93590000 - 0x00007ffa93788000 	C:\Windows\SYSTEM32\ntdll.dll
0x00007ffa91970000 - 0x00007ffa91a32000 	C:\Windows\System32\KERNEL32.DLL
0x00007ffa912b0000 - 0x00007ffa915af000 	C:\Windows\System32\KERNELBASE.dll
0x00007ffa91020000 - 0x00007ffa91120000 	C:\Windows\System32\ucrtbase.dll
0x00007ffa8a7a0000 - 0x00007ffa8a7b8000 	c:\Users\SERGE\.vscode\extensions\redhat.java-1.41.1-win32-x64\jre\21.0.6-win32-x86_64\bin\jli.dll
0x00007ffa92960000 - 0x00007ffa92afd000 	C:\Windows\System32\USER32.dll
0x00007ffa90cc0000 - 0x00007ffa90ce2000 	C:\Windows\System32\win32u.dll
0x00007ffa923c0000 - 0x00007ffa923eb000 	C:\Windows\System32\GDI32.dll
0x00007ffa91120000 - 0x00007ffa9123a000 	C:\Windows\System32\gdi32full.dll
0x00007ffa90e20000 - 0x00007ffa90ebd000 	C:\Windows\System32\msvcp_win.dll
0x00007ffa872e0000 - 0x00007ffa872fe000 	c:\Users\SERGE\.vscode\extensions\redhat.java-1.41.1-win32-x64\jre\21.0.6-win32-x86_64\bin\VCRUNTIME140.dll
0x00007ffa7d940000 - 0x00007ffa7dbda000 	C:\Windows\WinSxS\amd64_microsoft.windows.common-controls_6595b64144ccf1df_6.0.19041.4355_none_60b8b9eb71f62e16\COMCTL32.dll
0x00007ffa92c20000 - 0x00007ffa92cbe000 	C:\Windows\System32\msvcrt.dll
0x00007ffa92260000 - 0x00007ffa9228f000 	C:\Windows\System32\IMM32.DLL
0x00007ffa8a8c0000 - 0x00007ffa8a8cc000 	c:\Users\SERGE\.vscode\extensions\redhat.java-1.41.1-win32-x64\jre\21.0.6-win32-x86_64\bin\vcruntime140_1.dll
0x00007ffa741d0000 - 0x00007ffa7425d000 	c:\Users\SERGE\.vscode\extensions\redhat.java-1.41.1-win32-x64\jre\21.0.6-win32-x86_64\bin\msvcp140.dll
0x00007ffa470b0000 - 0x00007ffa47e40000 	c:\Users\SERGE\.vscode\extensions\redhat.java-1.41.1-win32-x64\jre\21.0.6-win32-x86_64\bin\server\jvm.dll
0x00007ffa917b0000 - 0x00007ffa9185f000 	C:\Windows\System32\ADVAPI32.dll
0x00007ffa93450000 - 0x00007ffa934ef000 	C:\Windows\System32\sechost.dll
0x00007ffa92290000 - 0x00007ffa923b3000 	C:\Windows\System32\RPCRT4.dll
0x00007ffa90da0000 - 0x00007ffa90dc7000 	C:\Windows\System32\bcrypt.dll
0x00007ffa91860000 - 0x00007ffa918cb000 	C:\Windows\System32\WS2_32.dll
0x00007ffa90130000 - 0x00007ffa9017b000 	C:\Windows\SYSTEM32\POWRPROF.dll
0x00007ffa7d150000 - 0x00007ffa7d177000 	C:\Windows\SYSTEM32\WINMM.dll
0x00007ffa8eb60000 - 0x00007ffa8eb6a000 	C:\Windows\SYSTEM32\VERSION.dll
0x00007ffa8fff0000 - 0x00007ffa90002000 	C:\Windows\SYSTEM32\UMPDC.dll
0x00007ffa8ec50000 - 0x00007ffa8ec62000 	C:\Windows\SYSTEM32\kernel.appcore.dll
0x00007ffa89510000 - 0x00007ffa8951a000 	c:\Users\SERGE\.vscode\extensions\redhat.java-1.41.1-win32-x64\jre\21.0.6-win32-x86_64\bin\jimage.dll
0x00007ffa7ecf0000 - 0x00007ffa7eed4000 	C:\Windows\SYSTEM32\DBGHELP.DLL
0x00007ffa7ecb0000 - 0x00007ffa7ece4000 	C:\Windows\SYSTEM32\dbgcore.DLL
0x00007ffa90c30000 - 0x00007ffa90cb2000 	C:\Windows\System32\bcryptPrimitives.dll
0x00007ffa86ec0000 - 0x00007ffa86ecf000 	c:\Users\SERGE\.vscode\extensions\redhat.java-1.41.1-win32-x64\jre\21.0.6-win32-x86_64\bin\instrument.dll
0x00007ffa808a0000 - 0x00007ffa808bf000 	c:\Users\SERGE\.vscode\extensions\redhat.java-1.41.1-win32-x64\jre\21.0.6-win32-x86_64\bin\java.dll
0x00007ffa91af0000 - 0x00007ffa9225d000 	C:\Windows\System32\SHELL32.dll
0x00007ffa8ec70000 - 0x00007ffa8f413000 	C:\Windows\SYSTEM32\windows.storage.dll
0x00007ffa92590000 - 0x00007ffa928e5000 	C:\Windows\System32\combase.dll
0x00007ffa90580000 - 0x00007ffa905ab000 	C:\Windows\SYSTEM32\Wldp.dll
0x00007ffa915b0000 - 0x00007ffa9167d000 	C:\Windows\System32\OLEAUT32.dll
0x00007ffa91a40000 - 0x00007ffa91aed000 	C:\Windows\System32\SHCORE.dll
0x00007ffa92e70000 - 0x00007ffa92ec5000 	C:\Windows\System32\shlwapi.dll
0x00007ffa90b60000 - 0x00007ffa90b85000 	C:\Windows\SYSTEM32\profapi.dll
0x00007ffa7f660000 - 0x00007ffa7f678000 	c:\Users\SERGE\.vscode\extensions\redhat.java-1.41.1-win32-x64\jre\21.0.6-win32-x86_64\bin\zip.dll
0x00007ffa80910000 - 0x00007ffa80920000 	C:\Users\SERGE\.vscode\extensions\redhat.java-1.41.1-win32-x64\jre\21.0.6-win32-x86_64\bin\net.dll
0x00007ffa890e0000 - 0x00007ffa891ea000 	C:\Windows\SYSTEM32\WINHTTP.dll
0x00007ffa90360000 - 0x00007ffa903cc000 	C:\Windows\system32\mswsock.dll
0x00007ffa7b7f0000 - 0x00007ffa7b806000 	C:\Users\SERGE\.vscode\extensions\redhat.java-1.41.1-win32-x64\jre\21.0.6-win32-x86_64\bin\nio.dll
0x00007ffa80010000 - 0x00007ffa80020000 	c:\Users\SERGE\.vscode\extensions\redhat.java-1.41.1-win32-x64\jre\21.0.6-win32-x86_64\bin\verify.dll
0x00007ffa68e10000 - 0x00007ffa68e55000 	C:\Users\SERGE\AppData\Roaming\Code\User\globalStorage\redhat.java\1.41.1\config_win\org.eclipse.equinox.launcher\org.eclipse.equinox.launcher.win32.win32.x86_64_1.2.1300.v20250331-1702\eclipse_11911.dll
0x00007ffa91680000 - 0x00007ffa917ab000 	C:\Windows\System32\ole32.dll
0x00007ffa905c0000 - 0x00007ffa905d8000 	C:\Windows\SYSTEM32\CRYPTSP.dll
0x00007ffa8fc30000 - 0x00007ffa8fc68000 	C:\Windows\system32\rsaenh.dll
0x00007ffa90b20000 - 0x00007ffa90b4e000 	C:\Windows\SYSTEM32\USERENV.dll
0x00007ffa904f0000 - 0x00007ffa904fc000 	C:\Windows\SYSTEM32\CRYPTBASE.dll
0x00007ffa90010000 - 0x00007ffa9004b000 	C:\Windows\SYSTEM32\IPHLPAPI.DLL
0x00007ffa92bb0000 - 0x00007ffa92bb8000 	C:\Windows\System32\NSI.dll
0x00007ffa68290000 - 0x00007ffa682d9000 	C:\Users\SERGE\AppData\Local\Temp\jna-78788894\jna7232103808445529475.dll
0x00007ffa91960000 - 0x00007ffa91968000 	C:\Windows\System32\PSAPI.DLL
0x00007ffa8ebc0000 - 0x00007ffa8ebd7000 	C:\Windows\SYSTEM32\dhcpcsvc6.DLL
0x00007ffa8eba0000 - 0x00007ffa8ebbd000 	C:\Windows\SYSTEM32\dhcpcsvc.DLL

dbghelp: loaded successfully - version: 4.0.5 - missing functions: none
symbol engine: initialized successfully - sym options: 0x614 - pdb path: .;c:\Users\SERGE\.vscode\extensions\redhat.java-1.41.1-win32-x64\jre\21.0.6-win32-x86_64\bin;C:\Windows\SYSTEM32;C:\Windows\WinSxS\amd64_microsoft.windows.common-controls_6595b64144ccf1df_6.0.19041.4355_none_60b8b9eb71f62e16;c:\Users\SERGE\.vscode\extensions\redhat.java-1.41.1-win32-x64\jre\21.0.6-win32-x86_64\bin\server;C:\Users\SERGE\AppData\Roaming\Code\User\globalStorage\redhat.java\1.41.1\config_win\org.eclipse.equinox.launcher\org.eclipse.equinox.launcher.win32.win32.x86_64_1.2.1300.v20250331-1702;C:\Users\SERGE\AppData\Local\Temp\jna-78788894

VM Arguments:
jvm_args: --add-modules=ALL-SYSTEM --add-opens=java.base/java.util=ALL-UNNAMED --add-opens=java.base/java.lang=ALL-UNNAMED --add-opens=java.base/sun.nio.fs=ALL-UNNAMED -Declipse.application=org.eclipse.jdt.ls.core.id1 -Dosgi.bundles.defaultStartLevel=4 -Declipse.product=org.eclipse.jdt.ls.core.product -Djava.import.generatesMetadataFilesAtProjectRoot=false -DDetectVMInstallationsJob.disabled=true -Dfile.encoding=utf8 -XX:+UseParallelGC -XX:GCTimeRatio=4 -XX:AdaptiveSizePolicyWeight=90 -Dsun.zip.disableMemoryMapping=true -Xmx1G -Xms100m -Xlog:disable -javaagent:c:\Users\SERGE\.vscode\extensions\redhat.java-1.41.1-win32-x64\lombok\lombok-1.18.36.jar -XX:+HeapDumpOnOutOfMemoryError -XX:HeapDumpPath=c:\Users\SERGE\AppData\Roaming\Code\User\workspaceStorage\a6951d4b4e5e0ad82c8566c0f5837605\redhat.java -Daether.dependencyCollector.impl=bf 
java_command: c:\Users\SERGE\.vscode\extensions\redhat.java-1.41.1-win32-x64\server\plugins\org.eclipse.equinox.launcher_1.7.0.v20250331-1702.jar -configuration c:\Users\SERGE\AppData\Roaming\Code\User\globalStorage\redhat.java\1.41.1\config_win -data c:\Users\SERGE\AppData\Roaming\Code\User\workspaceStorage\a6951d4b4e5e0ad82c8566c0f5837605\redhat.java\jdt_ws --pipe=\\.\pipe\lsp-019a5cff331978aaca46ca724f82d381-sock
java_class_path (initial): c:\Users\SERGE\.vscode\extensions\redhat.java-1.41.1-win32-x64\server\plugins\org.eclipse.equinox.launcher_1.7.0.v20250331-1702.jar
Launcher Type: SUN_STANDARD

[Global flags]
    uintx AdaptiveSizePolicyWeight                 = 90                                        {product} {command line}
     intx CICompilerCount                          = 3                                         {product} {ergonomic}
    uintx GCTimeRatio                              = 4                                         {product} {command line}
     bool HeapDumpOnOutOfMemoryError               = true                                   {manageable} {command line}
    ccstr HeapDumpPath                             = c:\Users\SERGE\AppData\Roaming\Code\User\workspaceStorage\a6951d4b4e5e0ad82c8566c0f5837605\redhat.java         {manageable} {command line}
   size_t InitialHeapSize                          = 104857600                                 {product} {command line}
   size_t MaxHeapSize                              = 1073741824                                {product} {command line}
   size_t MaxNewSize                               = 357564416                                 {product} {ergonomic}
   size_t MinHeapDeltaBytes                        = 524288                                    {product} {ergonomic}
   size_t MinHeapSize                              = 104857600                                 {product} {command line}
   size_t NewSize                                  = 34603008                                  {product} {ergonomic}
    uintx NonNMethodCodeHeapSize                   = 5832780                                {pd product} {ergonomic}
    uintx NonProfiledCodeHeapSize                  = 122912730                              {pd product} {ergonomic}
   size_t OldSize                                  = 70254592                                  {product} {ergonomic}
    uintx ProfiledCodeHeapSize                     = 122912730                              {pd product} {ergonomic}
    uintx ReservedCodeCacheSize                    = 251658240                              {pd product} {ergonomic}
     bool SegmentedCodeCache                       = true                                      {product} {ergonomic}
   size_t SoftMaxHeapSize                          = 1073741824                             {manageable} {ergonomic}
     bool UseCompressedOops                        = true                           {product lp64_product} {ergonomic}
     bool UseLargePagesIndividualAllocation        = false                                  {pd product} {ergonomic}
     bool UseParallelGC                            = true                                      {product} {command line}

Logging:
Log output configuration:
 #0: stdout all=off uptime,level,tags foldmultilines=false
 #1: stderr all=off uptime,level,tags foldmultilines=false

Environment Variables:
PATH=C:\Program Files\Java\jdk-17\bin;C:\Program Files\Common Files\Oracle\Java\javapath;C:\Windows\system32;C:\Windows;C:\Windows\System32\Wbem;C:\Windows\System32\WindowsPowerShell\v1.0\;C:\Windows\System32\OpenSSH\;C:\Program Files\nodejs\;C:\Program Files\IVI Foundation\VISA\Win64\Bin\;C:\Program Files (x86)\IVI Foundation\VISA\WinNT\Bin\;C:\Program Files (x86)\IVI Foundation\VISA\WinNT\Bin;C:\Program Files\MATLAB\R2016a\runtime\win64;C:\Program Files\MATLAB\R2016a\bin;C:\Program Files\MATLAB\R2016a\polyspace\bin;C:\composer;C:\Program Files\Git\cmd;C:\Program Files\PostgreSQL\16\bin;C:\Program Files\PostgreSQL\16\data;C:\Program Files\Microsoft VS Code\bin;C:\Program Files\dotnet\;C:\platform-tools-latest-windows\platform-tools;C:\Program Files\MySQL\MySQL Server X.X\bin;C:\Program Files\Java\jdk-17\bin;C:\Server;C:\Program Files\Docker\Docker\resources\bin;C:\Cassandra\apache-cassandra-4.1.8\bin;C:\ProgramData\chocolatey\bin;C:\Program Files\BlueStacks_nxt;C:\Users\SERGE\AppData\Local\Programs\Python\Python311\Scripts\;C:\Users\SERGE\AppData\Local\Programs\Python\Python311\;C:\Users\SERGE\scoop\shims;C:\Users\SERGE\AppData\Local\Microsoft\WindowsApps;C:\Users\SERGE\AppData\Roaming\npm;C:\Program Files (x86);C:\Users\SERGE\AppData\Roaming\Composer\vendor\bin;C:\Users\SERGE\.dotnet\tools;C:\Program Files (x86)\Nmap
USERNAME=SERGE
OS=Windows_NT
PROCESSOR_IDENTIFIER=Intel64 Family 6 Model 60 Stepping 3, GenuineIntel
TMP=C:\Users\SERGE\AppData\Local\Temp
TEMP=C:\Users\SERGE\AppData\Local\Temp




Periodic native trim disabled

---------------  S Y S T E M  ---------------

OS:
 Windows 10 , 64 bit Build 19041 (10.0.19041.5438)
OS uptime: 0 days 7:10 hours
Hyper-V role detected

CPU: total 4 (initial active 4) (2 cores per cpu, 2 threads per core) family 6 model 60 stepping 3 microcode 0x27, cx8, cmov, fxsr, ht, mmx, sse, sse2, sse3, ssse3, sse4.1, sse4.2, popcnt, lzcnt, tsc, tscinvbit, avx, avx2, aes, erms, clmul, bmi1, bmi2, fma, vzeroupper, clflush, hv, rdtscp, f16c
Processor Information for the first 4 processors :
  Max Mhz: 2601, Current Mhz: 2601, Mhz Limit: 2601

Memory: 4k page, system-wide physical 8089M (587M free)
TotalPageFile size 10137M (AvailPageFile size 4M)
current process WorkingSet (physical memory assigned to process): 762M, peak: 763M
current process commit charge ("private bytes"): 665M, peak: 952M

vm_info: OpenJDK 64-Bit Server VM (21.0.6+7-LTS) for windows-amd64 JRE (21.0.6+7-LTS), built on 2025-01-21T00:00:00Z by "admin" with MS VC++ 17.7 (VS2022)

END.
