#
# There is insufficient memory for the Java Runtime Environment to continue.
# Native memory allocation (malloc) failed to allocate 1017536 bytes. Error detail: Chunk::new
# Possible reasons:
#   The system is out of physical RAM or swap space
#   This process is running with CompressedOops enabled, and the Java Heap may be blocking the growth of the native heap
# Possible solutions:
#   Reduce memory load on the system
#   Increase physical memory or swap space
#   Check if swap backing store is full
#   Decrease Java heap size (-Xmx/-Xms)
#   Decrease number of Java threads
#   Decrease Java thread stack sizes (-Xss)
#   Set larger code cache with -XX:ReservedCodeCacheSize=
#   JVM is running with Unscaled Compressed Oops mode in which the Java heap is
#     placed in the first 4GB address space. The Java Heap base address is the
#     maximum limit for the native heap growth. Please use -XX:HeapBaseMinAddress
#     to set the Java Heap base and to place the Java Heap above 4GB virtual address.
# This output file may be truncated or incomplete.
#
#  Out of Memory Error (arena.cpp:168), pid=5672, tid=8072
#
# JRE version: OpenJDK Runtime Environment Temurin-21.0.7+6 (21.0.7+6) (build 21.0.7+6-LTS)
# Java VM: OpenJDK 64-Bit Server VM Temurin-21.0.7+6 (21.0.7+6-LTS, mixed mode, sharing, tiered, compressed oops, compressed class ptrs, parallel gc, windows-amd64)
# No core dump will be written. Minidumps are not enabled by default on client versions of Windows
#

---------------  S U M M A R Y ------------

Command Line: --add-modules=ALL-SYSTEM --add-opens=java.base/java.util=ALL-UNNAMED --add-opens=java.base/java.lang=ALL-UNNAMED --add-opens=java.base/sun.nio.fs=ALL-UNNAMED -Declipse.application=org.eclipse.jdt.ls.core.id1 -Dosgi.bundles.defaultStartLevel=4 -Declipse.product=org.eclipse.jdt.ls.core.product -Djava.import.generatesMetadataFilesAtProjectRoot=false -DDetectVMInstallationsJob.disabled=true -Dfile.encoding=utf8 -XX:+UseParallelGC -XX:GCTimeRatio=4 -XX:AdaptiveSizePolicyWeight=90 -Dsun.zip.disableMemoryMapping=true -Xmx1G -Xms100m -Xlog:disable -javaagent:c:\Users\SERGE\.vscode\extensions\redhat.java-1.42.0-win32-x64\lombok\lombok-1.18.36.jar -XX:+HeapDumpOnOutOfMemoryError -XX:HeapDumpPath=c:\Users\SERGE\AppData\Roaming\Code\User\workspaceStorage\a6951d4b4e5e0ad82c8566c0f5837605\redhat.java -Daether.dependencyCollector.impl=bf c:\Users\SERGE\.vscode\extensions\redhat.java-1.42.0-win32-x64\server\plugins\org.eclipse.equinox.launcher_1.7.0.v20250424-1814.jar -configuration c:\Users\SERGE\AppData\Roaming\Code\User\globalStorage\redhat.java\1.42.0\config_win -data c:\Users\SERGE\AppData\Roaming\Code\User\workspaceStorage\a6951d4b4e5e0ad82c8566c0f5837605\redhat.java\jdt_ws --pipe=\\.\pipe\lsp-3bda8fd4628f2229ce2da7d517e634bd-sock

Host: Intel(R) Core(TM) i5-4300M CPU @ 2.60GHz, 4 cores, 7G,  Windows 10 , 64 bit Build 19041 (10.0.19041.5438)
Time: Sun May 18 20:09:45 2025 Paris, Madrid (heure duild 19041 (10.0.19041.5438) elapsed time: 275.799402 seconds (0d 0h 4m 35s)

---------------  T H R E A D  ---------------

Current thread (0x00000268e45a3680):  JavaThread "C2 CompilerThread1" daemon [_thread_in_native, id=8072, stack(0x0000007562800000,0x0000007562900000) (1024K)]


Current CompileTask:
C2:275799 9347 %     4       org.lombokweb.asm.SymbolTable::<init> @ 98 (536 bytes)

Stack: [0x0000007562800000,0x0000007562900000]
Native frames: (J=compiled Java code, j=interpreted, Vv=VM code, C=native code)
V  [jvm.dll+0x6ce119]
V  [jvm.dll+0x8a84a1]
V  [jvm.dll+0x8aa9ce]
V  [jvm.dll+0x8ab0b3]
V  [jvm.dll+0x27f8a6]
V  [jvm.dll+0xc507d]
V  [jvm.dll+0xc55b3]
V  [jvm.dll+0x2f2c6d]
V  [jvm.dll+0x5f6bca]
V  [jvm.dll+0x250cb2]
V  [jvm.dll+0x25106f]
V  [jvm.dll+0x249934]
V  [jvm.dll+0x246fc4]
V  [jvm.dll+0x1c760e]
V  [jvm.dll+0x25695a]
V  [jvm.dll+0x254efa]
V  [jvm.dll+0x3f03f6]
V  [jvm.dll+0x851f6b]
V  [jvm.dll+0x6cc7dd]
C  [ucrtbase.dll+0x21bb2]
C  [KERNEL32.DLL+0x17374]
C  [ntdll.dll+0x4cc91]


---------------  P R O C E S S  ---------------

Threads class SMR info:
_java_thread_list=0x00000268e5a01b80, length=44, elements={
0x0000026886c85080, 0x000002689d17a360, 0x000002689d17bc60, 0x000002689d17d560,
0x000002689d17e6f0, 0x000002689d1804b0, 0x000002689d181100, 0x000002689d183f40,
0x000002689d1fdcf0, 0x0000026888ebe1e0, 0x00000268e32e4490, 0x00000268e3657950,
0x00000268e3883810, 0x00000268e30ce4a0, 0x00000268e35a2b60, 0x00000268e35593e0,
0x00000268e3de3e10, 0x00000268e3a86430, 0x00000268e4067050, 0x00000268e427fde0,
0x00000268e427f0c0, 0x00000268e4280470, 0x00000268e427f750, 0x00000268e6e07b90,
0x00000268e6e05430, 0x00000268e6e04080, 0x00000268e6e067e0, 0x00000268e6e02cd0,
0x00000268e6e02640, 0x00000268e6e06150, 0x00000268e6e04710, 0x00000268e6e03360,
0x00000268e6e08220, 0x00000268e6e01fb0, 0x00000268e6e05ac0, 0x00000268e6e088b0,
0x00000268e6e06e70, 0x00000268e6e039f0, 0x00000268e6e07500, 0x00000268e6e095d0,
0x00000268e45a3680, 0x00000268e6e08f40, 0x00000268e4797980, 0x00000268e4794500
}

Java Threads: ( => current thread )
  0x0000026886c85080 JavaThread "main"                              [_thread_blocked, id=9292, stack(0x000000755fc00000,0x000000755fd00000) (1024K)]
  0x000002689d17a360 JavaThread "Reference Handler"          daemon [_thread_blocked, id=14780, stack(0x0000007560000000,0x0000007560100000) (1024K)]
  0x000002689d17bc60 JavaThread "Finalizer"                  daemon [_thread_blocked, id=10400, stack(0x0000007560100000,0x0000007560200000) (1024K)]
  0x000002689d17d560 JavaThread "Signal Dispatcher"          daemon [_thread_blocked, id=10640, stack(0x0000007560200000,0x0000007560300000) (1024K)]
  0x000002689d17e6f0 JavaThread "Attach Listener"            daemon [_thread_blocked, id=12848, stack(0x0000007560300000,0x0000007560400000) (1024K)]
  0x000002689d1804b0 JavaThread "Service Thread"             daemon [_thread_blocked, id=2092, stack(0x0000007560400000,0x0000007560500000) (1024K)]
  0x000002689d181100 JavaThread "Monitor Deflation Thread"   daemon [_thread_blocked, id=12124, stack(0x0000007560500000,0x0000007560600000) (1024K)]
  0x000002689d183f40 JavaThread "C2 CompilerThread0"         daemon [_thread_in_native, id=12408, stack(0x0000007560600000,0x0000007560700000) (1024K)]
  0x000002689d1fdcf0 JavaThread "C1 CompilerThread0"         daemon [_thread_blocked, id=4660, stack(0x0000007560700000,0x0000007560800000) (1024K)]
  0x0000026888ebe1e0 JavaThread "Common-Cleaner"             daemon [_thread_blocked, id=13136, stack(0x0000007560800000,0x0000007560900000) (1024K)]
  0x00000268e32e4490 JavaThread "Notification Thread"        daemon [_thread_blocked, id=16004, stack(0x0000007560900000,0x0000007560a00000) (1024K)]
  0x00000268e3657950 JavaThread "Active Thread: Equinox Container: f32515a2-8550-428d-9e83-04e7810a326f"        [_thread_blocked, id=11272, stack(0x0000007560d00000,0x0000007560e00000) (1024K)]
  0x00000268e3883810 JavaThread "Refresh Thread: Equinox Container: f32515a2-8550-428d-9e83-04e7810a326f" daemon [_thread_blocked, id=10912, stack(0x000000755fa00000,0x000000755fb00000) (1024K)]
  0x00000268e30ce4a0 JavaThread "Framework Event Dispatcher: Equinox Container: f32515a2-8550-428d-9e83-04e7810a326f" daemon [_thread_blocked, id=16192, stack(0x0000007560e00000,0x0000007560f00000) (1024K)]
  0x00000268e35a2b60 JavaThread "Start Level: Equinox Container: f32515a2-8550-428d-9e83-04e7810a326f" daemon [_thread_blocked, id=16200, stack(0x0000007560f00000,0x0000007561000000) (1024K)]
  0x00000268e35593e0 JavaThread "Bundle File Closer"         daemon [_thread_blocked, id=12764, stack(0x000000755fb00000,0x000000755fc00000) (1024K)]
  0x00000268e3de3e10 JavaThread "SCR Component Actor"        daemon [_thread_blocked, id=15684, stack(0x0000007561000000,0x0000007561100000) (1024K)]
  0x00000268e3a86430 JavaThread "Worker-JM"                         [_thread_blocked, id=11316, stack(0x0000007561200000,0x0000007561300000) (1024K)]
  0x00000268e4067050 JavaThread "JNA Cleaner"                daemon [_thread_blocked, id=15812, stack(0x0000007561300000,0x0000007561400000) (1024K)]
  0x00000268e427fde0 JavaThread "Worker-0"                          [_thread_blocked, id=15732, stack(0x0000007561500000,0x0000007561600000) (1024K)]
  0x00000268e427f0c0 JavaThread "Worker-1"                          [_thread_blocked, id=15740, stack(0x0000007561600000,0x0000007561700000) (1024K)]
  0x00000268e4280470 JavaThread "Java indexing"              daemon [_thread_blocked, id=15776, stack(0x0000007561800000,0x0000007561900000) (1024K)]
  0x00000268e427f750 JavaThread "Worker-2"                          [_thread_blocked, id=5596, stack(0x0000007561900000,0x0000007561a00000) (1024K)]
  0x00000268e6e07b90 JavaThread "Worker-3"                          [_thread_blocked, id=15688, stack(0x0000007561d00000,0x0000007561e00000) (1024K)]
  0x00000268e6e05430 JavaThread "Worker-4: Java indexing... "        [_thread_blocked, id=16164, stack(0x0000007561e00000,0x0000007561f00000) (1024K)]
  0x00000268e6e04080 JavaThread "Thread-2"                   daemon [_thread_in_native, id=15912, stack(0x0000007561f00000,0x0000007562000000) (1024K)]
  0x00000268e6e067e0 JavaThread "Thread-3"                   daemon [_thread_in_native, id=9988, stack(0x0000007562000000,0x0000007562100000) (1024K)]
  0x00000268e6e02cd0 JavaThread "Thread-4"                   daemon [_thread_in_native, id=6312, stack(0x0000007562100000,0x0000007562200000) (1024K)]
  0x00000268e6e02640 JavaThread "Thread-5"                   daemon [_thread_in_native, id=3336, stack(0x0000007562200000,0x0000007562300000) (1024K)]
  0x00000268e6e06150 JavaThread "Thread-6"                   daemon [_thread_in_native, id=15604, stack(0x0000007562300000,0x0000007562400000) (1024K)]
  0x00000268e6e04710 JavaThread "pool-2-thread-1"                   [_thread_blocked, id=15964, stack(0x0000007562400000,0x0000007562500000) (1024K)]
  0x00000268e6e03360 JavaThread "WorkspaceEventsHandler"            [_thread_blocked, id=15932, stack(0x0000007562500000,0x0000007562600000) (1024K)]
  0x00000268e6e08220 JavaThread "pool-1-thread-1"                   [_thread_blocked, id=10272, stack(0x0000007562600000,0x0000007562700000) (1024K)]
  0x00000268e6e01fb0 JavaThread "Worker-5: Building"                [_thread_blocked, id=16000, stack(0x0000007562700000,0x0000007562800000) (1024K)]
  0x00000268e6e05ac0 JavaThread "LocalFile Deleter"          daemon [_thread_blocked, id=16296, stack(0x0000007561100000,0x0000007561200000) (1024K)]
  0x00000268e6e088b0 JavaThread "LocalFile Deleter"          daemon [_thread_blocked, id=15620, stack(0x0000007561400000,0x0000007561500000) (1024K)]
  0x00000268e6e06e70 JavaThread "LocalFile Deleter"          daemon [_thread_blocked, id=14508, stack(0x0000007561700000,0x0000007561800000) (1024K)]
  0x00000268e6e039f0 JavaThread "LocalFile Deleter"          daemon [_thread_blocked, id=16232, stack(0x0000007561c00000,0x0000007561d00000) (1024K)]
  0x00000268e6e07500 JavaThread "Compiler Source File Reader" daemon [_thread_blocked, id=10456, stack(0x0000007562900000,0x0000007562a00000) (1024K)]
  0x00000268e6e095d0 JavaThread "Compiler Source File Reader" daemon [_thread_blocked, id=6384, stack(0x0000007562a00000,0x0000007562b00000) (1024K)]
=>0x00000268e45a3680 JavaThread "C2 CompilerThread1"         daemon [_thread_in_native, id=8072, stack(0x0000007562800000,0x0000007562900000) (1024K)]
  0x00000268e6e08f40 JavaThread "Compiler Processing Task"   daemon [_thread_in_vm, id=3060, stack(0x0000007562b00000,0x0000007562c00000) (1024K)]
  0x00000268e4797980 JavaThread "Compiler Class File Writer" daemon [_thread_blocked, id=16216, stack(0x0000007562c00000,0x0000007562d00000) (1024K)]
  0x00000268e4794500 JavaThread "Compiler Class File Writer" daemon [_thread_blocked, id=15884, stack(0x0000007562d00000,0x0000007562e00000) (1024K)]
Total: 44

Other Threads:
  0x0000026888f105d0 VMThread "VM Thread"                           [id=7776, stack(0x000000755ff00000,0x0000007560000000) (1024K)] _threads_hazard_ptr=0x00000268e5a01b80
  0x0000026888ebc530 WatcherThread "VM Periodic Task Thread"        [id=12172, stack(0x000000755fe00000,0x000000755ff00000) (1024K)]
  0x0000026888e6f6f0 WorkerThread "GC Thread#0"                     [id=8744, stack(0x000000755fd00000,0x000000755fe00000) (1024K)]
  0x00000268e30fdd10 WorkerThread "GC Thread#1"                     [id=9748, stack(0x0000007560a00000,0x0000007560b00000) (1024K)]
  0x00000268e30fe0b0 WorkerThread "GC Thread#2"                     [id=9200, stack(0x0000007560b00000,0x0000007560c00000) (1024K)]
  0x00000268e376c010 WorkerThread "GC Thread#3"                     [id=13444, stack(0x0000007560c00000,0x0000007560d00000) (1024K)]
Total: 6

Threads with active compile tasks:
C2 CompilerThread0  277125 9368 %     4       org.lombokweb.asm.ClassReader::readCode @ 2187 (5117 bytes)
C2 CompilerThread1  277125 9347 %     4       org.lombokweb.asm.SymbolTable::<init> @ 98 (536 bytes)
Total: 2

VM state: synchronizing (normal execution)

VM Mutex/Monitor currently owned by a thread:  ([mutex/lock_event])
[0x00007ffed627c308] Metaspace_lock - owner thread: 0x00000268e6e08f40
[0x00007ffed627e308] Threads_lock - owner thread: 0x0000026888f105d0
[0x00007ffed627e408] Heap_lock - owner thread: 0x00000268e4280470

Heap address: 0x00000000c0000000, size: 1024 MB, Compressed Oops mode: 32-bit

CDS archive(s) mapped at: [0x000002689e000000-0x000002689eba0000-0x000002689eba0000), size 12189696, SharedBaseAddress: 0x000002689e000000, ArchiveRelocationMode: 1.
Compressed class space mapped at: 0x000002689f000000-0x00000268df000000, reserved size: 1073741824
Narrow klass base: 0x000002689e000000, Narrow klass shift: 0, Narrow klass range: 0x100000000

GC Precious Log:
 CardTable entry size: 512
 CPUs: 4 total, 4 available
 Memory: 8089M
 Large Page Support: Disabled
 NUMA Support: Disabled
 Compressed Oops: Enabled (32-bit)
 Alignments: Space 512K, Generation 512K, Heap 2M
 Heap Min Capacity: 100M
 Heap Initial Capacity: 100M
 Heap Max Capacity: 1G
 Pre-touch: Disabled
 Parallel Workers: 4

Heap:
 PSYoungGen      total 3584K, used 3232K [0x00000000eab00000, 0x00000000eaf80000, 0x0000000100000000)
  eden space 2560K, 100% used [0x00000000eab00000,0x00000000ead80000,0x00000000ead80000)
  from space 1024K, 65% used [0x00000000ead80000,0x00000000eae28000,0x00000000eae80000)
  to   space 1024K, 0% used [0x00000000eae80000,0x00000000eae80000,0x00000000eaf80000)
 ParOldGen       total 321024K, used 320583K [0x00000000c0000000, 0x00000000d3980000, 0x00000000eab00000)
  object space 321024K, 99% used [0x00000000c0000000,0x00000000d3911f88,0x00000000d3980000)
 Metaspace       used 56806K, committed 58176K, reserved 1114112K
  class space    used 5897K, committed 6528K, reserved 1048576K

Card table byte_map: [0x0000026888800000,0x0000026888a10000] _byte_map_base: 0x0000026888200000

Marking Bits: (ParMarkBitMap*) 0x00007ffed62831f0
 Begin Bits: [0x000002689b050000, 0x000002689c050000)
 End Bits:   [0x000002689c050000, 0x000002689d050000)

Polling page: 0x0000026886c00000

Metaspace:

Usage:
  Non-class:     49.72 MB used.
      Class:      5.76 MB used.
       Both:     55.48 MB used.

Virtual space:
  Non-class space:       64.00 MB reserved,      50.44 MB ( 79%) committed,  1 nodes.
      Class space:        1.00 GB reserved,       6.38 MB ( <1%) committed,  1 nodes.
             Both:        1.06 GB reserved,      56.81 MB (  5%) committed. 

Chunk freelists:
   Non-Class:  13.55 MB
       Class:  9.47 MB
        Both:  23.02 MB

MaxMetaspaceSize: unlimited
CompressedClassSpaceSize: 1.00 GB
Initial GC threshold: 21.00 MB
Current GC threshold: 58.38 MB
CDS: on
 - commit_granule_bytes: 65536.
 - commit_granule_words: 8192.
 - virtual_space_node_default_size: 8388608.
 - enlarge_chunks_in_place: 1.
 - use_allocation_guard: 0.


Internal statistics:

num_allocs_failed_limit: 6.
num_arena_births: 1114.
num_arena_deaths: 14.
num_vsnodes_births: 2.
num_vsnodes_deaths: 0.
num_space_committed: 909.
num_space_uncommitted: 0.
num_chunks_returned_to_freelist: 20.
num_chunks_taken_from_freelist: 3674.
num_chunk_merges: 12.
num_chunk_splits: 2317.
num_chunks_enlarged: 1364.
num_inconsistent_stats: 0.

CodeHeap 'non-profiled nmethods': size=120000Kb used=6636Kb max_used=6636Kb free=113363Kb
 bounds [0x0000026893b20000, 0x00000268941a0000, 0x000002689b050000]
CodeHeap 'profiled nmethods': size=120000Kb used=20367Kb max_used=20367Kb free=99632Kb
 bounds [0x000002688c050000, 0x000002688d440000, 0x0000026893580000]
CodeHeap 'non-nmethods': size=5760Kb used=1411Kb max_used=1462Kb free=4348Kb
 bounds [0x0000026893580000, 0x00000268937f0000, 0x0000026893b20000]
 total_blobs=9476 nmethods=8752 adapters=630
 compilation: enabled
              stopped_count=0, restarted_count=0
 full_count=0

Compilation events (20 events):
Event: 275.684 Thread 0x000002689d183f40 nmethod 9364 0x0000026894196b90 code [0x0000026894196d80, 0x0000026894197320]
Event: 275.684 Thread 0x000002689d1fdcf0 9366       3       lombok.patcher.MethodTarget::descriptorMatch (119 bytes)
Event: 275.684 Thread 0x000002689d183f40 9365       4       org.lombokweb.asm.ClassVisitor::visitMethod (24 bytes)
Event: 275.685 Thread 0x000002689d1fdcf0 nmethod 9366 0x000002688d429f90 code [0x000002688d42a260, 0x000002688d42b078]
Event: 275.685 Thread 0x000002689d183f40 nmethod 9365 0x0000026894197790 code [0x0000026894197920, 0x0000026894197a28]
Event: 275.685 Thread 0x000002689d183f40 9362       4       org.lombokweb.asm.ByteVector::put12 (64 bytes)
Event: 275.687 Thread 0x000002689d183f40 nmethod 9362 0x0000026894197b10 code [0x0000026894197cc0, 0x0000026894197eb0]
Event: 275.692 Thread 0x000002689d183f40 9367       4       org.lombokweb.asm.MethodWriter::putMethodInfo (1274 bytes)
Event: 275.697 Thread 0x000002689d1fdcf0 9369       3       lombok.patcher.MethodLogistics::sizeOf (46 bytes)
Event: 275.698 Thread 0x000002689d1fdcf0 nmethod 9369 0x000002688d42b390 code [0x000002688d42b5a0, 0x000002688d42bbe0]
Event: 275.707 Thread 0x000002689d1fdcf0 9370       3       lombok.patcher.scripts.WrapMethodCallScript$WrapMethodCall::visitMethodInsn (310 bytes)
Event: 275.709 Thread 0x000002689d1fdcf0 nmethod 9370 0x000002688d42be90 code [0x000002688d42c2e0, 0x000002688d42dcb8]
Event: 275.732 Thread 0x000002689d183f40 nmethod 9367 0x0000026894198010 code [0x0000026894198500, 0x0000026894199f20]
Event: 275.733 Thread 0x000002689d183f40 9368 %     4       org.lombokweb.asm.ClassReader::readCode @ 2187 (5117 bytes)
Event: 275.762 Thread 0x000002689d1fdcf0 9374       3       lombok.patcher.MethodLogistics::loadOpcodeFor (145 bytes)
Event: 275.763 Thread 0x000002689d1fdcf0 nmethod 9374 0x000002688d42e790 code [0x000002688d42ea40, 0x000002688d42f6b8]
Event: 275.764 Thread 0x000002689d1fdcf0 9375       3       org.lombokweb.asm.MethodWriter::visitEnd (1 bytes)
Event: 275.764 Thread 0x000002689d1fdcf0 nmethod 9375 0x000002688d42fb90 code [0x000002688d42fd20, 0x000002688d42fe28]
Event: 275.764 Thread 0x000002689d1fdcf0 9376       3       org.lombokweb.asm.MethodWriter::visitCode (1 bytes)
Event: 275.764 Thread 0x000002689d1fdcf0 nmethod 9376 0x000002688d42fe90 code [0x000002688d430020, 0x000002688d430128]

GC Heap History (20 events):
Event: 275.536 GC heap before
{Heap before GC invocations=268 (full 2):
 PSYoungGen      total 2048K, used 1640K [0x00000000eab00000, 0x00000000eaf00000, 0x0000000100000000)
  eden space 1024K, 100% used [0x00000000eab00000,0x00000000eac00000,0x00000000eac00000)
  from space 1024K, 60% used [0x00000000eac00000,0x00000000eac9a368,0x00000000ead00000)
  to   space 1536K, 0% used [0x00000000ead80000,0x00000000ead80000,0x00000000eaf00000)
 ParOldGen       total 316928K, used 316899K [0x00000000c0000000, 0x00000000d3580000, 0x00000000eab00000)
  object space 316928K, 99% used [0x00000000c0000000,0x00000000d3578ce0,0x00000000d3580000)
 Metaspace       used 56486K, committed 57920K, reserved 1114112K
  class space    used 5881K, committed 6528K, reserved 1048576K
}
Event: 275.539 GC heap after
{Heap after GC invocations=268 (full 2):
 PSYoungGen      total 2048K, used 932K [0x00000000eab00000, 0x00000000eae80000, 0x0000000100000000)
  eden space 1024K, 0% used [0x00000000eab00000,0x00000000eab00000,0x00000000eac00000)
  from space 1024K, 91% used [0x00000000ead80000,0x00000000eae69318,0x00000000eae80000)
  to   space 1024K, 0% used [0x00000000eac00000,0x00000000eac00000,0x00000000ead00000)
 ParOldGen       total 317952K, used 317470K [0x00000000c0000000, 0x00000000d3680000, 0x00000000eab00000)
  object space 317952K, 99% used [0x00000000c0000000,0x00000000d3607998,0x00000000d3680000)
 Metaspace       used 56486K, committed 57920K, reserved 1114112K
  class space    used 5881K, committed 6528K, reserved 1048576K
}
Event: 275.542 GC heap before
{Heap before GC invocations=269 (full 2):
 PSYoungGen      total 2048K, used 1956K [0x00000000eab00000, 0x00000000eae80000, 0x0000000100000000)
  eden space 1024K, 100% used [0x00000000eab00000,0x00000000eac00000,0x00000000eac00000)
  from space 1024K, 91% used [0x00000000ead80000,0x00000000eae69318,0x00000000eae80000)
  to   space 1024K, 0% used [0x00000000eac00000,0x00000000eac00000,0x00000000ead00000)
 ParOldGen       total 317952K, used 317470K [0x00000000c0000000, 0x00000000d3680000, 0x00000000eab00000)
  object space 317952K, 99% used [0x00000000c0000000,0x00000000d3607998,0x00000000d3680000)
 Metaspace       used 56487K, committed 57920K, reserved 1114112K
  class space    used 5881K, committed 6528K, reserved 1048576K
}
Event: 275.544 GC heap after
{Heap after GC invocations=269 (full 2):
 PSYoungGen      total 2048K, used 741K [0x00000000eab00000, 0x00000000eae00000, 0x0000000100000000)
  eden space 1024K, 0% used [0x00000000eab00000,0x00000000eab00000,0x00000000eac00000)
  from space 1024K, 72% used [0x00000000eac00000,0x00000000eacb9450,0x00000000ead00000)
  to   space 1024K, 0% used [0x00000000ead00000,0x00000000ead00000,0x00000000eae00000)
 ParOldGen       total 317952K, used 317478K [0x00000000c0000000, 0x00000000d3680000, 0x00000000eab00000)
  object space 317952K, 99% used [0x00000000c0000000,0x00000000d3609998,0x00000000d3680000)
 Metaspace       used 56487K, committed 57920K, reserved 1114112K
  class space    used 5881K, committed 6528K, reserved 1048576K
}
Event: 275.547 GC heap before
{Heap before GC invocations=270 (full 2):
 PSYoungGen      total 2048K, used 1765K [0x00000000eab00000, 0x00000000eae00000, 0x0000000100000000)
  eden space 1024K, 100% used [0x00000000eab00000,0x00000000eac00000,0x00000000eac00000)
  from space 1024K, 72% used [0x00000000eac00000,0x00000000eacb9450,0x00000000ead00000)
  to   space 1024K, 0% used [0x00000000ead00000,0x00000000ead00000,0x00000000eae00000)
 ParOldGen       total 317952K, used 317478K [0x00000000c0000000, 0x00000000d3680000, 0x00000000eab00000)
  object space 317952K, 99% used [0x00000000c0000000,0x00000000d3609998,0x00000000d3680000)
 Metaspace       used 56487K, committed 57920K, reserved 1114112K
  class space    used 5881K, committed 6528K, reserved 1048576K
}
Event: 275.549 GC heap after
{Heap after GC invocations=270 (full 2):
 PSYoungGen      total 2048K, used 530K [0x00000000eab00000, 0x00000000eae80000, 0x0000000100000000)
  eden space 1024K, 0% used [0x00000000eab00000,0x00000000eab00000,0x00000000eac00000)
  from space 1024K, 51% used [0x00000000ead00000,0x00000000ead84900,0x00000000eae00000)
  to   space 1024K, 0% used [0x00000000eac00000,0x00000000eac00000,0x00000000ead00000)
 ParOldGen       total 317952K, used 317478K [0x00000000c0000000, 0x00000000d3680000, 0x00000000eab00000)
  object space 317952K, 99% used [0x00000000c0000000,0x00000000d3609998,0x00000000d3680000)
 Metaspace       used 56487K, committed 57920K, reserved 1114112K
  class space    used 5881K, committed 6528K, reserved 1048576K
}
Event: 275.553 GC heap before
{Heap before GC invocations=271 (full 2):
 PSYoungGen      total 2048K, used 1437K [0x00000000eab00000, 0x00000000eae80000, 0x0000000100000000)
  eden space 1024K, 88% used [0x00000000eab00000,0x00000000eabe2d48,0x00000000eac00000)
  from space 1024K, 51% used [0x00000000ead00000,0x00000000ead84900,0x00000000eae00000)
  to   space 1024K, 0% used [0x00000000eac00000,0x00000000eac00000,0x00000000ead00000)
 ParOldGen       total 317952K, used 317478K [0x00000000c0000000, 0x00000000d3680000, 0x00000000eab00000)
  object space 317952K, 99% used [0x00000000c0000000,0x00000000d3609998,0x00000000d3680000)
 Metaspace       used 56488K, committed 57920K, reserved 1114112K
  class space    used 5881K, committed 6528K, reserved 1048576K
}
Event: 275.555 GC heap after
{Heap after GC invocations=271 (full 2):
 PSYoungGen      total 2048K, used 753K [0x00000000eab00000, 0x00000000eae80000, 0x0000000100000000)
  eden space 1024K, 0% used [0x00000000eab00000,0x00000000eab00000,0x00000000eac00000)
  from space 1024K, 73% used [0x00000000eac00000,0x00000000eacbc680,0x00000000ead00000)
  to   space 1024K, 0% used [0x00000000ead80000,0x00000000ead80000,0x00000000eae80000)
 ParOldGen       total 318464K, used 318097K [0x00000000c0000000, 0x00000000d3700000, 0x00000000eab00000)
  object space 318464K, 99% used [0x00000000c0000000,0x00000000d36a4518,0x00000000d3700000)
 Metaspace       used 56488K, committed 57920K, reserved 1114112K
  class space    used 5881K, committed 6528K, reserved 1048576K
}
Event: 275.559 GC heap before
{Heap before GC invocations=272 (full 2):
 PSYoungGen      total 2048K, used 1777K [0x00000000eab00000, 0x00000000eae80000, 0x0000000100000000)
  eden space 1024K, 100% used [0x00000000eab00000,0x00000000eac00000,0x00000000eac00000)
  from space 1024K, 73% used [0x00000000eac00000,0x00000000eacbc680,0x00000000ead00000)
  to   space 1024K, 0% used [0x00000000ead80000,0x00000000ead80000,0x00000000eae80000)
 ParOldGen       total 318464K, used 318097K [0x00000000c0000000, 0x00000000d3700000, 0x00000000eab00000)
  object space 318464K, 99% used [0x00000000c0000000,0x00000000d36a4518,0x00000000d3700000)
 Metaspace       used 56491K, committed 57920K, reserved 1114112K
  class space    used 5881K, committed 6528K, reserved 1048576K
}
Event: 275.561 GC heap after
{Heap after GC invocations=272 (full 2):
 PSYoungGen      total 2560K, used 901K [0x00000000eab00000, 0x00000000eae80000, 0x0000000100000000)
  eden space 1536K, 0% used [0x00000000eab00000,0x00000000eab00000,0x00000000eac80000)
  from space 1024K, 88% used [0x00000000ead80000,0x00000000eae61620,0x00000000eae80000)
  to   space 1024K, 0% used [0x00000000eac80000,0x00000000eac80000,0x00000000ead80000)
 ParOldGen       total 318976K, used 318826K [0x00000000c0000000, 0x00000000d3780000, 0x00000000eab00000)
  object space 318976K, 99% used [0x00000000c0000000,0x00000000d375ab98,0x00000000d3780000)
 Metaspace       used 56491K, committed 57920K, reserved 1114112K
  class space    used 5881K, committed 6528K, reserved 1048576K
}
Event: 275.584 GC heap before
{Heap before GC invocations=273 (full 2):
 PSYoungGen      total 2560K, used 2282K [0x00000000eab00000, 0x00000000eae80000, 0x0000000100000000)
  eden space 1536K, 89% used [0x00000000eab00000,0x00000000eac59380,0x00000000eac80000)
  from space 1024K, 88% used [0x00000000ead80000,0x00000000eae61620,0x00000000eae80000)
  to   space 1024K, 0% used [0x00000000eac80000,0x00000000eac80000,0x00000000ead80000)
 ParOldGen       total 318976K, used 318826K [0x00000000c0000000, 0x00000000d3780000, 0x00000000eab00000)
  object space 318976K, 99% used [0x00000000c0000000,0x00000000d375ab98,0x00000000d3780000)
 Metaspace       used 56492K, committed 57920K, reserved 1114112K
  class space    used 5881K, committed 6528K, reserved 1048576K
}
Event: 275.588 GC heap after
{Heap after GC invocations=273 (full 2):
 PSYoungGen      total 2560K, used 1018K [0x00000000eab00000, 0x00000000eb000000, 0x0000000100000000)
  eden space 1536K, 0% used [0x00000000eab00000,0x00000000eab00000,0x00000000eac80000)
  from space 1024K, 99% used [0x00000000eac80000,0x00000000ead7e980,0x00000000ead80000)
  to   space 1536K, 0% used [0x00000000eae80000,0x00000000eae80000,0x00000000eb000000)
 ParOldGen       total 318976K, used 318890K [0x00000000c0000000, 0x00000000d3780000, 0x00000000eab00000)
  object space 318976K, 99% used [0x00000000c0000000,0x00000000d376ab98,0x00000000d3780000)
 Metaspace       used 56492K, committed 57920K, reserved 1114112K
  class space    used 5881K, committed 6528K, reserved 1048576K
}
Event: 275.591 GC heap before
{Heap before GC invocations=274 (full 2):
 PSYoungGen      total 2560K, used 2554K [0x00000000eab00000, 0x00000000eb000000, 0x0000000100000000)
  eden space 1536K, 100% used [0x00000000eab00000,0x00000000eac80000,0x00000000eac80000)
  from space 1024K, 99% used [0x00000000eac80000,0x00000000ead7e980,0x00000000ead80000)
  to   space 1536K, 0% used [0x00000000eae80000,0x00000000eae80000,0x00000000eb000000)
 ParOldGen       total 318976K, used 318890K [0x00000000c0000000, 0x00000000d3780000, 0x00000000eab00000)
  object space 318976K, 99% used [0x00000000c0000000,0x00000000d376ab98,0x00000000d3780000)
 Metaspace       used 56492K, committed 57920K, reserved 1114112K
  class space    used 5881K, committed 6528K, reserved 1048576K
}
Event: 275.594 GC heap after
{Heap after GC invocations=274 (full 2):
 PSYoungGen      total 3072K, used 678K [0x00000000eab00000, 0x00000000eaf80000, 0x0000000100000000)
  eden space 2048K, 0% used [0x00000000eab00000,0x00000000eab00000,0x00000000ead00000)
  from space 1024K, 66% used [0x00000000eae80000,0x00000000eaf29880,0x00000000eaf80000)
  to   space 1024K, 0% used [0x00000000ead80000,0x00000000ead80000,0x00000000eae80000)
 ParOldGen       total 318976K, used 318914K [0x00000000c0000000, 0x00000000d3780000, 0x00000000eab00000)
  object space 318976K, 99% used [0x00000000c0000000,0x00000000d3770b98,0x00000000d3780000)
 Metaspace       used 56492K, committed 57920K, reserved 1114112K
  class space    used 5881K, committed 6528K, reserved 1048576K
}
Event: 275.631 GC heap before
{Heap before GC invocations=275 (full 2):
 PSYoungGen      total 3072K, used 2726K [0x00000000eab00000, 0x00000000eaf80000, 0x0000000100000000)
  eden space 2048K, 99% used [0x00000000eab00000,0x00000000eacfffe8,0x00000000ead00000)
  from space 1024K, 66% used [0x00000000eae80000,0x00000000eaf29880,0x00000000eaf80000)
  to   space 1024K, 0% used [0x00000000ead80000,0x00000000ead80000,0x00000000eae80000)
 ParOldGen       total 318976K, used 318914K [0x00000000c0000000, 0x00000000d3780000, 0x00000000eab00000)
  object space 318976K, 99% used [0x00000000c0000000,0x00000000d3770b98,0x00000000d3780000)
 Metaspace       used 56494K, committed 57920K, reserved 1114112K
  class space    used 5881K, committed 6528K, reserved 1048576K
}
Event: 275.637 GC heap after
{Heap after GC invocations=275 (full 2):
 PSYoungGen      total 3584K, used 1009K [0x00000000eab00000, 0x00000000eb080000, 0x0000000100000000)
  eden space 2560K, 0% used [0x00000000eab00000,0x00000000eab00000,0x00000000ead80000)
  from space 1024K, 98% used [0x00000000ead80000,0x00000000eae7c5d0,0x00000000eae80000)
  to   space 1536K, 0% used [0x00000000eaf00000,0x00000000eaf00000,0x00000000eb080000)
 ParOldGen       total 319488K, used 319309K [0x00000000c0000000, 0x00000000d3800000, 0x00000000eab00000)
  object space 319488K, 99% used [0x00000000c0000000,0x00000000d37d3640,0x00000000d3800000)
 Metaspace       used 56494K, committed 57920K, reserved 1114112K
  class space    used 5881K, committed 6528K, reserved 1048576K
}
Event: 275.688 GC heap before
{Heap before GC invocations=276 (full 2):
 PSYoungGen      total 3584K, used 3562K [0x00000000eab00000, 0x00000000eb080000, 0x0000000100000000)
  eden space 2560K, 99% used [0x00000000eab00000,0x00000000ead7e578,0x00000000ead80000)
  from space 1024K, 98% used [0x00000000ead80000,0x00000000eae7c5d0,0x00000000eae80000)
  to   space 1536K, 0% used [0x00000000eaf00000,0x00000000eaf00000,0x00000000eb080000)
 ParOldGen       total 319488K, used 319309K [0x00000000c0000000, 0x00000000d3800000, 0x00000000eab00000)
  object space 319488K, 99% used [0x00000000c0000000,0x00000000d37d3640,0x00000000d3800000)
 Metaspace       used 56505K, committed 57920K, reserved 1114112K
  class space    used 5881K, committed 6528K, reserved 1048576K
}
Event: 275.692 GC heap after
{Heap after GC invocations=276 (full 2):
 PSYoungGen      total 4096K, used 904K [0x00000000eab00000, 0x00000000eb100000, 0x0000000100000000)
  eden space 2560K, 0% used [0x00000000eab00000,0x00000000eab00000,0x00000000ead80000)
  from space 1536K, 58% used [0x00000000eaf00000,0x00000000eafe21c0,0x00000000eb080000)
  to   space 1536K, 0% used [0x00000000ead80000,0x00000000ead80000,0x00000000eaf00000)
 ParOldGen       total 320000K, used 319573K [0x00000000c0000000, 0x00000000d3880000, 0x00000000eab00000)
  object space 320000K, 99% used [0x00000000c0000000,0x00000000d3815640,0x00000000d3880000)
 Metaspace       used 56505K, committed 57920K, reserved 1114112K
  class space    used 5881K, committed 6528K, reserved 1048576K
}
Event: 275.725 GC heap before
{Heap before GC invocations=277 (full 2):
 PSYoungGen      total 4096K, used 3402K [0x00000000eab00000, 0x00000000eb100000, 0x0000000100000000)
  eden space 2560K, 97% used [0x00000000eab00000,0x00000000ead70978,0x00000000ead80000)
  from space 1536K, 58% used [0x00000000eaf00000,0x00000000eafe21c0,0x00000000eb080000)
  to   space 1536K, 0% used [0x00000000ead80000,0x00000000ead80000,0x00000000eaf00000)
 ParOldGen       total 320000K, used 319573K [0x00000000c0000000, 0x00000000d3880000, 0x00000000eab00000)
  object space 320000K, 99% used [0x00000000c0000000,0x00000000d3815640,0x00000000d3880000)
 Metaspace       used 56509K, committed 57920K, reserved 1114112K
  class space    used 5881K, committed 6528K, reserved 1048576K
}
Event: 275.730 GC heap after
{Heap after GC invocations=277 (full 2):
 PSYoungGen      total 4096K, used 1147K [0x00000000eab00000, 0x00000000eb080000, 0x0000000100000000)
  eden space 2560K, 0% used [0x00000000eab00000,0x00000000eab00000,0x00000000ead80000)
  from space 1536K, 74% used [0x00000000ead80000,0x00000000eae9ec78,0x00000000eaf00000)
  to   space 1536K, 0% used [0x00000000eaf00000,0x00000000eaf00000,0x00000000eb080000)
 ParOldGen       total 320000K, used 319597K [0x00000000c0000000, 0x00000000d3880000, 0x00000000eab00000)
  object space 320000K, 99% used [0x00000000c0000000,0x00000000d381b640,0x00000000d3880000)
 Metaspace       used 56509K, committed 57920K, reserved 1114112K
  class space    used 5881K, committed 6528K, reserved 1048576K
}

Dll operation events (10 events):
Event: 0.411 Loaded shared library c:\Users\SERGE\.vscode\extensions\redhat.java-1.42.0-win32-x64\jre\21.0.7-win32-x86_64\bin\java.dll
Event: 1.212 Loaded shared library c:\Users\SERGE\.vscode\extensions\redhat.java-1.42.0-win32-x64\jre\21.0.7-win32-x86_64\bin\zip.dll
Event: 1.888 Loaded shared library C:\Users\SERGE\.vscode\extensions\redhat.java-1.42.0-win32-x64\jre\21.0.7-win32-x86_64\bin\instrument.dll
Event: 1.943 Loaded shared library C:\Users\SERGE\.vscode\extensions\redhat.java-1.42.0-win32-x64\jre\21.0.7-win32-x86_64\bin\net.dll
Event: 1.948 Loaded shared library C:\Users\SERGE\.vscode\extensions\redhat.java-1.42.0-win32-x64\jre\21.0.7-win32-x86_64\bin\nio.dll
Event: 1.955 Loaded shared library C:\Users\SERGE\.vscode\extensions\redhat.java-1.42.0-win32-x64\jre\21.0.7-win32-x86_64\bin\zip.dll
Event: 2.528 Loaded shared library C:\Users\SERGE\.vscode\extensions\redhat.java-1.42.0-win32-x64\jre\21.0.7-win32-x86_64\bin\jimage.dll
Event: 4.698 Loaded shared library c:\Users\SERGE\.vscode\extensions\redhat.java-1.42.0-win32-x64\jre\21.0.7-win32-x86_64\bin\verify.dll
Event: 75.598 Loaded shared library C:\Users\SERGE\AppData\Roaming\Code\User\globalStorage\redhat.java\1.42.0\config_win\org.eclipse.equinox.launcher\org.eclipse.equinox.launcher.win32.win32.x86_64_1.2.1300.v20250331-1702\eclipse_11911.dll
Event: 210.519 Loaded shared library C:\Users\SERGE\AppData\Local\Temp\jna-78788894\jna3321023466264982489.dll

Deoptimization events (20 events):
Event: 275.547 Thread 0x00000268e4280470 DEOPT PACKING pc=0x000002688d3dd10b sp=0x00000075618ff160
Event: 275.547 Thread 0x00000268e4280470 DEOPT UNPACKING pc=0x00000268935d4242 sp=0x00000075618fe628 mode 0
Event: 275.590 Thread 0x00000268e6e08f40 DEOPT PACKING pc=0x000002688c9835b3 sp=0x0000007562bfad70
Event: 275.590 Thread 0x00000268e6e08f40 DEOPT UNPACKING pc=0x00000268935d4242 sp=0x0000007562bfa2a0 mode 0
Event: 275.641 Thread 0x00000268e6e08f40 Uncommon trap: trap_request=0xffffffde fr.pc=0x0000026893d43eb8 relative=0x0000000000000ff8
Event: 275.641 Thread 0x00000268e6e08f40 Uncommon trap: reason=class_check action=maybe_recompile pc=0x0000026893d43eb8 method=lombok.patcher.PatchScript$MethodPatcher.visitMethod(ILjava/lang/String;Ljava/lang/String;Ljava/lang/String;[Ljava/lang/String;)Lorg/lombokweb/asm/MethodVisitor; @ 101 c
Event: 275.641 Thread 0x00000268e6e08f40 DEOPT PACKING pc=0x0000026893d43eb8 sp=0x0000007562bfaaf0
Event: 275.641 Thread 0x00000268e6e08f40 DEOPT UNPACKING pc=0x00000268935d3aa2 sp=0x0000007562bfaaa8 mode 2
Event: 275.641 Thread 0x00000268e6e08f40 Uncommon trap: trap_request=0xffffffde fr.pc=0x0000026893d43eb8 relative=0x0000000000000ff8
Event: 275.641 Thread 0x00000268e6e08f40 Uncommon trap: reason=class_check action=maybe_recompile pc=0x0000026893d43eb8 method=lombok.patcher.PatchScript$MethodPatcher.visitMethod(ILjava/lang/String;Ljava/lang/String;Ljava/lang/String;[Ljava/lang/String;)Lorg/lombokweb/asm/MethodVisitor; @ 101 c
Event: 275.641 Thread 0x00000268e6e08f40 DEOPT PACKING pc=0x0000026893d43eb8 sp=0x0000007562bfaaf0
Event: 275.641 Thread 0x00000268e6e08f40 DEOPT UNPACKING pc=0x00000268935d3aa2 sp=0x0000007562bfaaa8 mode 2
Event: 275.641 Thread 0x00000268e6e08f40 Uncommon trap: trap_request=0xffffffde fr.pc=0x0000026893d43eb8 relative=0x0000000000000ff8
Event: 275.641 Thread 0x00000268e6e08f40 Uncommon trap: reason=class_check action=maybe_recompile pc=0x0000026893d43eb8 method=lombok.patcher.PatchScript$MethodPatcher.visitMethod(ILjava/lang/String;Ljava/lang/String;Ljava/lang/String;[Ljava/lang/String;)Lorg/lombokweb/asm/MethodVisitor; @ 101 c
Event: 275.641 Thread 0x00000268e6e08f40 DEOPT PACKING pc=0x0000026893d43eb8 sp=0x0000007562bfaaf0
Event: 275.641 Thread 0x00000268e6e08f40 DEOPT UNPACKING pc=0x00000268935d3aa2 sp=0x0000007562bfaaa8 mode 2
Event: 275.641 Thread 0x00000268e6e08f40 Uncommon trap: trap_request=0xffffffde fr.pc=0x0000026893d43eb8 relative=0x0000000000000ff8
Event: 275.641 Thread 0x00000268e6e08f40 Uncommon trap: reason=class_check action=maybe_recompile pc=0x0000026893d43eb8 method=lombok.patcher.PatchScript$MethodPatcher.visitMethod(ILjava/lang/String;Ljava/lang/String;Ljava/lang/String;[Ljava/lang/String;)Lorg/lombokweb/asm/MethodVisitor; @ 101 c
Event: 275.641 Thread 0x00000268e6e08f40 DEOPT PACKING pc=0x0000026893d43eb8 sp=0x0000007562bfaaf0
Event: 275.641 Thread 0x00000268e6e08f40 DEOPT UNPACKING pc=0x00000268935d3aa2 sp=0x0000007562bfaaa8 mode 2

Classes loaded (20 events):
Event: 271.454 Loading class java/util/Vector$1
Event: 271.454 Loading class java/util/Vector$1 done
Event: 272.393 Loading class java/util/regex/Pattern$Caret
Event: 272.393 Loading class java/util/regex/Pattern$Caret done
Event: 272.496 Loading class java/util/regex/Pattern$LazyLoop
Event: 272.497 Loading class java/util/regex/Pattern$LazyLoop done
Event: 273.520 Loading class java/util/stream/ReduceOps$4
Event: 273.520 Loading class java/util/stream/ReduceOps$4 done
Event: 273.520 Loading class java/util/stream/ReduceOps$4ReducingSink
Event: 273.520 Loading class java/util/stream/ReduceOps$4ReducingSink done
Event: 273.522 Loading class java/nio/file/Files$2
Event: 273.522 Loading class java/nio/file/Files$2 done
Event: 274.833 Loading class jdk/internal/module/IllegalAccessLogger
Event: 274.833 Loading class jdk/internal/module/IllegalAccessLogger done
Event: 274.878 Loading class java/util/concurrent/ArrayBlockingQueue
Event: 274.878 Loading class java/util/concurrent/ArrayBlockingQueue done
Event: 275.298 Loading class java/util/Hashtable$ValueCollection
Event: 275.298 Loading class java/util/Hashtable$ValueCollection done
Event: 275.328 Loading class java/util/concurrent/ConcurrentHashMap$KeySpliterator
Event: 275.328 Loading class java/util/concurrent/ConcurrentHashMap$KeySpliterator done

Classes unloaded (7 events):
Event: 215.864 Thread 0x0000026888f105d0 Unloading class 0x000002689f1a4c00 'java/lang/invoke/LambdaForm$MH+0x000002689f1a4c00'
Event: 215.864 Thread 0x0000026888f105d0 Unloading class 0x000002689f1a4800 'java/lang/invoke/LambdaForm$MH+0x000002689f1a4800'
Event: 215.864 Thread 0x0000026888f105d0 Unloading class 0x000002689f1a4400 'java/lang/invoke/LambdaForm$MH+0x000002689f1a4400'
Event: 215.864 Thread 0x0000026888f105d0 Unloading class 0x000002689f1a4000 'java/lang/invoke/LambdaForm$MH+0x000002689f1a4000'
Event: 215.864 Thread 0x0000026888f105d0 Unloading class 0x000002689f1a3c00 'java/lang/invoke/LambdaForm$BMH+0x000002689f1a3c00'
Event: 215.864 Thread 0x0000026888f105d0 Unloading class 0x000002689f1a3800 'java/lang/invoke/LambdaForm$DMH+0x000002689f1a3800'
Event: 215.864 Thread 0x0000026888f105d0 Unloading class 0x000002689f1a2400 'java/lang/invoke/LambdaForm$DMH+0x000002689f1a2400'

Classes redefined (0 events):
No events

Internal exceptions (20 events):
Event: 266.860 Thread 0x00000268e6e01fb0 Exception <a 'java/io/FileNotFoundException'{0x00000000eae69690}> (0x00000000eae69690) 
thrown [s\src\hotspot\share\prims\jni.cpp, line 520]
Event: 266.865 Thread 0x00000268e6e01fb0 Exception <a 'java/io/FileNotFoundException'{0x00000000eae6b158}> (0x00000000eae6b158) 
thrown [s\src\hotspot\share\prims\jni.cpp, line 520]
Event: 266.984 Thread 0x00000268e6e01fb0 Exception <a 'java/io/FileNotFoundException'{0x00000000eab87fa0}> (0x00000000eab87fa0) 
thrown [s\src\hotspot\share\prims\jni.cpp, line 520]
Event: 266.987 Thread 0x00000268e6e01fb0 Exception <a 'java/io/FileNotFoundException'{0x00000000eab89340}> (0x00000000eab89340) 
thrown [s\src\hotspot\share\prims\jni.cpp, line 520]
Event: 266.988 Thread 0x00000268e6e01fb0 Exception <a 'java/io/FileNotFoundException'{0x00000000eab8a740}> (0x00000000eab8a740) 
thrown [s\src\hotspot\share\prims\jni.cpp, line 520]
Event: 270.228 Thread 0x00000268e6e01fb0 Exception <a 'sun/nio/fs/WindowsException'{0x00000000eadff690}> (0x00000000eadff690) 
thrown [s\src\hotspot\share\prims\jni.cpp, line 520]
Event: 270.234 Thread 0x00000268e6e05ac0 Exception <a 'sun/nio/fs/WindowsException'{0x00000000eae77cf8}> (0x00000000eae77cf8) 
thrown [s\src\hotspot\share\prims\jni.cpp, line 520]
Event: 270.243 Thread 0x00000268e6e05ac0 Exception <a 'sun/nio/fs/WindowsException'{0x00000000eab00a78}> (0x00000000eab00a78) 
thrown [s\src\hotspot\share\prims\jni.cpp, line 520]
Event: 270.245 Thread 0x00000268e6e05ac0 Exception <a 'sun/nio/fs/WindowsException'{0x00000000eab02c08}> (0x00000000eab02c08) 
thrown [s\src\hotspot\share\prims\jni.cpp, line 520]
Event: 270.248 Thread 0x00000268e6e05ac0 Exception <a 'sun/nio/fs/WindowsException'{0x00000000eab04c28}> (0x00000000eab04c28) 
thrown [s\src\hotspot\share\prims\jni.cpp, line 520]
Event: 270.269 Thread 0x00000268e6e088b0 Exception <a 'sun/nio/fs/WindowsException'{0x00000000eab08e00}> (0x00000000eab08e00) 
thrown [s\src\hotspot\share\prims\jni.cpp, line 520]
Event: 270.271 Thread 0x00000268e6e088b0 Exception <a 'sun/nio/fs/WindowsException'{0x00000000eab0d118}> (0x00000000eab0d118) 
thrown [s\src\hotspot\share\prims\jni.cpp, line 520]
Event: 270.303 Thread 0x00000268e6e088b0 Exception <a 'sun/nio/fs/WindowsException'{0x00000000eab10dd8}> (0x00000000eab10dd8) 
thrown [s\src\hotspot\share\prims\jni.cpp, line 520]
Event: 270.407 Thread 0x00000268e6e01fb0 Exception <a 'sun/nio/fs/WindowsException'{0x00000000eabd8200}> (0x00000000eabd8200) 
thrown [s\src\hotspot\share\prims\jni.cpp, line 520]
Event: 273.216 Thread 0x00000268e6e01fb0 Exception <a 'java/lang/NoSuchMethodError'{0x00000000eabbddd8}: 'java.lang.Object java.lang.invoke.DirectMethodHandle$Holder.invokeStatic(java.lang.Object, java.lang.Object, int, int)'> (0x00000000eabbddd8) 
thrown [s\src\hotspot\share\interpreter\linkResolver.cpp, line 773]
Event: 273.217 Thread 0x00000268e6e01fb0 Exception <a 'java/lang/NoSuchMethodError'{0x00000000eabc2358}: 'java.lang.Object java.lang.invoke.DirectMethodHandle$Holder.invokeSpecial(java.lang.Object, java.lang.Object, java.lang.Object, int, int)'> (0x00000000eabc2358) 
thrown [s\src\hotspot\share\interpreter\linkResolver.cpp, line 773]
Event: 273.524 Thread 0x00000268e6e01fb0 Exception <a 'java/lang/NoSuchMethodError'{0x00000000eacc9330}: 'int java.lang.invoke.DirectMethodHandle$Holder.invokeSpecialIFC(java.lang.Object, java.lang.Object, java.lang.Object)'> (0x00000000eacc9330) 
thrown [s\src\hotspot\share\interpreter\linkResolver.cpp, line 773]
Event: 274.472 Thread 0x00000268e6e01fb0 Implicit null exception at 0x0000026893e4eccf to 0x0000026893e4ee30
Event: 275.113 Thread 0x00000268e6e08f40 Exception <a 'java/lang/NoSuchMethodError'{0x00000000ead369c8}: 'void java.lang.invoke.DirectMethodHandle$Holder.invokeStatic(java.lang.Object, int, java.lang.Object)'> (0x00000000ead369c8) 
thrown [s\src\hotspot\share\interpreter\linkResolver.cpp, line 773]
Event: 275.331 Thread 0x00000268e6e01fb0 Exception <a 'java/lang/NoSuchMethodError'{0x00000000eab4ffc0}: 'java.lang.Object java.lang.invoke.DirectMethodHandle$Holder.newInvokeSpecial(java.lang.Object, java.lang.Object, int, int, java.lang.Object)'> (0x00000000eab4ffc0) 
thrown [s\src\hotspot\share\interpreter\linkResolver.cpp, line 773]

ZGC Phase Switch (0 events):
No events

VM Operations (20 events):
Event: 275.530 Executing VM operation: ParallelGCFailedAllocation (Allocation Failure)
Event: 275.539 Executing VM operation: ParallelGCFailedAllocation (Allocation Failure) done
Event: 275.542 Executing VM operation: ParallelGCFailedAllocation (Allocation Failure)
Event: 275.544 Executing VM operation: ParallelGCFailedAllocation (Allocation Failure) done
Event: 275.547 Executing VM operation: ParallelGCFailedAllocation (Allocation Failure)
Event: 275.549 Executing VM operation: ParallelGCFailedAllocation (Allocation Failure) done
Event: 275.553 Executing VM operation: ParallelGCFailedAllocation (Allocation Failure)
Event: 275.556 Executing VM operation: ParallelGCFailedAllocation (Allocation Failure) done
Event: 275.559 Executing VM operation: ParallelGCFailedAllocation (Allocation Failure)
Event: 275.561 Executing VM operation: ParallelGCFailedAllocation (Allocation Failure) done
Event: 275.566 Executing VM operation: ParallelGCFailedAllocation (Allocation Failure)
Event: 275.588 Executing VM operation: ParallelGCFailedAllocation (Allocation Failure) done
Event: 275.591 Executing VM operation: ParallelGCFailedAllocation (Allocation Failure)
Event: 275.594 Executing VM operation: ParallelGCFailedAllocation (Allocation Failure) done
Event: 275.620 Executing VM operation: ParallelGCFailedAllocation (Allocation Failure)
Event: 275.637 Executing VM operation: ParallelGCFailedAllocation (Allocation Failure) done
Event: 275.688 Executing VM operation: ParallelGCFailedAllocation (Allocation Failure)
Event: 275.692 Executing VM operation: ParallelGCFailedAllocation (Allocation Failure) done
Event: 275.719 Executing VM operation: ParallelGCFailedAllocation (Allocation Failure)
Event: 275.730 Executing VM operation: ParallelGCFailedAllocation (Allocation Failure) done

Memory protections (0 events):
No events

Nmethod flushes (20 events):
Event: 219.976 Thread 0x0000026888f105d0 flushing  nmethod 0x000002688c71d510
Event: 219.976 Thread 0x0000026888f105d0 flushing  nmethod 0x000002688c725510
Event: 219.976 Thread 0x0000026888f105d0 flushing  nmethod 0x000002688c754f90
Event: 219.976 Thread 0x0000026888f105d0 flushing  nmethod 0x000002688c755390
Event: 219.976 Thread 0x0000026888f105d0 flushing  nmethod 0x000002688c755c90
Event: 219.976 Thread 0x0000026888f105d0 flushing  nmethod 0x000002688c756e90
Event: 219.976 Thread 0x0000026888f105d0 flushing  nmethod 0x000002688c757690
Event: 219.976 Thread 0x0000026888f105d0 flushing  nmethod 0x000002688c759390
Event: 219.976 Thread 0x0000026888f105d0 flushing  nmethod 0x000002688c759890
Event: 219.976 Thread 0x0000026888f105d0 flushing  nmethod 0x000002688c759d90
Event: 219.976 Thread 0x0000026888f105d0 flushing  nmethod 0x000002688c75a190
Event: 219.976 Thread 0x0000026888f105d0 flushing  nmethod 0x000002688c75b590
Event: 219.976 Thread 0x0000026888f105d0 flushing  nmethod 0x000002688c75d390
Event: 219.976 Thread 0x0000026888f105d0 flushing  nmethod 0x000002688c768210
Event: 219.976 Thread 0x0000026888f105d0 flushing  nmethod 0x000002688c7aec90
Event: 219.976 Thread 0x0000026888f105d0 flushing  nmethod 0x000002688c7b8990
Event: 219.976 Thread 0x0000026888f105d0 flushing  nmethod 0x000002688c7bcd90
Event: 219.976 Thread 0x0000026888f105d0 flushing  nmethod 0x000002688c7c3890
Event: 219.976 Thread 0x0000026888f105d0 flushing  nmethod 0x000002688c861d10
Event: 219.976 Thread 0x0000026888f105d0 flushing  nmethod 0x000002688c882c10

Events (20 events):
Event: 245.902 Thread 0x000002689d1fdcf0 Thread added: 0x00000268e45a2fb0
Event: 246.098 Thread 0x00000268e45a2fb0 Thread exited: 0x00000268e45a2fb0
Event: 247.257 Thread 0x000002689d1fdcf0 Thread added: 0x00000268e45a4af0
Event: 247.939 Thread 0x00000268e45a4af0 Thread exited: 0x00000268e45a4af0
Event: 252.396 Thread 0x000002689d183f40 Thread added: 0x00000268e45a4420
Event: 254.136 Thread 0x00000268e45a4420 Thread exited: 0x00000268e45a4420
Event: 270.232 Thread 0x00000268e6e01fb0 Thread added: 0x00000268e6e05ac0
Event: 270.234 Thread 0x00000268e6e05ac0 Thread added: 0x00000268e6e088b0
Event: 270.254 Thread 0x00000268e6e088b0 Thread added: 0x00000268e6e06e70
Event: 270.264 Thread 0x00000268e6e05ac0 Thread added: 0x00000268e6e039f0
Event: 270.282 Thread 0x000002689d1fdcf0 Thread added: 0x00000268e45a4420
Event: 270.551 Thread 0x00000268e6e01fb0 Thread added: 0x00000268e6e07500
Event: 270.551 Thread 0x00000268e6e01fb0 Thread added: 0x00000268e6e095d0
Event: 271.389 Thread 0x00000268e45a4420 Thread exited: 0x00000268e45a4420
Event: 272.200 Thread 0x000002689d1fdcf0 Thread added: 0x00000268e45a1b40
Event: 273.180 Thread 0x00000268e45a1b40 Thread exited: 0x00000268e45a1b40
Event: 273.316 Thread 0x000002689d1fdcf0 Thread added: 0x00000268e45a3680
Event: 274.880 Thread 0x00000268e6e01fb0 Thread added: 0x00000268e6e08f40
Event: 275.334 Thread 0x00000268e6e01fb0 Thread added: 0x00000268e4797980
Event: 275.353 Thread 0x00000268e6e01fb0 Thread added: 0x00000268e4794500


Dynamic libraries:
0x00007ff7a3d30000 - 0x00007ff7a3d3e000 	c:\Users\SERGE\.vscode\extensions\redhat.java-1.42.0-win32-x64\jre\21.0.7-win32-x86_64\bin\java.exe
0x00007fff071d0000 - 0x00007fff073c8000 	C:\Windows\SYSTEM32\ntdll.dll
0x00007fff05440000 - 0x00007fff05502000 	C:\Windows\System32\KERNEL32.DLL
0x00007fff048c0000 - 0x00007fff04bbf000 	C:\Windows\System32\KERNELBASE.dll
0x00007fff04bf0000 - 0x00007fff04cf0000 	C:\Windows\System32\ucrtbase.dll
0x00007ffefe090000 - 0x00007ffefe0a8000 	c:\Users\SERGE\.vscode\extensions\redhat.java-1.42.0-win32-x64\jre\21.0.7-win32-x86_64\bin\jli.dll
0x00007fff05c60000 - 0x00007fff05dfd000 	C:\Windows\System32\USER32.dll
0x00007fff04bc0000 - 0x00007fff04be2000 	C:\Windows\System32\win32u.dll
0x00007fff070a0000 - 0x00007fff070cb000 	C:\Windows\System32\GDI32.dll
0x00007fff04ee0000 - 0x00007fff04ffa000 	C:\Windows\System32\gdi32full.dll
0x00007fff050e0000 - 0x00007fff0517d000 	C:\Windows\System32\msvcp_win.dll
0x00007ffef5cc0000 - 0x00007ffef5cde000 	c:\Users\SERGE\.vscode\extensions\redhat.java-1.42.0-win32-x64\jre\21.0.7-win32-x86_64\bin\VCRUNTIME140.dll
0x00007ffef6730000 - 0x00007ffef69ca000 	C:\Windows\WinSxS\amd64_microsoft.windows.common-controls_6595b64144ccf1df_6.0.19041.4355_none_60b8b9eb71f62e16\COMCTL32.dll
0x00007fff060f0000 - 0x00007fff0618e000 	C:\Windows\System32\msvcrt.dll
0x00007fff05b40000 - 0x00007fff05b6f000 	C:\Windows\System32\IMM32.DLL
0x00007ffeff350000 - 0x00007ffeff35c000 	c:\Users\SERGE\.vscode\extensions\redhat.java-1.42.0-win32-x64\jre\21.0.7-win32-x86_64\bin\vcruntime140_1.dll
0x00007ffee9b40000 - 0x00007ffee9bcd000 	c:\Users\SERGE\.vscode\extensions\redhat.java-1.42.0-win32-x64\jre\21.0.7-win32-x86_64\bin\msvcp140.dll
0x00007ffed55d0000 - 0x00007ffed6360000 	c:\Users\SERGE\.vscode\extensions\redhat.java-1.42.0-win32-x64\jre\21.0.7-win32-x86_64\bin\server\jvm.dll
0x00007fff05370000 - 0x00007fff0541f000 	C:\Windows\System32\ADVAPI32.dll
0x00007fff06190000 - 0x00007fff0622f000 	C:\Windows\System32\sechost.dll
0x00007fff05f20000 - 0x00007fff06043000 	C:\Windows\System32\RPCRT4.dll
0x00007fff050b0000 - 0x00007fff050d7000 	C:\Windows\System32\bcrypt.dll
0x00007fff05eb0000 - 0x00007fff05f1b000 	C:\Windows\System32\WS2_32.dll
0x00007fff03c90000 - 0x00007fff03cdb000 	C:\Windows\SYSTEM32\POWRPROF.dll
0x00007ffef5280000 - 0x00007ffef52a7000 	C:\Windows\SYSTEM32\WINMM.dll
0x00007ffef0ea0000 - 0x00007ffef0eaa000 	C:\Windows\SYSTEM32\VERSION.dll
0x00007fff03c30000 - 0x00007fff03c42000 	C:\Windows\SYSTEM32\UMPDC.dll
0x00007fff026b0000 - 0x00007fff026c2000 	C:\Windows\SYSTEM32\kernel.appcore.dll
0x00007ffeff340000 - 0x00007ffeff34a000 	c:\Users\SERGE\.vscode\extensions\redhat.java-1.42.0-win32-x64\jre\21.0.7-win32-x86_64\bin\jimage.dll
0x00007ffef6fe0000 - 0x00007ffef71c4000 	C:\Windows\SYSTEM32\DBGHELP.DLL
0x00007ffef7380000 - 0x00007ffef73b4000 	C:\Windows\SYSTEM32\dbgcore.DLL
0x00007fff04cf0000 - 0x00007fff04d72000 	C:\Windows\System32\bcryptPrimitives.dll
0x00007ffeff330000 - 0x00007ffeff33f000 	c:\Users\SERGE\.vscode\extensions\redhat.java-1.42.0-win32-x64\jre\21.0.7-win32-x86_64\bin\instrument.dll
0x00007ffefeaa0000 - 0x00007ffefeabf000 	c:\Users\SERGE\.vscode\extensions\redhat.java-1.42.0-win32-x64\jre\21.0.7-win32-x86_64\bin\java.dll
0x00007fff06570000 - 0x00007fff06cdd000 	C:\Windows\System32\SHELL32.dll
0x00007fff028b0000 - 0x00007fff03053000 	C:\Windows\SYSTEM32\windows.storage.dll
0x00007fff06ce0000 - 0x00007fff07035000 	C:\Windows\System32\combase.dll
0x00007fff041c0000 - 0x00007fff041eb000 	C:\Windows\SYSTEM32\Wldp.dll
0x00007fff063f0000 - 0x00007fff064bd000 	C:\Windows\System32\OLEAUT32.dll
0x00007fff064c0000 - 0x00007fff0656d000 	C:\Windows\System32\SHCORE.dll
0x00007fff070d0000 - 0x00007fff07125000 	C:\Windows\System32\shlwapi.dll
0x00007fff047a0000 - 0x00007fff047c5000 	C:\Windows\SYSTEM32\profapi.dll
0x00007ffee99f0000 - 0x00007ffee9a08000 	c:\Users\SERGE\.vscode\extensions\redhat.java-1.42.0-win32-x64\jre\21.0.7-win32-x86_64\bin\zip.dll
0x00007ffeff320000 - 0x00007ffeff330000 	C:\Users\SERGE\.vscode\extensions\redhat.java-1.42.0-win32-x64\jre\21.0.7-win32-x86_64\bin\net.dll
0x00007ffefb1f0000 - 0x00007ffefb2fa000 	C:\Windows\SYSTEM32\WINHTTP.dll
0x00007fff03fa0000 - 0x00007fff0400c000 	C:\Windows\system32\mswsock.dll
0x00007ffeedae0000 - 0x00007ffeedaf6000 	C:\Users\SERGE\.vscode\extensions\redhat.java-1.42.0-win32-x64\jre\21.0.7-win32-x86_64\bin\nio.dll
0x00007ffefd6a0000 - 0x00007ffefd6b0000 	c:\Users\SERGE\.vscode\extensions\redhat.java-1.42.0-win32-x64\jre\21.0.7-win32-x86_64\bin\verify.dll
0x00007ffee9fd0000 - 0x00007ffeea015000 	C:\Users\SERGE\AppData\Roaming\Code\User\globalStorage\redhat.java\1.42.0\config_win\org.eclipse.equinox.launcher\org.eclipse.equinox.launcher.win32.win32.x86_64_1.2.1300.v20250331-1702\eclipse_11911.dll
0x00007fff062c0000 - 0x00007fff063eb000 	C:\Windows\System32\ole32.dll
0x00007fff04200000 - 0x00007fff04218000 	C:\Windows\SYSTEM32\CRYPTSP.dll
0x00007fff03870000 - 0x00007fff038a8000 	C:\Windows\system32\rsaenh.dll
0x00007fff04720000 - 0x00007fff0474e000 	C:\Windows\SYSTEM32\USERENV.dll
0x00007fff04130000 - 0x00007fff0413c000 	C:\Windows\SYSTEM32\CRYPTBASE.dll
0x00007fff03c50000 - 0x00007fff03c8b000 	C:\Windows\SYSTEM32\IPHLPAPI.DLL
0x00007fff05c50000 - 0x00007fff05c58000 	C:\Windows\System32\NSI.dll
0x00007ffee8e00000 - 0x00007ffee8e49000 	C:\Users\SERGE\AppData\Local\Temp\jna-78788894\jna3321023466264982489.dll
0x00007fff06230000 - 0x00007fff06238000 	C:\Windows\System32\PSAPI.DLL
0x00007ffef6b70000 - 0x00007ffef6b87000 	C:\Windows\SYSTEM32\dhcpcsvc6.DLL
0x00007ffef6b50000 - 0x00007ffef6b6d000 	C:\Windows\SYSTEM32\dhcpcsvc.DLL

dbghelp: loaded successfully - version: 4.0.5 - missing functions: none
symbol engine: initialized successfully - sym options: 0x614 - pdb path: .;c:\Users\SERGE\.vscode\extensions\redhat.java-1.42.0-win32-x64\jre\21.0.7-win32-x86_64\bin;C:\Windows\SYSTEM32;C:\Windows\WinSxS\amd64_microsoft.windows.common-controls_6595b64144ccf1df_6.0.19041.4355_none_60b8b9eb71f62e16;c:\Users\SERGE\.vscode\extensions\redhat.java-1.42.0-win32-x64\jre\21.0.7-win32-x86_64\bin\server;C:\Users\SERGE\AppData\Roaming\Code\User\globalStorage\redhat.java\1.42.0\config_win\org.eclipse.equinox.launcher\org.eclipse.equinox.launcher.win32.win32.x86_64_1.2.1300.v20250331-1702;C:\Users\SERGE\AppData\Local\Temp\jna-78788894

VM Arguments:
jvm_args: --add-modules=ALL-SYSTEM --add-opens=java.base/java.util=ALL-UNNAMED --add-opens=java.base/java.lang=ALL-UNNAMED --add-opens=java.base/sun.nio.fs=ALL-UNNAMED -Declipse.application=org.eclipse.jdt.ls.core.id1 -Dosgi.bundles.defaultStartLevel=4 -Declipse.product=org.eclipse.jdt.ls.core.product -Djava.import.generatesMetadataFilesAtProjectRoot=false -DDetectVMInstallationsJob.disabled=true -Dfile.encoding=utf8 -XX:+UseParallelGC -XX:GCTimeRatio=4 -XX:AdaptiveSizePolicyWeight=90 -Dsun.zip.disableMemoryMapping=true -Xmx1G -Xms100m -Xlog:disable -javaagent:c:\Users\SERGE\.vscode\extensions\redhat.java-1.42.0-win32-x64\lombok\lombok-1.18.36.jar -XX:+HeapDumpOnOutOfMemoryError -XX:HeapDumpPath=c:\Users\SERGE\AppData\Roaming\Code\User\workspaceStorage\a6951d4b4e5e0ad82c8566c0f5837605\redhat.java -Daether.dependencyCollector.impl=bf 
java_command: c:\Users\SERGE\.vscode\extensions\redhat.java-1.42.0-win32-x64\server\plugins\org.eclipse.equinox.launcher_1.7.0.v20250424-1814.jar -configuration c:\Users\SERGE\AppData\Roaming\Code\User\globalStorage\redhat.java\1.42.0\config_win -data c:\Users\SERGE\AppData\Roaming\Code\User\workspaceStorage\a6951d4b4e5e0ad82c8566c0f5837605\redhat.java\jdt_ws --pipe=\\.\pipe\lsp-3bda8fd4628f2229ce2da7d517e634bd-sock
java_class_path (initial): c:\Users\SERGE\.vscode\extensions\redhat.java-1.42.0-win32-x64\server\plugins\org.eclipse.equinox.launcher_1.7.0.v20250424-1814.jar
Launcher Type: SUN_STANDARD

[Global flags]
    uintx AdaptiveSizePolicyWeight                 = 90                                        {product} {command line}
     intx CICompilerCount                          = 3                                         {product} {ergonomic}
    uintx GCTimeRatio                              = 4                                         {product} {command line}
     bool HeapDumpOnOutOfMemoryError               = true                                   {manageable} {command line}
    ccstr HeapDumpPath                             = c:\Users\SERGE\AppData\Roaming\Code\User\workspaceStorage\a6951d4b4e5e0ad82c8566c0f5837605\redhat.java         {manageable} {command line}
   size_t InitialHeapSize                          = 104857600                                 {product} {command line}
   size_t MaxHeapSize                              = 1073741824                                {product} {command line}
   size_t MaxNewSize                               = 357564416                                 {product} {ergonomic}
   size_t MinHeapDeltaBytes                        = 524288                                    {product} {ergonomic}
   size_t MinHeapSize                              = 104857600                                 {product} {command line}
   size_t NewSize                                  = 34603008                                  {product} {ergonomic}
    uintx NonNMethodCodeHeapSize                   = 5832780                                {pd product} {ergonomic}
    uintx NonProfiledCodeHeapSize                  = 122912730                              {pd product} {ergonomic}
   size_t OldSize                                  = 70254592                                  {product} {ergonomic}
    uintx ProfiledCodeHeapSize                     = 122912730                              {pd product} {ergonomic}
    uintx ReservedCodeCacheSize                    = 251658240                              {pd product} {ergonomic}
     bool SegmentedCodeCache                       = true                                      {product} {ergonomic}
   size_t SoftMaxHeapSize                          = 1073741824                             {manageable} {ergonomic}
     bool UseCompressedOops                        = true                           {product lp64_product} {ergonomic}
     bool UseLargePagesIndividualAllocation        = false                                  {pd product} {ergonomic}
     bool UseParallelGC                            = true                                      {product} {command line}

Logging:
Log output configuration:
 #0: stdout all=off uptime,level,tags foldmultilines=false
 #1: stderr all=off uptime,level,tags foldmultilines=false

Environment Variables:
PATH=C:\Program Files\Java\jdk-17\bin;C:\Program Files\Common Files\Oracle\Java\javapath;C:\Windows\system32;C:\Windows;C:\Windows\System32\Wbem;C:\Windows\System32\WindowsPowerShell\v1.0\;C:\Windows\System32\OpenSSH\;C:\Program Files\nodejs\;C:\Program Files\IVI Foundation\VISA\Win64\Bin\;C:\Program Files (x86)\IVI Foundation\VISA\WinNT\Bin\;C:\Program Files (x86)\IVI Foundation\VISA\WinNT\Bin;C:\Program Files\MATLAB\R2016a\runtime\win64;C:\Program Files\MATLAB\R2016a\bin;C:\Program Files\MATLAB\R2016a\polyspace\bin;C:\composer;C:\Program Files\Git\cmd;C:\Program Files\PostgreSQL\16\bin;C:\Program Files\PostgreSQL\16\data;C:\Program Files\Microsoft VS Code\bin;C:\Program Files\dotnet\;C:\platform-tools-latest-windows\platform-tools;C:\Program Files\MySQL\MySQL Server X.X\bin;C:\Program Files\Java\jdk-17\bin;C:\Server;C:\Program Files\Docker\Docker\resources\bin;C:\Cassandra\apache-cassandra-4.1.8\bin;C:\ProgramData\chocolatey\bin;C:\Program Files\BlueStacks_nxt;C:\Users\SERGE\AppData\Local\Programs\Python\Python311\Scripts\;C:\Users\SERGE\AppData\Local\Programs\Python\Python311\;C:\Users\SERGE\scoop\shims;C:\Users\SERGE\AppData\Local\Microsoft\WindowsApps;C:\Users\SERGE\AppData\Roaming\npm;C:\Program Files (x86);C:\Users\SERGE\AppData\Roaming\Composer\vendor\bin;C:\Users\SERGE\.dotnet\tools;C:\Program Files (x86)\Nmap
USERNAME=SERGE
OS=Windows_NT
PROCESSOR_IDENTIFIER=Intel64 Family 6 Model 60 Stepping 3, GenuineIntel
TMP=C:\Users\SERGE\AppData\Local\Temp
TEMP=C:\Users\SERGE\AppData\Local\Temp




Periodic native trim disabled

---------------  S Y S T E M  ---------------

OS:
 Windows 10 , 64 bit Build 19041 (10.0.19041.5438)
OS uptime: 0 days 1:56 hours
Hyper-V role detected

CPU: total 4 (initial active 4) (2 cores per cpu, 2 threads per core) family 6 model 60 stepping 3 microcode 0x27, cx8, cmov, fxsr, ht, mmx, sse, sse2, sse3, ssse3, sse4.1, sse4.2, popcnt, lzcnt, tsc, tscinvbit, avx, avx2, aes, erms, clmul, bmi1, bmi2, fma, vzeroupper, clflush, hv, rdtscp, f16c
Processor Information for the first 4 processors :
  Max Mhz: 2601, Current Mhz: 800, Mhz Limit: 2601

Memory: 4k page, system-wide physical 8089M (1205M free)
TotalPageFile size 10137M (AvailPageFile size 0M)
current process WorkingSet (physical memory assigned to process): 618M, peak: 618M
current process commit charge ("private bytes"): 532M, peak: 532M

vm_info: OpenJDK 64-Bit Server VM (21.0.7+6-LTS) for windows-amd64 JRE (21.0.7+6-LTS), built on 2025-04-15T00:00:00Z by "admin" with MS VC++ 17.7 (VS2022)

END.
