#
# There is insufficient memory for the Java Runtime Environment to continue.
# Native memory allocation (malloc) failed to allocate 32744 bytes. Error detail: Chunk::new
# Possible reasons:
#   The system is out of physical RAM or swap space
#   This process is running with CompressedOops enabled, and the Java Heap may be blocking the growth of the native heap
# Possible solutions:
#   Reduce memory load on the system
#   Increase physical memory or swap space
#   Check if swap backing store is full
#   Decrease Java heap size (-Xmx/-Xms)
#   Decrease number of Java threads
#   Decrease Java thread stack sizes (-Xss)
#   Set larger code cache with -XX:ReservedCodeCacheSize=
#   JVM is running with Unscaled Compressed Oops mode in which the Java heap is
#     placed in the first 4GB address space. The Java Heap base address is the
#     maximum limit for the native heap growth. Please use -XX:HeapBaseMinAddress
#     to set the Java Heap base and to place the Java Heap above 4GB virtual address.
# This output file may be truncated or incomplete.
#
#  Out of Memory Error (arena.cpp:168), pid=18588, tid=6004
#
# JRE version: OpenJDK Runtime Environment Temurin-21.0.7+6 (21.0.7+6) (build 21.0.7+6-LTS)
# Java VM: OpenJDK 64-Bit Server VM Temurin-21.0.7+6 (21.0.7+6-LTS, mixed mode, sharing, tiered, compressed oops, compressed class ptrs, parallel gc, windows-amd64)
# No core dump will be written. Minidumps are not enabled by default on client versions of Windows
#

---------------  S U M M A R Y ------------

Command Line: --add-modules=ALL-SYSTEM --add-opens=java.base/java.util=ALL-UNNAMED --add-opens=java.base/java.lang=ALL-UNNAMED --add-opens=java.base/sun.nio.fs=ALL-UNNAMED -Declipse.application=org.eclipse.jdt.ls.core.id1 -Dosgi.bundles.defaultStartLevel=4 -Declipse.product=org.eclipse.jdt.ls.core.product -Djava.import.generatesMetadataFilesAtProjectRoot=false -DDetectVMInstallationsJob.disabled=true -Dfile.encoding=utf8 -XX:+UseParallelGC -XX:GCTimeRatio=4 -XX:AdaptiveSizePolicyWeight=90 -Dsun.zip.disableMemoryMapping=true -Xmx1G -Xms100m -Xlog:disable -javaagent:c:\Users\SERGE\.vscode\extensions\redhat.java-1.42.0-win32-x64\lombok\lombok-1.18.36.jar -XX:+HeapDumpOnOutOfMemoryError -XX:HeapDumpPath=c:\Users\SERGE\AppData\Roaming\Code\User\workspaceStorage\a6951d4b4e5e0ad82c8566c0f5837605\redhat.java -Daether.dependencyCollector.impl=bf c:\Users\SERGE\.vscode\extensions\redhat.java-1.42.0-win32-x64\server\plugins\org.eclipse.equinox.launcher_1.7.0.v20250424-1814.jar -configuration c:\Users\SERGE\AppData\Roaming\Code\User\globalStorage\redhat.java\1.42.0\config_win -data c:\Users\SERGE\AppData\Roaming\Code\User\workspaceStorage\a6951d4b4e5e0ad82c8566c0f5837605\redhat.java\jdt_ws --pipe=\\.\pipe\lsp-d4ab75927e038d0a67dfd63abfe3d637-sock

Host: Intel(R) Core(TM) i5-4300M CPU @ 2.60GHz, 4 cores, 7G,  Windows 10 , 64 bit Build 19041 (10.0.19041.5438)
Time: Mon May 19 12:57:38 2025 Paris, Madrid (heure duild 19041 (10.0.19041.5438) elapsed time: 6.133606 seconds (0d 0h 0m 6s)

---------------  T H R E A D  ---------------

Current thread (0x0000021af210e050):  JavaThread "C1 CompilerThread0" daemon [_thread_in_native, id=6004, stack(0x000000cd51400000,0x000000cd51500000) (1024K)]


Current CompileTask:
C1:6133 3171       3       java.net.URI$Parser::parse (243 bytes)

Stack: [0x000000cd51400000,0x000000cd51500000]
Native frames: (J=compiled Java code, j=interpreted, Vv=VM code, C=native code)
V  [jvm.dll+0x6ce119]
V  [jvm.dll+0x8a84a1]
V  [jvm.dll+0x8aa9ce]
V  [jvm.dll+0x8ab0b3]
V  [jvm.dll+0x27f8a6]
V  [jvm.dll+0xc507d]
V  [jvm.dll+0xc55b3]
V  [jvm.dll+0x988f]
V  [jvm.dll+0x6ba0ab]
V  [jvm.dll+0x2816f7]
V  [jvm.dll+0x169109]
V  [jvm.dll+0x16f347]
V  [jvm.dll+0x151425]
V  [jvm.dll+0x1704f2]
V  [jvm.dll+0x153688]
V  [jvm.dll+0x153126]
V  [jvm.dll+0x153304]
V  [jvm.dll+0x152736]
V  [jvm.dll+0x15450d]
V  [jvm.dll+0x25695a]
V  [jvm.dll+0x254efa]
V  [jvm.dll+0x3f03f6]
V  [jvm.dll+0x851f6b]
V  [jvm.dll+0x6cc7dd]
C  [ucrtbase.dll+0x21bb2]
C  [KERNEL32.DLL+0x17374]
C  [ntdll.dll+0x4cc91]


---------------  P R O C E S S  ---------------

Threads class SMR info:
_java_thread_list=0x0000021af7e396c0, length=19, elements={
0x0000021addd61f80, 0x0000021af208c520, 0x0000021af208de20, 0x0000021af20909b0,
0x0000021af20918c0, 0x0000021af2093680, 0x0000021af20960e0, 0x0000021af2096e60,
0x0000021af210e050, 0x0000021adddd1130, 0x0000021af7274d90, 0x0000021af7a87800,
0x0000021af7aa1cf0, 0x0000021af75877b0, 0x0000021af7e15260, 0x0000021af7c15080,
0x0000021af7efe7b0, 0x0000021af8099e60, 0x0000021af7cf5a60
}

Java Threads: ( => current thread )
  0x0000021addd61f80 JavaThread "main"                              [_thread_in_Java, id=18840, stack(0x000000cd50800000,0x000000cd50900000) (1024K)]
  0x0000021af208c520 JavaThread "Reference Handler"          daemon [_thread_blocked, id=11600, stack(0x000000cd50d00000,0x000000cd50e00000) (1024K)]
  0x0000021af208de20 JavaThread "Finalizer"                  daemon [_thread_blocked, id=17548, stack(0x000000cd50e00000,0x000000cd50f00000) (1024K)]
  0x0000021af20909b0 JavaThread "Signal Dispatcher"          daemon [_thread_blocked, id=19164, stack(0x000000cd50f00000,0x000000cd51000000) (1024K)]
  0x0000021af20918c0 JavaThread "Attach Listener"            daemon [_thread_blocked, id=7508, stack(0x000000cd51000000,0x000000cd51100000) (1024K)]
  0x0000021af2093680 JavaThread "Service Thread"             daemon [_thread_blocked, id=17792, stack(0x000000cd51100000,0x000000cd51200000) (1024K)]
  0x0000021af20960e0 JavaThread "Monitor Deflation Thread"   daemon [_thread_blocked, id=17324, stack(0x000000cd51200000,0x000000cd51300000) (1024K)]
  0x0000021af2096e60 JavaThread "C2 CompilerThread0"         daemon [_thread_in_native, id=15124, stack(0x000000cd51300000,0x000000cd51400000) (1024K)]
=>0x0000021af210e050 JavaThread "C1 CompilerThread0"         daemon [_thread_in_native, id=6004, stack(0x000000cd51400000,0x000000cd51500000) (1024K)]
  0x0000021adddd1130 JavaThread "Common-Cleaner"             daemon [_thread_blocked, id=17640, stack(0x000000cd51500000,0x000000cd51600000) (1024K)]
  0x0000021af7274d90 JavaThread "Notification Thread"        daemon [_thread_blocked, id=14016, stack(0x000000cd51700000,0x000000cd51800000) (1024K)]
  0x0000021af7a87800 JavaThread "Active Thread: Equinox Container: a9339520-fb00-4cec-80e1-1a6cd1009c61"        [_thread_blocked, id=17872, stack(0x000000cd51b00000,0x000000cd51c00000) (1024K)]
  0x0000021af7aa1cf0 JavaThread "Refresh Thread: Equinox Container: a9339520-fb00-4cec-80e1-1a6cd1009c61" daemon [_thread_blocked, id=18644, stack(0x000000cd51c00000,0x000000cd51d00000) (1024K)]
  0x0000021af75877b0 JavaThread "Framework Event Dispatcher: Equinox Container: a9339520-fb00-4cec-80e1-1a6cd1009c61" daemon [_thread_blocked, id=2684, stack(0x000000cd51d00000,0x000000cd51e00000) (1024K)]
  0x0000021af7e15260 JavaThread "Start Level: Equinox Container: a9339520-fb00-4cec-80e1-1a6cd1009c61" daemon [_thread_in_vm, id=18808, stack(0x000000cd51e00000,0x000000cd51f00000) (1024K)]
  0x0000021af7c15080 JavaThread "Bundle File Closer"         daemon [_thread_blocked, id=16072, stack(0x000000cd51f00000,0x000000cd52000000) (1024K)]
  0x0000021af7efe7b0 JavaThread "SCR Component Actor"        daemon [_thread_blocked, id=18012, stack(0x000000cd52000000,0x000000cd52100000) (1024K)]
  0x0000021af8099e60 JavaThread "SCR Component Registry"     daemon [_thread_blocked, id=2428, stack(0x000000cd52100000,0x000000cd52200000) (1024K)]
  0x0000021af7cf5a60 JavaThread "Worker-JM"                         [_thread_blocked, id=10308, stack(0x000000cd51600000,0x000000cd51700000) (1024K)]
Total: 19

Other Threads:
  0x0000021af207da10 VMThread "VM Thread"                           [id=18988, stack(0x000000cd50c00000,0x000000cd50d00000) (1024K)]
  0x0000021adddcfc00 WatcherThread "VM Periodic Task Thread"        [id=17668, stack(0x000000cd50b00000,0x000000cd50c00000) (1024K)]
  0x0000021addd81fa0 WorkerThread "GC Thread#0"                     [id=12824, stack(0x000000cd50a00000,0x000000cd50b00000) (1024K)]
  0x0000021af78bcf50 WorkerThread "GC Thread#1"                     [id=15740, stack(0x000000cd51800000,0x000000cd51900000) (1024K)]
  0x0000021af72dd840 WorkerThread "GC Thread#2"                     [id=10156, stack(0x000000cd51900000,0x000000cd51a00000) (1024K)]
  0x0000021af72ddbe0 WorkerThread "GC Thread#3"                     [id=15388, stack(0x000000cd51a00000,0x000000cd51b00000) (1024K)]
Total: 6

Threads with active compile tasks:
C2 CompilerThread0  6282 3158       4       jdk.internal.org.objectweb.asm.Frame::execute (2305 bytes)
C1 CompilerThread0  6282 3171       3       java.net.URI$Parser::parse (243 bytes)
Total: 2

VM state: not at safepoint (normal execution)

VM Mutex/Monitor currently owned by a thread:  ([mutex/lock_event])
[0x00007ffecba0c308] Metaspace_lock - owner thread: 0x0000021af7e15260

Heap address: 0x00000000c0000000, size: 1024 MB, Compressed Oops mode: 32-bit

CDS archive(s) mapped at: [0x0000021a80000000-0x0000021a80ba0000-0x0000021a80ba0000), size 12189696, SharedBaseAddress: 0x0000021a80000000, ArchiveRelocationMode: 1.
Compressed class space mapped at: 0x0000021a81000000-0x0000021ac1000000, reserved size: 1073741824
Narrow klass base: 0x0000021a80000000, Narrow klass shift: 0, Narrow klass range: 0x100000000

GC Precious Log:
 CardTable entry size: 512
 CPUs: 4 total, 4 available
 Memory: 8089M
 Large Page Support: Disabled
 NUMA Support: Disabled
 Compressed Oops: Enabled (32-bit)
 Alignments: Space 512K, Generation 512K, Heap 2M
 Heap Min Capacity: 100M
 Heap Initial Capacity: 100M
 Heap Max Capacity: 1G
 Pre-touch: Disabled
 Parallel Workers: 4

Heap:
 PSYoungGen      total 29696K, used 5369K [0x00000000eab00000, 0x00000000ecc00000, 0x0000000100000000)
  eden space 25600K, 5% used [0x00000000eab00000,0x00000000eac44ee8,0x00000000ec400000)
  from space 4096K, 99% used [0x00000000ec400000,0x00000000ec7f9850,0x00000000ec800000)
  to   space 4096K, 0% used [0x00000000ec800000,0x00000000ec800000,0x00000000ecc00000)
 ParOldGen       total 68608K, used 8312K [0x00000000c0000000, 0x00000000c4300000, 0x00000000eab00000)
  object space 68608K, 12% used [0x00000000c0000000,0x00000000c081e198,0x00000000c4300000)
 Metaspace       used 15575K, committed 16192K, reserved 1114112K
  class space    used 1556K, committed 1792K, reserved 1048576K

Card table byte_map: [0x0000021add710000,0x0000021add920000] _byte_map_base: 0x0000021add110000

Marking Bits: (ParMarkBitMap*) 0x00007ffecba131f0
 Begin Bits: [0x0000021aeff60000, 0x0000021af0f60000)
 End Bits:   [0x0000021af0f60000, 0x0000021af1f60000)

Polling page: 0x0000021adba20000

Metaspace:

Usage:
  Non-class:     13.69 MB used.
      Class:      1.52 MB used.
       Both:     15.21 MB used.

Virtual space:
  Non-class space:       64.00 MB reserved,      14.06 MB ( 22%) committed,  1 nodes.
      Class space:        1.00 GB reserved,       1.75 MB ( <1%) committed,  1 nodes.
             Both:        1.06 GB reserved,      15.81 MB (  1%) committed. 

Chunk freelists:
   Non-Class:  1.51 MB
       Class:  14.25 MB
        Both:  15.76 MB

MaxMetaspaceSize: unlimited
CompressedClassSpaceSize: 1.00 GB
Initial GC threshold: 21.00 MB
Current GC threshold: 21.00 MB
CDS: on
 - commit_granule_bytes: 65536.
 - commit_granule_words: 8192.
 - virtual_space_node_default_size: 8388608.
 - enlarge_chunks_in_place: 1.
 - use_allocation_guard: 0.


Internal statistics:

num_allocs_failed_limit: 0.
num_arena_births: 444.
num_arena_deaths: 0.
num_vsnodes_births: 2.
num_vsnodes_deaths: 0.
num_space_committed: 253.
num_space_uncommitted: 0.
num_chunks_returned_to_freelist: 0.
num_chunks_taken_from_freelist: 941.
num_chunk_merges: 0.
num_chunk_splits: 625.
num_chunks_enlarged: 417.
num_inconsistent_stats: 0.

CodeHeap 'non-profiled nmethods': size=120000Kb used=1423Kb max_used=1423Kb free=118576Kb
 bounds [0x0000021ae8a30000, 0x0000021ae8ca0000, 0x0000021aeff60000]
CodeHeap 'profiled nmethods': size=120000Kb used=6529Kb max_used=6529Kb free=113471Kb
 bounds [0x0000021ae0f60000, 0x0000021ae15d0000, 0x0000021ae8490000]
CodeHeap 'non-nmethods': size=5760Kb used=1259Kb max_used=1260Kb free=4500Kb
 bounds [0x0000021ae8490000, 0x0000021ae8700000, 0x0000021ae8a30000]
 total_blobs=3705 nmethods=3171 adapters=439
 compilation: enabled
              stopped_count=0, restarted_count=0
 full_count=0

Compilation events (20 events):
Event: 6.100 Thread 0x0000021af2096e60 3158       4       jdk.internal.org.objectweb.asm.Frame::execute (2305 bytes)
Event: 6.102 Thread 0x0000021af210e050 3161       3       jdk.internal.org.objectweb.asm.ClassVisitor::<init> (78 bytes)
Event: 6.103 Thread 0x0000021af210e050 nmethod 3161 0x0000021ae15bd210 code [0x0000021ae15bd440, 0x0000021ae15bdb98]
Event: 6.103 Thread 0x0000021af210e050 3162       3       jdk.internal.org.objectweb.asm.SymbolTable::<init> (41 bytes)
Event: 6.103 Thread 0x0000021af210e050 nmethod 3162 0x0000021ae15bde90 code [0x0000021ae15be040, 0x0000021ae15be468]
Event: 6.103 Thread 0x0000021af210e050 3163       3       java.lang.invoke.LambdaFormEditor$TransformKey::packedBytes (37 bytes)
Event: 6.103 Thread 0x0000021af210e050 nmethod 3163 0x0000021ae15be590 code [0x0000021ae15be720, 0x0000021ae15be830]
Event: 6.108 Thread 0x0000021af210e050 3165       1       java.lang.ClassLoader::getName (5 bytes)
Event: 6.108 Thread 0x0000021af210e050 nmethod 3165 0x0000021ae8b93110 code [0x0000021ae8b932a0, 0x0000021ae8b93368]
Event: 6.117 Thread 0x0000021af210e050 3166       1       java.lang.reflect.Method::getSharedParameterTypes (5 bytes)
Event: 6.117 Thread 0x0000021af210e050 nmethod 3166 0x0000021ae8b93410 code [0x0000021ae8b935a0, 0x0000021ae8b93668]
Event: 6.117 Thread 0x0000021af210e050 3167       3       jdk.internal.reflect.ReflectionFactory::getExecutableSharedParameterTypes (11 bytes)
Event: 6.118 Thread 0x0000021af210e050 nmethod 3167 0x0000021ae15be890 code [0x0000021ae15bea40, 0x0000021ae15becb8]
Event: 6.118 Thread 0x0000021af210e050 3168       3       java.lang.reflect.ReflectAccess::getExecutableSharedParameterTypes (5 bytes)
Event: 6.118 Thread 0x0000021af210e050 nmethod 3168 0x0000021ae15bee10 code [0x0000021ae15befc0, 0x0000021ae15bf198]
Event: 6.126 Thread 0x0000021af210e050 3169   !   3       java.util.concurrent.ConcurrentHashMap::initTable (112 bytes)
Event: 6.127 Thread 0x0000021af210e050 nmethod 3169 0x0000021ae15bf290 code [0x0000021ae15bf4a0, 0x0000021ae15bfcf0]
Event: 6.127 Thread 0x0000021af210e050 3170       3       java.net.URI$Parser::<init> (30 bytes)
Event: 6.127 Thread 0x0000021af210e050 nmethod 3170 0x0000021ae15bff90 code [0x0000021ae15c0140, 0x0000021ae15c0300]
Event: 6.127 Thread 0x0000021af210e050 3171       3       java.net.URI$Parser::parse (243 bytes)

GC Heap History (8 events):
Event: 2.369 GC heap before
{Heap before GC invocations=1 (full 0):
 PSYoungGen      total 29696K, used 25600K [0x00000000eab00000, 0x00000000ecc00000, 0x0000000100000000)
  eden space 25600K, 100% used [0x00000000eab00000,0x00000000ec400000,0x00000000ec400000)
  from space 4096K, 0% used [0x00000000ec800000,0x00000000ec800000,0x00000000ecc00000)
  to   space 4096K, 0% used [0x00000000ec400000,0x00000000ec400000,0x00000000ec800000)
 ParOldGen       total 68608K, used 0K [0x00000000c0000000, 0x00000000c4300000, 0x00000000eab00000)
  object space 68608K, 0% used [0x00000000c0000000,0x00000000c0000000,0x00000000c4300000)
 Metaspace       used 4359K, committed 4608K, reserved 1114112K
  class space    used 460K, committed 576K, reserved 1048576K
}
Event: 2.410 GC heap after
{Heap after GC invocations=1 (full 0):
 PSYoungGen      total 29696K, used 3270K [0x00000000eab00000, 0x00000000ecc00000, 0x0000000100000000)
  eden space 25600K, 0% used [0x00000000eab00000,0x00000000eab00000,0x00000000ec400000)
  from space 4096K, 79% used [0x00000000ec400000,0x00000000ec731870,0x00000000ec800000)
  to   space 4096K, 0% used [0x00000000ec800000,0x00000000ec800000,0x00000000ecc00000)
 ParOldGen       total 68608K, used 0K [0x00000000c0000000, 0x00000000c4300000, 0x00000000eab00000)
  object space 68608K, 0% used [0x00000000c0000000,0x00000000c0000000,0x00000000c4300000)
 Metaspace       used 4359K, committed 4608K, reserved 1114112K
  class space    used 460K, committed 576K, reserved 1048576K
}
Event: 3.918 GC heap before
{Heap before GC invocations=2 (full 0):
 PSYoungGen      total 29696K, used 28870K [0x00000000eab00000, 0x00000000ecc00000, 0x0000000100000000)
  eden space 25600K, 100% used [0x00000000eab00000,0x00000000ec400000,0x00000000ec400000)
  from space 4096K, 79% used [0x00000000ec400000,0x00000000ec731870,0x00000000ec800000)
  to   space 4096K, 0% used [0x00000000ec800000,0x00000000ec800000,0x00000000ecc00000)
 ParOldGen       total 68608K, used 0K [0x00000000c0000000, 0x00000000c4300000, 0x00000000eab00000)
  object space 68608K, 0% used [0x00000000c0000000,0x00000000c0000000,0x00000000c4300000)
 Metaspace       used 8063K, committed 8384K, reserved 1114112K
  class space    used 815K, committed 960K, reserved 1048576K
}
Event: 3.926 GC heap after
{Heap after GC invocations=2 (full 0):
 PSYoungGen      total 29696K, used 4084K [0x00000000eab00000, 0x00000000ecc00000, 0x0000000100000000)
  eden space 25600K, 0% used [0x00000000eab00000,0x00000000eab00000,0x00000000ec400000)
  from space 4096K, 99% used [0x00000000ec800000,0x00000000ecbfd1e8,0x00000000ecc00000)
  to   space 4096K, 0% used [0x00000000ec400000,0x00000000ec400000,0x00000000ec800000)
 ParOldGen       total 68608K, used 1735K [0x00000000c0000000, 0x00000000c4300000, 0x00000000eab00000)
  object space 68608K, 2% used [0x00000000c0000000,0x00000000c01b1ed8,0x00000000c4300000)
 Metaspace       used 8063K, committed 8384K, reserved 1114112K
  class space    used 815K, committed 960K, reserved 1048576K
}
Event: 4.653 GC heap before
{Heap before GC invocations=3 (full 0):
 PSYoungGen      total 29696K, used 29677K [0x00000000eab00000, 0x00000000ecc00000, 0x0000000100000000)
  eden space 25600K, 99% used [0x00000000eab00000,0x00000000ec3fe3b0,0x00000000ec400000)
  from space 4096K, 99% used [0x00000000ec800000,0x00000000ecbfd1e8,0x00000000ecc00000)
  to   space 4096K, 0% used [0x00000000ec400000,0x00000000ec400000,0x00000000ec800000)
 ParOldGen       total 68608K, used 1735K [0x00000000c0000000, 0x00000000c4300000, 0x00000000eab00000)
  object space 68608K, 2% used [0x00000000c0000000,0x00000000c01b1ed8,0x00000000c4300000)
 Metaspace       used 9428K, committed 9792K, reserved 1114112K
  class space    used 971K, committed 1152K, reserved 1048576K
}
Event: 4.661 GC heap after
{Heap after GC invocations=3 (full 0):
 PSYoungGen      total 29696K, used 4087K [0x00000000eab00000, 0x00000000ecc00000, 0x0000000100000000)
  eden space 25600K, 0% used [0x00000000eab00000,0x00000000eab00000,0x00000000ec400000)
  from space 4096K, 99% used [0x00000000ec400000,0x00000000ec7fde98,0x00000000ec800000)
  to   space 4096K, 0% used [0x00000000ec800000,0x00000000ec800000,0x00000000ecc00000)
 ParOldGen       total 68608K, used 5123K [0x00000000c0000000, 0x00000000c4300000, 0x00000000eab00000)
  object space 68608K, 7% used [0x00000000c0000000,0x00000000c0500cf0,0x00000000c4300000)
 Metaspace       used 9428K, committed 9792K, reserved 1114112K
  class space    used 971K, committed 1152K, reserved 1048576K
}
Event: 5.386 GC heap before
{Heap before GC invocations=4 (full 0):
 PSYoungGen      total 29696K, used 29687K [0x00000000eab00000, 0x00000000ecc00000, 0x0000000100000000)
  eden space 25600K, 100% used [0x00000000eab00000,0x00000000ec400000,0x00000000ec400000)
  from space 4096K, 99% used [0x00000000ec400000,0x00000000ec7fde98,0x00000000ec800000)
  to   space 4096K, 0% used [0x00000000ec800000,0x00000000ec800000,0x00000000ecc00000)
 ParOldGen       total 68608K, used 5123K [0x00000000c0000000, 0x00000000c4300000, 0x00000000eab00000)
  object space 68608K, 7% used [0x00000000c0000000,0x00000000c0500cf0,0x00000000c4300000)
 Metaspace       used 12234K, committed 12672K, reserved 1114112K
  class space    used 1255K, committed 1472K, reserved 1048576K
}
Event: 5.394 GC heap after
{Heap after GC invocations=4 (full 0):
 PSYoungGen      total 29696K, used 4092K [0x00000000eab00000, 0x00000000ecc00000, 0x0000000100000000)
  eden space 25600K, 0% used [0x00000000eab00000,0x00000000eab00000,0x00000000ec400000)
  from space 4096K, 99% used [0x00000000ec800000,0x00000000ecbff378,0x00000000ecc00000)
  to   space 4096K, 0% used [0x00000000ec400000,0x00000000ec400000,0x00000000ec800000)
 ParOldGen       total 68608K, used 6860K [0x00000000c0000000, 0x00000000c4300000, 0x00000000eab00000)
  object space 68608K, 10% used [0x00000000c0000000,0x00000000c06b3348,0x00000000c4300000)
 Metaspace       used 12234K, committed 12672K, reserved 1114112K
  class space    used 1255K, committed 1472K, reserved 1048576K
}

Dll operation events (9 events):
Event: 0.011 Loaded shared library c:\Users\SERGE\.vscode\extensions\redhat.java-1.42.0-win32-x64\jre\21.0.7-win32-x86_64\bin\java.dll
Event: 0.379 Loaded shared library c:\Users\SERGE\.vscode\extensions\redhat.java-1.42.0-win32-x64\jre\21.0.7-win32-x86_64\bin\zip.dll
Event: 0.432 Loaded shared library C:\Users\SERGE\.vscode\extensions\redhat.java-1.42.0-win32-x64\jre\21.0.7-win32-x86_64\bin\instrument.dll
Event: 0.438 Loaded shared library C:\Users\SERGE\.vscode\extensions\redhat.java-1.42.0-win32-x64\jre\21.0.7-win32-x86_64\bin\net.dll
Event: 0.441 Loaded shared library C:\Users\SERGE\.vscode\extensions\redhat.java-1.42.0-win32-x64\jre\21.0.7-win32-x86_64\bin\nio.dll
Event: 0.475 Loaded shared library C:\Users\SERGE\.vscode\extensions\redhat.java-1.42.0-win32-x64\jre\21.0.7-win32-x86_64\bin\zip.dll
Event: 0.514 Loaded shared library C:\Users\SERGE\.vscode\extensions\redhat.java-1.42.0-win32-x64\jre\21.0.7-win32-x86_64\bin\jimage.dll
Event: 0.722 Loaded shared library c:\Users\SERGE\.vscode\extensions\redhat.java-1.42.0-win32-x64\jre\21.0.7-win32-x86_64\bin\verify.dll
Event: 3.917 Loaded shared library C:\Users\SERGE\AppData\Roaming\Code\User\globalStorage\redhat.java\1.42.0\config_win\org.eclipse.equinox.launcher\org.eclipse.equinox.launcher.win32.win32.x86_64_1.2.1300.v20250331-1702\eclipse_11911.dll

Deoptimization events (20 events):
Event: 5.601 Thread 0x0000021af7e15260 Uncommon trap: trap_request=0xffffff45 fr.pc=0x0000021ae8b70cfc relative=0x00000000000000dc
Event: 5.601 Thread 0x0000021af7e15260 Uncommon trap: reason=unstable_if action=reinterpret pc=0x0000021ae8b70cfc method=com.sun.org.apache.xerces.internal.impl.XMLEntityScanner.peekChar()I @ 51 c2
Event: 5.601 Thread 0x0000021af7e15260 DEOPT PACKING pc=0x0000021ae8b70cfc sp=0x000000cd51ef85c0
Event: 5.601 Thread 0x0000021af7e15260 DEOPT UNPACKING pc=0x0000021ae84e3aa2 sp=0x000000cd51ef8548 mode 2
Event: 5.610 Thread 0x0000021af7e15260 Uncommon trap: trap_request=0xffffff45 fr.pc=0x0000021ae8b74498 relative=0x0000000000000378
Event: 5.610 Thread 0x0000021af7e15260 Uncommon trap: reason=unstable_if action=reinterpret pc=0x0000021ae8b74498 method=com.sun.org.apache.xerces.internal.impl.XMLEntityScanner.skipSpaces()Z @ 88 c2
Event: 5.610 Thread 0x0000021af7e15260 DEOPT PACKING pc=0x0000021ae8b74498 sp=0x000000cd51ef8670
Event: 5.610 Thread 0x0000021af7e15260 DEOPT UNPACKING pc=0x0000021ae84e3aa2 sp=0x000000cd51ef8608 mode 2
Event: 5.639 Thread 0x0000021af7e15260 Uncommon trap: trap_request=0xffffffcc fr.pc=0x0000021ae8b6f2c4 relative=0x0000000000000204
Event: 5.639 Thread 0x0000021af7e15260 Uncommon trap: reason=intrinsic_or_type_checked_inlining action=make_not_entrant pc=0x0000021ae8b6f2c4 method=java.util.Arrays.copyOf([Ljava/lang/Object;ILjava/lang/Class;)[Ljava/lang/Object; @ 35 c2
Event: 5.639 Thread 0x0000021af7e15260 DEOPT PACKING pc=0x0000021ae8b6f2c4 sp=0x000000cd51efba00
Event: 5.639 Thread 0x0000021af7e15260 DEOPT UNPACKING pc=0x0000021ae84e3aa2 sp=0x000000cd51efb990 mode 2
Event: 5.721 Thread 0x0000021af7e15260 Uncommon trap: trap_request=0xffffff45 fr.pc=0x0000021ae8b6dfe8 relative=0x0000000000000468
Event: 5.721 Thread 0x0000021af7e15260 Uncommon trap: reason=unstable_if action=reinterpret pc=0x0000021ae8b6dfe8 method=com.sun.org.apache.xerces.internal.impl.XMLEntityScanner.scanLiteral(ILcom/sun/org/apache/xerces/internal/xni/XMLString;Z)I @ 299 c2
Event: 5.721 Thread 0x0000021af7e15260 DEOPT PACKING pc=0x0000021ae8b6dfe8 sp=0x000000cd51efd590
Event: 5.721 Thread 0x0000021af7e15260 DEOPT UNPACKING pc=0x0000021ae84e3aa2 sp=0x000000cd51efd520 mode 2
Event: 6.073 Thread 0x0000021af7e15260 Uncommon trap: trap_request=0xffffff45 fr.pc=0x0000021ae8a7e80c relative=0x0000000000000f4c
Event: 6.073 Thread 0x0000021af7e15260 Uncommon trap: reason=unstable_if action=reinterpret pc=0x0000021ae8a7e80c method=lombok.patcher.PatchScript.classMatches(Ljava/lang/String;Ljava/util/Collection;)Z @ 25 c2
Event: 6.073 Thread 0x0000021af7e15260 DEOPT PACKING pc=0x0000021ae8a7e80c sp=0x000000cd51ef6a20
Event: 6.073 Thread 0x0000021af7e15260 DEOPT UNPACKING pc=0x0000021ae84e3aa2 sp=0x000000cd51ef69e0 mode 2

Classes loaded (20 events):
Event: 5.951 Loading class java/util/concurrent/TimeoutException
Event: 5.951 Loading class java/util/concurrent/TimeoutException done
Event: 6.025 Loading class java/lang/AbstractMethodError
Event: 6.025 Loading class java/lang/AbstractMethodError done
Event: 6.088 Loading class java/lang/foreign/ValueLayout
Event: 6.088 Loading class java/lang/foreign/MemoryLayout
Event: 6.089 Loading class java/lang/foreign/MemoryLayout done
Event: 6.089 Loading class java/lang/foreign/ValueLayout done
Event: 6.089 Loading class java/io/ObjectInputStream
Event: 6.090 Loading class java/io/ObjectInput
Event: 6.090 Loading class java/io/ObjectInput done
Event: 6.090 Loading class java/io/ObjectStreamConstants
Event: 6.090 Loading class java/io/ObjectStreamConstants done
Event: 6.090 Loading class java/io/ObjectInputStream done
Event: 6.090 Loading class java/io/ObjectOutputStream
Event: 6.090 Loading class java/io/ObjectOutput
Event: 6.090 Loading class java/io/ObjectOutput done
Event: 6.091 Loading class java/io/ObjectOutputStream done
Event: 6.091 Loading class java/lang/constant/ClassDesc
Event: 6.091 Loading class java/lang/constant/ClassDesc done

Classes unloaded (0 events):
No events

Classes redefined (0 events):
No events

Internal exceptions (20 events):
Event: 2.632 Thread 0x0000021addd61f80 Exception <a 'java/lang/NoSuchMethodError'{0x00000000eaeddd50}: 'int java.lang.invoke.DirectMethodHandle$Holder.invokeStaticInit(java.lang.Object, java.lang.Object)'> (0x00000000eaeddd50) 
thrown [s\src\hotspot\share\interpreter\linkResolver.cpp, line 773]
Event: 2.765 Thread 0x0000021addd61f80 Exception <a 'java/lang/NoSuchMethodError'{0x00000000eb03f200}: 'void java.lang.invoke.DirectMethodHandle$Holder.invokeSpecial(java.lang.Object, java.lang.Object, java.lang.Object)'> (0x00000000eb03f200) 
thrown [s\src\hotspot\share\interpreter\linkResolver.cpp, line 773]
Event: 3.380 Thread 0x0000021addd61f80 Exception <a 'java/lang/NoSuchMethodError'{0x00000000eba36f10}: 'int java.lang.invoke.DirectMethodHandle$Holder.invokeVirtual(java.lang.Object, java.lang.Object)'> (0x00000000eba36f10) 
thrown [s\src\hotspot\share\interpreter\linkResolver.cpp, line 773]
Event: 3.543 Thread 0x0000021addd61f80 Exception <a 'java/lang/NoSuchMethodError'{0x00000000ebd9ec50}: 'java.lang.Object java.lang.invoke.DirectMethodHandle$Holder.newInvokeSpecial(java.lang.Object, int, java.lang.Object)'> (0x00000000ebd9ec50) 
thrown [s\src\hotspot\share\interpreter\linkResolver.cpp, line 773]
Event: 3.614 Thread 0x0000021addd61f80 Exception <a 'java/lang/NoSuchMethodError'{0x00000000ebf1f588}: 'java.lang.Object java.lang.invoke.DirectMethodHandle$Holder.newInvokeSpecial(java.lang.Object, java.lang.Object, java.lang.Object, java.lang.Object, int, java.lang.Object)'> (0x00000000ebf1f588) 
thrown [s\src\hotspot\share\interpreter\linkResolver.cpp, line 773]
Event: 3.914 Thread 0x0000021addd61f80 Exception <a 'java/lang/UnsatisfiedLinkError'{0x00000000ec3bbe40}: 'void org.eclipse.equinox.launcher.JNIBridge._update_splash()'> (0x00000000ec3bbe40) 
thrown [s\src\hotspot\share\prims\nativeLookup.cpp, line 415]
Event: 4.135 Thread 0x0000021af7e15260 Exception <a 'java/lang/NoSuchMethodError'{0x00000000eb119f88}: 'java.lang.Object java.lang.invoke.DirectMethodHandle$Holder.newInvokeSpecial(java.lang.Object, java.lang.Object, int, java.lang.Object)'> (0x00000000eb119f88) 
thrown [s\src\hotspot\share\interpreter\linkResolver.cpp, line 773]
Event: 4.160 Thread 0x0000021af7e15260 Exception <a 'java/lang/NoClassDefFoundError'{0x00000000eb1b9fa0}: jakarta/servlet/ServletContainerInitializer> (0x00000000eb1b9fa0) 
thrown [s\src\hotspot\share\classfile\systemDictionary.cpp, line 301]
Event: 4.189 Thread 0x0000021af7e15260 Exception <a 'java/lang/NoSuchMethodError'{0x00000000eb2de240}: 'java.lang.Object java.lang.invoke.DirectMethodHandle$Holder.invokeStatic(java.lang.Object, int, java.lang.Object)'> (0x00000000eb2de240) 
thrown [s\src\hotspot\share\interpreter\linkResolver.cpp, line 773]
Event: 4.198 Thread 0x0000021af7e15260 Exception <a 'java/lang/ClassNotFoundException'{0x00000000eb345818}: sun/util/logging/resources/spi/loggingProvider> (0x00000000eb345818) 
thrown [s\src\hotspot\share\classfile\systemDictionary.cpp, line 312]
Event: 5.011 Thread 0x0000021af7e15260 Exception <a 'java/lang/NullPointerException'{0x00000000eb889120}> (0x00000000eb889120) 
thrown [s\src\hotspot\share\interpreter\linkResolver.cpp, line 1372]
Event: 5.011 Thread 0x0000021af7e15260 Exception <a 'java/lang/NullPointerException'{0x00000000eb889400}> (0x00000000eb889400) 
thrown [s\src\hotspot\share\interpreter\linkResolver.cpp, line 1372]
Event: 5.271 Thread 0x0000021af7e15260 Exception <a 'java/lang/NoSuchMethodError'{0x00000000ec24cc78}: 'void java.lang.invoke.Invokers$Holder.invokeExact_MT(java.lang.Object, java.lang.Object, java.lang.Object)'> (0x00000000ec24cc78) 
thrown [s\src\hotspot\share\interpreter\linkResolver.cpp, line 773]
Event: 5.676 Thread 0x0000021af7e15260 Exception <a 'java/io/FileNotFoundException'{0x00000000eb27fc68}> (0x00000000eb27fc68) 
thrown [s\src\hotspot\share\prims\jni.cpp, line 520]
Event: 5.898 Thread 0x0000021af7e15260 Exception <a 'java/lang/NoSuchMethodError'{0x00000000eb70fe30}: 'java.lang.Object java.lang.invoke.Invokers$Holder.linkToTargetMethod(java.lang.Object, long, java.lang.Object)'> (0x00000000eb70fe30) 
thrown [s\src\hotspot\share\interpreter\linkResolver.cpp, line 773]
Event: 5.953 Thread 0x0000021af7e15260 Exception <a 'java/lang/NoSuchMethodError'{0x00000000eba11420}: 'void java.lang.invoke.DirectMethodHandle$Holder.invokeInterface(java.lang.Object, java.lang.Object, java.lang.Object)'> (0x00000000eba11420) 
thrown [s\src\hotspot\share\interpreter\linkResolver.cpp, line 773]
Event: 6.098 Thread 0x0000021af7e15260 Exception <a 'java/lang/NoSuchMethodError'{0x00000000ebefc018}: 'java.lang.Object java.lang.invoke.DirectMethodHandle$Holder.invokeVirtual(java.lang.Object, java.lang.Object, java.lang.Object)'> (0x00000000ebefc018) 
thrown [s\src\hotspot\share\interpreter\linkResolver.cpp, line 773]
Event: 6.101 Thread 0x0000021af7e15260 Exception <a 'java/lang/NoSuchMethodError'{0x00000000ebf144e0}: 'java.lang.Object java.lang.invoke.DelegatingMethodHandle$Holder.reinvoke_L(java.lang.Object, java.lang.Object, java.lang.Object, java.lang.Object, int, int)'> (0x00000000ebf144e0) 
thrown [s\src\hotspot\share\interpreter\linkResolver.cpp, line 773]
Event: 6.105 Thread 0x0000021af7e15260 Exception <a 'java/lang/NoSuchMethodError'{0x00000000ebf31200}: 'java.lang.Object java.lang.invoke.DirectMethodHandle$Holder.newInvokeSpecial(java.lang.Object, java.lang.Object, java.lang.Object, java.lang.Object, java.lang.Object, java.lang.Object)'> (0x00000000ebf31200) 
thrown [s\src\hotspot\share\interpreter\linkResolver.cpp, line 773]
Event: 6.119 Thread 0x0000021af7e15260 Exception <a 'java/lang/NoSuchMethodError'{0x00000000ebf4d478}: 'void java.lang.invoke.Invokers$Holder.invokeExact_MT(java.lang.Object, java.lang.Object, java.lang.Object, java.lang.Object)'> (0x00000000ebf4d478) 
thrown [s\src\hotspot\share\interpreter\linkResolver.cpp, line 773]

ZGC Phase Switch (0 events):
No events

VM Operations (20 events):
Event: 4.087 Executing VM operation: HandshakeAllThreads (Deoptimize)
Event: 4.088 Executing VM operation: HandshakeAllThreads (Deoptimize) done
Event: 4.176 Executing VM operation: HandshakeAllThreads (Deoptimize)
Event: 4.176 Executing VM operation: HandshakeAllThreads (Deoptimize) done
Event: 4.211 Executing VM operation: HandshakeAllThreads (Deoptimize)
Event: 4.211 Executing VM operation: HandshakeAllThreads (Deoptimize) done
Event: 4.238 Executing VM operation: HandshakeAllThreads (Deoptimize)
Event: 4.238 Executing VM operation: HandshakeAllThreads (Deoptimize) done
Event: 4.253 Executing VM operation: HandshakeAllThreads (Deoptimize)
Event: 4.253 Executing VM operation: HandshakeAllThreads (Deoptimize) done
Event: 4.653 Executing VM operation: ParallelGCFailedAllocation (Allocation Failure)
Event: 4.661 Executing VM operation: ParallelGCFailedAllocation (Allocation Failure) done
Event: 5.006 Executing VM operation: HandshakeAllThreads (Deoptimize)
Event: 5.007 Executing VM operation: HandshakeAllThreads (Deoptimize) done
Event: 5.166 Executing VM operation: HandshakeAllThreads (Deoptimize)
Event: 5.166 Executing VM operation: HandshakeAllThreads (Deoptimize) done
Event: 5.386 Executing VM operation: ParallelGCFailedAllocation (Allocation Failure)
Event: 5.394 Executing VM operation: ParallelGCFailedAllocation (Allocation Failure) done
Event: 6.079 Executing VM operation: ICBufferFull
Event: 6.079 Executing VM operation: ICBufferFull done

Memory protections (0 events):
No events

Nmethod flushes (0 events):
No events

Events (20 events):
Event: 0.176 Thread 0x0000021addd61f80 Thread added: 0x0000021af2096e60
Event: 0.205 Thread 0x0000021addd61f80 Thread added: 0x0000021af210e050
Event: 0.328 Thread 0x0000021addd61f80 Thread added: 0x0000021adddd1130
Event: 0.707 Thread 0x0000021af2096e60 Thread added: 0x0000021af71bdf60
Event: 0.984 Thread 0x0000021addd61f80 Thread added: 0x0000021af7274d90
Event: 1.961 Thread 0x0000021af71bdf60 Thread exited: 0x0000021af71bdf60
Event: 2.191 Thread 0x0000021af210e050 Thread added: 0x0000021af7887bb0
Event: 2.467 Thread 0x0000021af7887bb0 Thread exited: 0x0000021af7887bb0
Event: 2.850 Thread 0x0000021af210e050 Thread added: 0x0000021af7933790
Event: 3.474 Thread 0x0000021addd61f80 Thread added: 0x0000021af7a87800
Event: 3.647 Thread 0x0000021af7933790 Thread exited: 0x0000021af7933790
Event: 3.785 Thread 0x0000021af210e050 Thread added: 0x0000021af7680490
Event: 3.911 Thread 0x0000021addd61f80 Thread added: 0x0000021af7aa1cf0
Event: 3.978 Thread 0x0000021af7aa1cf0 Thread added: 0x0000021af75877b0
Event: 3.998 Thread 0x0000021addd61f80 Thread added: 0x0000021af7e15260
Event: 4.688 Thread 0x0000021af7e15260 Thread added: 0x0000021af7c15080
Event: 4.964 Thread 0x0000021af7e15260 Thread added: 0x0000021af7efe7b0
Event: 5.151 Thread 0x0000021af7e15260 Thread added: 0x0000021af8099e60
Event: 5.471 Thread 0x0000021af7680490 Thread exited: 0x0000021af7680490
Event: 5.963 Thread 0x0000021af7e15260 Thread added: 0x0000021af7cf5a60


Dynamic libraries:
0x00007ff76d880000 - 0x00007ff76d88e000 	c:\Users\SERGE\.vscode\extensions\redhat.java-1.42.0-win32-x64\jre\21.0.7-win32-x86_64\bin\java.exe
0x00007fff071d0000 - 0x00007fff073c8000 	C:\Windows\SYSTEM32\ntdll.dll
0x00007fff05440000 - 0x00007fff05502000 	C:\Windows\System32\KERNEL32.DLL
0x00007fff048c0000 - 0x00007fff04bbf000 	C:\Windows\System32\KERNELBASE.dll
0x00007fff04bf0000 - 0x00007fff04cf0000 	C:\Windows\System32\ucrtbase.dll
0x00007ffefeaa0000 - 0x00007ffefeab8000 	c:\Users\SERGE\.vscode\extensions\redhat.java-1.42.0-win32-x64\jre\21.0.7-win32-x86_64\bin\jli.dll
0x00007fff05c60000 - 0x00007fff05dfd000 	C:\Windows\System32\USER32.dll
0x00007fff04bc0000 - 0x00007fff04be2000 	C:\Windows\System32\win32u.dll
0x00007fff070a0000 - 0x00007fff070cb000 	C:\Windows\System32\GDI32.dll
0x00007fff04ee0000 - 0x00007fff04ffa000 	C:\Windows\System32\gdi32full.dll
0x00007fff050e0000 - 0x00007fff0517d000 	C:\Windows\System32\msvcp_win.dll
0x00007ffefd6a0000 - 0x00007ffefd6be000 	c:\Users\SERGE\.vscode\extensions\redhat.java-1.42.0-win32-x64\jre\21.0.7-win32-x86_64\bin\VCRUNTIME140.dll
0x00007ffef6730000 - 0x00007ffef69ca000 	C:\Windows\WinSxS\amd64_microsoft.windows.common-controls_6595b64144ccf1df_6.0.19041.4355_none_60b8b9eb71f62e16\COMCTL32.dll
0x00007fff060f0000 - 0x00007fff0618e000 	C:\Windows\System32\msvcrt.dll
0x00007fff05b40000 - 0x00007fff05b6f000 	C:\Windows\System32\IMM32.DLL
0x00007ffefeca0000 - 0x00007ffefecac000 	c:\Users\SERGE\.vscode\extensions\redhat.java-1.42.0-win32-x64\jre\21.0.7-win32-x86_64\bin\vcruntime140_1.dll
0x00007ffee9b90000 - 0x00007ffee9c1d000 	c:\Users\SERGE\.vscode\extensions\redhat.java-1.42.0-win32-x64\jre\21.0.7-win32-x86_64\bin\msvcp140.dll
0x00007ffecad60000 - 0x00007ffecbaf0000 	c:\Users\SERGE\.vscode\extensions\redhat.java-1.42.0-win32-x64\jre\21.0.7-win32-x86_64\bin\server\jvm.dll
0x00007fff05370000 - 0x00007fff0541f000 	C:\Windows\System32\ADVAPI32.dll
0x00007fff06190000 - 0x00007fff0622f000 	C:\Windows\System32\sechost.dll
0x00007fff05f20000 - 0x00007fff06043000 	C:\Windows\System32\RPCRT4.dll
0x00007fff050b0000 - 0x00007fff050d7000 	C:\Windows\System32\bcrypt.dll
0x00007fff05eb0000 - 0x00007fff05f1b000 	C:\Windows\System32\WS2_32.dll
0x00007fff03c90000 - 0x00007fff03cdb000 	C:\Windows\SYSTEM32\POWRPROF.dll
0x00007ffef5280000 - 0x00007ffef52a7000 	C:\Windows\SYSTEM32\WINMM.dll
0x00007ffef0ea0000 - 0x00007ffef0eaa000 	C:\Windows\SYSTEM32\VERSION.dll
0x00007fff03c30000 - 0x00007fff03c42000 	C:\Windows\SYSTEM32\UMPDC.dll
0x00007fff026b0000 - 0x00007fff026c2000 	C:\Windows\SYSTEM32\kernel.appcore.dll
0x00007ffefebe0000 - 0x00007ffefebea000 	c:\Users\SERGE\.vscode\extensions\redhat.java-1.42.0-win32-x64\jre\21.0.7-win32-x86_64\bin\jimage.dll
0x00007ffef6fe0000 - 0x00007ffef71c4000 	C:\Windows\SYSTEM32\DBGHELP.DLL
0x00007ffef7380000 - 0x00007ffef73b4000 	C:\Windows\SYSTEM32\dbgcore.DLL
0x00007fff04cf0000 - 0x00007fff04d72000 	C:\Windows\System32\bcryptPrimitives.dll
0x00007ffefdf30000 - 0x00007ffefdf3f000 	c:\Users\SERGE\.vscode\extensions\redhat.java-1.42.0-win32-x64\jre\21.0.7-win32-x86_64\bin\instrument.dll
0x00007ffef5cc0000 - 0x00007ffef5cdf000 	c:\Users\SERGE\.vscode\extensions\redhat.java-1.42.0-win32-x64\jre\21.0.7-win32-x86_64\bin\java.dll
0x00007fff06570000 - 0x00007fff06cdd000 	C:\Windows\System32\SHELL32.dll
0x00007fff028b0000 - 0x00007fff03053000 	C:\Windows\SYSTEM32\windows.storage.dll
0x00007fff06ce0000 - 0x00007fff07035000 	C:\Windows\System32\combase.dll
0x00007fff041c0000 - 0x00007fff041eb000 	C:\Windows\SYSTEM32\Wldp.dll
0x00007fff063f0000 - 0x00007fff064bd000 	C:\Windows\System32\OLEAUT32.dll
0x00007fff064c0000 - 0x00007fff0656d000 	C:\Windows\System32\SHCORE.dll
0x00007fff070d0000 - 0x00007fff07125000 	C:\Windows\System32\shlwapi.dll
0x00007fff047a0000 - 0x00007fff047c5000 	C:\Windows\SYSTEM32\profapi.dll
0x00007ffef5a40000 - 0x00007ffef5a58000 	c:\Users\SERGE\.vscode\extensions\redhat.java-1.42.0-win32-x64\jre\21.0.7-win32-x86_64\bin\zip.dll
0x00007ffefc750000 - 0x00007ffefc760000 	C:\Users\SERGE\.vscode\extensions\redhat.java-1.42.0-win32-x64\jre\21.0.7-win32-x86_64\bin\net.dll
0x00007ffefb1f0000 - 0x00007ffefb2fa000 	C:\Windows\SYSTEM32\WINHTTP.dll
0x00007fff03fa0000 - 0x00007fff0400c000 	C:\Windows\system32\mswsock.dll
0x00007ffef57a0000 - 0x00007ffef57b6000 	C:\Users\SERGE\.vscode\extensions\redhat.java-1.42.0-win32-x64\jre\21.0.7-win32-x86_64\bin\nio.dll
0x00007ffef6040000 - 0x00007ffef6050000 	c:\Users\SERGE\.vscode\extensions\redhat.java-1.42.0-win32-x64\jre\21.0.7-win32-x86_64\bin\verify.dll
0x00007ffee8d90000 - 0x00007ffee8dd5000 	C:\Users\SERGE\AppData\Roaming\Code\User\globalStorage\redhat.java\1.42.0\config_win\org.eclipse.equinox.launcher\org.eclipse.equinox.launcher.win32.win32.x86_64_1.2.1300.v20250331-1702\eclipse_11911.dll
0x00007fff062c0000 - 0x00007fff063eb000 	C:\Windows\System32\ole32.dll

dbghelp: loaded successfully - version: 4.0.5 - missing functions: none
symbol engine: initialized successfully - sym options: 0x614 - pdb path: .;c:\Users\SERGE\.vscode\extensions\redhat.java-1.42.0-win32-x64\jre\21.0.7-win32-x86_64\bin;C:\Windows\SYSTEM32;C:\Windows\WinSxS\amd64_microsoft.windows.common-controls_6595b64144ccf1df_6.0.19041.4355_none_60b8b9eb71f62e16;c:\Users\SERGE\.vscode\extensions\redhat.java-1.42.0-win32-x64\jre\21.0.7-win32-x86_64\bin\server;C:\Users\SERGE\AppData\Roaming\Code\User\globalStorage\redhat.java\1.42.0\config_win\org.eclipse.equinox.launcher\org.eclipse.equinox.launcher.win32.win32.x86_64_1.2.1300.v20250331-1702

VM Arguments:
jvm_args: --add-modules=ALL-SYSTEM --add-opens=java.base/java.util=ALL-UNNAMED --add-opens=java.base/java.lang=ALL-UNNAMED --add-opens=java.base/sun.nio.fs=ALL-UNNAMED -Declipse.application=org.eclipse.jdt.ls.core.id1 -Dosgi.bundles.defaultStartLevel=4 -Declipse.product=org.eclipse.jdt.ls.core.product -Djava.import.generatesMetadataFilesAtProjectRoot=false -DDetectVMInstallationsJob.disabled=true -Dfile.encoding=utf8 -XX:+UseParallelGC -XX:GCTimeRatio=4 -XX:AdaptiveSizePolicyWeight=90 -Dsun.zip.disableMemoryMapping=true -Xmx1G -Xms100m -Xlog:disable -javaagent:c:\Users\SERGE\.vscode\extensions\redhat.java-1.42.0-win32-x64\lombok\lombok-1.18.36.jar -XX:+HeapDumpOnOutOfMemoryError -XX:HeapDumpPath=c:\Users\SERGE\AppData\Roaming\Code\User\workspaceStorage\a6951d4b4e5e0ad82c8566c0f5837605\redhat.java -Daether.dependencyCollector.impl=bf 
java_command: c:\Users\SERGE\.vscode\extensions\redhat.java-1.42.0-win32-x64\server\plugins\org.eclipse.equinox.launcher_1.7.0.v20250424-1814.jar -configuration c:\Users\SERGE\AppData\Roaming\Code\User\globalStorage\redhat.java\1.42.0\config_win -data c:\Users\SERGE\AppData\Roaming\Code\User\workspaceStorage\a6951d4b4e5e0ad82c8566c0f5837605\redhat.java\jdt_ws --pipe=\\.\pipe\lsp-d4ab75927e038d0a67dfd63abfe3d637-sock
java_class_path (initial): c:\Users\SERGE\.vscode\extensions\redhat.java-1.42.0-win32-x64\server\plugins\org.eclipse.equinox.launcher_1.7.0.v20250424-1814.jar
Launcher Type: SUN_STANDARD

[Global flags]
    uintx AdaptiveSizePolicyWeight                 = 90                                        {product} {command line}
     intx CICompilerCount                          = 3                                         {product} {ergonomic}
    uintx GCTimeRatio                              = 4                                         {product} {command line}
     bool HeapDumpOnOutOfMemoryError               = true                                   {manageable} {command line}
    ccstr HeapDumpPath                             = c:\Users\SERGE\AppData\Roaming\Code\User\workspaceStorage\a6951d4b4e5e0ad82c8566c0f5837605\redhat.java         {manageable} {command line}
   size_t InitialHeapSize                          = 104857600                                 {product} {command line}
   size_t MaxHeapSize                              = 1073741824                                {product} {command line}
   size_t MaxNewSize                               = 357564416                                 {product} {ergonomic}
   size_t MinHeapDeltaBytes                        = 524288                                    {product} {ergonomic}
   size_t MinHeapSize                              = 104857600                                 {product} {command line}
   size_t NewSize                                  = 34603008                                  {product} {ergonomic}
    uintx NonNMethodCodeHeapSize                   = 5832780                                {pd product} {ergonomic}
    uintx NonProfiledCodeHeapSize                  = 122912730                              {pd product} {ergonomic}
   size_t OldSize                                  = 70254592                                  {product} {ergonomic}
    uintx ProfiledCodeHeapSize                     = 122912730                              {pd product} {ergonomic}
    uintx ReservedCodeCacheSize                    = 251658240                              {pd product} {ergonomic}
     bool SegmentedCodeCache                       = true                                      {product} {ergonomic}
   size_t SoftMaxHeapSize                          = 1073741824                             {manageable} {ergonomic}
     bool UseCompressedOops                        = true                           {product lp64_product} {ergonomic}
     bool UseLargePagesIndividualAllocation        = false                                  {pd product} {ergonomic}
     bool UseParallelGC                            = true                                      {product} {command line}

Logging:
Log output configuration:
 #0: stdout all=off uptime,level,tags foldmultilines=false
 #1: stderr all=off uptime,level,tags foldmultilines=false

Environment Variables:
PATH=C:\Program Files\Java\jdk-17\bin;C:\Program Files\Common Files\Oracle\Java\javapath;C:\Windows\system32;C:\Windows;C:\Windows\System32\Wbem;C:\Windows\System32\WindowsPowerShell\v1.0\;C:\Windows\System32\OpenSSH\;C:\Program Files\nodejs\;C:\Program Files\IVI Foundation\VISA\Win64\Bin\;C:\Program Files (x86)\IVI Foundation\VISA\WinNT\Bin\;C:\Program Files (x86)\IVI Foundation\VISA\WinNT\Bin;C:\Program Files\MATLAB\R2016a\runtime\win64;C:\Program Files\MATLAB\R2016a\bin;C:\Program Files\MATLAB\R2016a\polyspace\bin;C:\composer;C:\Program Files\Git\cmd;C:\Program Files\PostgreSQL\16\bin;C:\Program Files\PostgreSQL\16\data;C:\Program Files\Microsoft VS Code\bin;C:\Program Files\dotnet\;C:\platform-tools-latest-windows\platform-tools;C:\Program Files\MySQL\MySQL Server X.X\bin;C:\Program Files\Java\jdk-17\bin;C:\Server;C:\Program Files\Docker\Docker\resources\bin;C:\Cassandra\apache-cassandra-4.1.8\bin;C:\ProgramData\chocolatey\bin;C:\Program Files\BlueStacks_nxt;C:\Users\SERGE\AppData\Local\Programs\Python\Python311\Scripts\;C:\Users\SERGE\AppData\Local\Programs\Python\Python311\;C:\Users\SERGE\scoop\shims;C:\Users\SERGE\AppData\Local\Microsoft\WindowsApps;C:\Users\SERGE\AppData\Roaming\npm;C:\Program Files (x86);C:\Users\SERGE\AppData\Roaming\Composer\vendor\bin;C:\Users\SERGE\.dotnet\tools;C:\Program Files (x86)\Nmap;C:\Users\SERGE\AppData\Local\Programs\Microsoft VS Code\bin
USERNAME=SERGE
OS=Windows_NT
PROCESSOR_IDENTIFIER=Intel64 Family 6 Model 60 Stepping 3, GenuineIntel
TMP=C:\Users\SERGE\AppData\Local\Temp
TEMP=C:\Users\SERGE\AppData\Local\Temp




Periodic native trim disabled

---------------  S Y S T E M  ---------------

OS:
 Windows 10 , 64 bit Build 19041 (10.0.19041.5438)
OS uptime: 0 days 18:44 hours
Hyper-V role detected

CPU: total 4 (initial active 4) (2 cores per cpu, 2 threads per core) family 6 model 60 stepping 3 microcode 0x27, cx8, cmov, fxsr, ht, mmx, sse, sse2, sse3, ssse3, sse4.1, sse4.2, popcnt, lzcnt, tsc, tscinvbit, avx, avx2, aes, erms, clmul, bmi1, bmi2, fma, vzeroupper, clflush, hv, rdtscp, f16c
Processor Information for the first 4 processors :
  Max Mhz: 2601, Current Mhz: 2601, Mhz Limit: 2601

Memory: 4k page, system-wide physical 8089M (1854M free)
TotalPageFile size 10137M (AvailPageFile size 200M)
current process WorkingSet (physical memory assigned to process): 118M, peak: 118M
current process commit charge ("private bytes"): 209M, peak: 212M

vm_info: OpenJDK 64-Bit Server VM (21.0.7+6-LTS) for windows-amd64 JRE (21.0.7+6-LTS), built on 2025-04-15T00:00:00Z by "admin" with MS VC++ 17.7 (VS2022)

END.
