2025-05-21T08:04:00.921+02:00  INFO 14088 --- [exam-api] [main] c.e.e.c.AdminControllerIntegrationTest   : Starting AdminControllerIntegrationTest using Java 17.0.9 with PID 14088 (started by SERGE in C:\Users\SERGE\Documents\exam-api\exam-api)
2025-05-21T08:04:00.944+02:00 DEBUG 14088 --- [exam-api] [main] c.e.e.c.AdminControllerIntegrationTest   : Running with Spring Boot v3.4.5, Spring v6.2.6
2025-05-21T08:04:00.948+02:00  INFO 14088 --- [exam-api] [main] c.e.e.c.AdminControllerIntegrationTest   : No active profile set, falling back to 1 default profile: "default"
2025-05-21T08:04:12.228+02:00  INFO 14088 --- [exam-api] [main] .s.d.r.c.RepositoryConfigurationDelegate : Multiple Spring Data modules found, entering strict repository configuration mode
2025-05-21T08:04:12.303+02:00  INFO 14088 --- [exam-api] [main] .s.d.r.c.RepositoryConfigurationDelegate : Bootstrapping Spring Data JPA repositories in DEFAULT mode.
2025-05-21T08:04:13.883+02:00  INFO 14088 --- [exam-api] [main] .s.d.r.c.RepositoryConfigurationDelegate : Finished Spring Data repository scanning in 1460 ms. Found 5 JPA repository interfaces.
2025-05-21T08:04:14.165+02:00  INFO 14088 --- [exam-api] [main] .s.d.r.c.RepositoryConfigurationDelegate : Multiple Spring Data modules found, entering strict repository configuration mode
2025-05-21T08:04:14.173+02:00  INFO 14088 --- [exam-api] [main] .s.d.r.c.RepositoryConfigurationDelegate : Bootstrapping Spring Data Redis repositories in DEFAULT mode.
2025-05-21T08:04:14.536+02:00  INFO 14088 --- [exam-api] [main] .RepositoryConfigurationExtensionSupport : Spring Data Redis - Could not safely identify store assignment for repository candidate interface com.exam.exam_api.repository.CourseRepository; If you want this repository to be a Redis repository, consider annotating your entities with one of these annotations: org.springframework.data.redis.core.RedisHash (preferred), or consider extending one of the following types with your repository: org.springframework.data.keyvalue.repository.KeyValueRepository
2025-05-21T08:04:14.549+02:00  INFO 14088 --- [exam-api] [main] .RepositoryConfigurationExtensionSupport : Spring Data Redis - Could not safely identify store assignment for repository candidate interface com.exam.exam_api.repository.CourseStudentRepository; If you want this repository to be a Redis repository, consider annotating your entities with one of these annotations: org.springframework.data.redis.core.RedisHash (preferred), or consider extending one of the following types with your repository: org.springframework.data.keyvalue.repository.KeyValueRepository
2025-05-21T08:04:14.553+02:00  INFO 14088 --- [exam-api] [main] .RepositoryConfigurationExtensionSupport : Spring Data Redis - Could not safely identify store assignment for repository candidate interface com.exam.exam_api.repository.ExamRepository; If you want this repository to be a Redis repository, consider annotating your entities with one of these annotations: org.springframework.data.redis.core.RedisHash (preferred), or consider extending one of the following types with your repository: org.springframework.data.keyvalue.repository.KeyValueRepository
2025-05-21T08:04:14.560+02:00  INFO 14088 --- [exam-api] [main] .RepositoryConfigurationExtensionSupport : Spring Data Redis - Could not safely identify store assignment for repository candidate interface com.exam.exam_api.repository.GradeRepository; If you want this repository to be a Redis repository, consider annotating your entities with one of these annotations: org.springframework.data.redis.core.RedisHash (preferred), or consider extending one of the following types with your repository: org.springframework.data.keyvalue.repository.KeyValueRepository
2025-05-21T08:04:14.601+02:00  INFO 14088 --- [exam-api] [main] .RepositoryConfigurationExtensionSupport : Spring Data Redis - Could not safely identify store assignment for repository candidate interface com.exam.exam_api.repository.UserRepository; If you want this repository to be a Redis repository, consider annotating your entities with one of these annotations: org.springframework.data.redis.core.RedisHash (preferred), or consider extending one of the following types with your repository: org.springframework.data.keyvalue.repository.KeyValueRepository
2025-05-21T08:04:14.606+02:00  INFO 14088 --- [exam-api] [main] .s.d.r.c.RepositoryConfigurationDelegate : Finished Spring Data repository scanning in 172 ms. Found 0 Redis repository interfaces.
2025-05-21T08:04:21.463+02:00  INFO 14088 --- [exam-api] [main] o.hibernate.jpa.internal.util.LogHelper  : HHH000204: Processing PersistenceUnitInfo [name: default]
2025-05-21T08:04:22.262+02:00  INFO 14088 --- [exam-api] [main] org.hibernate.Version                    : HHH000412: Hibernate ORM core version 6.6.13.Final
2025-05-21T08:04:22.784+02:00  INFO 14088 --- [exam-api] [main] o.h.c.internal.RegionFactoryInitiator    : HHH000026: Second-level cache disabled
2025-05-21T08:04:26.394+02:00  INFO 14088 --- [exam-api] [main] o.s.o.j.p.SpringPersistenceUnitInfo      : No LoadTimeWeaver setup: ignoring JPA class transformer
2025-05-21T08:04:26.715+02:00  INFO 14088 --- [exam-api] [main] com.zaxxer.hikari.HikariDataSource       : HikariPool-1 - Starting...
2025-05-21T08:04:27.465+02:00  INFO 14088 --- [exam-api] [main] com.zaxxer.hikari.pool.HikariPool        : HikariPool-1 - Added connection com.mysql.cj.jdbc.ConnectionImpl@31e22365
2025-05-21T08:04:27.471+02:00  INFO 14088 --- [exam-api] [main] com.zaxxer.hikari.HikariDataSource       : HikariPool-1 - Start completed.
2025-05-21T08:04:27.951+02:00  WARN 14088 --- [exam-api] [main] org.hibernate.dialect.Dialect            : HHH000511: The 5.5.5 version for [org.hibernate.dialect.MySQLDialect] is no longer supported, hence certain features may not work properly. The minimum supported version is 8.0.0. Check the community dialects project for available legacy versions.
2025-05-21T08:04:27.985+02:00  WARN 14088 --- [exam-api] [main] org.hibernate.orm.deprecation            : HHH90000025: MySQLDialect does not need to be specified explicitly using 'hibernate.dialect' (remove the property setting and it will be selected by default)
2025-05-21T08:04:28.192+02:00  INFO 14088 --- [exam-api] [main] org.hibernate.orm.connections.pooling    : HHH10001005: Database info:
	Database JDBC URL [Connecting through datasource 'HikariDataSource (HikariPool-1)']
	Database driver: undefined/unknown
	Database version: 5.5.5
	Autocommit mode: undefined/unknown
	Isolation level: undefined/unknown
	Minimum pool size: undefined/unknown
	Maximum pool size: undefined/unknown
2025-05-21T08:04:35.868+02:00  INFO 14088 --- [exam-api] [main] o.h.e.t.j.p.i.JtaPlatformInitiator       : HHH000489: No JTA platform available (set 'hibernate.transaction.jta.platform' to enable JTA platform integration)
2025-05-21T08:04:37.010+02:00  INFO 14088 --- [exam-api] [main] j.LocalContainerEntityManagerFactoryBean : Initialized JPA EntityManagerFactory for persistence unit 'default'
2025-05-21T08:04:37.459+02:00  INFO 14088 --- [exam-api] [main] com.exam.exam_api.aspect.LoggingAspect   : LoggingAspect initialized
2025-05-21T08:04:41.786+02:00  INFO 14088 --- [exam-api] [main] o.s.d.j.r.query.QueryEnhancerFactory     : Hibernate is in classpath; If applicable, HQL parser will be used.
2025-05-21T08:04:43.990+02:00  WARN 14088 --- [exam-api] [main] JpaBaseConfiguration$JpaWebConfiguration : spring.jpa.open-in-view is enabled by default. Therefore, database queries may be performed during view rendering. Explicitly configure spring.jpa.open-in-view to disable this warning
2025-05-21T08:04:44.110+02:00  INFO 14088 --- [exam-api] [main] r$InitializeUserDetailsManagerConfigurer : Global AuthenticationManager configured with UserDetailsService bean with name userDetailsService
2025-05-21T08:04:45.845+02:00 DEBUG 14088 --- [exam-api] [main] o.s.s.web.DefaultSecurityFilterChain     : Will secure any request with filters: DisableEncodeUrlFilter, WebAsyncManagerIntegrationFilter, SecurityContextHolderFilter, HeaderWriterFilter, CsrfFilter, LogoutFilter, UsernamePasswordAuthenticationFilter, RequestCacheAwareFilter, SecurityContextHolderAwareRequestFilter, AnonymousAuthenticationFilter, ExceptionTranslationFilter, AuthorizationFilter
2025-05-21T08:04:49.416+02:00  INFO 14088 --- [exam-api] [main] o.s.b.t.m.w.SpringBootMockServletContext : Initializing Spring TestDispatcherServlet ''
2025-05-21T08:04:49.417+02:00  INFO 14088 --- [exam-api] [main] o.s.t.web.servlet.TestDispatcherServlet  : Initializing Servlet ''
2025-05-21T08:04:49.419+02:00  INFO 14088 --- [exam-api] [main] o.s.t.web.servlet.TestDispatcherServlet  : Completed initialization in 2 ms
2025-05-21T08:04:49.560+02:00  INFO 14088 --- [exam-api] [main] c.e.e.c.AdminControllerIntegrationTest   : Started AdminControllerIntegrationTest in 52.563 seconds (process running for 62.688)
2025-05-21T08:04:52.967+02:00 DEBUG 14088 --- [exam-api] [main] w.c.HttpSessionSecurityContextRepository : Created HttpSession as SecurityContext is non-default
2025-05-21T08:04:52.971+02:00 DEBUG 14088 --- [exam-api] [main] w.c.HttpSessionSecurityContextRepository : Stored SecurityContextImpl [Authentication=UsernamePasswordAuthenticationToken [Principal=org.springframework.security.core.userdetails.User [Username=user, Password=[PROTECTED], Enabled=true, AccountNonExpired=true, CredentialsNonExpired=true, AccountNonLocked=true, Granted Authorities=[ROLE_ADMIN]], Credentials=[PROTECTED], Authenticated=true, Details=null, Granted Authorities=[ROLE_ADMIN]]] to HttpSession [org.springframework.mock.web.MockHttpSession@2385ee72]
2025-05-21T08:04:53.172+02:00 DEBUG 14088 --- [exam-api] [main] o.s.security.web.FilterChainProxy        : Securing GET /admin/courses/new
2025-05-21T08:04:53.242+02:00 DEBUG 14088 --- [exam-api] [main] w.c.HttpSessionSecurityContextRepository : Retrieved SecurityContextImpl [Authentication=UsernamePasswordAuthenticationToken [Principal=org.springframework.security.core.userdetails.User [Username=user, Password=[PROTECTED], Enabled=true, AccountNonExpired=true, CredentialsNonExpired=true, AccountNonLocked=true, Granted Authorities=[ROLE_ADMIN]], Credentials=[PROTECTED], Authenticated=true, Details=null, Granted Authorities=[ROLE_ADMIN]]]
2025-05-21T08:04:53.245+02:00 DEBUG 14088 --- [exam-api] [main] o.s.security.web.FilterChainProxy        : Secured GET /admin/courses/new
2025-05-21T08:04:53.402+02:00  INFO 14088 --- [exam-api] [main] com.exam.exam_api.aspect.LoggingAspect   : Entering method: findAllByRole with arguments: [TEACHER]
2025-05-21T08:04:53.803+02:00 DEBUG 14088 --- [exam-api] [main] org.hibernate.SQL                        : select u1_0.id,u1_0.email,u1_0.first_name,u1_0.last_name,u1_0.password,u1_0.role from user u1_0 where u1_0.role=?
2025-05-21T08:04:53.810+02:00 TRACE 14088 --- [exam-api] [main] org.hibernate.orm.jdbc.bind              : binding parameter (1:VARCHAR) <- [TEACHER]
2025-05-21T08:04:53.998+02:00  INFO 14088 --- [exam-api] [main] com.exam.exam_api.aspect.LoggingAspect   : Exiting method: findAllByRole with result: [User(id=4, firstName=ferdinant, lastName=doyen, email=doyen@gmail.com, password=$2a$10$ekkMFashpDtsPBMNXoR/C.rEHjwRdfjt8JPkoR2BBh3rTNFVGK4Ka, role=TEACHER), User(id=5, firstName=junior, lastName=job, email=job@gmail.com, password=$2a$10$EiDbDEFHUlG6Z0ILw9OHke8SkCKzQGFuCtAUV/doppSLzXWP2rvKK, role=TEACHER), User(id=6, firstName=prof1, lastName=prof, email=prof1@gmail.com, password=$2a$10$TkwN0Irjq.pYqErZw3v5PuJQnQEhh5oUhMeDoKFEVU4RoM0B.bur., role=TEACHER), User(id=7, firstName=prof2, lastName=prof, email=prof2@gmail.com, password=$2a$10$ckjQaKF1dseL1FdgvVtbOeqhY3hAI2hULgOTdpoHb9hk0J7MrHITa, role=TEACHER), User(id=8, firstName=prof3, lastName=prof, email=prof3@gmail.com, password=$2a$10$d4G/U4ds/VeSpBm3zchCxuiNWEqRWxHZZLeiEMfFUJFPpdDuwvCNC, role=TEACHER), User(id=9, firstName=prof4, lastName=prof, email=prof4@gmail.com, password=$2a$10$cfjEXQzYyjy7jFuXY9o4qu8lzzoYP5DKc6SfqI4DWw7v5ahTSljjG, role=TEACHER), User(id=10, firstName=prof5, lastName=prof, email=prof5@gmail.com, password=$2a$10$hnCIsQHI5/sne3DYgEFi..uo798EhXk1ATCJtoRJL9nqNHDZ97feS, role=TEACHER)]
2025-05-21T08:04:57.224+02:00 DEBUG 14088 --- [exam-api] [main] w.c.HttpSessionSecurityContextRepository : Created HttpSession as SecurityContext is non-default
2025-05-21T08:04:57.225+02:00 DEBUG 14088 --- [exam-api] [main] w.c.HttpSessionSecurityContextRepository : Stored SecurityContextImpl [Authentication=UsernamePasswordAuthenticationToken [Principal=org.springframework.security.core.userdetails.User [Username=user, Password=[PROTECTED], Enabled=true, AccountNonExpired=true, CredentialsNonExpired=true, AccountNonLocked=true, Granted Authorities=[ROLE_ADMIN]], Credentials=[PROTECTED], Authenticated=true, Details=null, Granted Authorities=[ROLE_ADMIN]]] to HttpSession [org.springframework.mock.web.MockHttpSession@8aedeb4]
2025-05-21T08:04:57.228+02:00 DEBUG 14088 --- [exam-api] [main] o.s.security.web.FilterChainProxy        : Securing GET /admin
2025-05-21T08:04:57.229+02:00 DEBUG 14088 --- [exam-api] [main] w.c.HttpSessionSecurityContextRepository : Retrieved SecurityContextImpl [Authentication=UsernamePasswordAuthenticationToken [Principal=org.springframework.security.core.userdetails.User [Username=user, Password=[PROTECTED], Enabled=true, AccountNonExpired=true, CredentialsNonExpired=true, AccountNonLocked=true, Granted Authorities=[ROLE_ADMIN]], Credentials=[PROTECTED], Authenticated=true, Details=null, Granted Authorities=[ROLE_ADMIN]]]
2025-05-21T08:04:57.231+02:00 DEBUG 14088 --- [exam-api] [main] o.s.security.web.FilterChainProxy        : Secured GET /admin
2025-05-21T08:04:57.235+02:00  INFO 14088 --- [exam-api] [main] com.exam.exam_api.aspect.LoggingAspect   : Entering method: findAll with arguments: []
2025-05-21T08:04:57.362+02:00 DEBUG 14088 --- [exam-api] [main] org.hibernate.SQL                        : select c1_0.id,c1_0.description,c1_0.name,c1_0.teacher_id from course c1_0
2025-05-21T08:04:57.449+02:00 DEBUG 14088 --- [exam-api] [main] org.hibernate.SQL                        : select u1_0.id,u1_0.email,u1_0.first_name,u1_0.last_name,u1_0.password,u1_0.role from user u1_0 where u1_0.id=?
2025-05-21T08:04:57.452+02:00 TRACE 14088 --- [exam-api] [main] org.hibernate.orm.jdbc.bind              : binding parameter (1:BIGINT) <- [9]
2025-05-21T08:04:57.462+02:00 DEBUG 14088 --- [exam-api] [main] org.hibernate.SQL                        : select u1_0.id,u1_0.email,u1_0.first_name,u1_0.last_name,u1_0.password,u1_0.role from user u1_0 where u1_0.id=?
2025-05-21T08:04:57.466+02:00 TRACE 14088 --- [exam-api] [main] org.hibernate.orm.jdbc.bind              : binding parameter (1:BIGINT) <- [7]
2025-05-21T08:04:57.483+02:00 DEBUG 14088 --- [exam-api] [main] org.hibernate.SQL                        : select u1_0.id,u1_0.email,u1_0.first_name,u1_0.last_name,u1_0.password,u1_0.role from user u1_0 where u1_0.id=?
2025-05-21T08:04:57.487+02:00 TRACE 14088 --- [exam-api] [main] org.hibernate.orm.jdbc.bind              : binding parameter (1:BIGINT) <- [5]
2025-05-21T08:04:57.498+02:00 DEBUG 14088 --- [exam-api] [main] org.hibernate.SQL                        : select u1_0.id,u1_0.email,u1_0.first_name,u1_0.last_name,u1_0.password,u1_0.role from user u1_0 where u1_0.id=?
2025-05-21T08:04:57.500+02:00 TRACE 14088 --- [exam-api] [main] org.hibernate.orm.jdbc.bind              : binding parameter (1:BIGINT) <- [10]
2025-05-21T08:04:57.520+02:00 DEBUG 14088 --- [exam-api] [main] org.hibernate.SQL                        : select u1_0.id,u1_0.email,u1_0.first_name,u1_0.last_name,u1_0.password,u1_0.role from user u1_0 where u1_0.id=?
2025-05-21T08:04:57.526+02:00 TRACE 14088 --- [exam-api] [main] org.hibernate.orm.jdbc.bind              : binding parameter (1:BIGINT) <- [8]
2025-05-21T08:04:57.532+02:00 DEBUG 14088 --- [exam-api] [main] org.hibernate.SQL                        : select u1_0.id,u1_0.email,u1_0.first_name,u1_0.last_name,u1_0.password,u1_0.role from user u1_0 where u1_0.id=?
2025-05-21T08:04:57.535+02:00 TRACE 14088 --- [exam-api] [main] org.hibernate.orm.jdbc.bind              : binding parameter (1:BIGINT) <- [6]
2025-05-21T08:04:57.564+02:00  INFO 14088 --- [exam-api] [main] com.exam.exam_api.aspect.LoggingAspect   : Exiting method: findAll with result: [Course(id=1, name=mathematique, description=cours de base avancer, teacher=User(id=9, firstName=prof4, lastName=prof, email=prof4@gmail.com, password=$2a$10$cfjEXQzYyjy7jFuXY9o4qu8lzzoYP5DKc6SfqI4DWw7v5ahTSljjG, role=TEACHER)), Course(id=2, name=java 2 EE, description=cours d'options, teacher=User(id=7, firstName=prof2, lastName=prof, email=prof2@gmail.com, password=$2a$10$ckjQaKF1dseL1FdgvVtbOeqhY3hAI2hULgOTdpoHb9hk0J7MrHITa, role=TEACHER)), Course(id=3, name=Francais, description=cour de base, teacher=User(id=5, firstName=junior, lastName=job, email=job@gmail.com, password=$2a$10$EiDbDEFHUlG6Z0ILw9OHke8SkCKzQGFuCtAUV/doppSLzXWP2rvKK, role=TEACHER)), Course(id=4, name=physique, description=cour de base, teacher=User(id=10, firstName=prof5, lastName=prof, email=prof5@gmail.com, password=$2a$10$hnCIsQHI5/sne3DYgEFi..uo798EhXk1ATCJtoRJL9nqNHDZ97feS, role=TEACHER)), Course(id=5, name=KISWAHILI, description=COURS DE BASE, teacher=User(id=8, firstName=prof3, lastName=prof, email=prof3@gmail.com, password=$2a$10$d4G/U4ds/VeSpBm3zchCxuiNWEqRWxHZZLeiEMfFUJFPpdDuwvCNC, role=TEACHER)), Course(id=8, name=Base de Donnees, description=cour des d'option, teacher=User(id=6, firstName=prof1, lastName=prof, email=prof1@gmail.com, password=$2a$10$TkwN0Irjq.pYqErZw3v5PuJQnQEhh5oUhMeDoKFEVU4RoM0B.bur., role=TEACHER)), Course(id=9, name=Algorithmique, description=cours d'option, teacher=User(id=10, firstName=prof5, lastName=prof, email=prof5@gmail.com, password=$2a$10$hnCIsQHI5/sne3DYgEFi..uo798EhXk1ATCJtoRJL9nqNHDZ97feS, role=TEACHER)), Course(id=10, name=mathlab, description=cours de base, teacher=User(id=6, firstName=prof1, lastName=prof, email=prof1@gmail.com, password=$2a$10$TkwN0Irjq.pYqErZw3v5PuJQnQEhh5oUhMeDoKFEVU4RoM0B.bur., role=TEACHER))]
2025-05-21T08:04:57.568+02:00  INFO 14088 --- [exam-api] [main] com.exam.exam_api.aspect.LoggingAspect   : Entering method: findAll with arguments: []
2025-05-21T08:04:57.584+02:00 DEBUG 14088 --- [exam-api] [main] org.hibernate.SQL                        : select cs1_0.id,cs1_0.course_id,cs1_0.student_id from course_student cs1_0
2025-05-21T08:04:57.598+02:00 DEBUG 14088 --- [exam-api] [main] org.hibernate.SQL                        : select u1_0.id,u1_0.email,u1_0.first_name,u1_0.last_name,u1_0.password,u1_0.role from user u1_0 where u1_0.id=?
2025-05-21T08:04:57.601+02:00 TRACE 14088 --- [exam-api] [main] org.hibernate.orm.jdbc.bind              : binding parameter (1:BIGINT) <- [12]
2025-05-21T08:04:57.624+02:00  INFO 14088 --- [exam-api] [main] com.exam.exam_api.aspect.LoggingAspect   : Exiting method: findAll with result: [CourseStudent(id=1, course=Course(id=1, name=mathematique, description=cours de base avancer, teacher=User(id=9, firstName=prof4, lastName=prof, email=prof4@gmail.com, password=$2a$10$cfjEXQzYyjy7jFuXY9o4qu8lzzoYP5DKc6SfqI4DWw7v5ahTSljjG, role=TEACHER)), student=User(id=12, firstName=user1, lastName=user, email=user1@gmail.com, password=$2a$10$MpjarQF1S.gClqUjHP43hevG1QrpcTuKJ7DcqIa60rvMjbXHt30PC, role=STUDENT)), CourseStudent(id=4, course=Course(id=5, name=KISWAHILI, description=COURS DE BASE, teacher=User(id=8, firstName=prof3, lastName=prof, email=prof3@gmail.com, password=$2a$10$d4G/U4ds/VeSpBm3zchCxuiNWEqRWxHZZLeiEMfFUJFPpdDuwvCNC, role=TEACHER)), student=User(id=12, firstName=user1, lastName=user, email=user1@gmail.com, password=$2a$10$MpjarQF1S.gClqUjHP43hevG1QrpcTuKJ7DcqIa60rvMjbXHt30PC, role=STUDENT))]
2025-05-21T08:04:58.432+02:00  INFO 14088 --- [exam-api] [main] t.c.s.AnnotationConfigContextLoaderUtils : Could not detect default configuration classes for test class [com.exam.exam_api.ExamApiApplicationTests]: ExamApiApplicationTests does not declare any static, non-private, non-final, nested classes annotated with @Configuration.
2025-05-21T08:04:58.751+02:00  INFO 14088 --- [exam-api] [main] .b.t.c.SpringBootTestContextBootstrapper : Found @SpringBootConfiguration com.exam.exam_api.ExamApiApplication for test class com.exam.exam_api.ExamApiApplicationTests
2025-05-21T08:04:58.785+02:00  INFO 14088 --- [exam-api] [main] o.s.b.d.r.RestartApplicationListener     : Restart disabled due to context in which it is running
2025-05-21T08:04:59.107+02:00  INFO 14088 --- [exam-api] [main] c.exam.exam_api.ExamApiApplicationTests  : Starting ExamApiApplicationTests using Java 17.0.9 with PID 14088 (started by SERGE in C:\Users\SERGE\Documents\exam-api\exam-api)
2025-05-21T08:04:59.110+02:00 DEBUG 14088 --- [exam-api] [main] c.exam.exam_api.ExamApiApplicationTests  : Running with Spring Boot v3.4.5, Spring v6.2.6
2025-05-21T08:04:59.115+02:00  INFO 14088 --- [exam-api] [main] c.exam.exam_api.ExamApiApplicationTests  : No active profile set, falling back to 1 default profile: "default"
2025-05-21T08:05:01.026+02:00  INFO 14088 --- [exam-api] [main] .s.d.r.c.RepositoryConfigurationDelegate : Multiple Spring Data modules found, entering strict repository configuration mode
2025-05-21T08:05:01.027+02:00  INFO 14088 --- [exam-api] [main] .s.d.r.c.RepositoryConfigurationDelegate : Bootstrapping Spring Data JPA repositories in DEFAULT mode.
2025-05-21T08:05:01.118+02:00  INFO 14088 --- [exam-api] [main] .s.d.r.c.RepositoryConfigurationDelegate : Finished Spring Data repository scanning in 86 ms. Found 5 JPA repository interfaces.
2025-05-21T08:05:01.134+02:00  INFO 14088 --- [exam-api] [main] .s.d.r.c.RepositoryConfigurationDelegate : Multiple Spring Data modules found, entering strict repository configuration mode
2025-05-21T08:05:01.134+02:00  INFO 14088 --- [exam-api] [main] .s.d.r.c.RepositoryConfigurationDelegate : Bootstrapping Spring Data Redis repositories in DEFAULT mode.
2025-05-21T08:05:01.181+02:00  INFO 14088 --- [exam-api] [main] .RepositoryConfigurationExtensionSupport : Spring Data Redis - Could not safely identify store assignment for repository candidate interface com.exam.exam_api.repository.CourseRepository; If you want this repository to be a Redis repository, consider annotating your entities with one of these annotations: org.springframework.data.redis.core.RedisHash (preferred), or consider extending one of the following types with your repository: org.springframework.data.keyvalue.repository.KeyValueRepository
2025-05-21T08:05:01.182+02:00  INFO 14088 --- [exam-api] [main] .RepositoryConfigurationExtensionSupport : Spring Data Redis - Could not safely identify store assignment for repository candidate interface com.exam.exam_api.repository.CourseStudentRepository; If you want this repository to be a Redis repository, consider annotating your entities with one of these annotations: org.springframework.data.redis.core.RedisHash (preferred), or consider extending one of the following types with your repository: org.springframework.data.keyvalue.repository.KeyValueRepository
2025-05-21T08:05:01.183+02:00  INFO 14088 --- [exam-api] [main] .RepositoryConfigurationExtensionSupport : Spring Data Redis - Could not safely identify store assignment for repository candidate interface com.exam.exam_api.repository.ExamRepository; If you want this repository to be a Redis repository, consider annotating your entities with one of these annotations: org.springframework.data.redis.core.RedisHash (preferred), or consider extending one of the following types with your repository: org.springframework.data.keyvalue.repository.KeyValueRepository
2025-05-21T08:05:01.184+02:00  INFO 14088 --- [exam-api] [main] .RepositoryConfigurationExtensionSupport : Spring Data Redis - Could not safely identify store assignment for repository candidate interface com.exam.exam_api.repository.GradeRepository; If you want this repository to be a Redis repository, consider annotating your entities with one of these annotations: org.springframework.data.redis.core.RedisHash (preferred), or consider extending one of the following types with your repository: org.springframework.data.keyvalue.repository.KeyValueRepository
2025-05-21T08:05:01.191+02:00  INFO 14088 --- [exam-api] [main] .RepositoryConfigurationExtensionSupport : Spring Data Redis - Could not safely identify store assignment for repository candidate interface com.exam.exam_api.repository.UserRepository; If you want this repository to be a Redis repository, consider annotating your entities with one of these annotations: org.springframework.data.redis.core.RedisHash (preferred), or consider extending one of the following types with your repository: org.springframework.data.keyvalue.repository.KeyValueRepository
2025-05-21T08:05:01.192+02:00  INFO 14088 --- [exam-api] [main] .s.d.r.c.RepositoryConfigurationDelegate : Finished Spring Data repository scanning in 49 ms. Found 0 Redis repository interfaces.
2025-05-21T08:05:01.789+02:00  INFO 14088 --- [exam-api] [main] o.hibernate.jpa.internal.util.LogHelper  : HHH000204: Processing PersistenceUnitInfo [name: default]
2025-05-21T08:05:01.805+02:00  INFO 14088 --- [exam-api] [main] o.h.c.internal.RegionFactoryInitiator    : HHH000026: Second-level cache disabled
2025-05-21T08:05:01.887+02:00  INFO 14088 --- [exam-api] [main] o.s.o.j.p.SpringPersistenceUnitInfo      : No LoadTimeWeaver setup: ignoring JPA class transformer
2025-05-21T08:05:01.890+02:00  INFO 14088 --- [exam-api] [main] com.zaxxer.hikari.HikariDataSource       : HikariPool-2 - Starting...
2025-05-21T08:05:01.898+02:00  INFO 14088 --- [exam-api] [main] com.zaxxer.hikari.pool.HikariPool        : HikariPool-2 - Added connection com.mysql.cj.jdbc.ConnectionImpl@6cd56b97
2025-05-21T08:05:01.899+02:00  INFO 14088 --- [exam-api] [main] com.zaxxer.hikari.HikariDataSource       : HikariPool-2 - Start completed.
2025-05-21T08:05:01.901+02:00  WARN 14088 --- [exam-api] [main] org.hibernate.dialect.Dialect            : HHH000511: The 5.5.5 version for [org.hibernate.dialect.MySQLDialect] is no longer supported, hence certain features may not work properly. The minimum supported version is 8.0.0. Check the community dialects project for available legacy versions.
2025-05-21T08:05:01.902+02:00  WARN 14088 --- [exam-api] [main] org.hibernate.orm.deprecation            : HHH90000025: MySQLDialect does not need to be specified explicitly using 'hibernate.dialect' (remove the property setting and it will be selected by default)
2025-05-21T08:05:01.903+02:00  INFO 14088 --- [exam-api] [main] org.hibernate.orm.connections.pooling    : HHH10001005: Database info:
	Database JDBC URL [Connecting through datasource 'HikariDataSource (HikariPool-2)']
	Database driver: undefined/unknown
	Database version: 5.5.5
	Autocommit mode: undefined/unknown
	Isolation level: undefined/unknown
	Minimum pool size: undefined/unknown
	Maximum pool size: undefined/unknown
2025-05-21T08:05:02.207+02:00  INFO 14088 --- [exam-api] [main] o.h.e.t.j.p.i.JtaPlatformInitiator       : HHH000489: No JTA platform available (set 'hibernate.transaction.jta.platform' to enable JTA platform integration)
2025-05-21T08:05:02.369+02:00  INFO 14088 --- [exam-api] [main] j.LocalContainerEntityManagerFactoryBean : Initialized JPA EntityManagerFactory for persistence unit 'default'
2025-05-21T08:05:02.378+02:00  INFO 14088 --- [exam-api] [main] com.exam.exam_api.aspect.LoggingAspect   : LoggingAspect initialized
2025-05-21T08:05:02.935+02:00  WARN 14088 --- [exam-api] [main] JpaBaseConfiguration$JpaWebConfiguration : spring.jpa.open-in-view is enabled by default. Therefore, database queries may be performed during view rendering. Explicitly configure spring.jpa.open-in-view to disable this warning
2025-05-21T08:05:02.965+02:00  INFO 14088 --- [exam-api] [main] r$InitializeUserDetailsManagerConfigurer : Global AuthenticationManager configured with UserDetailsService bean with name userDetailsService
2025-05-21T08:05:03.368+02:00 DEBUG 14088 --- [exam-api] [main] o.s.s.web.DefaultSecurityFilterChain     : Will secure any request with filters: DisableEncodeUrlFilter, WebAsyncManagerIntegrationFilter, SecurityContextHolderFilter, HeaderWriterFilter, CsrfFilter, LogoutFilter, UsernamePasswordAuthenticationFilter, RequestCacheAwareFilter, SecurityContextHolderAwareRequestFilter, AnonymousAuthenticationFilter, ExceptionTranslationFilter, AuthorizationFilter
2025-05-21T08:05:03.872+02:00  INFO 14088 --- [exam-api] [main] c.exam.exam_api.ExamApiApplicationTests  : Started ExamApiApplicationTests in 5.089 seconds (process running for 77.0)
2025-05-21T08:05:05.517+02:00  INFO 14088 --- [exam-api] [SpringApplicationShutdownHook] j.LocalContainerEntityManagerFactoryBean : Closing JPA EntityManagerFactory for persistence unit 'default'
2025-05-21T08:05:05.542+02:00  INFO 14088 --- [exam-api] [SpringApplicationShutdownHook] com.zaxxer.hikari.HikariDataSource       : HikariPool-1 - Shutdown initiated...
2025-05-21T08:05:05.566+02:00  INFO 14088 --- [exam-api] [SpringApplicationShutdownHook] com.zaxxer.hikari.HikariDataSource       : HikariPool-1 - Shutdown completed.
2025-05-21T08:05:05.583+02:00  INFO 14088 --- [exam-api] [SpringApplicationShutdownHook] j.LocalContainerEntityManagerFactoryBean : Closing JPA EntityManagerFactory for persistence unit 'default'
2025-05-21T08:05:05.584+02:00  INFO 14088 --- [exam-api] [SpringApplicationShutdownHook] com.zaxxer.hikari.HikariDataSource       : HikariPool-2 - Shutdown initiated...
2025-05-21T08:05:05.591+02:00  INFO 14088 --- [exam-api] [SpringApplicationShutdownHook] com.zaxxer.hikari.HikariDataSource       : HikariPool-2 - Shutdown completed.
