2025-05-23T06:23:57.092+02:00  INFO 14724 --- [exam-api] [restartedMain] com.exam.exam_api.ExamApiApplication     : Starting ExamApiApplication using Java 17.0.9 with PID 14724 (C:\Users\SERGE\Documents\exam-api\exam-api\target\classes started by SERGE in C:\Users\SERGE\Documents\exam-api\exam-api)
2025-05-23T06:23:57.094+02:00 DEBUG 14724 --- [exam-api] [restartedMain] com.exam.exam_api.ExamApiApplication     : Running with Spring Boot v3.4.5, Spring v6.2.6
2025-05-23T06:23:57.099+02:00  INFO 14724 --- [exam-api] [restartedMain] com.exam.exam_api.ExamApiApplication     : No active profile set, falling back to 1 default profile: "default"
2025-05-23T06:23:59.420+02:00  INFO 14724 --- [exam-api] [restartedMain] .s.d.r.c.RepositoryConfigurationDelegate : Multiple Spring Data modules found, entering strict repository configuration mode
2025-05-23T06:23:59.422+02:00  INFO 14724 --- [exam-api] [restartedMain] .s.d.r.c.RepositoryConfigurationDelegate : Bootstrapping Spring Data JPA repositories in DEFAULT mode.
2025-05-23T06:23:59.554+02:00  INFO 14724 --- [exam-api] [restartedMain] .s.d.r.c.RepositoryConfigurationDelegate : Finished Spring Data repository scanning in 125 ms. Found 5 JPA repository interfaces.
2025-05-23T06:23:59.592+02:00  INFO 14724 --- [exam-api] [restartedMain] .s.d.r.c.RepositoryConfigurationDelegate : Multiple Spring Data modules found, entering strict repository configuration mode
2025-05-23T06:23:59.592+02:00  INFO 14724 --- [exam-api] [restartedMain] .s.d.r.c.RepositoryConfigurationDelegate : Bootstrapping Spring Data Redis repositories in DEFAULT mode.
2025-05-23T06:23:59.629+02:00  INFO 14724 --- [exam-api] [restartedMain] .RepositoryConfigurationExtensionSupport : Spring Data Redis - Could not safely identify store assignment for repository candidate interface com.exam.exam_api.repository.CourseRepository; If you want this repository to be a Redis repository, consider annotating your entities with one of these annotations: org.springframework.data.redis.core.RedisHash (preferred), or consider extending one of the following types with your repository: org.springframework.data.keyvalue.repository.KeyValueRepository
2025-05-23T06:23:59.637+02:00  INFO 14724 --- [exam-api] [restartedMain] .RepositoryConfigurationExtensionSupport : Spring Data Redis - Could not safely identify store assignment for repository candidate interface com.exam.exam_api.repository.CourseStudentRepository; If you want this repository to be a Redis repository, consider annotating your entities with one of these annotations: org.springframework.data.redis.core.RedisHash (preferred), or consider extending one of the following types with your repository: org.springframework.data.keyvalue.repository.KeyValueRepository
2025-05-23T06:23:59.639+02:00  INFO 14724 --- [exam-api] [restartedMain] .RepositoryConfigurationExtensionSupport : Spring Data Redis - Could not safely identify store assignment for repository candidate interface com.exam.exam_api.repository.ExamRepository; If you want this repository to be a Redis repository, consider annotating your entities with one of these annotations: org.springframework.data.redis.core.RedisHash (preferred), or consider extending one of the following types with your repository: org.springframework.data.keyvalue.repository.KeyValueRepository
2025-05-23T06:23:59.643+02:00  INFO 14724 --- [exam-api] [restartedMain] .RepositoryConfigurationExtensionSupport : Spring Data Redis - Could not safely identify store assignment for repository candidate interface com.exam.exam_api.repository.GradeRepository; If you want this repository to be a Redis repository, consider annotating your entities with one of these annotations: org.springframework.data.redis.core.RedisHash (preferred), or consider extending one of the following types with your repository: org.springframework.data.keyvalue.repository.KeyValueRepository
2025-05-23T06:23:59.647+02:00  INFO 14724 --- [exam-api] [restartedMain] .RepositoryConfigurationExtensionSupport : Spring Data Redis - Could not safely identify store assignment for repository candidate interface com.exam.exam_api.repository.UserRepository; If you want this repository to be a Redis repository, consider annotating your entities with one of these annotations: org.springframework.data.redis.core.RedisHash (preferred), or consider extending one of the following types with your repository: org.springframework.data.keyvalue.repository.KeyValueRepository
2025-05-23T06:23:59.652+02:00  INFO 14724 --- [exam-api] [restartedMain] .s.d.r.c.RepositoryConfigurationDelegate : Finished Spring Data repository scanning in 56 ms. Found 0 Redis repository interfaces.
2025-05-23T06:24:00.871+02:00  INFO 14724 --- [exam-api] [restartedMain] o.s.b.w.embedded.tomcat.TomcatWebServer  : Tomcat initialized with port 8080 (http)
2025-05-23T06:24:00.946+02:00  INFO 14724 --- [exam-api] [restartedMain] o.apache.catalina.core.StandardService   : Starting service [Tomcat]
2025-05-23T06:24:01.053+02:00  INFO 14724 --- [exam-api] [restartedMain] o.apache.catalina.core.StandardEngine    : Starting Servlet engine: [Apache Tomcat/10.1.40]
2025-05-23T06:24:01.165+02:00  INFO 14724 --- [exam-api] [restartedMain] o.a.c.c.C.[Tomcat-2].[localhost].[/]     : Initializing Spring embedded WebApplicationContext
2025-05-23T06:24:01.209+02:00  INFO 14724 --- [exam-api] [restartedMain] w.s.c.ServletWebServerApplicationContext : Root WebApplicationContext: initialization completed in 4095 ms
2025-05-23T06:24:01.769+02:00  INFO 14724 --- [exam-api] [restartedMain] o.hibernate.jpa.internal.util.LogHelper  : HHH000204: Processing PersistenceUnitInfo [name: default]
2025-05-23T06:24:01.822+02:00  INFO 14724 --- [exam-api] [restartedMain] o.h.c.internal.RegionFactoryInitiator    : HHH000026: Second-level cache disabled
2025-05-23T06:24:01.864+02:00  INFO 14724 --- [exam-api] [restartedMain] o.s.o.j.p.SpringPersistenceUnitInfo      : No LoadTimeWeaver setup: ignoring JPA class transformer
2025-05-23T06:24:01.874+02:00  INFO 14724 --- [exam-api] [restartedMain] com.zaxxer.hikari.HikariDataSource       : HikariPool-3 - Starting...
2025-05-23T06:24:01.879+02:00  INFO 14724 --- [exam-api] [restartedMain] com.zaxxer.hikari.pool.HikariPool        : HikariPool-3 - Added connection com.mysql.cj.jdbc.ConnectionImpl@2d875e2c
2025-05-23T06:24:01.879+02:00  INFO 14724 --- [exam-api] [restartedMain] com.zaxxer.hikari.HikariDataSource       : HikariPool-3 - Start completed.
2025-05-23T06:24:01.884+02:00  WARN 14724 --- [exam-api] [restartedMain] org.hibernate.dialect.Dialect            : HHH000511: The 5.5.5 version for [org.hibernate.dialect.MySQLDialect] is no longer supported, hence certain features may not work properly. The minimum supported version is 8.0.0. Check the community dialects project for available legacy versions.
2025-05-23T06:24:01.884+02:00  WARN 14724 --- [exam-api] [restartedMain] org.hibernate.orm.deprecation            : HHH90000025: MySQLDialect does not need to be specified explicitly using 'hibernate.dialect' (remove the property setting and it will be selected by default)
2025-05-23T06:24:01.889+02:00  INFO 14724 --- [exam-api] [restartedMain] org.hibernate.orm.connections.pooling    : HHH10001005: Database info:
	Database JDBC URL [Connecting through datasource 'HikariDataSource (HikariPool-3)']
	Database driver: undefined/unknown
	Database version: 5.5.5
	Autocommit mode: undefined/unknown
	Isolation level: undefined/unknown
	Minimum pool size: undefined/unknown
	Maximum pool size: undefined/unknown
2025-05-23T06:24:02.188+02:00  INFO 14724 --- [exam-api] [restartedMain] o.h.e.t.j.p.i.JtaPlatformInitiator       : HHH000489: No JTA platform available (set 'hibernate.transaction.jta.platform' to enable JTA platform integration)
2025-05-23T06:24:02.425+02:00  INFO 14724 --- [exam-api] [restartedMain] j.LocalContainerEntityManagerFactoryBean : Initialized JPA EntityManagerFactory for persistence unit 'default'
2025-05-23T06:24:02.461+02:00  INFO 14724 --- [exam-api] [restartedMain] com.exam.exam_api.aspect.LoggingAspect   : LoggingAspect initialized
2025-05-23T06:24:03.342+02:00  WARN 14724 --- [exam-api] [restartedMain] JpaBaseConfiguration$JpaWebConfiguration : spring.jpa.open-in-view is enabled by default. Therefore, database queries may be performed during view rendering. Explicitly configure spring.jpa.open-in-view to disable this warning
2025-05-23T06:24:03.407+02:00  INFO 14724 --- [exam-api] [restartedMain] r$InitializeUserDetailsManagerConfigurer : Global AuthenticationManager configured with UserDetailsService bean with name userDetailsService
2025-05-23T06:24:03.722+02:00 DEBUG 14724 --- [exam-api] [restartedMain] o.s.s.web.DefaultSecurityFilterChain     : Will secure any request with filters: DisableEncodeUrlFilter, WebAsyncManagerIntegrationFilter, SecurityContextHolderFilter, HeaderWriterFilter, CsrfFilter, LogoutFilter, UsernamePasswordAuthenticationFilter, BasicAuthenticationFilter, RequestCacheAwareFilter, SecurityContextHolderAwareRequestFilter, AnonymousAuthenticationFilter, ExceptionTranslationFilter, AuthorizationFilter
2025-05-23T06:24:04.387+02:00  INFO 14724 --- [exam-api] [restartedMain] o.s.b.d.a.OptionalLiveReloadServer       : LiveReload server is running on port 35729
2025-05-23T06:24:04.512+02:00  INFO 14724 --- [exam-api] [restartedMain] o.s.b.w.embedded.tomcat.TomcatWebServer  : Tomcat started on port 8080 (http) with context path '/'
2025-05-23T06:24:04.557+02:00  INFO 14724 --- [exam-api] [restartedMain] com.exam.exam_api.ExamApiApplication     : Started ExamApiApplication in 7.999 seconds (process running for 32085.906)
2025-05-23T06:24:04.565+02:00  INFO 14724 --- [exam-api] [restartedMain] .ConditionEvaluationDeltaLoggingListener : Condition evaluation unchanged
