2025-05-21T08:15:05.138+02:00  INFO 11176 --- [exam-api] [restartedMain] com.exam.exam_api.ExamApiApplication     : Starting ExamApiApplication using Java 17.0.9 with PID 11176 (C:\Users\SERGE\Documents\exam-api\exam-api\target\classes started by SERGE in C:\Users\SERGE\Documents\exam-api)
2025-05-21T08:15:05.170+02:00 DEBUG 11176 --- [exam-api] [restartedMain] com.exam.exam_api.ExamApiApplication     : Running with Spring Boot v3.4.5, Spring v6.2.6
2025-05-21T08:15:05.187+02:00  INFO 11176 --- [exam-api] [restartedMain] com.exam.exam_api.ExamApiApplication     : No active profile set, falling back to 1 default profile: "default"
2025-05-21T08:15:05.408+02:00  INFO 11176 --- [exam-api] [restartedMain] .e.DevToolsPropertyDefaultsPostProcessor : Devtools property defaults active! Set 'spring.devtools.add-properties' to 'false' to disable
2025-05-21T08:15:05.505+02:00  INFO 11176 --- [exam-api] [restartedMain] .e.DevToolsPropertyDefaultsPostProcessor : For additional web related logging consider setting the 'logging.level.web' property to 'DEBUG'
2025-05-21T08:15:08.640+02:00  INFO 11176 --- [exam-api] [restartedMain] .s.d.r.c.RepositoryConfigurationDelegate : Multiple Spring Data modules found, entering strict repository configuration mode
2025-05-21T08:15:08.644+02:00  INFO 11176 --- [exam-api] [restartedMain] .s.d.r.c.RepositoryConfigurationDelegate : Bootstrapping Spring Data JPA repositories in DEFAULT mode.
2025-05-21T08:15:08.950+02:00  INFO 11176 --- [exam-api] [restartedMain] .s.d.r.c.RepositoryConfigurationDelegate : Finished Spring Data repository scanning in 274 ms. Found 5 JPA repository interfaces.
2025-05-21T08:15:09.014+02:00  INFO 11176 --- [exam-api] [restartedMain] .s.d.r.c.RepositoryConfigurationDelegate : Multiple Spring Data modules found, entering strict repository configuration mode
2025-05-21T08:15:09.021+02:00  INFO 11176 --- [exam-api] [restartedMain] .s.d.r.c.RepositoryConfigurationDelegate : Bootstrapping Spring Data Redis repositories in DEFAULT mode.
2025-05-21T08:15:09.071+02:00  INFO 11176 --- [exam-api] [restartedMain] .RepositoryConfigurationExtensionSupport : Spring Data Redis - Could not safely identify store assignment for repository candidate interface com.exam.exam_api.repository.CourseRepository; If you want this repository to be a Redis repository, consider annotating your entities with one of these annotations: org.springframework.data.redis.core.RedisHash (preferred), or consider extending one of the following types with your repository: org.springframework.data.keyvalue.repository.KeyValueRepository
2025-05-21T08:15:09.078+02:00  INFO 11176 --- [exam-api] [restartedMain] .RepositoryConfigurationExtensionSupport : Spring Data Redis - Could not safely identify store assignment for repository candidate interface com.exam.exam_api.repository.CourseStudentRepository; If you want this repository to be a Redis repository, consider annotating your entities with one of these annotations: org.springframework.data.redis.core.RedisHash (preferred), or consider extending one of the following types with your repository: org.springframework.data.keyvalue.repository.KeyValueRepository
2025-05-21T08:15:09.083+02:00  INFO 11176 --- [exam-api] [restartedMain] .RepositoryConfigurationExtensionSupport : Spring Data Redis - Could not safely identify store assignment for repository candidate interface com.exam.exam_api.repository.ExamRepository; If you want this repository to be a Redis repository, consider annotating your entities with one of these annotations: org.springframework.data.redis.core.RedisHash (preferred), or consider extending one of the following types with your repository: org.springframework.data.keyvalue.repository.KeyValueRepository
2025-05-21T08:15:09.085+02:00  INFO 11176 --- [exam-api] [restartedMain] .RepositoryConfigurationExtensionSupport : Spring Data Redis - Could not safely identify store assignment for repository candidate interface com.exam.exam_api.repository.GradeRepository; If you want this repository to be a Redis repository, consider annotating your entities with one of these annotations: org.springframework.data.redis.core.RedisHash (preferred), or consider extending one of the following types with your repository: org.springframework.data.keyvalue.repository.KeyValueRepository
2025-05-21T08:15:09.088+02:00  INFO 11176 --- [exam-api] [restartedMain] .RepositoryConfigurationExtensionSupport : Spring Data Redis - Could not safely identify store assignment for repository candidate interface com.exam.exam_api.repository.UserRepository; If you want this repository to be a Redis repository, consider annotating your entities with one of these annotations: org.springframework.data.redis.core.RedisHash (preferred), or consider extending one of the following types with your repository: org.springframework.data.keyvalue.repository.KeyValueRepository
2025-05-21T08:15:09.092+02:00  INFO 11176 --- [exam-api] [restartedMain] .s.d.r.c.RepositoryConfigurationDelegate : Finished Spring Data repository scanning in 41 ms. Found 0 Redis repository interfaces.
2025-05-21T08:15:11.289+02:00  INFO 11176 --- [exam-api] [restartedMain] o.s.b.w.embedded.tomcat.TomcatWebServer  : Tomcat initialized with port 8080 (http)
2025-05-21T08:15:11.341+02:00  INFO 11176 --- [exam-api] [restartedMain] o.apache.catalina.core.StandardService   : Starting service [Tomcat]
2025-05-21T08:15:11.352+02:00  INFO 11176 --- [exam-api] [restartedMain] o.apache.catalina.core.StandardEngine    : Starting Servlet engine: [Apache Tomcat/10.1.40]
2025-05-21T08:15:11.715+02:00  INFO 11176 --- [exam-api] [restartedMain] o.a.c.c.C.[Tomcat].[localhost].[/]       : Initializing Spring embedded WebApplicationContext
2025-05-21T08:15:11.719+02:00  INFO 11176 --- [exam-api] [restartedMain] w.s.c.ServletWebServerApplicationContext : Root WebApplicationContext: initialization completed in 6103 ms
2025-05-21T08:15:12.241+02:00  INFO 11176 --- [exam-api] [restartedMain] o.hibernate.jpa.internal.util.LogHelper  : HHH000204: Processing PersistenceUnitInfo [name: default]
2025-05-21T08:15:12.342+02:00  INFO 11176 --- [exam-api] [restartedMain] org.hibernate.Version                    : HHH000412: Hibernate ORM core version 6.6.13.Final
2025-05-21T08:15:12.437+02:00  INFO 11176 --- [exam-api] [restartedMain] o.h.c.internal.RegionFactoryInitiator    : HHH000026: Second-level cache disabled
2025-05-21T08:15:12.989+02:00  INFO 11176 --- [exam-api] [restartedMain] o.s.o.j.p.SpringPersistenceUnitInfo      : No LoadTimeWeaver setup: ignoring JPA class transformer
2025-05-21T08:15:13.080+02:00  INFO 11176 --- [exam-api] [restartedMain] com.zaxxer.hikari.HikariDataSource       : HikariPool-1 - Starting...
2025-05-21T08:15:13.500+02:00  INFO 11176 --- [exam-api] [restartedMain] com.zaxxer.hikari.pool.HikariPool        : HikariPool-1 - Added connection com.mysql.cj.jdbc.ConnectionImpl@50e2f558
2025-05-21T08:15:13.504+02:00  INFO 11176 --- [exam-api] [restartedMain] com.zaxxer.hikari.HikariDataSource       : HikariPool-1 - Start completed.
2025-05-21T08:15:13.574+02:00  WARN 11176 --- [exam-api] [restartedMain] org.hibernate.dialect.Dialect            : HHH000511: The 5.5.5 version for [org.hibernate.dialect.MySQLDialect] is no longer supported, hence certain features may not work properly. The minimum supported version is 8.0.0. Check the community dialects project for available legacy versions.
2025-05-21T08:15:13.585+02:00  WARN 11176 --- [exam-api] [restartedMain] org.hibernate.orm.deprecation            : HHH90000025: MySQLDialect does not need to be specified explicitly using 'hibernate.dialect' (remove the property setting and it will be selected by default)
2025-05-21T08:15:13.656+02:00  INFO 11176 --- [exam-api] [restartedMain] org.hibernate.orm.connections.pooling    : HHH10001005: Database info:
	Database JDBC URL [Connecting through datasource 'HikariDataSource (HikariPool-1)']
	Database driver: undefined/unknown
	Database version: 5.5.5
	Autocommit mode: undefined/unknown
	Isolation level: undefined/unknown
	Minimum pool size: undefined/unknown
	Maximum pool size: undefined/unknown
2025-05-21T08:15:15.229+02:00  INFO 11176 --- [exam-api] [restartedMain] o.h.e.t.j.p.i.JtaPlatformInitiator       : HHH000489: No JTA platform available (set 'hibernate.transaction.jta.platform' to enable JTA platform integration)
2025-05-21T08:15:15.397+02:00  INFO 11176 --- [exam-api] [restartedMain] j.LocalContainerEntityManagerFactoryBean : Initialized JPA EntityManagerFactory for persistence unit 'default'
2025-05-21T08:15:15.420+02:00  INFO 11176 --- [exam-api] [restartedMain] com.exam.exam_api.aspect.LoggingAspect   : LoggingAspect initialized
2025-05-21T08:15:16.713+02:00  INFO 11176 --- [exam-api] [restartedMain] o.s.d.j.r.query.QueryEnhancerFactory     : Hibernate is in classpath; If applicable, HQL parser will be used.
2025-05-21T08:15:18.446+02:00  WARN 11176 --- [exam-api] [restartedMain] JpaBaseConfiguration$JpaWebConfiguration : spring.jpa.open-in-view is enabled by default. Therefore, database queries may be performed during view rendering. Explicitly configure spring.jpa.open-in-view to disable this warning
2025-05-21T08:15:18.528+02:00  INFO 11176 --- [exam-api] [restartedMain] r$InitializeUserDetailsManagerConfigurer : Global AuthenticationManager configured with UserDetailsService bean with name userDetailsService
2025-05-21T08:15:19.487+02:00 DEBUG 11176 --- [exam-api] [restartedMain] o.s.s.web.DefaultSecurityFilterChain     : Will secure any request with filters: DisableEncodeUrlFilter, WebAsyncManagerIntegrationFilter, SecurityContextHolderFilter, HeaderWriterFilter, CsrfFilter, LogoutFilter, UsernamePasswordAuthenticationFilter, RequestCacheAwareFilter, SecurityContextHolderAwareRequestFilter, AnonymousAuthenticationFilter, ExceptionTranslationFilter, AuthorizationFilter
2025-05-21T08:15:21.601+02:00  INFO 11176 --- [exam-api] [restartedMain] o.s.b.d.a.OptionalLiveReloadServer       : LiveReload server is running on port 35729
2025-05-21T08:15:21.711+02:00  WARN 11176 --- [exam-api] [restartedMain] ConfigServletWebServerApplicationContext : Exception encountered during context initialization - cancelling refresh attempt: org.springframework.context.ApplicationContextException: Failed to start bean 'webServerStartStop'
2025-05-21T08:15:21.755+02:00  INFO 11176 --- [exam-api] [restartedMain] j.LocalContainerEntityManagerFactoryBean : Closing JPA EntityManagerFactory for persistence unit 'default'
2025-05-21T08:15:21.771+02:00  INFO 11176 --- [exam-api] [restartedMain] com.zaxxer.hikari.HikariDataSource       : HikariPool-1 - Shutdown initiated...
2025-05-21T08:15:21.841+02:00  INFO 11176 --- [exam-api] [restartedMain] com.zaxxer.hikari.HikariDataSource       : HikariPool-1 - Shutdown completed.
2025-05-21T08:15:21.881+02:00  INFO 11176 --- [exam-api] [restartedMain] .s.b.a.l.ConditionEvaluationReportLogger : 

Error starting ApplicationContext. To display the condition evaluation report re-run your application with 'debug' enabled.
2025-05-21T08:15:21.953+02:00 ERROR 11176 --- [exam-api] [restartedMain] o.s.b.d.LoggingFailureAnalysisReporter   : 

***************************
APPLICATION FAILED TO START
***************************

Description:

Web server failed to start. Port 8080 was already in use.

Action:

Identify and stop the process that's listening on port 8080 or configure this application to listen on another port.

